[2019-08-13 00:04:29,236][HikariPool-1 housekeeper][WARN][com.zaxxer.hikari.pool.HikariPool:766] HikariPool-1 - Thread starvation or clock leap detected (housekeeper delta=8m42s336ms).
[2019-08-13 00:11:32,204][HikariPool-1 housekeeper][WARN][com.zaxxer.hikari.pool.HikariPool:766] HikariPool-1 - Thread starvation or clock leap detected (housekeeper delta=6m32s957ms).
[2019-08-13 00:38:17,152][HikariPool-1 housekeeper][WARN][com.zaxxer.hikari.pool.HikariPool:766] HikariPool-1 - Thread starvation or clock leap detected (housekeeper delta=26m44s948ms).
[2019-08-13 00:44:26,614][HikariPool-1 housekeeper][WARN][com.zaxxer.hikari.pool.HikariPool:766] HikariPool-1 - Thread starvation or clock leap detected (housekeeper delta=6m9s462ms).
[2019-08-13 00:51:08,047][HikariPool-1 housekeeper][WARN][com.zaxxer.hikari.pool.HikariPool:766] HikariPool-1 - Thread starvation or clock leap detected (housekeeper delta=6m11s424ms).
[2019-08-13 01:03:12,148][HikariPool-1 housekeeper][WARN][com.zaxxer.hikari.pool.HikariPool:766] HikariPool-1 - Thread starvation or clock leap detected (housekeeper delta=12m4s102ms).
[2019-08-13 01:09:27,560][HikariPool-1 housekeeper][WARN][com.zaxxer.hikari.pool.HikariPool:766] HikariPool-1 - Thread starvation or clock leap detected (housekeeper delta=6m15s412ms).
[2019-08-13 01:16:10,652][HikariPool-1 housekeeper][WARN][com.zaxxer.hikari.pool.HikariPool:766] HikariPool-1 - Thread starvation or clock leap detected (housekeeper delta=6m13s84ms).
[2019-08-13 02:56:23,210][HikariPool-1 housekeeper][WARN][com.zaxxer.hikari.pool.HikariPool:766] HikariPool-1 - Thread starvation or clock leap detected (housekeeper delta=1h40m12s558ms).
[2019-08-13 03:46:19,707][HikariPool-1 housekeeper][WARN][com.zaxxer.hikari.pool.HikariPool:766] HikariPool-1 - Thread starvation or clock leap detected (housekeeper delta=49m56s470ms).
[2019-08-13 05:47:15,938][HikariPool-1 housekeeper][WARN][com.zaxxer.hikari.pool.HikariPool:766] HikariPool-1 - Thread starvation or clock leap detected (housekeeper delta=2h26s170ms).
[2019-08-13 07:47:43,430][HikariPool-1 housekeeper][WARN][com.zaxxer.hikari.pool.HikariPool:766] HikariPool-1 - Thread starvation or clock leap detected (housekeeper delta=2h27s501ms).
[2019-08-13 09:48:11,144][HikariPool-1 housekeeper][WARN][com.zaxxer.hikari.pool.HikariPool:766] HikariPool-1 - Thread starvation or clock leap detected (housekeeper delta=2h27s715ms).
[2019-08-13 11:26:18,546][HikariPool-1 housekeeper][WARN][com.zaxxer.hikari.pool.HikariPool:766] HikariPool-1 - Thread starvation or clock leap detected (housekeeper delta=1h38m7s403ms).
[2019-08-13 11:32:21,572][HikariPool-1 housekeeper][WARN][com.zaxxer.hikari.pool.HikariPool:766] HikariPool-1 - Thread starvation or clock leap detected (housekeeper delta=3m32s994ms).
[2019-08-13 12:11:48,037][HikariPool-1 housekeeper][WARN][com.zaxxer.hikari.pool.HikariPool:766] HikariPool-1 - Thread starvation or clock leap detected (housekeeper delta=1m55s986ms).
[2019-08-13 12:27:24,448][main][WARN][org.mybatis.spring.mapper.ClassPathMapperScanner:44] Skipping MapperFactoryBean with name 'allbrandMapper' and 'com.iresearch.svc.mapper.svc.AllbrandMapper' mapperInterface. Bean already defined with the same name!
[2019-08-13 12:27:24,448][main][WARN][org.mybatis.spring.mapper.ClassPathMapperScanner:44] Skipping MapperFactoryBean with name 'allshowMapper' and 'com.iresearch.svc.mapper.svc.AllshowMapper' mapperInterface. Bean already defined with the same name!
[2019-08-13 12:27:24,449][main][WARN][org.mybatis.spring.mapper.ClassPathMapperScanner:44] Skipping MapperFactoryBean with name 'brandcustomMapper' and 'com.iresearch.svc.mapper.svc.BrandcustomMapper' mapperInterface. Bean already defined with the same name!
[2019-08-13 12:27:24,449][main][WARN][org.mybatis.spring.mapper.ClassPathMapperScanner:44] Skipping MapperFactoryBean with name 'indexMapper' and 'com.iresearch.svc.mapper.svc.IndexMapper' mapperInterface. Bean already defined with the same name!
[2019-08-13 12:27:24,449][main][WARN][org.mybatis.spring.mapper.ClassPathMapperScanner:44] Skipping MapperFactoryBean with name 'loginMapper' and 'com.iresearch.svc.mapper.svc.LoginMapper' mapperInterface. Bean already defined with the same name!
[2019-08-13 12:27:24,449][main][WARN][org.mybatis.spring.mapper.ClassPathMapperScanner:44] Skipping MapperFactoryBean with name 'showcompMapper' and 'com.iresearch.svc.mapper.svc.ShowcompMapper' mapperInterface. Bean already defined with the same name!
[2019-08-13 12:27:24,449][main][WARN][org.mybatis.spring.mapper.ClassPathMapperScanner:44] Skipping MapperFactoryBean with name 'showcustomMapper' and 'com.iresearch.svc.mapper.svc.ShowcustomMapper' mapperInterface. Bean already defined with the same name!
[2019-08-13 12:27:24,449][main][WARN][org.mybatis.spring.mapper.ClassPathMapperScanner:44] Skipping MapperFactoryBean with name 'showlibMapper' and 'com.iresearch.svc.mapper.svc.ShowlibMapper' mapperInterface. Bean already defined with the same name!
[2019-08-13 12:27:24,450][main][WARN][org.mybatis.spring.mapper.ClassPathMapperScanner:44] Skipping MapperFactoryBean with name 'leemiMapper' and 'com.iresearch.svc.mapper.vf.LeemiMapper' mapperInterface. Bean already defined with the same name!
[2019-08-13 12:27:24,450][main][WARN][org.mybatis.spring.mapper.ClassPathMapperScanner:44] Skipping MapperFactoryBean with name 'vfmiMapper' and 'com.iresearch.svc.mapper.vf.VfmiMapper' mapperInterface. Bean already defined with the same name!
[2019-08-13 12:27:24,450][main][WARN][org.mybatis.spring.mapper.ClassPathMapperScanner:44] No MyBatis mapper was found in '[com.iresearch.svc.mapper]' package. Please check your configuration.
[2019-08-13 12:29:39,761][main][WARN][org.mybatis.spring.mapper.ClassPathMapperScanner:44] Skipping MapperFactoryBean with name 'allbrandMapper' and 'com.iresearch.svc.mapper.svc.AllbrandMapper' mapperInterface. Bean already defined with the same name!
[2019-08-13 12:29:39,762][main][WARN][org.mybatis.spring.mapper.ClassPathMapperScanner:44] Skipping MapperFactoryBean with name 'allshowMapper' and 'com.iresearch.svc.mapper.svc.AllshowMapper' mapperInterface. Bean already defined with the same name!
[2019-08-13 12:29:39,762][main][WARN][org.mybatis.spring.mapper.ClassPathMapperScanner:44] Skipping MapperFactoryBean with name 'brandcustomMapper' and 'com.iresearch.svc.mapper.svc.BrandcustomMapper' mapperInterface. Bean already defined with the same name!
[2019-08-13 12:29:39,762][main][WARN][org.mybatis.spring.mapper.ClassPathMapperScanner:44] Skipping MapperFactoryBean with name 'indexMapper' and 'com.iresearch.svc.mapper.svc.IndexMapper' mapperInterface. Bean already defined with the same name!
[2019-08-13 12:29:39,762][main][WARN][org.mybatis.spring.mapper.ClassPathMapperScanner:44] Skipping MapperFactoryBean with name 'loginMapper' and 'com.iresearch.svc.mapper.svc.LoginMapper' mapperInterface. Bean already defined with the same name!
[2019-08-13 12:29:39,763][main][WARN][org.mybatis.spring.mapper.ClassPathMapperScanner:44] Skipping MapperFactoryBean with name 'showcompMapper' and 'com.iresearch.svc.mapper.svc.ShowcompMapper' mapperInterface. Bean already defined with the same name!
[2019-08-13 12:29:39,763][main][WARN][org.mybatis.spring.mapper.ClassPathMapperScanner:44] Skipping MapperFactoryBean with name 'showcustomMapper' and 'com.iresearch.svc.mapper.svc.ShowcustomMapper' mapperInterface. Bean already defined with the same name!
[2019-08-13 12:29:39,763][main][WARN][org.mybatis.spring.mapper.ClassPathMapperScanner:44] Skipping MapperFactoryBean with name 'showlibMapper' and 'com.iresearch.svc.mapper.svc.ShowlibMapper' mapperInterface. Bean already defined with the same name!
[2019-08-13 12:29:39,763][main][WARN][org.mybatis.spring.mapper.ClassPathMapperScanner:44] Skipping MapperFactoryBean with name 'leemiMapper' and 'com.iresearch.svc.mapper.vf.LeemiMapper' mapperInterface. Bean already defined with the same name!
[2019-08-13 12:29:39,763][main][WARN][org.mybatis.spring.mapper.ClassPathMapperScanner:44] Skipping MapperFactoryBean with name 'vfmiMapper' and 'com.iresearch.svc.mapper.vf.VfmiMapper' mapperInterface. Bean already defined with the same name!
[2019-08-13 12:29:39,764][main][WARN][org.mybatis.spring.mapper.ClassPathMapperScanner:44] No MyBatis mapper was found in '[com.iresearch.svc.mapper]' package. Please check your configuration.
[2019-08-13 12:30:05,290][main][WARN][org.mybatis.spring.mapper.ClassPathMapperScanner:44] Skipping MapperFactoryBean with name 'allbrandMapper' and 'com.iresearch.svc.mapper.svc.AllbrandMapper' mapperInterface. Bean already defined with the same name!
[2019-08-13 12:30:05,290][main][WARN][org.mybatis.spring.mapper.ClassPathMapperScanner:44] Skipping MapperFactoryBean with name 'allshowMapper' and 'com.iresearch.svc.mapper.svc.AllshowMapper' mapperInterface. Bean already defined with the same name!
[2019-08-13 12:30:05,290][main][WARN][org.mybatis.spring.mapper.ClassPathMapperScanner:44] Skipping MapperFactoryBean with name 'brandcustomMapper' and 'com.iresearch.svc.mapper.svc.BrandcustomMapper' mapperInterface. Bean already defined with the same name!
[2019-08-13 12:30:05,290][main][WARN][org.mybatis.spring.mapper.ClassPathMapperScanner:44] Skipping MapperFactoryBean with name 'indexMapper' and 'com.iresearch.svc.mapper.svc.IndexMapper' mapperInterface. Bean already defined with the same name!
[2019-08-13 12:30:05,291][main][WARN][org.mybatis.spring.mapper.ClassPathMapperScanner:44] Skipping MapperFactoryBean with name 'loginMapper' and 'com.iresearch.svc.mapper.svc.LoginMapper' mapperInterface. Bean already defined with the same name!
[2019-08-13 12:30:05,291][main][WARN][org.mybatis.spring.mapper.ClassPathMapperScanner:44] Skipping MapperFactoryBean with name 'showcompMapper' and 'com.iresearch.svc.mapper.svc.ShowcompMapper' mapperInterface. Bean already defined with the same name!
[2019-08-13 12:30:05,291][main][WARN][org.mybatis.spring.mapper.ClassPathMapperScanner:44] Skipping MapperFactoryBean with name 'showcustomMapper' and 'com.iresearch.svc.mapper.svc.ShowcustomMapper' mapperInterface. Bean already defined with the same name!
[2019-08-13 12:30:05,291][main][WARN][org.mybatis.spring.mapper.ClassPathMapperScanner:44] Skipping MapperFactoryBean with name 'showlibMapper' and 'com.iresearch.svc.mapper.svc.ShowlibMapper' mapperInterface. Bean already defined with the same name!
[2019-08-13 12:30:05,291][main][WARN][org.mybatis.spring.mapper.ClassPathMapperScanner:44] Skipping MapperFactoryBean with name 'leemiMapper' and 'com.iresearch.svc.mapper.vf.LeemiMapper' mapperInterface. Bean already defined with the same name!
[2019-08-13 12:30:05,292][main][WARN][org.mybatis.spring.mapper.ClassPathMapperScanner:44] Skipping MapperFactoryBean with name 'vfmiMapper' and 'com.iresearch.svc.mapper.vf.VfmiMapper' mapperInterface. Bean already defined with the same name!
[2019-08-13 12:30:05,292][main][WARN][org.mybatis.spring.mapper.ClassPathMapperScanner:44] No MyBatis mapper was found in '[com.iresearch.svc.mapper]' package. Please check your configuration.
[2019-08-13 12:30:50,266][main][WARN][org.mybatis.spring.mapper.ClassPathMapperScanner:44] Skipping MapperFactoryBean with name 'allbrandMapper' and 'com.iresearch.svc.mapper.svc.AllbrandMapper' mapperInterface. Bean already defined with the same name!
[2019-08-13 12:30:50,267][main][WARN][org.mybatis.spring.mapper.ClassPathMapperScanner:44] Skipping MapperFactoryBean with name 'allshowMapper' and 'com.iresearch.svc.mapper.svc.AllshowMapper' mapperInterface. Bean already defined with the same name!
[2019-08-13 12:30:50,267][main][WARN][org.mybatis.spring.mapper.ClassPathMapperScanner:44] Skipping MapperFactoryBean with name 'brandcustomMapper' and 'com.iresearch.svc.mapper.svc.BrandcustomMapper' mapperInterface. Bean already defined with the same name!
[2019-08-13 12:30:50,267][main][WARN][org.mybatis.spring.mapper.ClassPathMapperScanner:44] Skipping MapperFactoryBean with name 'indexMapper' and 'com.iresearch.svc.mapper.svc.IndexMapper' mapperInterface. Bean already defined with the same name!
[2019-08-13 12:30:50,267][main][WARN][org.mybatis.spring.mapper.ClassPathMapperScanner:44] Skipping MapperFactoryBean with name 'loginMapper' and 'com.iresearch.svc.mapper.svc.LoginMapper' mapperInterface. Bean already defined with the same name!
[2019-08-13 12:30:50,268][main][WARN][org.mybatis.spring.mapper.ClassPathMapperScanner:44] Skipping MapperFactoryBean with name 'showcompMapper' and 'com.iresearch.svc.mapper.svc.ShowcompMapper' mapperInterface. Bean already defined with the same name!
[2019-08-13 12:30:50,268][main][WARN][org.mybatis.spring.mapper.ClassPathMapperScanner:44] Skipping MapperFactoryBean with name 'showcustomMapper' and 'com.iresearch.svc.mapper.svc.ShowcustomMapper' mapperInterface. Bean already defined with the same name!
[2019-08-13 12:30:50,268][main][WARN][org.mybatis.spring.mapper.ClassPathMapperScanner:44] Skipping MapperFactoryBean with name 'showlibMapper' and 'com.iresearch.svc.mapper.svc.ShowlibMapper' mapperInterface. Bean already defined with the same name!
[2019-08-13 12:30:50,268][main][WARN][org.mybatis.spring.mapper.ClassPathMapperScanner:44] Skipping MapperFactoryBean with name 'leemiMapper' and 'com.iresearch.svc.mapper.vf.LeemiMapper' mapperInterface. Bean already defined with the same name!
[2019-08-13 12:30:50,268][main][WARN][org.mybatis.spring.mapper.ClassPathMapperScanner:44] Skipping MapperFactoryBean with name 'vfmiMapper' and 'com.iresearch.svc.mapper.vf.VfmiMapper' mapperInterface. Bean already defined with the same name!
[2019-08-13 12:30:50,269][main][WARN][org.mybatis.spring.mapper.ClassPathMapperScanner:44] No MyBatis mapper was found in '[com.iresearch.svc.mapper]' package. Please check your configuration.
[2019-08-13 12:34:38,137][main][WARN][org.mybatis.spring.mapper.ClassPathMapperScanner:44] Skipping MapperFactoryBean with name 'allbrandMapper' and 'com.iresearch.svc.mapper.svc.AllbrandMapper' mapperInterface. Bean already defined with the same name!
[2019-08-13 12:34:38,138][main][WARN][org.mybatis.spring.mapper.ClassPathMapperScanner:44] Skipping MapperFactoryBean with name 'allshowMapper' and 'com.iresearch.svc.mapper.svc.AllshowMapper' mapperInterface. Bean already defined with the same name!
[2019-08-13 12:34:38,138][main][WARN][org.mybatis.spring.mapper.ClassPathMapperScanner:44] Skipping MapperFactoryBean with name 'brandcustomMapper' and 'com.iresearch.svc.mapper.svc.BrandcustomMapper' mapperInterface. Bean already defined with the same name!
[2019-08-13 12:34:38,138][main][WARN][org.mybatis.spring.mapper.ClassPathMapperScanner:44] Skipping MapperFactoryBean with name 'indexMapper' and 'com.iresearch.svc.mapper.svc.IndexMapper' mapperInterface. Bean already defined with the same name!
[2019-08-13 12:34:38,138][main][WARN][org.mybatis.spring.mapper.ClassPathMapperScanner:44] Skipping MapperFactoryBean with name 'loginMapper' and 'com.iresearch.svc.mapper.svc.LoginMapper' mapperInterface. Bean already defined with the same name!
[2019-08-13 12:34:38,138][main][WARN][org.mybatis.spring.mapper.ClassPathMapperScanner:44] Skipping MapperFactoryBean with name 'showcompMapper' and 'com.iresearch.svc.mapper.svc.ShowcompMapper' mapperInterface. Bean already defined with the same name!
[2019-08-13 12:34:38,138][main][WARN][org.mybatis.spring.mapper.ClassPathMapperScanner:44] Skipping MapperFactoryBean with name 'showcustomMapper' and 'com.iresearch.svc.mapper.svc.ShowcustomMapper' mapperInterface. Bean already defined with the same name!
[2019-08-13 12:34:38,139][main][WARN][org.mybatis.spring.mapper.ClassPathMapperScanner:44] Skipping MapperFactoryBean with name 'showlibMapper' and 'com.iresearch.svc.mapper.svc.ShowlibMapper' mapperInterface. Bean already defined with the same name!
[2019-08-13 12:34:38,139][main][WARN][org.mybatis.spring.mapper.ClassPathMapperScanner:44] Skipping MapperFactoryBean with name 'leemiMapper' and 'com.iresearch.svc.mapper.vf.LeemiMapper' mapperInterface. Bean already defined with the same name!
[2019-08-13 12:34:38,139][main][WARN][org.mybatis.spring.mapper.ClassPathMapperScanner:44] Skipping MapperFactoryBean with name 'vfmiMapper' and 'com.iresearch.svc.mapper.vf.VfmiMapper' mapperInterface. Bean already defined with the same name!
[2019-08-13 12:34:38,141][main][WARN][org.mybatis.spring.mapper.ClassPathMapperScanner:44] No MyBatis mapper was found in '[com.iresearch.svc.mapper]' package. Please check your configuration.
[2019-08-13 12:37:25,197][main][WARN][org.mybatis.spring.mapper.ClassPathMapperScanner:44] Skipping MapperFactoryBean with name 'allbrandMapper' and 'com.iresearch.svc.mapper.svc.AllbrandMapper' mapperInterface. Bean already defined with the same name!
[2019-08-13 12:37:25,197][main][WARN][org.mybatis.spring.mapper.ClassPathMapperScanner:44] Skipping MapperFactoryBean with name 'allshowMapper' and 'com.iresearch.svc.mapper.svc.AllshowMapper' mapperInterface. Bean already defined with the same name!
[2019-08-13 12:37:25,197][main][WARN][org.mybatis.spring.mapper.ClassPathMapperScanner:44] Skipping MapperFactoryBean with name 'brandcustomMapper' and 'com.iresearch.svc.mapper.svc.BrandcustomMapper' mapperInterface. Bean already defined with the same name!
[2019-08-13 12:37:25,197][main][WARN][org.mybatis.spring.mapper.ClassPathMapperScanner:44] Skipping MapperFactoryBean with name 'indexMapper' and 'com.iresearch.svc.mapper.svc.IndexMapper' mapperInterface. Bean already defined with the same name!
[2019-08-13 12:37:25,198][main][WARN][org.mybatis.spring.mapper.ClassPathMapperScanner:44] Skipping MapperFactoryBean with name 'loginMapper' and 'com.iresearch.svc.mapper.svc.LoginMapper' mapperInterface. Bean already defined with the same name!
[2019-08-13 12:37:25,198][main][WARN][org.mybatis.spring.mapper.ClassPathMapperScanner:44] Skipping MapperFactoryBean with name 'showcompMapper' and 'com.iresearch.svc.mapper.svc.ShowcompMapper' mapperInterface. Bean already defined with the same name!
[2019-08-13 12:37:25,198][main][WARN][org.mybatis.spring.mapper.ClassPathMapperScanner:44] Skipping MapperFactoryBean with name 'showcustomMapper' and 'com.iresearch.svc.mapper.svc.ShowcustomMapper' mapperInterface. Bean already defined with the same name!
[2019-08-13 12:37:25,198][main][WARN][org.mybatis.spring.mapper.ClassPathMapperScanner:44] Skipping MapperFactoryBean with name 'showlibMapper' and 'com.iresearch.svc.mapper.svc.ShowlibMapper' mapperInterface. Bean already defined with the same name!
[2019-08-13 12:37:25,198][main][WARN][org.mybatis.spring.mapper.ClassPathMapperScanner:44] Skipping MapperFactoryBean with name 'leemiMapper' and 'com.iresearch.svc.mapper.vf.LeemiMapper' mapperInterface. Bean already defined with the same name!
[2019-08-13 12:37:25,199][main][WARN][org.mybatis.spring.mapper.ClassPathMapperScanner:44] Skipping MapperFactoryBean with name 'vfmiMapper' and 'com.iresearch.svc.mapper.vf.VfmiMapper' mapperInterface. Bean already defined with the same name!
[2019-08-13 12:37:25,199][main][WARN][org.mybatis.spring.mapper.ClassPathMapperScanner:44] No MyBatis mapper was found in '[com.iresearch.svc.mapper]' package. Please check your configuration.
[2019-08-13 12:38:14,675][main][WARN][org.mybatis.spring.mapper.ClassPathMapperScanner:44] Skipping MapperFactoryBean with name 'allbrandMapper' and 'com.iresearch.svc.mapper.svc.AllbrandMapper' mapperInterface. Bean already defined with the same name!
[2019-08-13 12:38:14,675][main][WARN][org.mybatis.spring.mapper.ClassPathMapperScanner:44] Skipping MapperFactoryBean with name 'allshowMapper' and 'com.iresearch.svc.mapper.svc.AllshowMapper' mapperInterface. Bean already defined with the same name!
[2019-08-13 12:38:14,675][main][WARN][org.mybatis.spring.mapper.ClassPathMapperScanner:44] Skipping MapperFactoryBean with name 'brandcustomMapper' and 'com.iresearch.svc.mapper.svc.BrandcustomMapper' mapperInterface. Bean already defined with the same name!
[2019-08-13 12:38:14,676][main][WARN][org.mybatis.spring.mapper.ClassPathMapperScanner:44] Skipping MapperFactoryBean with name 'indexMapper' and 'com.iresearch.svc.mapper.svc.IndexMapper' mapperInterface. Bean already defined with the same name!
[2019-08-13 12:38:14,676][main][WARN][org.mybatis.spring.mapper.ClassPathMapperScanner:44] Skipping MapperFactoryBean with name 'loginMapper' and 'com.iresearch.svc.mapper.svc.LoginMapper' mapperInterface. Bean already defined with the same name!
[2019-08-13 12:38:14,676][main][WARN][org.mybatis.spring.mapper.ClassPathMapperScanner:44] Skipping MapperFactoryBean with name 'showcompMapper' and 'com.iresearch.svc.mapper.svc.ShowcompMapper' mapperInterface. Bean already defined with the same name!
[2019-08-13 12:38:14,676][main][WARN][org.mybatis.spring.mapper.ClassPathMapperScanner:44] Skipping MapperFactoryBean with name 'showcustomMapper' and 'com.iresearch.svc.mapper.svc.ShowcustomMapper' mapperInterface. Bean already defined with the same name!
[2019-08-13 12:38:14,676][main][WARN][org.mybatis.spring.mapper.ClassPathMapperScanner:44] Skipping MapperFactoryBean with name 'showlibMapper' and 'com.iresearch.svc.mapper.svc.ShowlibMapper' mapperInterface. Bean already defined with the same name!
[2019-08-13 12:38:14,677][main][WARN][org.mybatis.spring.mapper.ClassPathMapperScanner:44] Skipping MapperFactoryBean with name 'leemiMapper' and 'com.iresearch.svc.mapper.vf.LeemiMapper' mapperInterface. Bean already defined with the same name!
[2019-08-13 12:38:14,677][main][WARN][org.mybatis.spring.mapper.ClassPathMapperScanner:44] Skipping MapperFactoryBean with name 'vfmiMapper' and 'com.iresearch.svc.mapper.vf.VfmiMapper' mapperInterface. Bean already defined with the same name!
[2019-08-13 12:38:14,677][main][WARN][org.mybatis.spring.mapper.ClassPathMapperScanner:44] No MyBatis mapper was found in '[com.iresearch.svc.mapper]' package. Please check your configuration.
[2019-08-13 12:38:40,367][main][WARN][org.mybatis.spring.mapper.ClassPathMapperScanner:44] Skipping MapperFactoryBean with name 'allbrandMapper' and 'com.iresearch.svc.mapper.svc.AllbrandMapper' mapperInterface. Bean already defined with the same name!
[2019-08-13 12:38:40,368][main][WARN][org.mybatis.spring.mapper.ClassPathMapperScanner:44] Skipping MapperFactoryBean with name 'allshowMapper' and 'com.iresearch.svc.mapper.svc.AllshowMapper' mapperInterface. Bean already defined with the same name!
[2019-08-13 12:38:40,368][main][WARN][org.mybatis.spring.mapper.ClassPathMapperScanner:44] Skipping MapperFactoryBean with name 'brandcustomMapper' and 'com.iresearch.svc.mapper.svc.BrandcustomMapper' mapperInterface. Bean already defined with the same name!
[2019-08-13 12:38:40,368][main][WARN][org.mybatis.spring.mapper.ClassPathMapperScanner:44] Skipping MapperFactoryBean with name 'indexMapper' and 'com.iresearch.svc.mapper.svc.IndexMapper' mapperInterface. Bean already defined with the same name!
[2019-08-13 12:38:40,368][main][WARN][org.mybatis.spring.mapper.ClassPathMapperScanner:44] Skipping MapperFactoryBean with name 'loginMapper' and 'com.iresearch.svc.mapper.svc.LoginMapper' mapperInterface. Bean already defined with the same name!
[2019-08-13 12:38:40,368][main][WARN][org.mybatis.spring.mapper.ClassPathMapperScanner:44] Skipping MapperFactoryBean with name 'showcompMapper' and 'com.iresearch.svc.mapper.svc.ShowcompMapper' mapperInterface. Bean already defined with the same name!
[2019-08-13 12:38:40,369][main][WARN][org.mybatis.spring.mapper.ClassPathMapperScanner:44] Skipping MapperFactoryBean with name 'showcustomMapper' and 'com.iresearch.svc.mapper.svc.ShowcustomMapper' mapperInterface. Bean already defined with the same name!
[2019-08-13 12:38:40,369][main][WARN][org.mybatis.spring.mapper.ClassPathMapperScanner:44] Skipping MapperFactoryBean with name 'showlibMapper' and 'com.iresearch.svc.mapper.svc.ShowlibMapper' mapperInterface. Bean already defined with the same name!
[2019-08-13 12:38:40,369][main][WARN][org.mybatis.spring.mapper.ClassPathMapperScanner:44] Skipping MapperFactoryBean with name 'leemiMapper' and 'com.iresearch.svc.mapper.vf.LeemiMapper' mapperInterface. Bean already defined with the same name!
[2019-08-13 12:38:40,369][main][WARN][org.mybatis.spring.mapper.ClassPathMapperScanner:44] Skipping MapperFactoryBean with name 'vfmiMapper' and 'com.iresearch.svc.mapper.vf.VfmiMapper' mapperInterface. Bean already defined with the same name!
[2019-08-13 12:38:40,370][main][WARN][org.mybatis.spring.mapper.ClassPathMapperScanner:44] No MyBatis mapper was found in '[com.iresearch.svc.mapper]' package. Please check your configuration.
[2019-08-13 14:08:27,406][main][WARN][org.mybatis.spring.mapper.ClassPathMapperScanner:44] Skipping MapperFactoryBean with name 'allbrandMapper' and 'com.iresearch.svc.mapper.svc.AllbrandMapper' mapperInterface. Bean already defined with the same name!
[2019-08-13 14:08:27,407][main][WARN][org.mybatis.spring.mapper.ClassPathMapperScanner:44] Skipping MapperFactoryBean with name 'allshowMapper' and 'com.iresearch.svc.mapper.svc.AllshowMapper' mapperInterface. Bean already defined with the same name!
[2019-08-13 14:08:27,407][main][WARN][org.mybatis.spring.mapper.ClassPathMapperScanner:44] Skipping MapperFactoryBean with name 'brandcustomMapper' and 'com.iresearch.svc.mapper.svc.BrandcustomMapper' mapperInterface. Bean already defined with the same name!
[2019-08-13 14:08:27,408][main][WARN][org.mybatis.spring.mapper.ClassPathMapperScanner:44] Skipping MapperFactoryBean with name 'indexMapper' and 'com.iresearch.svc.mapper.svc.IndexMapper' mapperInterface. Bean already defined with the same name!
[2019-08-13 14:08:27,408][main][WARN][org.mybatis.spring.mapper.ClassPathMapperScanner:44] Skipping MapperFactoryBean with name 'loginMapper' and 'com.iresearch.svc.mapper.svc.LoginMapper' mapperInterface. Bean already defined with the same name!
[2019-08-13 14:08:27,408][main][WARN][org.mybatis.spring.mapper.ClassPathMapperScanner:44] Skipping MapperFactoryBean with name 'showcompMapper' and 'com.iresearch.svc.mapper.svc.ShowcompMapper' mapperInterface. Bean already defined with the same name!
[2019-08-13 14:08:27,408][main][WARN][org.mybatis.spring.mapper.ClassPathMapperScanner:44] Skipping MapperFactoryBean with name 'showcustomMapper' and 'com.iresearch.svc.mapper.svc.ShowcustomMapper' mapperInterface. Bean already defined with the same name!
[2019-08-13 14:08:27,409][main][WARN][org.mybatis.spring.mapper.ClassPathMapperScanner:44] Skipping MapperFactoryBean with name 'showlibMapper' and 'com.iresearch.svc.mapper.svc.ShowlibMapper' mapperInterface. Bean already defined with the same name!
[2019-08-13 14:08:27,409][main][WARN][org.mybatis.spring.mapper.ClassPathMapperScanner:44] Skipping MapperFactoryBean with name 'leemiMapper' and 'com.iresearch.svc.mapper.vf.LeemiMapper' mapperInterface. Bean already defined with the same name!
[2019-08-13 14:08:27,409][main][WARN][org.mybatis.spring.mapper.ClassPathMapperScanner:44] Skipping MapperFactoryBean with name 'vfmiMapper' and 'com.iresearch.svc.mapper.vf.VfmiMapper' mapperInterface. Bean already defined with the same name!
[2019-08-13 14:08:27,410][main][WARN][org.mybatis.spring.mapper.ClassPathMapperScanner:44] No MyBatis mapper was found in '[com.iresearch.svc.mapper]' package. Please check your configuration.
[2019-08-13 14:09:05,545][main][WARN][org.mybatis.spring.mapper.ClassPathMapperScanner:44] Skipping MapperFactoryBean with name 'allbrandMapper' and 'com.iresearch.svc.mapper.svc.AllbrandMapper' mapperInterface. Bean already defined with the same name!
[2019-08-13 14:09:05,546][main][WARN][org.mybatis.spring.mapper.ClassPathMapperScanner:44] Skipping MapperFactoryBean with name 'allshowMapper' and 'com.iresearch.svc.mapper.svc.AllshowMapper' mapperInterface. Bean already defined with the same name!
[2019-08-13 14:09:05,546][main][WARN][org.mybatis.spring.mapper.ClassPathMapperScanner:44] Skipping MapperFactoryBean with name 'brandcustomMapper' and 'com.iresearch.svc.mapper.svc.BrandcustomMapper' mapperInterface. Bean already defined with the same name!
[2019-08-13 14:09:05,547][main][WARN][org.mybatis.spring.mapper.ClassPathMapperScanner:44] Skipping MapperFactoryBean with name 'indexMapper' and 'com.iresearch.svc.mapper.svc.IndexMapper' mapperInterface. Bean already defined with the same name!
[2019-08-13 14:09:05,547][main][WARN][org.mybatis.spring.mapper.ClassPathMapperScanner:44] Skipping MapperFactoryBean with name 'loginMapper' and 'com.iresearch.svc.mapper.svc.LoginMapper' mapperInterface. Bean already defined with the same name!
[2019-08-13 14:09:05,547][main][WARN][org.mybatis.spring.mapper.ClassPathMapperScanner:44] Skipping MapperFactoryBean with name 'showcompMapper' and 'com.iresearch.svc.mapper.svc.ShowcompMapper' mapperInterface. Bean already defined with the same name!
[2019-08-13 14:09:05,547][main][WARN][org.mybatis.spring.mapper.ClassPathMapperScanner:44] Skipping MapperFactoryBean with name 'showcustomMapper' and 'com.iresearch.svc.mapper.svc.ShowcustomMapper' mapperInterface. Bean already defined with the same name!
[2019-08-13 14:09:05,547][main][WARN][org.mybatis.spring.mapper.ClassPathMapperScanner:44] Skipping MapperFactoryBean with name 'showlibMapper' and 'com.iresearch.svc.mapper.svc.ShowlibMapper' mapperInterface. Bean already defined with the same name!
[2019-08-13 14:09:05,548][main][WARN][org.mybatis.spring.mapper.ClassPathMapperScanner:44] Skipping MapperFactoryBean with name 'leemiMapper' and 'com.iresearch.svc.mapper.vf.LeemiMapper' mapperInterface. Bean already defined with the same name!
[2019-08-13 14:09:05,548][main][WARN][org.mybatis.spring.mapper.ClassPathMapperScanner:44] Skipping MapperFactoryBean with name 'vfmiMapper' and 'com.iresearch.svc.mapper.vf.VfmiMapper' mapperInterface. Bean already defined with the same name!
[2019-08-13 14:09:05,549][main][WARN][org.mybatis.spring.mapper.ClassPathMapperScanner:44] No MyBatis mapper was found in '[com.iresearch.svc.mapper]' package. Please check your configuration.
[2019-08-13 14:10:28,291][main][WARN][org.mybatis.spring.mapper.ClassPathMapperScanner:44] Skipping MapperFactoryBean with name 'allbrandMapper' and 'com.iresearch.svc.mapper.svc.AllbrandMapper' mapperInterface. Bean already defined with the same name!
[2019-08-13 14:10:28,291][main][WARN][org.mybatis.spring.mapper.ClassPathMapperScanner:44] Skipping MapperFactoryBean with name 'allshowMapper' and 'com.iresearch.svc.mapper.svc.AllshowMapper' mapperInterface. Bean already defined with the same name!
[2019-08-13 14:10:28,291][main][WARN][org.mybatis.spring.mapper.ClassPathMapperScanner:44] Skipping MapperFactoryBean with name 'brandcustomMapper' and 'com.iresearch.svc.mapper.svc.BrandcustomMapper' mapperInterface. Bean already defined with the same name!
[2019-08-13 14:10:28,292][main][WARN][org.mybatis.spring.mapper.ClassPathMapperScanner:44] Skipping MapperFactoryBean with name 'indexMapper' and 'com.iresearch.svc.mapper.svc.IndexMapper' mapperInterface. Bean already defined with the same name!
[2019-08-13 14:10:28,292][main][WARN][org.mybatis.spring.mapper.ClassPathMapperScanner:44] Skipping MapperFactoryBean with name 'loginMapper' and 'com.iresearch.svc.mapper.svc.LoginMapper' mapperInterface. Bean already defined with the same name!
[2019-08-13 14:10:28,292][main][WARN][org.mybatis.spring.mapper.ClassPathMapperScanner:44] Skipping MapperFactoryBean with name 'showcompMapper' and 'com.iresearch.svc.mapper.svc.ShowcompMapper' mapperInterface. Bean already defined with the same name!
[2019-08-13 14:10:28,292][main][WARN][org.mybatis.spring.mapper.ClassPathMapperScanner:44] Skipping MapperFactoryBean with name 'showcustomMapper' and 'com.iresearch.svc.mapper.svc.ShowcustomMapper' mapperInterface. Bean already defined with the same name!
[2019-08-13 14:10:28,292][main][WARN][org.mybatis.spring.mapper.ClassPathMapperScanner:44] Skipping MapperFactoryBean with name 'showlibMapper' and 'com.iresearch.svc.mapper.svc.ShowlibMapper' mapperInterface. Bean already defined with the same name!
[2019-08-13 14:10:28,293][main][WARN][org.mybatis.spring.mapper.ClassPathMapperScanner:44] Skipping MapperFactoryBean with name 'leemiMapper' and 'com.iresearch.svc.mapper.vf.LeemiMapper' mapperInterface. Bean already defined with the same name!
[2019-08-13 14:10:28,293][main][WARN][org.mybatis.spring.mapper.ClassPathMapperScanner:44] Skipping MapperFactoryBean with name 'vfmiMapper' and 'com.iresearch.svc.mapper.vf.VfmiMapper' mapperInterface. Bean already defined with the same name!
[2019-08-13 14:10:28,293][main][WARN][org.mybatis.spring.mapper.ClassPathMapperScanner:44] No MyBatis mapper was found in '[com.iresearch.svc.mapper]' package. Please check your configuration.
[2019-08-13 14:15:14,242][main][WARN][org.mybatis.spring.mapper.ClassPathMapperScanner:44] Skipping MapperFactoryBean with name 'allbrandMapper' and 'com.iresearch.svc.mapper.svc.AllbrandMapper' mapperInterface. Bean already defined with the same name!
[2019-08-13 14:15:14,242][main][WARN][org.mybatis.spring.mapper.ClassPathMapperScanner:44] Skipping MapperFactoryBean with name 'allshowMapper' and 'com.iresearch.svc.mapper.svc.AllshowMapper' mapperInterface. Bean already defined with the same name!
[2019-08-13 14:15:14,243][main][WARN][org.mybatis.spring.mapper.ClassPathMapperScanner:44] Skipping MapperFactoryBean with name 'brandcustomMapper' and 'com.iresearch.svc.mapper.svc.BrandcustomMapper' mapperInterface. Bean already defined with the same name!
[2019-08-13 14:15:14,243][main][WARN][org.mybatis.spring.mapper.ClassPathMapperScanner:44] Skipping MapperFactoryBean with name 'indexMapper' and 'com.iresearch.svc.mapper.svc.IndexMapper' mapperInterface. Bean already defined with the same name!
[2019-08-13 14:15:14,243][main][WARN][org.mybatis.spring.mapper.ClassPathMapperScanner:44] Skipping MapperFactoryBean with name 'loginMapper' and 'com.iresearch.svc.mapper.svc.LoginMapper' mapperInterface. Bean already defined with the same name!
[2019-08-13 14:15:14,243][main][WARN][org.mybatis.spring.mapper.ClassPathMapperScanner:44] Skipping MapperFactoryBean with name 'showcompMapper' and 'com.iresearch.svc.mapper.svc.ShowcompMapper' mapperInterface. Bean already defined with the same name!
[2019-08-13 14:15:14,243][main][WARN][org.mybatis.spring.mapper.ClassPathMapperScanner:44] Skipping MapperFactoryBean with name 'showcustomMapper' and 'com.iresearch.svc.mapper.svc.ShowcustomMapper' mapperInterface. Bean already defined with the same name!
[2019-08-13 14:15:14,243][main][WARN][org.mybatis.spring.mapper.ClassPathMapperScanner:44] Skipping MapperFactoryBean with name 'showlibMapper' and 'com.iresearch.svc.mapper.svc.ShowlibMapper' mapperInterface. Bean already defined with the same name!
[2019-08-13 14:15:14,244][main][WARN][org.mybatis.spring.mapper.ClassPathMapperScanner:44] Skipping MapperFactoryBean with name 'leemiMapper' and 'com.iresearch.svc.mapper.vf.LeemiMapper' mapperInterface. Bean already defined with the same name!
[2019-08-13 14:15:14,244][main][WARN][org.mybatis.spring.mapper.ClassPathMapperScanner:44] Skipping MapperFactoryBean with name 'vfmiMapper' and 'com.iresearch.svc.mapper.vf.VfmiMapper' mapperInterface. Bean already defined with the same name!
[2019-08-13 14:15:14,244][main][WARN][org.mybatis.spring.mapper.ClassPathMapperScanner:44] No MyBatis mapper was found in '[com.iresearch.svc.mapper]' package. Please check your configuration.
[2019-08-13 14:15:54,489][main][WARN][org.mybatis.spring.mapper.ClassPathMapperScanner:44] Skipping MapperFactoryBean with name 'allbrandMapper' and 'com.iresearch.svc.mapper.svc.AllbrandMapper' mapperInterface. Bean already defined with the same name!
[2019-08-13 14:15:54,489][main][WARN][org.mybatis.spring.mapper.ClassPathMapperScanner:44] Skipping MapperFactoryBean with name 'allshowMapper' and 'com.iresearch.svc.mapper.svc.AllshowMapper' mapperInterface. Bean already defined with the same name!
[2019-08-13 14:15:54,490][main][WARN][org.mybatis.spring.mapper.ClassPathMapperScanner:44] Skipping MapperFactoryBean with name 'brandcustomMapper' and 'com.iresearch.svc.mapper.svc.BrandcustomMapper' mapperInterface. Bean already defined with the same name!
[2019-08-13 14:15:54,490][main][WARN][org.mybatis.spring.mapper.ClassPathMapperScanner:44] Skipping MapperFactoryBean with name 'indexMapper' and 'com.iresearch.svc.mapper.svc.IndexMapper' mapperInterface. Bean already defined with the same name!
[2019-08-13 14:15:54,490][main][WARN][org.mybatis.spring.mapper.ClassPathMapperScanner:44] Skipping MapperFactoryBean with name 'loginMapper' and 'com.iresearch.svc.mapper.svc.LoginMapper' mapperInterface. Bean already defined with the same name!
[2019-08-13 14:15:54,490][main][WARN][org.mybatis.spring.mapper.ClassPathMapperScanner:44] Skipping MapperFactoryBean with name 'showcompMapper' and 'com.iresearch.svc.mapper.svc.ShowcompMapper' mapperInterface. Bean already defined with the same name!
[2019-08-13 14:15:54,490][main][WARN][org.mybatis.spring.mapper.ClassPathMapperScanner:44] Skipping MapperFactoryBean with name 'showcustomMapper' and 'com.iresearch.svc.mapper.svc.ShowcustomMapper' mapperInterface. Bean already defined with the same name!
[2019-08-13 14:15:54,491][main][WARN][org.mybatis.spring.mapper.ClassPathMapperScanner:44] Skipping MapperFactoryBean with name 'showlibMapper' and 'com.iresearch.svc.mapper.svc.ShowlibMapper' mapperInterface. Bean already defined with the same name!
[2019-08-13 14:15:54,491][main][WARN][org.mybatis.spring.mapper.ClassPathMapperScanner:44] Skipping MapperFactoryBean with name 'leemiMapper' and 'com.iresearch.svc.mapper.vf.LeemiMapper' mapperInterface. Bean already defined with the same name!
[2019-08-13 14:15:54,491][main][WARN][org.mybatis.spring.mapper.ClassPathMapperScanner:44] Skipping MapperFactoryBean with name 'vfmiMapper' and 'com.iresearch.svc.mapper.vf.VfmiMapper' mapperInterface. Bean already defined with the same name!
[2019-08-13 14:15:54,492][main][WARN][org.mybatis.spring.mapper.ClassPathMapperScanner:44] No MyBatis mapper was found in '[com.iresearch.svc.mapper]' package. Please check your configuration.
[2019-08-13 14:17:06,389][main][WARN][org.mybatis.spring.mapper.ClassPathMapperScanner:44] Skipping MapperFactoryBean with name 'allbrandMapper' and 'com.iresearch.svc.mapper.svc.AllbrandMapper' mapperInterface. Bean already defined with the same name!
[2019-08-13 14:17:06,389][main][WARN][org.mybatis.spring.mapper.ClassPathMapperScanner:44] Skipping MapperFactoryBean with name 'allshowMapper' and 'com.iresearch.svc.mapper.svc.AllshowMapper' mapperInterface. Bean already defined with the same name!
[2019-08-13 14:17:06,390][main][WARN][org.mybatis.spring.mapper.ClassPathMapperScanner:44] Skipping MapperFactoryBean with name 'brandcustomMapper' and 'com.iresearch.svc.mapper.svc.BrandcustomMapper' mapperInterface. Bean already defined with the same name!
[2019-08-13 14:17:06,390][main][WARN][org.mybatis.spring.mapper.ClassPathMapperScanner:44] Skipping MapperFactoryBean with name 'indexMapper' and 'com.iresearch.svc.mapper.svc.IndexMapper' mapperInterface. Bean already defined with the same name!
[2019-08-13 14:17:06,390][main][WARN][org.mybatis.spring.mapper.ClassPathMapperScanner:44] Skipping MapperFactoryBean with name 'loginMapper' and 'com.iresearch.svc.mapper.svc.LoginMapper' mapperInterface. Bean already defined with the same name!
[2019-08-13 14:17:06,390][main][WARN][org.mybatis.spring.mapper.ClassPathMapperScanner:44] Skipping MapperFactoryBean with name 'showcompMapper' and 'com.iresearch.svc.mapper.svc.ShowcompMapper' mapperInterface. Bean already defined with the same name!
[2019-08-13 14:17:06,391][main][WARN][org.mybatis.spring.mapper.ClassPathMapperScanner:44] Skipping MapperFactoryBean with name 'showcustomMapper' and 'com.iresearch.svc.mapper.svc.ShowcustomMapper' mapperInterface. Bean already defined with the same name!
[2019-08-13 14:17:06,391][main][WARN][org.mybatis.spring.mapper.ClassPathMapperScanner:44] Skipping MapperFactoryBean with name 'showlibMapper' and 'com.iresearch.svc.mapper.svc.ShowlibMapper' mapperInterface. Bean already defined with the same name!
[2019-08-13 14:17:06,391][main][WARN][org.mybatis.spring.mapper.ClassPathMapperScanner:44] Skipping MapperFactoryBean with name 'leemiMapper' and 'com.iresearch.svc.mapper.vf.LeemiMapper' mapperInterface. Bean already defined with the same name!
[2019-08-13 14:17:06,392][main][WARN][org.mybatis.spring.mapper.ClassPathMapperScanner:44] Skipping MapperFactoryBean with name 'vfmiMapper' and 'com.iresearch.svc.mapper.vf.VfmiMapper' mapperInterface. Bean already defined with the same name!
[2019-08-13 14:17:06,392][main][WARN][org.mybatis.spring.mapper.ClassPathMapperScanner:44] No MyBatis mapper was found in '[com.iresearch.svc.mapper]' package. Please check your configuration.
[2019-08-13 14:18:07,537][main][WARN][org.mybatis.spring.mapper.ClassPathMapperScanner:44] Skipping MapperFactoryBean with name 'allbrandMapper' and 'com.iresearch.svc.mapper.svc.AllbrandMapper' mapperInterface. Bean already defined with the same name!
[2019-08-13 14:18:07,538][main][WARN][org.mybatis.spring.mapper.ClassPathMapperScanner:44] Skipping MapperFactoryBean with name 'allshowMapper' and 'com.iresearch.svc.mapper.svc.AllshowMapper' mapperInterface. Bean already defined with the same name!
[2019-08-13 14:18:07,538][main][WARN][org.mybatis.spring.mapper.ClassPathMapperScanner:44] Skipping MapperFactoryBean with name 'brandcustomMapper' and 'com.iresearch.svc.mapper.svc.BrandcustomMapper' mapperInterface. Bean already defined with the same name!
[2019-08-13 14:18:07,538][main][WARN][org.mybatis.spring.mapper.ClassPathMapperScanner:44] Skipping MapperFactoryBean with name 'indexMapper' and 'com.iresearch.svc.mapper.svc.IndexMapper' mapperInterface. Bean already defined with the same name!
[2019-08-13 14:18:07,538][main][WARN][org.mybatis.spring.mapper.ClassPathMapperScanner:44] Skipping MapperFactoryBean with name 'loginMapper' and 'com.iresearch.svc.mapper.svc.LoginMapper' mapperInterface. Bean already defined with the same name!
[2019-08-13 14:18:07,539][main][WARN][org.mybatis.spring.mapper.ClassPathMapperScanner:44] Skipping MapperFactoryBean with name 'showcompMapper' and 'com.iresearch.svc.mapper.svc.ShowcompMapper' mapperInterface. Bean already defined with the same name!
[2019-08-13 14:18:07,539][main][WARN][org.mybatis.spring.mapper.ClassPathMapperScanner:44] Skipping MapperFactoryBean with name 'showcustomMapper' and 'com.iresearch.svc.mapper.svc.ShowcustomMapper' mapperInterface. Bean already defined with the same name!
[2019-08-13 14:18:07,539][main][WARN][org.mybatis.spring.mapper.ClassPathMapperScanner:44] Skipping MapperFactoryBean with name 'showlibMapper' and 'com.iresearch.svc.mapper.svc.ShowlibMapper' mapperInterface. Bean already defined with the same name!
[2019-08-13 14:18:07,539][main][WARN][org.mybatis.spring.mapper.ClassPathMapperScanner:44] Skipping MapperFactoryBean with name 'leemiMapper' and 'com.iresearch.svc.mapper.vf.LeemiMapper' mapperInterface. Bean already defined with the same name!
[2019-08-13 14:18:07,539][main][WARN][org.mybatis.spring.mapper.ClassPathMapperScanner:44] Skipping MapperFactoryBean with name 'vfmiMapper' and 'com.iresearch.svc.mapper.vf.VfmiMapper' mapperInterface. Bean already defined with the same name!
[2019-08-13 14:18:07,540][main][WARN][org.mybatis.spring.mapper.ClassPathMapperScanner:44] No MyBatis mapper was found in '[com.iresearch.svc.mapper]' package. Please check your configuration.
[2019-08-13 14:19:31,339][main][WARN][org.mybatis.spring.mapper.ClassPathMapperScanner:44] Skipping MapperFactoryBean with name 'allbrandMapper' and 'com.iresearch.svc.mapper.svc.AllbrandMapper' mapperInterface. Bean already defined with the same name!
[2019-08-13 14:19:31,348][main][WARN][org.mybatis.spring.mapper.ClassPathMapperScanner:44] Skipping MapperFactoryBean with name 'allshowMapper' and 'com.iresearch.svc.mapper.svc.AllshowMapper' mapperInterface. Bean already defined with the same name!
[2019-08-13 14:19:31,349][main][WARN][org.mybatis.spring.mapper.ClassPathMapperScanner:44] Skipping MapperFactoryBean with name 'brandcustomMapper' and 'com.iresearch.svc.mapper.svc.BrandcustomMapper' mapperInterface. Bean already defined with the same name!
[2019-08-13 14:19:31,349][main][WARN][org.mybatis.spring.mapper.ClassPathMapperScanner:44] Skipping MapperFactoryBean with name 'indexMapper' and 'com.iresearch.svc.mapper.svc.IndexMapper' mapperInterface. Bean already defined with the same name!
[2019-08-13 14:19:31,349][main][WARN][org.mybatis.spring.mapper.ClassPathMapperScanner:44] Skipping MapperFactoryBean with name 'loginMapper' and 'com.iresearch.svc.mapper.svc.LoginMapper' mapperInterface. Bean already defined with the same name!
[2019-08-13 14:19:31,349][main][WARN][org.mybatis.spring.mapper.ClassPathMapperScanner:44] Skipping MapperFactoryBean with name 'showcompMapper' and 'com.iresearch.svc.mapper.svc.ShowcompMapper' mapperInterface. Bean already defined with the same name!
[2019-08-13 14:19:31,350][main][WARN][org.mybatis.spring.mapper.ClassPathMapperScanner:44] Skipping MapperFactoryBean with name 'showcustomMapper' and 'com.iresearch.svc.mapper.svc.ShowcustomMapper' mapperInterface. Bean already defined with the same name!
[2019-08-13 14:19:31,350][main][WARN][org.mybatis.spring.mapper.ClassPathMapperScanner:44] Skipping MapperFactoryBean with name 'showlibMapper' and 'com.iresearch.svc.mapper.svc.ShowlibMapper' mapperInterface. Bean already defined with the same name!
[2019-08-13 14:19:31,350][main][WARN][org.mybatis.spring.mapper.ClassPathMapperScanner:44] Skipping MapperFactoryBean with name 'leemiMapper' and 'com.iresearch.svc.mapper.vf.LeemiMapper' mapperInterface. Bean already defined with the same name!
[2019-08-13 14:19:31,350][main][WARN][org.mybatis.spring.mapper.ClassPathMapperScanner:44] Skipping MapperFactoryBean with name 'vfmiMapper' and 'com.iresearch.svc.mapper.vf.VfmiMapper' mapperInterface. Bean already defined with the same name!
[2019-08-13 14:19:31,353][main][WARN][org.mybatis.spring.mapper.ClassPathMapperScanner:44] No MyBatis mapper was found in '[com.iresearch.svc.mapper]' package. Please check your configuration.
[2019-08-13 14:19:51,819][main][WARN][org.mybatis.spring.mapper.ClassPathMapperScanner:44] Skipping MapperFactoryBean with name 'allbrandMapper' and 'com.iresearch.svc.mapper.svc.AllbrandMapper' mapperInterface. Bean already defined with the same name!
[2019-08-13 14:19:51,820][main][WARN][org.mybatis.spring.mapper.ClassPathMapperScanner:44] Skipping MapperFactoryBean with name 'allshowMapper' and 'com.iresearch.svc.mapper.svc.AllshowMapper' mapperInterface. Bean already defined with the same name!
[2019-08-13 14:19:51,820][main][WARN][org.mybatis.spring.mapper.ClassPathMapperScanner:44] Skipping MapperFactoryBean with name 'brandcustomMapper' and 'com.iresearch.svc.mapper.svc.BrandcustomMapper' mapperInterface. Bean already defined with the same name!
[2019-08-13 14:19:51,820][main][WARN][org.mybatis.spring.mapper.ClassPathMapperScanner:44] Skipping MapperFactoryBean with name 'indexMapper' and 'com.iresearch.svc.mapper.svc.IndexMapper' mapperInterface. Bean already defined with the same name!
[2019-08-13 14:19:51,820][main][WARN][org.mybatis.spring.mapper.ClassPathMapperScanner:44] Skipping MapperFactoryBean with name 'loginMapper' and 'com.iresearch.svc.mapper.svc.LoginMapper' mapperInterface. Bean already defined with the same name!
[2019-08-13 14:19:51,821][main][WARN][org.mybatis.spring.mapper.ClassPathMapperScanner:44] Skipping MapperFactoryBean with name 'showcompMapper' and 'com.iresearch.svc.mapper.svc.ShowcompMapper' mapperInterface. Bean already defined with the same name!
[2019-08-13 14:19:51,821][main][WARN][org.mybatis.spring.mapper.ClassPathMapperScanner:44] Skipping MapperFactoryBean with name 'showcustomMapper' and 'com.iresearch.svc.mapper.svc.ShowcustomMapper' mapperInterface. Bean already defined with the same name!
[2019-08-13 14:19:51,821][main][WARN][org.mybatis.spring.mapper.ClassPathMapperScanner:44] Skipping MapperFactoryBean with name 'showlibMapper' and 'com.iresearch.svc.mapper.svc.ShowlibMapper' mapperInterface. Bean already defined with the same name!
[2019-08-13 14:19:51,821][main][WARN][org.mybatis.spring.mapper.ClassPathMapperScanner:44] Skipping MapperFactoryBean with name 'leemiMapper' and 'com.iresearch.svc.mapper.vf.LeemiMapper' mapperInterface. Bean already defined with the same name!
[2019-08-13 14:19:51,821][main][WARN][org.mybatis.spring.mapper.ClassPathMapperScanner:44] Skipping MapperFactoryBean with name 'vfmiMapper' and 'com.iresearch.svc.mapper.vf.VfmiMapper' mapperInterface. Bean already defined with the same name!
[2019-08-13 14:19:51,822][main][WARN][org.mybatis.spring.mapper.ClassPathMapperScanner:44] No MyBatis mapper was found in '[com.iresearch.svc.mapper]' package. Please check your configuration.
[2019-08-13 14:20:44,321][main][WARN][org.mybatis.spring.mapper.ClassPathMapperScanner:44] Skipping MapperFactoryBean with name 'allbrandMapper' and 'com.iresearch.svc.mapper.svc.AllbrandMapper' mapperInterface. Bean already defined with the same name!
[2019-08-13 14:20:44,321][main][WARN][org.mybatis.spring.mapper.ClassPathMapperScanner:44] Skipping MapperFactoryBean with name 'allshowMapper' and 'com.iresearch.svc.mapper.svc.AllshowMapper' mapperInterface. Bean already defined with the same name!
[2019-08-13 14:20:44,321][main][WARN][org.mybatis.spring.mapper.ClassPathMapperScanner:44] Skipping MapperFactoryBean with name 'brandcustomMapper' and 'com.iresearch.svc.mapper.svc.BrandcustomMapper' mapperInterface. Bean already defined with the same name!
[2019-08-13 14:20:44,322][main][WARN][org.mybatis.spring.mapper.ClassPathMapperScanner:44] Skipping MapperFactoryBean with name 'indexMapper' and 'com.iresearch.svc.mapper.svc.IndexMapper' mapperInterface. Bean already defined with the same name!
[2019-08-13 14:20:44,322][main][WARN][org.mybatis.spring.mapper.ClassPathMapperScanner:44] Skipping MapperFactoryBean with name 'loginMapper' and 'com.iresearch.svc.mapper.svc.LoginMapper' mapperInterface. Bean already defined with the same name!
[2019-08-13 14:20:44,322][main][WARN][org.mybatis.spring.mapper.ClassPathMapperScanner:44] Skipping MapperFactoryBean with name 'showcompMapper' and 'com.iresearch.svc.mapper.svc.ShowcompMapper' mapperInterface. Bean already defined with the same name!
[2019-08-13 14:20:44,322][main][WARN][org.mybatis.spring.mapper.ClassPathMapperScanner:44] Skipping MapperFactoryBean with name 'showcustomMapper' and 'com.iresearch.svc.mapper.svc.ShowcustomMapper' mapperInterface. Bean already defined with the same name!
[2019-08-13 14:20:44,322][main][WARN][org.mybatis.spring.mapper.ClassPathMapperScanner:44] Skipping MapperFactoryBean with name 'showlibMapper' and 'com.iresearch.svc.mapper.svc.ShowlibMapper' mapperInterface. Bean already defined with the same name!
[2019-08-13 14:20:44,323][main][WARN][org.mybatis.spring.mapper.ClassPathMapperScanner:44] Skipping MapperFactoryBean with name 'leemiMapper' and 'com.iresearch.svc.mapper.vf.LeemiMapper' mapperInterface. Bean already defined with the same name!
[2019-08-13 14:20:44,323][main][WARN][org.mybatis.spring.mapper.ClassPathMapperScanner:44] Skipping MapperFactoryBean with name 'vfmiMapper' and 'com.iresearch.svc.mapper.vf.VfmiMapper' mapperInterface. Bean already defined with the same name!
[2019-08-13 14:20:44,323][main][WARN][org.mybatis.spring.mapper.ClassPathMapperScanner:44] No MyBatis mapper was found in '[com.iresearch.svc.mapper]' package. Please check your configuration.
[2019-08-13 14:22:01,081][main][WARN][org.mybatis.spring.mapper.ClassPathMapperScanner:44] Skipping MapperFactoryBean with name 'allbrandMapper' and 'com.iresearch.svc.mapper.svc.AllbrandMapper' mapperInterface. Bean already defined with the same name!
[2019-08-13 14:22:01,081][main][WARN][org.mybatis.spring.mapper.ClassPathMapperScanner:44] Skipping MapperFactoryBean with name 'allshowMapper' and 'com.iresearch.svc.mapper.svc.AllshowMapper' mapperInterface. Bean already defined with the same name!
[2019-08-13 14:22:01,082][main][WARN][org.mybatis.spring.mapper.ClassPathMapperScanner:44] Skipping MapperFactoryBean with name 'brandcustomMapper' and 'com.iresearch.svc.mapper.svc.BrandcustomMapper' mapperInterface. Bean already defined with the same name!
[2019-08-13 14:22:01,082][main][WARN][org.mybatis.spring.mapper.ClassPathMapperScanner:44] Skipping MapperFactoryBean with name 'indexMapper' and 'com.iresearch.svc.mapper.svc.IndexMapper' mapperInterface. Bean already defined with the same name!
[2019-08-13 14:22:01,082][main][WARN][org.mybatis.spring.mapper.ClassPathMapperScanner:44] Skipping MapperFactoryBean with name 'loginMapper' and 'com.iresearch.svc.mapper.svc.LoginMapper' mapperInterface. Bean already defined with the same name!
[2019-08-13 14:22:01,083][main][WARN][org.mybatis.spring.mapper.ClassPathMapperScanner:44] Skipping MapperFactoryBean with name 'showcompMapper' and 'com.iresearch.svc.mapper.svc.ShowcompMapper' mapperInterface. Bean already defined with the same name!
[2019-08-13 14:22:01,083][main][WARN][org.mybatis.spring.mapper.ClassPathMapperScanner:44] Skipping MapperFactoryBean with name 'showcustomMapper' and 'com.iresearch.svc.mapper.svc.ShowcustomMapper' mapperInterface. Bean already defined with the same name!
[2019-08-13 14:22:01,083][main][WARN][org.mybatis.spring.mapper.ClassPathMapperScanner:44] Skipping MapperFactoryBean with name 'showlibMapper' and 'com.iresearch.svc.mapper.svc.ShowlibMapper' mapperInterface. Bean already defined with the same name!
[2019-08-13 14:22:01,083][main][WARN][org.mybatis.spring.mapper.ClassPathMapperScanner:44] Skipping MapperFactoryBean with name 'leemiMapper' and 'com.iresearch.svc.mapper.vf.LeemiMapper' mapperInterface. Bean already defined with the same name!
[2019-08-13 14:22:01,084][main][WARN][org.mybatis.spring.mapper.ClassPathMapperScanner:44] Skipping MapperFactoryBean with name 'vfmiMapper' and 'com.iresearch.svc.mapper.vf.VfmiMapper' mapperInterface. Bean already defined with the same name!
[2019-08-13 14:22:01,084][main][WARN][org.mybatis.spring.mapper.ClassPathMapperScanner:44] No MyBatis mapper was found in '[com.iresearch.svc.mapper]' package. Please check your configuration.
[2019-08-13 14:24:17,240][main][WARN][org.mybatis.spring.mapper.ClassPathMapperScanner:44] Skipping MapperFactoryBean with name 'allbrandMapper' and 'com.iresearch.svc.mapper.svc.AllbrandMapper' mapperInterface. Bean already defined with the same name!
[2019-08-13 14:24:17,241][main][WARN][org.mybatis.spring.mapper.ClassPathMapperScanner:44] Skipping MapperFactoryBean with name 'allshowMapper' and 'com.iresearch.svc.mapper.svc.AllshowMapper' mapperInterface. Bean already defined with the same name!
[2019-08-13 14:24:17,241][main][WARN][org.mybatis.spring.mapper.ClassPathMapperScanner:44] Skipping MapperFactoryBean with name 'brandcustomMapper' and 'com.iresearch.svc.mapper.svc.BrandcustomMapper' mapperInterface. Bean already defined with the same name!
[2019-08-13 14:24:17,241][main][WARN][org.mybatis.spring.mapper.ClassPathMapperScanner:44] Skipping MapperFactoryBean with name 'indexMapper' and 'com.iresearch.svc.mapper.svc.IndexMapper' mapperInterface. Bean already defined with the same name!
[2019-08-13 14:24:17,241][main][WARN][org.mybatis.spring.mapper.ClassPathMapperScanner:44] Skipping MapperFactoryBean with name 'loginMapper' and 'com.iresearch.svc.mapper.svc.LoginMapper' mapperInterface. Bean already defined with the same name!
[2019-08-13 14:24:17,242][main][WARN][org.mybatis.spring.mapper.ClassPathMapperScanner:44] Skipping MapperFactoryBean with name 'showcompMapper' and 'com.iresearch.svc.mapper.svc.ShowcompMapper' mapperInterface. Bean already defined with the same name!
[2019-08-13 14:24:17,242][main][WARN][org.mybatis.spring.mapper.ClassPathMapperScanner:44] Skipping MapperFactoryBean with name 'showcustomMapper' and 'com.iresearch.svc.mapper.svc.ShowcustomMapper' mapperInterface. Bean already defined with the same name!
[2019-08-13 14:24:17,242][main][WARN][org.mybatis.spring.mapper.ClassPathMapperScanner:44] Skipping MapperFactoryBean with name 'showlibMapper' and 'com.iresearch.svc.mapper.svc.ShowlibMapper' mapperInterface. Bean already defined with the same name!
[2019-08-13 14:24:17,242][main][WARN][org.mybatis.spring.mapper.ClassPathMapperScanner:44] Skipping MapperFactoryBean with name 'leemiMapper' and 'com.iresearch.svc.mapper.vf.LeemiMapper' mapperInterface. Bean already defined with the same name!
[2019-08-13 14:24:17,242][main][WARN][org.mybatis.spring.mapper.ClassPathMapperScanner:44] Skipping MapperFactoryBean with name 'vfmiMapper' and 'com.iresearch.svc.mapper.vf.VfmiMapper' mapperInterface. Bean already defined with the same name!
[2019-08-13 14:24:17,243][main][WARN][org.mybatis.spring.mapper.ClassPathMapperScanner:44] No MyBatis mapper was found in '[com.iresearch.svc.mapper]' package. Please check your configuration.
[2019-08-13 14:26:08,547][main][WARN][org.mybatis.spring.mapper.ClassPathMapperScanner:44] Skipping MapperFactoryBean with name 'allbrandMapper' and 'com.iresearch.svc.mapper.svc.AllbrandMapper' mapperInterface. Bean already defined with the same name!
[2019-08-13 14:26:08,547][main][WARN][org.mybatis.spring.mapper.ClassPathMapperScanner:44] Skipping MapperFactoryBean with name 'allshowMapper' and 'com.iresearch.svc.mapper.svc.AllshowMapper' mapperInterface. Bean already defined with the same name!
[2019-08-13 14:26:08,547][main][WARN][org.mybatis.spring.mapper.ClassPathMapperScanner:44] Skipping MapperFactoryBean with name 'brandcustomMapper' and 'com.iresearch.svc.mapper.svc.BrandcustomMapper' mapperInterface. Bean already defined with the same name!
[2019-08-13 14:26:08,548][main][WARN][org.mybatis.spring.mapper.ClassPathMapperScanner:44] Skipping MapperFactoryBean with name 'indexMapper' and 'com.iresearch.svc.mapper.svc.IndexMapper' mapperInterface. Bean already defined with the same name!
[2019-08-13 14:26:08,548][main][WARN][org.mybatis.spring.mapper.ClassPathMapperScanner:44] Skipping MapperFactoryBean with name 'loginMapper' and 'com.iresearch.svc.mapper.svc.LoginMapper' mapperInterface. Bean already defined with the same name!
[2019-08-13 14:26:08,548][main][WARN][org.mybatis.spring.mapper.ClassPathMapperScanner:44] Skipping MapperFactoryBean with name 'showcompMapper' and 'com.iresearch.svc.mapper.svc.ShowcompMapper' mapperInterface. Bean already defined with the same name!
[2019-08-13 14:26:08,548][main][WARN][org.mybatis.spring.mapper.ClassPathMapperScanner:44] Skipping MapperFactoryBean with name 'showcustomMapper' and 'com.iresearch.svc.mapper.svc.ShowcustomMapper' mapperInterface. Bean already defined with the same name!
[2019-08-13 14:26:08,549][main][WARN][org.mybatis.spring.mapper.ClassPathMapperScanner:44] Skipping MapperFactoryBean with name 'showlibMapper' and 'com.iresearch.svc.mapper.svc.ShowlibMapper' mapperInterface. Bean already defined with the same name!
[2019-08-13 14:26:08,549][main][WARN][org.mybatis.spring.mapper.ClassPathMapperScanner:44] Skipping MapperFactoryBean with name 'leemiMapper' and 'com.iresearch.svc.mapper.vf.LeemiMapper' mapperInterface. Bean already defined with the same name!
[2019-08-13 14:26:08,549][main][WARN][org.mybatis.spring.mapper.ClassPathMapperScanner:44] Skipping MapperFactoryBean with name 'vfmiMapper' and 'com.iresearch.svc.mapper.vf.VfmiMapper' mapperInterface. Bean already defined with the same name!
[2019-08-13 14:26:08,550][main][WARN][org.mybatis.spring.mapper.ClassPathMapperScanner:44] No MyBatis mapper was found in '[com.iresearch.svc.mapper]' package. Please check your configuration.
[2019-08-13 14:28:39,611][main][WARN][org.mybatis.spring.mapper.ClassPathMapperScanner:44] Skipping MapperFactoryBean with name 'allbrandMapper' and 'com.iresearch.svc.mapper.svc.AllbrandMapper' mapperInterface. Bean already defined with the same name!
[2019-08-13 14:28:39,612][main][WARN][org.mybatis.spring.mapper.ClassPathMapperScanner:44] Skipping MapperFactoryBean with name 'allshowMapper' and 'com.iresearch.svc.mapper.svc.AllshowMapper' mapperInterface. Bean already defined with the same name!
[2019-08-13 14:28:39,612][main][WARN][org.mybatis.spring.mapper.ClassPathMapperScanner:44] Skipping MapperFactoryBean with name 'brandcustomMapper' and 'com.iresearch.svc.mapper.svc.BrandcustomMapper' mapperInterface. Bean already defined with the same name!
[2019-08-13 14:28:39,612][main][WARN][org.mybatis.spring.mapper.ClassPathMapperScanner:44] Skipping MapperFactoryBean with name 'indexMapper' and 'com.iresearch.svc.mapper.svc.IndexMapper' mapperInterface. Bean already defined with the same name!
[2019-08-13 14:28:39,612][main][WARN][org.mybatis.spring.mapper.ClassPathMapperScanner:44] Skipping MapperFactoryBean with name 'loginMapper' and 'com.iresearch.svc.mapper.svc.LoginMapper' mapperInterface. Bean already defined with the same name!
[2019-08-13 14:28:39,612][main][WARN][org.mybatis.spring.mapper.ClassPathMapperScanner:44] Skipping MapperFactoryBean with name 'showcompMapper' and 'com.iresearch.svc.mapper.svc.ShowcompMapper' mapperInterface. Bean already defined with the same name!
[2019-08-13 14:28:39,613][main][WARN][org.mybatis.spring.mapper.ClassPathMapperScanner:44] Skipping MapperFactoryBean with name 'showcustomMapper' and 'com.iresearch.svc.mapper.svc.ShowcustomMapper' mapperInterface. Bean already defined with the same name!
[2019-08-13 14:28:39,613][main][WARN][org.mybatis.spring.mapper.ClassPathMapperScanner:44] Skipping MapperFactoryBean with name 'showlibMapper' and 'com.iresearch.svc.mapper.svc.ShowlibMapper' mapperInterface. Bean already defined with the same name!
[2019-08-13 14:28:39,613][main][WARN][org.mybatis.spring.mapper.ClassPathMapperScanner:44] Skipping MapperFactoryBean with name 'leemiMapper' and 'com.iresearch.svc.mapper.vf.LeemiMapper' mapperInterface. Bean already defined with the same name!
[2019-08-13 14:28:39,613][main][WARN][org.mybatis.spring.mapper.ClassPathMapperScanner:44] Skipping MapperFactoryBean with name 'vfmiMapper' and 'com.iresearch.svc.mapper.vf.VfmiMapper' mapperInterface. Bean already defined with the same name!
[2019-08-13 14:28:39,616][main][WARN][org.mybatis.spring.mapper.ClassPathMapperScanner:44] No MyBatis mapper was found in '[com.iresearch.svc.mapper]' package. Please check your configuration.
[2019-08-13 18:31:04,694][main][WARN][org.mybatis.spring.mapper.ClassPathMapperScanner:44] Skipping MapperFactoryBean with name 'allbrandMapper' and 'com.iresearch.svc.mapper.svc.AllbrandMapper' mapperInterface. Bean already defined with the same name!
[2019-08-13 18:31:04,695][main][WARN][org.mybatis.spring.mapper.ClassPathMapperScanner:44] Skipping MapperFactoryBean with name 'allshowMapper' and 'com.iresearch.svc.mapper.svc.AllshowMapper' mapperInterface. Bean already defined with the same name!
[2019-08-13 18:31:04,695][main][WARN][org.mybatis.spring.mapper.ClassPathMapperScanner:44] Skipping MapperFactoryBean with name 'brandcustomMapper' and 'com.iresearch.svc.mapper.svc.BrandcustomMapper' mapperInterface. Bean already defined with the same name!
[2019-08-13 18:31:04,695][main][WARN][org.mybatis.spring.mapper.ClassPathMapperScanner:44] Skipping MapperFactoryBean with name 'indexMapper' and 'com.iresearch.svc.mapper.svc.IndexMapper' mapperInterface. Bean already defined with the same name!
[2019-08-13 18:31:04,695][main][WARN][org.mybatis.spring.mapper.ClassPathMapperScanner:44] Skipping MapperFactoryBean with name 'loginMapper' and 'com.iresearch.svc.mapper.svc.LoginMapper' mapperInterface. Bean already defined with the same name!
[2019-08-13 18:31:04,695][main][WARN][org.mybatis.spring.mapper.ClassPathMapperScanner:44] Skipping MapperFactoryBean with name 'showcompMapper' and 'com.iresearch.svc.mapper.svc.ShowcompMapper' mapperInterface. Bean already defined with the same name!
[2019-08-13 18:31:04,696][main][WARN][org.mybatis.spring.mapper.ClassPathMapperScanner:44] Skipping MapperFactoryBean with name 'showcustomMapper' and 'com.iresearch.svc.mapper.svc.ShowcustomMapper' mapperInterface. Bean already defined with the same name!
[2019-08-13 18:31:04,696][main][WARN][org.mybatis.spring.mapper.ClassPathMapperScanner:44] Skipping MapperFactoryBean with name 'showlibMapper' and 'com.iresearch.svc.mapper.svc.ShowlibMapper' mapperInterface. Bean already defined with the same name!
[2019-08-13 18:31:04,696][main][WARN][org.mybatis.spring.mapper.ClassPathMapperScanner:44] Skipping MapperFactoryBean with name 'leemiMapper' and 'com.iresearch.svc.mapper.vf.LeemiMapper' mapperInterface. Bean already defined with the same name!
[2019-08-13 18:31:04,696][main][WARN][org.mybatis.spring.mapper.ClassPathMapperScanner:44] Skipping MapperFactoryBean with name 'vfmiMapper' and 'com.iresearch.svc.mapper.vf.VfmiMapper' mapperInterface. Bean already defined with the same name!
[2019-08-13 18:31:04,697][main][WARN][org.mybatis.spring.mapper.ClassPathMapperScanner:44] No MyBatis mapper was found in '[com.iresearch.svc.mapper]' package. Please check your configuration.
[2019-08-13 18:44:49,052][main][WARN][org.mybatis.spring.mapper.ClassPathMapperScanner:44] Skipping MapperFactoryBean with name 'allbrandMapper' and 'com.iresearch.svc.mapper.svc.AllbrandMapper' mapperInterface. Bean already defined with the same name!
[2019-08-13 18:44:49,053][main][WARN][org.mybatis.spring.mapper.ClassPathMapperScanner:44] Skipping MapperFactoryBean with name 'allshowMapper' and 'com.iresearch.svc.mapper.svc.AllshowMapper' mapperInterface. Bean already defined with the same name!
[2019-08-13 18:44:49,053][main][WARN][org.mybatis.spring.mapper.ClassPathMapperScanner:44] Skipping MapperFactoryBean with name 'brandcustomMapper' and 'com.iresearch.svc.mapper.svc.BrandcustomMapper' mapperInterface. Bean already defined with the same name!
[2019-08-13 18:44:49,053][main][WARN][org.mybatis.spring.mapper.ClassPathMapperScanner:44] Skipping MapperFactoryBean with name 'indexMapper' and 'com.iresearch.svc.mapper.svc.IndexMapper' mapperInterface. Bean already defined with the same name!
[2019-08-13 18:44:49,054][main][WARN][org.mybatis.spring.mapper.ClassPathMapperScanner:44] Skipping MapperFactoryBean with name 'loginMapper' and 'com.iresearch.svc.mapper.svc.LoginMapper' mapperInterface. Bean already defined with the same name!
[2019-08-13 18:44:49,054][main][WARN][org.mybatis.spring.mapper.ClassPathMapperScanner:44] Skipping MapperFactoryBean with name 'showcompMapper' and 'com.iresearch.svc.mapper.svc.ShowcompMapper' mapperInterface. Bean already defined with the same name!
[2019-08-13 18:44:49,054][main][WARN][org.mybatis.spring.mapper.ClassPathMapperScanner:44] Skipping MapperFactoryBean with name 'showcustomMapper' and 'com.iresearch.svc.mapper.svc.ShowcustomMapper' mapperInterface. Bean already defined with the same name!
[2019-08-13 18:44:49,054][main][WARN][org.mybatis.spring.mapper.ClassPathMapperScanner:44] Skipping MapperFactoryBean with name 'showlibMapper' and 'com.iresearch.svc.mapper.svc.ShowlibMapper' mapperInterface. Bean already defined with the same name!
[2019-08-13 18:44:49,054][main][WARN][org.mybatis.spring.mapper.ClassPathMapperScanner:44] Skipping MapperFactoryBean with name 'leemiMapper' and 'com.iresearch.svc.mapper.vf.LeemiMapper' mapperInterface. Bean already defined with the same name!
[2019-08-13 18:44:49,055][main][WARN][org.mybatis.spring.mapper.ClassPathMapperScanner:44] Skipping MapperFactoryBean with name 'vfmiMapper' and 'com.iresearch.svc.mapper.vf.VfmiMapper' mapperInterface. Bean already defined with the same name!
[2019-08-13 18:44:49,055][main][WARN][org.mybatis.spring.mapper.ClassPathMapperScanner:44] No MyBatis mapper was found in '[com.iresearch.svc.mapper]' package. Please check your configuration.
[2019-08-13 19:39:21,540][HikariPool-1 housekeeper][WARN][com.zaxxer.hikari.pool.HikariPool:766] HikariPool-1 - Thread starvation or clock leap detected (housekeeper delta=46m13s920ms).
[2019-08-13 19:45:07,514][HikariPool-1 housekeeper][WARN][com.zaxxer.hikari.pool.HikariPool:766] HikariPool-1 - Thread starvation or clock leap detected (housekeeper delta=5m15s746ms).
[2019-08-13 19:48:21,979][HikariPool-1 housekeeper][WARN][com.zaxxer.hikari.pool.HikariPool:766] HikariPool-1 - Thread starvation or clock leap detected (housekeeper delta=3m14s465ms).
[2019-08-13 19:51:32,447][HikariPool-1 housekeeper][WARN][com.zaxxer.hikari.pool.HikariPool:766] HikariPool-1 - Thread starvation or clock leap detected (housekeeper delta=3m10s468ms).
[2019-08-13 19:55:16,200][HikariPool-1 housekeeper][WARN][com.zaxxer.hikari.pool.HikariPool:766] HikariPool-1 - Thread starvation or clock leap detected (housekeeper delta=3m12s512ms).
[2019-08-13 19:59:29,972][HikariPool-1 housekeeper][WARN][com.zaxxer.hikari.pool.HikariPool:766] HikariPool-1 - Thread starvation or clock leap detected (housekeeper delta=4m13s772ms).
[2019-08-13 20:03:39,056][HikariPool-1 housekeeper][WARN][com.zaxxer.hikari.pool.HikariPool:766] HikariPool-1 - Thread starvation or clock leap detected (housekeeper delta=4m9s84ms).
[2019-08-13 20:07:50,922][HikariPool-1 housekeeper][WARN][com.zaxxer.hikari.pool.HikariPool:766] HikariPool-1 - Thread starvation or clock leap detected (housekeeper delta=4m11s866ms).
[2019-08-13 20:11:34,241][HikariPool-1 housekeeper][WARN][com.zaxxer.hikari.pool.HikariPool:766] HikariPool-1 - Thread starvation or clock leap detected (housekeeper delta=3m13s131ms).
[2019-08-13 20:18:56,207][HikariPool-1 housekeeper][WARN][com.zaxxer.hikari.pool.HikariPool:766] HikariPool-1 - Thread starvation or clock leap detected (housekeeper delta=7m21s966ms).
[2019-08-13 20:22:05,900][HikariPool-1 housekeeper][WARN][com.zaxxer.hikari.pool.HikariPool:766] HikariPool-1 - Thread starvation or clock leap detected (housekeeper delta=3m9s692ms).
[2019-08-13 20:25:48,101][HikariPool-1 housekeeper][WARN][com.zaxxer.hikari.pool.HikariPool:766] HikariPool-1 - Thread starvation or clock leap detected (housekeeper delta=3m11s558ms).
[2019-08-13 20:29:02,594][HikariPool-1 housekeeper][WARN][com.zaxxer.hikari.pool.HikariPool:766] HikariPool-1 - Thread starvation or clock leap detected (housekeeper delta=3m14s493ms).
[2019-08-13 20:32:55,255][HikariPool-1 housekeeper][WARN][com.zaxxer.hikari.pool.HikariPool:766] HikariPool-1 - Thread starvation or clock leap detected (housekeeper delta=3m52s661ms).
[2019-08-13 20:36:46,586][HikariPool-1 housekeeper][WARN][com.zaxxer.hikari.pool.HikariPool:766] HikariPool-1 - Thread starvation or clock leap detected (housekeeper delta=3m21s121ms).
[2019-08-13 20:40:00,166][HikariPool-1 housekeeper][WARN][com.zaxxer.hikari.pool.HikariPool:766] HikariPool-1 - Thread starvation or clock leap detected (housekeeper delta=3m13s581ms).
[2019-08-13 20:43:11,985][HikariPool-1 housekeeper][WARN][com.zaxxer.hikari.pool.HikariPool:766] HikariPool-1 - Thread starvation or clock leap detected (housekeeper delta=3m11s819ms).
[2019-08-13 20:47:58,187][HikariPool-1 housekeeper][WARN][com.zaxxer.hikari.pool.HikariPool:766] HikariPool-1 - Thread starvation or clock leap detected (housekeeper delta=4m16s192ms).
[2019-08-13 20:55:02,282][HikariPool-1 housekeeper][WARN][com.zaxxer.hikari.pool.HikariPool:766] HikariPool-1 - Thread starvation or clock leap detected (housekeeper delta=7m4s44ms).
[2019-08-13 22:55:59,458][HikariPool-1 housekeeper][WARN][com.zaxxer.hikari.pool.HikariPool:766] HikariPool-1 - Thread starvation or clock leap detected (housekeeper delta=2h27s42ms).
