[2019-07-25 00:01:44,336][main][WARN][org.mybatis.spring.mapper.ClassPathMapperScanner:44] Skipping MapperFactoryBean with name 'allbrandMapper' and 'com.iresearch.svc.mapper.svc.AllbrandMapper' mapperInterface. Bean already defined with the same name!
[2019-07-25 00:01:44,345][main][WARN][org.mybatis.spring.mapper.ClassPathMapperScanner:44] Skipping MapperFactoryBean with name 'allshowMapper' and 'com.iresearch.svc.mapper.svc.AllshowMapper' mapperInterface. Bean already defined with the same name!
[2019-07-25 00:01:44,345][main][WARN][org.mybatis.spring.mapper.ClassPathMapperScanner:44] Skipping MapperFactoryBean with name 'brandcustomMapper' and 'com.iresearch.svc.mapper.svc.BrandcustomMapper' mapperInterface. Bean already defined with the same name!
[2019-07-25 00:01:44,345][main][WARN][org.mybatis.spring.mapper.ClassPathMapperScanner:44] Skipping MapperFactoryBean with name 'indexMapper' and 'com.iresearch.svc.mapper.svc.IndexMapper' mapperInterface. Bean already defined with the same name!
[2019-07-25 00:01:44,346][main][WARN][org.mybatis.spring.mapper.ClassPathMapperScanner:44] Skipping MapperFactoryBean with name 'loginMapper' and 'com.iresearch.svc.mapper.svc.LoginMapper' mapperInterface. Bean already defined with the same name!
[2019-07-25 00:01:44,346][main][WARN][org.mybatis.spring.mapper.ClassPathMapperScanner:44] Skipping MapperFactoryBean with name 'showcompMapper' and 'com.iresearch.svc.mapper.svc.ShowcompMapper' mapperInterface. Bean already defined with the same name!
[2019-07-25 00:01:44,346][main][WARN][org.mybatis.spring.mapper.ClassPathMapperScanner:44] Skipping MapperFactoryBean with name 'showcustomMapper' and 'com.iresearch.svc.mapper.svc.ShowcustomMapper' mapperInterface. Bean already defined with the same name!
[2019-07-25 00:01:44,346][main][WARN][org.mybatis.spring.mapper.ClassPathMapperScanner:44] Skipping MapperFactoryBean with name 'showlibMapper' and 'com.iresearch.svc.mapper.svc.ShowlibMapper' mapperInterface. Bean already defined with the same name!
[2019-07-25 00:01:44,346][main][WARN][org.mybatis.spring.mapper.ClassPathMapperScanner:44] Skipping MapperFactoryBean with name 'vfmiMapper' and 'com.iresearch.svc.mapper.vf.VfmiMapper' mapperInterface. Bean already defined with the same name!
[2019-07-25 00:01:44,347][main][WARN][org.mybatis.spring.mapper.ClassPathMapperScanner:44] No MyBatis mapper was found in '[com.iresearch.svc.mapper]' package. Please check your configuration.
[2019-07-25 00:01:53,783][http-nio-9095-exec-2][ERROR][com.zaxxer.hikari.HikariConfig:950] HikariPool-1 - jdbcUrl is required with driverClassName.
[2019-07-25 00:01:53,792][http-nio-9095-exec-2][ERROR][org.apache.catalina.core.ContainerBase.[Tomcat].[localhost].[/].[dispatcherServlet]:175] Servlet.service() for servlet [dispatcherServlet] in context with path [] threw exception [Request processing failed; nested exception is org.mybatis.spring.MyBatisSystemException: nested exception is org.apache.ibatis.exceptions.PersistenceException: 
### Error querying database.  Cause: java.lang.IllegalArgumentException: jdbcUrl is required with driverClassName.
### The error may exist in file [/Users/clouddxw/IdeaProjects/svc/target/classes/mapper/vf/VfmiMapper.xml]
### The error may involve com.iresearch.svc.mapper.vf.VfmiMapper.getItems
### The error occurred while executing a query
### Cause: java.lang.IllegalArgumentException: jdbcUrl is required with driverClassName.] with root cause
java.lang.IllegalArgumentException: jdbcUrl is required with driverClassName.
	at com.zaxxer.hikari.HikariConfig.validate(HikariConfig.java:951) ~[HikariCP-3.2.0.jar:?]
	at com.zaxxer.hikari.HikariDataSource.getConnection(HikariDataSource.java:109) ~[HikariCP-3.2.0.jar:?]
	at org.springframework.jdbc.datasource.DataSourceUtils.fetchConnection(DataSourceUtils.java:157) ~[spring-jdbc-5.1.4.RELEASE.jar:5.1.4.RELEASE]
	at org.springframework.jdbc.datasource.DataSourceUtils.doGetConnection(DataSourceUtils.java:115) ~[spring-jdbc-5.1.4.RELEASE.jar:5.1.4.RELEASE]
	at org.springframework.jdbc.datasource.DataSourceUtils.getConnection(DataSourceUtils.java:78) ~[spring-jdbc-5.1.4.RELEASE.jar:5.1.4.RELEASE]
	at org.mybatis.spring.transaction.SpringManagedTransaction.openConnection(SpringManagedTransaction.java:82) ~[mybatis-spring-2.0.0.jar:2.0.0]
	at org.mybatis.spring.transaction.SpringManagedTransaction.getConnection(SpringManagedTransaction.java:68) ~[mybatis-spring-2.0.0.jar:2.0.0]
	at org.apache.ibatis.executor.BaseExecutor.getConnection(BaseExecutor.java:336) ~[mybatis-3.5.0.jar:3.5.0]
	at org.apache.ibatis.executor.SimpleExecutor.prepareStatement(SimpleExecutor.java:85) ~[mybatis-3.5.0.jar:3.5.0]
	at org.apache.ibatis.executor.SimpleExecutor.doQuery(SimpleExecutor.java:62) ~[mybatis-3.5.0.jar:3.5.0]
	at org.apache.ibatis.executor.BaseExecutor.queryFromDatabase(BaseExecutor.java:324) ~[mybatis-3.5.0.jar:3.5.0]
	at org.apache.ibatis.executor.BaseExecutor.query(BaseExecutor.java:156) ~[mybatis-3.5.0.jar:3.5.0]
	at org.apache.ibatis.executor.CachingExecutor.query(CachingExecutor.java:109) ~[mybatis-3.5.0.jar:3.5.0]
	at org.apache.ibatis.executor.CachingExecutor.query(CachingExecutor.java:83) ~[mybatis-3.5.0.jar:3.5.0]
	at org.apache.ibatis.session.defaults.DefaultSqlSession.selectList(DefaultSqlSession.java:148) ~[mybatis-3.5.0.jar:3.5.0]
	at org.apache.ibatis.session.defaults.DefaultSqlSession.selectList(DefaultSqlSession.java:141) ~[mybatis-3.5.0.jar:3.5.0]
	at sun.reflect.NativeMethodAccessorImpl.invoke0(Native Method) ~[?:1.8.0_181]
	at sun.reflect.NativeMethodAccessorImpl.invoke(NativeMethodAccessorImpl.java:62) ~[?:1.8.0_181]
	at sun.reflect.DelegatingMethodAccessorImpl.invoke(DelegatingMethodAccessorImpl.java:43) ~[?:1.8.0_181]
	at java.lang.reflect.Method.invoke(Method.java:498) ~[?:1.8.0_181]
	at org.mybatis.spring.SqlSessionTemplate$SqlSessionInterceptor.invoke(SqlSessionTemplate.java:433) ~[mybatis-spring-2.0.0.jar:2.0.0]
	at com.sun.proxy.$Proxy74.selectList(Unknown Source) ~[?:?]
	at org.mybatis.spring.SqlSessionTemplate.selectList(SqlSessionTemplate.java:230) ~[mybatis-spring-2.0.0.jar:2.0.0]
	at org.apache.ibatis.binding.MapperMethod.executeForMany(MapperMethod.java:144) ~[mybatis-3.5.0.jar:3.5.0]
	at org.apache.ibatis.binding.MapperMethod.execute(MapperMethod.java:77) ~[mybatis-3.5.0.jar:3.5.0]
	at org.apache.ibatis.binding.MapperProxy.invoke(MapperProxy.java:58) ~[mybatis-3.5.0.jar:3.5.0]
	at com.sun.proxy.$Proxy86.getItems(Unknown Source) ~[?:?]
	at sun.reflect.NativeMethodAccessorImpl.invoke0(Native Method) ~[?:1.8.0_181]
	at sun.reflect.NativeMethodAccessorImpl.invoke(NativeMethodAccessorImpl.java:62) ~[?:1.8.0_181]
	at sun.reflect.DelegatingMethodAccessorImpl.invoke(DelegatingMethodAccessorImpl.java:43) ~[?:1.8.0_181]
	at java.lang.reflect.Method.invoke(Method.java:498) ~[?:1.8.0_181]
	at org.springframework.aop.support.AopUtils.invokeJoinpointUsingReflection(AopUtils.java:343) ~[spring-aop-5.1.4.RELEASE.jar:5.1.4.RELEASE]
	at org.springframework.aop.framework.ReflectiveMethodInvocation.invokeJoinpoint(ReflectiveMethodInvocation.java:198) ~[spring-aop-5.1.4.RELEASE.jar:5.1.4.RELEASE]
	at org.springframework.aop.framework.ReflectiveMethodInvocation.proceed(ReflectiveMethodInvocation.java:163) ~[spring-aop-5.1.4.RELEASE.jar:5.1.4.RELEASE]
	at org.springframework.dao.support.PersistenceExceptionTranslationInterceptor.invoke(PersistenceExceptionTranslationInterceptor.java:139) ~[spring-tx-5.1.4.RELEASE.jar:5.1.4.RELEASE]
	at org.springframework.aop.framework.ReflectiveMethodInvocation.proceed(ReflectiveMethodInvocation.java:186) ~[spring-aop-5.1.4.RELEASE.jar:5.1.4.RELEASE]
	at org.springframework.aop.framework.JdkDynamicAopProxy.invoke(JdkDynamicAopProxy.java:212) ~[spring-aop-5.1.4.RELEASE.jar:5.1.4.RELEASE]
	at com.sun.proxy.$Proxy87.getItems(Unknown Source) ~[?:?]
	at com.iresearch.svc.controller.VFMIController.getTopItem(VFMIController.java:34) ~[classes/:?]
	at sun.reflect.NativeMethodAccessorImpl.invoke0(Native Method) ~[?:1.8.0_181]
	at sun.reflect.NativeMethodAccessorImpl.invoke(NativeMethodAccessorImpl.java:62) ~[?:1.8.0_181]
	at sun.reflect.DelegatingMethodAccessorImpl.invoke(DelegatingMethodAccessorImpl.java:43) ~[?:1.8.0_181]
	at java.lang.reflect.Method.invoke(Method.java:498) ~[?:1.8.0_181]
	at org.springframework.web.method.support.InvocableHandlerMethod.doInvoke(InvocableHandlerMethod.java:189) ~[spring-web-5.1.4.RELEASE.jar:5.1.4.RELEASE]
	at org.springframework.web.method.support.InvocableHandlerMethod.invokeForRequest(InvocableHandlerMethod.java:138) ~[spring-web-5.1.4.RELEASE.jar:5.1.4.RELEASE]
	at org.springframework.web.servlet.mvc.method.annotation.ServletInvocableHandlerMethod.invokeAndHandle(ServletInvocableHandlerMethod.java:102) ~[spring-webmvc-5.1.4.RELEASE.jar:5.1.4.RELEASE]
	at org.springframework.web.servlet.mvc.method.annotation.RequestMappingHandlerAdapter.invokeHandlerMethod(RequestMappingHandlerAdapter.java:895) ~[spring-webmvc-5.1.4.RELEASE.jar:5.1.4.RELEASE]
	at org.springframework.web.servlet.mvc.method.annotation.RequestMappingHandlerAdapter.handleInternal(RequestMappingHandlerAdapter.java:800) ~[spring-webmvc-5.1.4.RELEASE.jar:5.1.4.RELEASE]
	at org.springframework.web.servlet.mvc.method.AbstractHandlerMethodAdapter.handle(AbstractHandlerMethodAdapter.java:87) ~[spring-webmvc-5.1.4.RELEASE.jar:5.1.4.RELEASE]
	at org.springframework.web.servlet.DispatcherServlet.doDispatch(DispatcherServlet.java:1038) ~[spring-webmvc-5.1.4.RELEASE.jar:5.1.4.RELEASE]
	at org.springframework.web.servlet.DispatcherServlet.doService(DispatcherServlet.java:942) ~[spring-webmvc-5.1.4.RELEASE.jar:5.1.4.RELEASE]
	at org.springframework.web.servlet.FrameworkServlet.processRequest(FrameworkServlet.java:1005) ~[spring-webmvc-5.1.4.RELEASE.jar:5.1.4.RELEASE]
	at org.springframework.web.servlet.FrameworkServlet.doGet(FrameworkServlet.java:897) ~[spring-webmvc-5.1.4.RELEASE.jar:5.1.4.RELEASE]
	at javax.servlet.http.HttpServlet.service(HttpServlet.java:634) ~[tomcat-embed-core-9.0.14.jar:9.0.14]
	at org.springframework.web.servlet.FrameworkServlet.service(FrameworkServlet.java:882) ~[spring-webmvc-5.1.4.RELEASE.jar:5.1.4.RELEASE]
	at javax.servlet.http.HttpServlet.service(HttpServlet.java:741) ~[tomcat-embed-core-9.0.14.jar:9.0.14]
	at org.apache.catalina.core.ApplicationFilterChain.internalDoFilter(ApplicationFilterChain.java:231) ~[tomcat-embed-core-9.0.14.jar:9.0.14]
	at org.apache.catalina.core.ApplicationFilterChain.doFilter(ApplicationFilterChain.java:166) ~[tomcat-embed-core-9.0.14.jar:9.0.14]
	at org.apache.tomcat.websocket.server.WsFilter.doFilter(WsFilter.java:53) ~[tomcat-embed-websocket-9.0.14.jar:9.0.14]
	at org.apache.catalina.core.ApplicationFilterChain.internalDoFilter(ApplicationFilterChain.java:193) ~[tomcat-embed-core-9.0.14.jar:9.0.14]
	at org.apache.catalina.core.ApplicationFilterChain.doFilter(ApplicationFilterChain.java:166) ~[tomcat-embed-core-9.0.14.jar:9.0.14]
	at org.springframework.web.filter.RequestContextFilter.doFilterInternal(RequestContextFilter.java:99) ~[spring-web-5.1.4.RELEASE.jar:5.1.4.RELEASE]
	at org.springframework.web.filter.OncePerRequestFilter.doFilter(OncePerRequestFilter.java:107) ~[spring-web-5.1.4.RELEASE.jar:5.1.4.RELEASE]
	at org.apache.catalina.core.ApplicationFilterChain.internalDoFilter(ApplicationFilterChain.java:193) ~[tomcat-embed-core-9.0.14.jar:9.0.14]
	at org.apache.catalina.core.ApplicationFilterChain.doFilter(ApplicationFilterChain.java:166) ~[tomcat-embed-core-9.0.14.jar:9.0.14]
	at org.springframework.web.filter.FormContentFilter.doFilterInternal(FormContentFilter.java:92) ~[spring-web-5.1.4.RELEASE.jar:5.1.4.RELEASE]
	at org.springframework.web.filter.OncePerRequestFilter.doFilter(OncePerRequestFilter.java:107) ~[spring-web-5.1.4.RELEASE.jar:5.1.4.RELEASE]
	at org.apache.catalina.core.ApplicationFilterChain.internalDoFilter(ApplicationFilterChain.java:193) ~[tomcat-embed-core-9.0.14.jar:9.0.14]
	at org.apache.catalina.core.ApplicationFilterChain.doFilter(ApplicationFilterChain.java:166) ~[tomcat-embed-core-9.0.14.jar:9.0.14]
	at org.springframework.web.filter.HiddenHttpMethodFilter.doFilterInternal(HiddenHttpMethodFilter.java:93) ~[spring-web-5.1.4.RELEASE.jar:5.1.4.RELEASE]
	at org.springframework.web.filter.OncePerRequestFilter.doFilter(OncePerRequestFilter.java:107) ~[spring-web-5.1.4.RELEASE.jar:5.1.4.RELEASE]
	at org.apache.catalina.core.ApplicationFilterChain.internalDoFilter(ApplicationFilterChain.java:193) ~[tomcat-embed-core-9.0.14.jar:9.0.14]
	at org.apache.catalina.core.ApplicationFilterChain.doFilter(ApplicationFilterChain.java:166) ~[tomcat-embed-core-9.0.14.jar:9.0.14]
	at org.springframework.web.filter.CharacterEncodingFilter.doFilterInternal(CharacterEncodingFilter.java:200) ~[spring-web-5.1.4.RELEASE.jar:5.1.4.RELEASE]
	at org.springframework.web.filter.OncePerRequestFilter.doFilter(OncePerRequestFilter.java:107) ~[spring-web-5.1.4.RELEASE.jar:5.1.4.RELEASE]
	at org.apache.catalina.core.ApplicationFilterChain.internalDoFilter(ApplicationFilterChain.java:193) ~[tomcat-embed-core-9.0.14.jar:9.0.14]
	at org.apache.catalina.core.ApplicationFilterChain.doFilter(ApplicationFilterChain.java:166) ~[tomcat-embed-core-9.0.14.jar:9.0.14]
	at org.apache.catalina.core.StandardWrapperValve.invoke(StandardWrapperValve.java:199) [tomcat-embed-core-9.0.14.jar:9.0.14]
	at org.apache.catalina.core.StandardContextValve.invoke(StandardContextValve.java:96) [tomcat-embed-core-9.0.14.jar:9.0.14]
	at org.apache.catalina.authenticator.AuthenticatorBase.invoke(AuthenticatorBase.java:490) [tomcat-embed-core-9.0.14.jar:9.0.14]
	at org.apache.catalina.core.StandardHostValve.invoke(StandardHostValve.java:139) [tomcat-embed-core-9.0.14.jar:9.0.14]
	at org.apache.catalina.valves.ErrorReportValve.invoke(ErrorReportValve.java:92) [tomcat-embed-core-9.0.14.jar:9.0.14]
	at org.apache.catalina.core.StandardEngineValve.invoke(StandardEngineValve.java:74) [tomcat-embed-core-9.0.14.jar:9.0.14]
	at org.apache.catalina.connector.CoyoteAdapter.service(CoyoteAdapter.java:343) [tomcat-embed-core-9.0.14.jar:9.0.14]
	at org.apache.coyote.http11.Http11Processor.service(Http11Processor.java:408) [tomcat-embed-core-9.0.14.jar:9.0.14]
	at org.apache.coyote.AbstractProcessorLight.process(AbstractProcessorLight.java:66) [tomcat-embed-core-9.0.14.jar:9.0.14]
	at org.apache.coyote.AbstractProtocol$ConnectionHandler.process(AbstractProtocol.java:834) [tomcat-embed-core-9.0.14.jar:9.0.14]
	at org.apache.tomcat.util.net.NioEndpoint$SocketProcessor.doRun(NioEndpoint.java:1417) [tomcat-embed-core-9.0.14.jar:9.0.14]
	at org.apache.tomcat.util.net.SocketProcessorBase.run(SocketProcessorBase.java:49) [tomcat-embed-core-9.0.14.jar:9.0.14]
	at java.util.concurrent.ThreadPoolExecutor.runWorker(ThreadPoolExecutor.java:1149) [?:1.8.0_181]
	at java.util.concurrent.ThreadPoolExecutor$Worker.run(ThreadPoolExecutor.java:624) [?:1.8.0_181]
	at org.apache.tomcat.util.threads.TaskThread$WrappingRunnable.run(TaskThread.java:61) [tomcat-embed-core-9.0.14.jar:9.0.14]
	at java.lang.Thread.run(Thread.java:748) [?:1.8.0_181]
[2019-07-25 00:04:28,893][main][WARN][org.mybatis.spring.mapper.ClassPathMapperScanner:44] Skipping MapperFactoryBean with name 'allbrandMapper' and 'com.iresearch.svc.mapper.svc.AllbrandMapper' mapperInterface. Bean already defined with the same name!
[2019-07-25 00:04:28,893][main][WARN][org.mybatis.spring.mapper.ClassPathMapperScanner:44] Skipping MapperFactoryBean with name 'allshowMapper' and 'com.iresearch.svc.mapper.svc.AllshowMapper' mapperInterface. Bean already defined with the same name!
[2019-07-25 00:04:28,893][main][WARN][org.mybatis.spring.mapper.ClassPathMapperScanner:44] Skipping MapperFactoryBean with name 'brandcustomMapper' and 'com.iresearch.svc.mapper.svc.BrandcustomMapper' mapperInterface. Bean already defined with the same name!
[2019-07-25 00:04:28,893][main][WARN][org.mybatis.spring.mapper.ClassPathMapperScanner:44] Skipping MapperFactoryBean with name 'indexMapper' and 'com.iresearch.svc.mapper.svc.IndexMapper' mapperInterface. Bean already defined with the same name!
[2019-07-25 00:04:28,894][main][WARN][org.mybatis.spring.mapper.ClassPathMapperScanner:44] Skipping MapperFactoryBean with name 'loginMapper' and 'com.iresearch.svc.mapper.svc.LoginMapper' mapperInterface. Bean already defined with the same name!
[2019-07-25 00:04:28,894][main][WARN][org.mybatis.spring.mapper.ClassPathMapperScanner:44] Skipping MapperFactoryBean with name 'showcompMapper' and 'com.iresearch.svc.mapper.svc.ShowcompMapper' mapperInterface. Bean already defined with the same name!
[2019-07-25 00:04:28,894][main][WARN][org.mybatis.spring.mapper.ClassPathMapperScanner:44] Skipping MapperFactoryBean with name 'showcustomMapper' and 'com.iresearch.svc.mapper.svc.ShowcustomMapper' mapperInterface. Bean already defined with the same name!
[2019-07-25 00:04:28,894][main][WARN][org.mybatis.spring.mapper.ClassPathMapperScanner:44] Skipping MapperFactoryBean with name 'showlibMapper' and 'com.iresearch.svc.mapper.svc.ShowlibMapper' mapperInterface. Bean already defined with the same name!
[2019-07-25 00:04:28,894][main][WARN][org.mybatis.spring.mapper.ClassPathMapperScanner:44] Skipping MapperFactoryBean with name 'vfmiMapper' and 'com.iresearch.svc.mapper.vf.VfmiMapper' mapperInterface. Bean already defined with the same name!
[2019-07-25 00:04:28,895][main][WARN][org.mybatis.spring.mapper.ClassPathMapperScanner:44] No MyBatis mapper was found in '[com.iresearch.svc.mapper]' package. Please check your configuration.
[2019-07-25 00:08:47,700][main][WARN][org.mybatis.spring.mapper.ClassPathMapperScanner:44] Skipping MapperFactoryBean with name 'allbrandMapper' and 'com.iresearch.svc.mapper.svc.AllbrandMapper' mapperInterface. Bean already defined with the same name!
[2019-07-25 00:08:47,706][main][WARN][org.mybatis.spring.mapper.ClassPathMapperScanner:44] Skipping MapperFactoryBean with name 'allshowMapper' and 'com.iresearch.svc.mapper.svc.AllshowMapper' mapperInterface. Bean already defined with the same name!
[2019-07-25 00:08:47,706][main][WARN][org.mybatis.spring.mapper.ClassPathMapperScanner:44] Skipping MapperFactoryBean with name 'brandcustomMapper' and 'com.iresearch.svc.mapper.svc.BrandcustomMapper' mapperInterface. Bean already defined with the same name!
[2019-07-25 00:08:47,706][main][WARN][org.mybatis.spring.mapper.ClassPathMapperScanner:44] Skipping MapperFactoryBean with name 'indexMapper' and 'com.iresearch.svc.mapper.svc.IndexMapper' mapperInterface. Bean already defined with the same name!
[2019-07-25 00:08:47,706][main][WARN][org.mybatis.spring.mapper.ClassPathMapperScanner:44] Skipping MapperFactoryBean with name 'loginMapper' and 'com.iresearch.svc.mapper.svc.LoginMapper' mapperInterface. Bean already defined with the same name!
[2019-07-25 00:08:47,706][main][WARN][org.mybatis.spring.mapper.ClassPathMapperScanner:44] Skipping MapperFactoryBean with name 'showcompMapper' and 'com.iresearch.svc.mapper.svc.ShowcompMapper' mapperInterface. Bean already defined with the same name!
[2019-07-25 00:08:47,707][main][WARN][org.mybatis.spring.mapper.ClassPathMapperScanner:44] Skipping MapperFactoryBean with name 'showcustomMapper' and 'com.iresearch.svc.mapper.svc.ShowcustomMapper' mapperInterface. Bean already defined with the same name!
[2019-07-25 00:08:47,707][main][WARN][org.mybatis.spring.mapper.ClassPathMapperScanner:44] Skipping MapperFactoryBean with name 'showlibMapper' and 'com.iresearch.svc.mapper.svc.ShowlibMapper' mapperInterface. Bean already defined with the same name!
[2019-07-25 00:08:47,707][main][WARN][org.mybatis.spring.mapper.ClassPathMapperScanner:44] Skipping MapperFactoryBean with name 'vfmiMapper' and 'com.iresearch.svc.mapper.vf.VfmiMapper' mapperInterface. Bean already defined with the same name!
[2019-07-25 00:08:47,708][main][WARN][org.mybatis.spring.mapper.ClassPathMapperScanner:44] No MyBatis mapper was found in '[com.iresearch.svc.mapper]' package. Please check your configuration.
[2019-07-25 00:09:58,503][main][WARN][org.mybatis.spring.mapper.ClassPathMapperScanner:44] Skipping MapperFactoryBean with name 'allbrandMapper' and 'com.iresearch.svc.mapper.svc.AllbrandMapper' mapperInterface. Bean already defined with the same name!
[2019-07-25 00:09:58,503][main][WARN][org.mybatis.spring.mapper.ClassPathMapperScanner:44] Skipping MapperFactoryBean with name 'allshowMapper' and 'com.iresearch.svc.mapper.svc.AllshowMapper' mapperInterface. Bean already defined with the same name!
[2019-07-25 00:09:58,504][main][WARN][org.mybatis.spring.mapper.ClassPathMapperScanner:44] Skipping MapperFactoryBean with name 'brandcustomMapper' and 'com.iresearch.svc.mapper.svc.BrandcustomMapper' mapperInterface. Bean already defined with the same name!
[2019-07-25 00:09:58,504][main][WARN][org.mybatis.spring.mapper.ClassPathMapperScanner:44] Skipping MapperFactoryBean with name 'indexMapper' and 'com.iresearch.svc.mapper.svc.IndexMapper' mapperInterface. Bean already defined with the same name!
[2019-07-25 00:09:58,504][main][WARN][org.mybatis.spring.mapper.ClassPathMapperScanner:44] Skipping MapperFactoryBean with name 'loginMapper' and 'com.iresearch.svc.mapper.svc.LoginMapper' mapperInterface. Bean already defined with the same name!
[2019-07-25 00:09:58,504][main][WARN][org.mybatis.spring.mapper.ClassPathMapperScanner:44] Skipping MapperFactoryBean with name 'showcompMapper' and 'com.iresearch.svc.mapper.svc.ShowcompMapper' mapperInterface. Bean already defined with the same name!
[2019-07-25 00:09:58,505][main][WARN][org.mybatis.spring.mapper.ClassPathMapperScanner:44] Skipping MapperFactoryBean with name 'showcustomMapper' and 'com.iresearch.svc.mapper.svc.ShowcustomMapper' mapperInterface. Bean already defined with the same name!
[2019-07-25 00:09:58,505][main][WARN][org.mybatis.spring.mapper.ClassPathMapperScanner:44] Skipping MapperFactoryBean with name 'showlibMapper' and 'com.iresearch.svc.mapper.svc.ShowlibMapper' mapperInterface. Bean already defined with the same name!
[2019-07-25 00:09:58,506][main][WARN][org.mybatis.spring.mapper.ClassPathMapperScanner:44] Skipping MapperFactoryBean with name 'vfmiMapper' and 'com.iresearch.svc.mapper.vf.VfmiMapper' mapperInterface. Bean already defined with the same name!
[2019-07-25 00:09:58,507][main][WARN][org.mybatis.spring.mapper.ClassPathMapperScanner:44] No MyBatis mapper was found in '[com.iresearch.svc.mapper]' package. Please check your configuration.
[2019-07-25 00:11:45,291][main][WARN][org.mybatis.spring.mapper.ClassPathMapperScanner:44] Skipping MapperFactoryBean with name 'allbrandMapper' and 'com.iresearch.svc.mapper.svc.AllbrandMapper' mapperInterface. Bean already defined with the same name!
[2019-07-25 00:11:45,292][main][WARN][org.mybatis.spring.mapper.ClassPathMapperScanner:44] Skipping MapperFactoryBean with name 'allshowMapper' and 'com.iresearch.svc.mapper.svc.AllshowMapper' mapperInterface. Bean already defined with the same name!
[2019-07-25 00:11:45,292][main][WARN][org.mybatis.spring.mapper.ClassPathMapperScanner:44] Skipping MapperFactoryBean with name 'brandcustomMapper' and 'com.iresearch.svc.mapper.svc.BrandcustomMapper' mapperInterface. Bean already defined with the same name!
[2019-07-25 00:11:45,292][main][WARN][org.mybatis.spring.mapper.ClassPathMapperScanner:44] Skipping MapperFactoryBean with name 'indexMapper' and 'com.iresearch.svc.mapper.svc.IndexMapper' mapperInterface. Bean already defined with the same name!
[2019-07-25 00:11:45,292][main][WARN][org.mybatis.spring.mapper.ClassPathMapperScanner:44] Skipping MapperFactoryBean with name 'loginMapper' and 'com.iresearch.svc.mapper.svc.LoginMapper' mapperInterface. Bean already defined with the same name!
[2019-07-25 00:11:45,292][main][WARN][org.mybatis.spring.mapper.ClassPathMapperScanner:44] Skipping MapperFactoryBean with name 'showcompMapper' and 'com.iresearch.svc.mapper.svc.ShowcompMapper' mapperInterface. Bean already defined with the same name!
[2019-07-25 00:11:45,292][main][WARN][org.mybatis.spring.mapper.ClassPathMapperScanner:44] Skipping MapperFactoryBean with name 'showcustomMapper' and 'com.iresearch.svc.mapper.svc.ShowcustomMapper' mapperInterface. Bean already defined with the same name!
[2019-07-25 00:11:45,293][main][WARN][org.mybatis.spring.mapper.ClassPathMapperScanner:44] Skipping MapperFactoryBean with name 'showlibMapper' and 'com.iresearch.svc.mapper.svc.ShowlibMapper' mapperInterface. Bean already defined with the same name!
[2019-07-25 00:11:45,293][main][WARN][org.mybatis.spring.mapper.ClassPathMapperScanner:44] Skipping MapperFactoryBean with name 'vfmiMapper' and 'com.iresearch.svc.mapper.vf.VfmiMapper' mapperInterface. Bean already defined with the same name!
[2019-07-25 00:11:45,293][main][WARN][org.mybatis.spring.mapper.ClassPathMapperScanner:44] No MyBatis mapper was found in '[com.iresearch.svc.mapper]' package. Please check your configuration.
[2019-07-25 00:16:59,040][HikariPool-1 housekeeper][WARN][com.zaxxer.hikari.pool.HikariPool:766] HikariPool-1 - Thread starvation or clock leap detected (housekeeper delta=4m30s378ms).
[2019-07-25 00:17:16,139][HikariPool-2 housekeeper][WARN][com.zaxxer.hikari.pool.HikariPool:766] HikariPool-2 - Thread starvation or clock leap detected (housekeeper delta=4m30s237ms).
[2019-07-25 00:34:45,352][HikariPool-1 housekeeper][WARN][com.zaxxer.hikari.pool.HikariPool:766] HikariPool-1 - Thread starvation or clock leap detected (housekeeper delta=17m46s312ms).
[2019-07-25 00:35:02,687][HikariPool-2 housekeeper][WARN][com.zaxxer.hikari.pool.HikariPool:766] HikariPool-2 - Thread starvation or clock leap detected (housekeeper delta=17m46s548ms).
[2019-07-25 00:49:10,269][HikariPool-2 housekeeper][WARN][com.zaxxer.hikari.pool.HikariPool:766] HikariPool-2 - Thread starvation or clock leap detected (housekeeper delta=14m7s582ms).
[2019-07-25 00:49:23,195][HikariPool-1 housekeeper][WARN][com.zaxxer.hikari.pool.HikariPool:766] HikariPool-1 - Thread starvation or clock leap detected (housekeeper delta=14m7s588ms).
[2019-07-25 00:55:49,432][HikariPool-2 housekeeper][WARN][com.zaxxer.hikari.pool.HikariPool:766] HikariPool-2 - Thread starvation or clock leap detected (housekeeper delta=6m39s163ms).
[2019-07-25 00:56:02,658][HikariPool-1 housekeeper][WARN][com.zaxxer.hikari.pool.HikariPool:766] HikariPool-1 - Thread starvation or clock leap detected (housekeeper delta=6m39s463ms).
[2019-07-25 01:06:50,884][HikariPool-1 housekeeper][WARN][com.zaxxer.hikari.pool.HikariPool:766] HikariPool-1 - Thread starvation or clock leap detected (housekeeper delta=10m48s226ms).
[2019-07-25 01:07:08,296][HikariPool-2 housekeeper][WARN][com.zaxxer.hikari.pool.HikariPool:766] HikariPool-2 - Thread starvation or clock leap detected (housekeeper delta=10m48s555ms).
[2019-07-25 01:13:07,456][HikariPool-2 housekeeper][WARN][com.zaxxer.hikari.pool.HikariPool:766] HikariPool-2 - Thread starvation or clock leap detected (housekeeper delta=5m59s160ms).
[2019-07-25 01:13:20,388][HikariPool-1 housekeeper][WARN][com.zaxxer.hikari.pool.HikariPool:766] HikariPool-1 - Thread starvation or clock leap detected (housekeeper delta=5m59s164ms).
[2019-07-25 01:19:51,000][HikariPool-2 housekeeper][WARN][com.zaxxer.hikari.pool.HikariPool:766] HikariPool-2 - Thread starvation or clock leap detected (housekeeper delta=6m43s544ms).
[2019-07-25 01:20:03,928][HikariPool-1 housekeeper][WARN][com.zaxxer.hikari.pool.HikariPool:766] HikariPool-1 - Thread starvation or clock leap detected (housekeeper delta=6m43s540ms).
[2019-07-25 01:25:39,457][HikariPool-1 housekeeper][WARN][com.zaxxer.hikari.pool.HikariPool:766] HikariPool-1 - Thread starvation or clock leap detected (housekeeper delta=5m35s529ms).
[2019-07-25 01:25:56,540][HikariPool-2 housekeeper][WARN][com.zaxxer.hikari.pool.HikariPool:766] HikariPool-2 - Thread starvation or clock leap detected (housekeeper delta=5m35s530ms).
[2019-07-25 01:30:13,973][HikariPool-1 housekeeper][WARN][com.zaxxer.hikari.pool.HikariPool:766] HikariPool-1 - Thread starvation or clock leap detected (housekeeper delta=4m34s516ms).
[2019-07-25 01:30:31,467][HikariPool-2 housekeeper][WARN][com.zaxxer.hikari.pool.HikariPool:766] HikariPool-2 - Thread starvation or clock leap detected (housekeeper delta=4m34s927ms).
[2019-07-25 01:40:05,918][HikariPool-2 housekeeper][WARN][com.zaxxer.hikari.pool.HikariPool:766] HikariPool-2 - Thread starvation or clock leap detected (housekeeper delta=9m34s451ms).
[2019-07-25 01:40:18,844][HikariPool-1 housekeeper][WARN][com.zaxxer.hikari.pool.HikariPool:766] HikariPool-1 - Thread starvation or clock leap detected (housekeeper delta=9m34s456ms).
[2019-07-25 01:47:10,082][HikariPool-2 housekeeper][WARN][com.zaxxer.hikari.pool.HikariPool:766] HikariPool-2 - Thread starvation or clock leap detected (housekeeper delta=7m4s164ms).
[2019-07-25 01:47:23,013][HikariPool-1 housekeeper][WARN][com.zaxxer.hikari.pool.HikariPool:766] HikariPool-1 - Thread starvation or clock leap detected (housekeeper delta=7m4s169ms).
[2019-07-25 01:50:20,874][HikariPool-1 housekeeper][WARN][com.zaxxer.hikari.pool.HikariPool:766] HikariPool-1 - Thread starvation or clock leap detected (housekeeper delta=2m57s861ms).
[2019-07-25 01:50:37,957][HikariPool-2 housekeeper][WARN][com.zaxxer.hikari.pool.HikariPool:766] HikariPool-2 - Thread starvation or clock leap detected (housekeeper delta=2m57s869ms).
[2019-07-25 01:57:03,120][HikariPool-2 housekeeper][WARN][com.zaxxer.hikari.pool.HikariPool:766] HikariPool-2 - Thread starvation or clock leap detected (housekeeper delta=6m25s163ms).
[2019-07-25 01:57:16,042][HikariPool-1 housekeeper][WARN][com.zaxxer.hikari.pool.HikariPool:766] HikariPool-1 - Thread starvation or clock leap detected (housekeeper delta=6m25s163ms).
[2019-07-25 02:00:54,994][HikariPool-2 housekeeper][WARN][com.zaxxer.hikari.pool.HikariPool:766] HikariPool-2 - Thread starvation or clock leap detected (housekeeper delta=3m51s874ms).
[2019-07-25 02:01:07,921][HikariPool-1 housekeeper][WARN][com.zaxxer.hikari.pool.HikariPool:766] HikariPool-1 - Thread starvation or clock leap detected (housekeeper delta=3m51s879ms).
[2019-07-25 02:06:54,035][HikariPool-1 housekeeper][WARN][com.zaxxer.hikari.pool.HikariPool:766] HikariPool-1 - Thread starvation or clock leap detected (housekeeper delta=5m46s114ms).
[2019-07-25 02:07:11,127][HikariPool-2 housekeeper][WARN][com.zaxxer.hikari.pool.HikariPool:766] HikariPool-2 - Thread starvation or clock leap detected (housekeeper delta=5m46s121ms).
[2019-07-25 02:12:35,555][HikariPool-1 housekeeper][WARN][com.zaxxer.hikari.pool.HikariPool:766] HikariPool-1 - Thread starvation or clock leap detected (housekeeper delta=5m41s520ms).
[2019-07-25 02:12:53,286][HikariPool-2 housekeeper][WARN][com.zaxxer.hikari.pool.HikariPool:766] HikariPool-2 - Thread starvation or clock leap detected (housekeeper delta=5m42s160ms).
[2019-07-25 02:24:51,666][HikariPool-2 housekeeper][WARN][com.zaxxer.hikari.pool.HikariPool:766] HikariPool-2 - Thread starvation or clock leap detected (housekeeper delta=11m58s380ms).
[2019-07-25 02:25:04,582][HikariPool-1 housekeeper][WARN][com.zaxxer.hikari.pool.HikariPool:766] HikariPool-1 - Thread starvation or clock leap detected (housekeeper delta=11m58s382ms).
[2019-07-25 02:31:56,677][HikariPool-2 housekeeper][WARN][com.zaxxer.hikari.pool.HikariPool:766] HikariPool-2 - Thread starvation or clock leap detected (housekeeper delta=7m5s10ms).
[2019-07-25 02:32:10,102][HikariPool-1 housekeeper][WARN][com.zaxxer.hikari.pool.HikariPool:766] HikariPool-1 - Thread starvation or clock leap detected (housekeeper delta=7m5s520ms).
[2019-07-25 02:38:07,127][HikariPool-1 housekeeper][WARN][com.zaxxer.hikari.pool.HikariPool:766] HikariPool-1 - Thread starvation or clock leap detected (housekeeper delta=5m57s25ms).
[2019-07-25 02:38:24,214][HikariPool-2 housekeeper][WARN][com.zaxxer.hikari.pool.HikariPool:766] HikariPool-2 - Thread starvation or clock leap detected (housekeeper delta=5m57s20ms).
[2019-07-25 02:43:09,318][HikariPool-2 housekeeper][WARN][com.zaxxer.hikari.pool.HikariPool:766] HikariPool-2 - Thread starvation or clock leap detected (housekeeper delta=4m45s104ms).
[2019-07-25 02:43:22,247][HikariPool-1 housekeeper][WARN][com.zaxxer.hikari.pool.HikariPool:766] HikariPool-1 - Thread starvation or clock leap detected (housekeeper delta=4m45s109ms).
[2019-07-25 02:55:26,719][HikariPool-2 housekeeper][WARN][com.zaxxer.hikari.pool.HikariPool:766] HikariPool-2 - Thread starvation or clock leap detected (housekeeper delta=12m17s401ms).
[2019-07-25 02:55:39,656][HikariPool-1 housekeeper][WARN][com.zaxxer.hikari.pool.HikariPool:766] HikariPool-1 - Thread starvation or clock leap detected (housekeeper delta=12m17s409ms).
[2019-07-25 03:00:41,257][HikariPool-1 housekeeper][WARN][com.zaxxer.hikari.pool.HikariPool:766] HikariPool-1 - Thread starvation or clock leap detected (housekeeper delta=5m1s601ms).
[2019-07-25 03:00:58,331][HikariPool-2 housekeeper][WARN][com.zaxxer.hikari.pool.HikariPool:766] HikariPool-2 - Thread starvation or clock leap detected (housekeeper delta=5m1s604ms).
[2019-07-25 03:08:12,195][HikariPool-1 housekeeper][WARN][com.zaxxer.hikari.pool.HikariPool:766] HikariPool-1 - Thread starvation or clock leap detected (housekeeper delta=7m30s938ms).
[2019-07-25 03:08:29,725][HikariPool-2 housekeeper][WARN][com.zaxxer.hikari.pool.HikariPool:766] HikariPool-2 - Thread starvation or clock leap detected (housekeeper delta=7m31s394ms).
[2019-07-25 03:13:05,777][HikariPool-2 housekeeper][WARN][com.zaxxer.hikari.pool.HikariPool:766] HikariPool-2 - Thread starvation or clock leap detected (housekeeper delta=4m36s51ms).
[2019-07-25 05:13:12,383][HikariPool-1 housekeeper][WARN][com.zaxxer.hikari.pool.HikariPool:766] HikariPool-1 - Thread starvation or clock leap detected (housekeeper delta=2h4m29s583ms).
[2019-07-25 05:13:26,685][HikariPool-2 housekeeper][WARN][com.zaxxer.hikari.pool.HikariPool:766] HikariPool-2 - Thread starvation or clock leap detected (housekeeper delta=2h20s906ms).
[2019-07-25 07:13:54,426][HikariPool-2 housekeeper][WARN][com.zaxxer.hikari.pool.HikariPool:766] HikariPool-2 - Thread starvation or clock leap detected (housekeeper delta=2h27s726ms).
[2019-07-25 07:14:12,018][HikariPool-1 housekeeper][WARN][com.zaxxer.hikari.pool.HikariPool:766] HikariPool-1 - Thread starvation or clock leap detected (housekeeper delta=2h28s459ms).
[2019-07-25 09:14:40,983][HikariPool-1 housekeeper][WARN][com.zaxxer.hikari.pool.HikariPool:766] HikariPool-1 - Thread starvation or clock leap detected (housekeeper delta=2h28s962ms).
[2019-07-25 09:14:54,161][HikariPool-2 housekeeper][WARN][com.zaxxer.hikari.pool.HikariPool:766] HikariPool-2 - Thread starvation or clock leap detected (housekeeper delta=2h28s958ms).
[2019-07-25 09:23:44,115][HikariPool-1 housekeeper][WARN][com.zaxxer.hikari.pool.HikariPool:766] HikariPool-1 - Thread starvation or clock leap detected (housekeeper delta=8m33s70ms).
[2019-07-25 09:23:57,151][HikariPool-2 housekeeper][WARN][com.zaxxer.hikari.pool.HikariPool:766] HikariPool-2 - Thread starvation or clock leap detected (housekeeper delta=8m32s979ms).
[2019-07-25 09:33:40,372][main][WARN][org.mybatis.spring.mapper.ClassPathMapperScanner:44] Skipping MapperFactoryBean with name 'allbrandMapper' and 'com.iresearch.svc.mapper.svc.AllbrandMapper' mapperInterface. Bean already defined with the same name!
[2019-07-25 09:33:40,372][main][WARN][org.mybatis.spring.mapper.ClassPathMapperScanner:44] Skipping MapperFactoryBean with name 'allshowMapper' and 'com.iresearch.svc.mapper.svc.AllshowMapper' mapperInterface. Bean already defined with the same name!
[2019-07-25 09:33:40,373][main][WARN][org.mybatis.spring.mapper.ClassPathMapperScanner:44] Skipping MapperFactoryBean with name 'brandcustomMapper' and 'com.iresearch.svc.mapper.svc.BrandcustomMapper' mapperInterface. Bean already defined with the same name!
[2019-07-25 09:33:40,373][main][WARN][org.mybatis.spring.mapper.ClassPathMapperScanner:44] Skipping MapperFactoryBean with name 'indexMapper' and 'com.iresearch.svc.mapper.svc.IndexMapper' mapperInterface. Bean already defined with the same name!
[2019-07-25 09:33:40,373][main][WARN][org.mybatis.spring.mapper.ClassPathMapperScanner:44] Skipping MapperFactoryBean with name 'loginMapper' and 'com.iresearch.svc.mapper.svc.LoginMapper' mapperInterface. Bean already defined with the same name!
[2019-07-25 09:33:40,373][main][WARN][org.mybatis.spring.mapper.ClassPathMapperScanner:44] Skipping MapperFactoryBean with name 'showcompMapper' and 'com.iresearch.svc.mapper.svc.ShowcompMapper' mapperInterface. Bean already defined with the same name!
[2019-07-25 09:33:40,373][main][WARN][org.mybatis.spring.mapper.ClassPathMapperScanner:44] Skipping MapperFactoryBean with name 'showcustomMapper' and 'com.iresearch.svc.mapper.svc.ShowcustomMapper' mapperInterface. Bean already defined with the same name!
[2019-07-25 09:33:40,373][main][WARN][org.mybatis.spring.mapper.ClassPathMapperScanner:44] Skipping MapperFactoryBean with name 'showlibMapper' and 'com.iresearch.svc.mapper.svc.ShowlibMapper' mapperInterface. Bean already defined with the same name!
[2019-07-25 09:33:40,374][main][WARN][org.mybatis.spring.mapper.ClassPathMapperScanner:44] Skipping MapperFactoryBean with name 'vfmiMapper' and 'com.iresearch.svc.mapper.vf.VfmiMapper' mapperInterface. Bean already defined with the same name!
[2019-07-25 09:33:40,374][main][WARN][org.mybatis.spring.mapper.ClassPathMapperScanner:44] No MyBatis mapper was found in '[com.iresearch.svc.mapper]' package. Please check your configuration.
[2019-07-25 09:42:14,258][main][WARN][org.mybatis.spring.mapper.ClassPathMapperScanner:44] Skipping MapperFactoryBean with name 'allbrandMapper' and 'com.iresearch.svc.mapper.svc.AllbrandMapper' mapperInterface. Bean already defined with the same name!
[2019-07-25 09:42:14,259][main][WARN][org.mybatis.spring.mapper.ClassPathMapperScanner:44] Skipping MapperFactoryBean with name 'allshowMapper' and 'com.iresearch.svc.mapper.svc.AllshowMapper' mapperInterface. Bean already defined with the same name!
[2019-07-25 09:42:14,259][main][WARN][org.mybatis.spring.mapper.ClassPathMapperScanner:44] Skipping MapperFactoryBean with name 'brandcustomMapper' and 'com.iresearch.svc.mapper.svc.BrandcustomMapper' mapperInterface. Bean already defined with the same name!
[2019-07-25 09:42:14,259][main][WARN][org.mybatis.spring.mapper.ClassPathMapperScanner:44] Skipping MapperFactoryBean with name 'indexMapper' and 'com.iresearch.svc.mapper.svc.IndexMapper' mapperInterface. Bean already defined with the same name!
[2019-07-25 09:42:14,259][main][WARN][org.mybatis.spring.mapper.ClassPathMapperScanner:44] Skipping MapperFactoryBean with name 'loginMapper' and 'com.iresearch.svc.mapper.svc.LoginMapper' mapperInterface. Bean already defined with the same name!
[2019-07-25 09:42:14,260][main][WARN][org.mybatis.spring.mapper.ClassPathMapperScanner:44] Skipping MapperFactoryBean with name 'showcompMapper' and 'com.iresearch.svc.mapper.svc.ShowcompMapper' mapperInterface. Bean already defined with the same name!
[2019-07-25 09:42:14,260][main][WARN][org.mybatis.spring.mapper.ClassPathMapperScanner:44] Skipping MapperFactoryBean with name 'showcustomMapper' and 'com.iresearch.svc.mapper.svc.ShowcustomMapper' mapperInterface. Bean already defined with the same name!
[2019-07-25 09:42:14,260][main][WARN][org.mybatis.spring.mapper.ClassPathMapperScanner:44] Skipping MapperFactoryBean with name 'showlibMapper' and 'com.iresearch.svc.mapper.svc.ShowlibMapper' mapperInterface. Bean already defined with the same name!
[2019-07-25 09:42:14,260][main][WARN][org.mybatis.spring.mapper.ClassPathMapperScanner:44] Skipping MapperFactoryBean with name 'vfmiMapper' and 'com.iresearch.svc.mapper.vf.VfmiMapper' mapperInterface. Bean already defined with the same name!
[2019-07-25 09:42:14,261][main][WARN][org.mybatis.spring.mapper.ClassPathMapperScanner:44] No MyBatis mapper was found in '[com.iresearch.svc.mapper]' package. Please check your configuration.
[2019-07-25 09:44:45,618][main][WARN][org.mybatis.spring.mapper.ClassPathMapperScanner:44] Skipping MapperFactoryBean with name 'allbrandMapper' and 'com.iresearch.svc.mapper.svc.AllbrandMapper' mapperInterface. Bean already defined with the same name!
[2019-07-25 09:44:45,618][main][WARN][org.mybatis.spring.mapper.ClassPathMapperScanner:44] Skipping MapperFactoryBean with name 'allshowMapper' and 'com.iresearch.svc.mapper.svc.AllshowMapper' mapperInterface. Bean already defined with the same name!
[2019-07-25 09:44:45,618][main][WARN][org.mybatis.spring.mapper.ClassPathMapperScanner:44] Skipping MapperFactoryBean with name 'brandcustomMapper' and 'com.iresearch.svc.mapper.svc.BrandcustomMapper' mapperInterface. Bean already defined with the same name!
[2019-07-25 09:44:45,619][main][WARN][org.mybatis.spring.mapper.ClassPathMapperScanner:44] Skipping MapperFactoryBean with name 'indexMapper' and 'com.iresearch.svc.mapper.svc.IndexMapper' mapperInterface. Bean already defined with the same name!
[2019-07-25 09:44:45,619][main][WARN][org.mybatis.spring.mapper.ClassPathMapperScanner:44] Skipping MapperFactoryBean with name 'loginMapper' and 'com.iresearch.svc.mapper.svc.LoginMapper' mapperInterface. Bean already defined with the same name!
[2019-07-25 09:44:45,619][main][WARN][org.mybatis.spring.mapper.ClassPathMapperScanner:44] Skipping MapperFactoryBean with name 'showcompMapper' and 'com.iresearch.svc.mapper.svc.ShowcompMapper' mapperInterface. Bean already defined with the same name!
[2019-07-25 09:44:45,619][main][WARN][org.mybatis.spring.mapper.ClassPathMapperScanner:44] Skipping MapperFactoryBean with name 'showcustomMapper' and 'com.iresearch.svc.mapper.svc.ShowcustomMapper' mapperInterface. Bean already defined with the same name!
[2019-07-25 09:44:45,619][main][WARN][org.mybatis.spring.mapper.ClassPathMapperScanner:44] Skipping MapperFactoryBean with name 'showlibMapper' and 'com.iresearch.svc.mapper.svc.ShowlibMapper' mapperInterface. Bean already defined with the same name!
[2019-07-25 09:44:45,620][main][WARN][org.mybatis.spring.mapper.ClassPathMapperScanner:44] Skipping MapperFactoryBean with name 'vfmiMapper' and 'com.iresearch.svc.mapper.vf.VfmiMapper' mapperInterface. Bean already defined with the same name!
[2019-07-25 09:44:45,620][main][WARN][org.mybatis.spring.mapper.ClassPathMapperScanner:44] No MyBatis mapper was found in '[com.iresearch.svc.mapper]' package. Please check your configuration.
[2019-07-25 09:50:03,138][main][WARN][org.mybatis.spring.mapper.ClassPathMapperScanner:44] Skipping MapperFactoryBean with name 'allbrandMapper' and 'com.iresearch.svc.mapper.svc.AllbrandMapper' mapperInterface. Bean already defined with the same name!
[2019-07-25 09:50:03,138][main][WARN][org.mybatis.spring.mapper.ClassPathMapperScanner:44] Skipping MapperFactoryBean with name 'allshowMapper' and 'com.iresearch.svc.mapper.svc.AllshowMapper' mapperInterface. Bean already defined with the same name!
[2019-07-25 09:50:03,138][main][WARN][org.mybatis.spring.mapper.ClassPathMapperScanner:44] Skipping MapperFactoryBean with name 'brandcustomMapper' and 'com.iresearch.svc.mapper.svc.BrandcustomMapper' mapperInterface. Bean already defined with the same name!
[2019-07-25 09:50:03,138][main][WARN][org.mybatis.spring.mapper.ClassPathMapperScanner:44] Skipping MapperFactoryBean with name 'indexMapper' and 'com.iresearch.svc.mapper.svc.IndexMapper' mapperInterface. Bean already defined with the same name!
[2019-07-25 09:50:03,139][main][WARN][org.mybatis.spring.mapper.ClassPathMapperScanner:44] Skipping MapperFactoryBean with name 'loginMapper' and 'com.iresearch.svc.mapper.svc.LoginMapper' mapperInterface. Bean already defined with the same name!
[2019-07-25 09:50:03,139][main][WARN][org.mybatis.spring.mapper.ClassPathMapperScanner:44] Skipping MapperFactoryBean with name 'showcompMapper' and 'com.iresearch.svc.mapper.svc.ShowcompMapper' mapperInterface. Bean already defined with the same name!
[2019-07-25 09:50:03,139][main][WARN][org.mybatis.spring.mapper.ClassPathMapperScanner:44] Skipping MapperFactoryBean with name 'showcustomMapper' and 'com.iresearch.svc.mapper.svc.ShowcustomMapper' mapperInterface. Bean already defined with the same name!
[2019-07-25 09:50:03,139][main][WARN][org.mybatis.spring.mapper.ClassPathMapperScanner:44] Skipping MapperFactoryBean with name 'showlibMapper' and 'com.iresearch.svc.mapper.svc.ShowlibMapper' mapperInterface. Bean already defined with the same name!
[2019-07-25 09:50:03,139][main][WARN][org.mybatis.spring.mapper.ClassPathMapperScanner:44] Skipping MapperFactoryBean with name 'vfmiMapper' and 'com.iresearch.svc.mapper.vf.VfmiMapper' mapperInterface. Bean already defined with the same name!
[2019-07-25 09:50:03,140][main][WARN][org.mybatis.spring.mapper.ClassPathMapperScanner:44] No MyBatis mapper was found in '[com.iresearch.svc.mapper]' package. Please check your configuration.
[2019-07-25 10:13:34,849][main][WARN][org.mybatis.spring.mapper.ClassPathMapperScanner:44] Skipping MapperFactoryBean with name 'allbrandMapper' and 'com.iresearch.svc.mapper.svc.AllbrandMapper' mapperInterface. Bean already defined with the same name!
[2019-07-25 10:13:34,849][main][WARN][org.mybatis.spring.mapper.ClassPathMapperScanner:44] Skipping MapperFactoryBean with name 'allshowMapper' and 'com.iresearch.svc.mapper.svc.AllshowMapper' mapperInterface. Bean already defined with the same name!
[2019-07-25 10:13:34,850][main][WARN][org.mybatis.spring.mapper.ClassPathMapperScanner:44] Skipping MapperFactoryBean with name 'brandcustomMapper' and 'com.iresearch.svc.mapper.svc.BrandcustomMapper' mapperInterface. Bean already defined with the same name!
[2019-07-25 10:13:34,850][main][WARN][org.mybatis.spring.mapper.ClassPathMapperScanner:44] Skipping MapperFactoryBean with name 'indexMapper' and 'com.iresearch.svc.mapper.svc.IndexMapper' mapperInterface. Bean already defined with the same name!
[2019-07-25 10:13:34,850][main][WARN][org.mybatis.spring.mapper.ClassPathMapperScanner:44] Skipping MapperFactoryBean with name 'loginMapper' and 'com.iresearch.svc.mapper.svc.LoginMapper' mapperInterface. Bean already defined with the same name!
[2019-07-25 10:13:34,850][main][WARN][org.mybatis.spring.mapper.ClassPathMapperScanner:44] Skipping MapperFactoryBean with name 'showcompMapper' and 'com.iresearch.svc.mapper.svc.ShowcompMapper' mapperInterface. Bean already defined with the same name!
[2019-07-25 10:13:34,850][main][WARN][org.mybatis.spring.mapper.ClassPathMapperScanner:44] Skipping MapperFactoryBean with name 'showcustomMapper' and 'com.iresearch.svc.mapper.svc.ShowcustomMapper' mapperInterface. Bean already defined with the same name!
[2019-07-25 10:13:34,851][main][WARN][org.mybatis.spring.mapper.ClassPathMapperScanner:44] Skipping MapperFactoryBean with name 'showlibMapper' and 'com.iresearch.svc.mapper.svc.ShowlibMapper' mapperInterface. Bean already defined with the same name!
[2019-07-25 10:13:34,851][main][WARN][org.mybatis.spring.mapper.ClassPathMapperScanner:44] Skipping MapperFactoryBean with name 'vfmiMapper' and 'com.iresearch.svc.mapper.vf.VfmiMapper' mapperInterface. Bean already defined with the same name!
[2019-07-25 10:13:34,852][main][WARN][org.mybatis.spring.mapper.ClassPathMapperScanner:44] No MyBatis mapper was found in '[com.iresearch.svc.mapper]' package. Please check your configuration.
[2019-07-25 11:07:05,224][main][WARN][org.mybatis.spring.mapper.ClassPathMapperScanner:44] Skipping MapperFactoryBean with name 'allbrandMapper' and 'com.iresearch.svc.mapper.svc.AllbrandMapper' mapperInterface. Bean already defined with the same name!
[2019-07-25 11:07:05,225][main][WARN][org.mybatis.spring.mapper.ClassPathMapperScanner:44] Skipping MapperFactoryBean with name 'allshowMapper' and 'com.iresearch.svc.mapper.svc.AllshowMapper' mapperInterface. Bean already defined with the same name!
[2019-07-25 11:07:05,225][main][WARN][org.mybatis.spring.mapper.ClassPathMapperScanner:44] Skipping MapperFactoryBean with name 'brandcustomMapper' and 'com.iresearch.svc.mapper.svc.BrandcustomMapper' mapperInterface. Bean already defined with the same name!
[2019-07-25 11:07:05,225][main][WARN][org.mybatis.spring.mapper.ClassPathMapperScanner:44] Skipping MapperFactoryBean with name 'indexMapper' and 'com.iresearch.svc.mapper.svc.IndexMapper' mapperInterface. Bean already defined with the same name!
[2019-07-25 11:07:05,225][main][WARN][org.mybatis.spring.mapper.ClassPathMapperScanner:44] Skipping MapperFactoryBean with name 'loginMapper' and 'com.iresearch.svc.mapper.svc.LoginMapper' mapperInterface. Bean already defined with the same name!
[2019-07-25 11:07:05,226][main][WARN][org.mybatis.spring.mapper.ClassPathMapperScanner:44] Skipping MapperFactoryBean with name 'showcompMapper' and 'com.iresearch.svc.mapper.svc.ShowcompMapper' mapperInterface. Bean already defined with the same name!
[2019-07-25 11:07:05,226][main][WARN][org.mybatis.spring.mapper.ClassPathMapperScanner:44] Skipping MapperFactoryBean with name 'showcustomMapper' and 'com.iresearch.svc.mapper.svc.ShowcustomMapper' mapperInterface. Bean already defined with the same name!
[2019-07-25 11:07:05,226][main][WARN][org.mybatis.spring.mapper.ClassPathMapperScanner:44] Skipping MapperFactoryBean with name 'showlibMapper' and 'com.iresearch.svc.mapper.svc.ShowlibMapper' mapperInterface. Bean already defined with the same name!
[2019-07-25 11:07:05,226][main][WARN][org.mybatis.spring.mapper.ClassPathMapperScanner:44] Skipping MapperFactoryBean with name 'vfmiMapper' and 'com.iresearch.svc.mapper.vf.VfmiMapper' mapperInterface. Bean already defined with the same name!
[2019-07-25 11:07:05,227][main][WARN][org.mybatis.spring.mapper.ClassPathMapperScanner:44] No MyBatis mapper was found in '[com.iresearch.svc.mapper]' package. Please check your configuration.
[2019-07-25 11:07:27,630][http-nio-9095-exec-4][ERROR][org.apache.catalina.core.ContainerBase.[Tomcat].[localhost].[/].[dispatcherServlet]:175] Servlet.service() for servlet [dispatcherServlet] in context with path [] threw exception [Request processing failed; nested exception is java.lang.NullPointerException] with root cause
java.lang.NullPointerException: null
	at com.iresearch.svc.controller.VFMIController.getTopItem(VFMIController.java:37) ~[classes/:?]
	at sun.reflect.NativeMethodAccessorImpl.invoke0(Native Method) ~[?:1.8.0_181]
	at sun.reflect.NativeMethodAccessorImpl.invoke(NativeMethodAccessorImpl.java:62) ~[?:1.8.0_181]
	at sun.reflect.DelegatingMethodAccessorImpl.invoke(DelegatingMethodAccessorImpl.java:43) ~[?:1.8.0_181]
	at java.lang.reflect.Method.invoke(Method.java:498) ~[?:1.8.0_181]
	at org.springframework.web.method.support.InvocableHandlerMethod.doInvoke(InvocableHandlerMethod.java:189) ~[spring-web-5.1.4.RELEASE.jar:5.1.4.RELEASE]
	at org.springframework.web.method.support.InvocableHandlerMethod.invokeForRequest(InvocableHandlerMethod.java:138) ~[spring-web-5.1.4.RELEASE.jar:5.1.4.RELEASE]
	at org.springframework.web.servlet.mvc.method.annotation.ServletInvocableHandlerMethod.invokeAndHandle(ServletInvocableHandlerMethod.java:102) ~[spring-webmvc-5.1.4.RELEASE.jar:5.1.4.RELEASE]
	at org.springframework.web.servlet.mvc.method.annotation.RequestMappingHandlerAdapter.invokeHandlerMethod(RequestMappingHandlerAdapter.java:895) ~[spring-webmvc-5.1.4.RELEASE.jar:5.1.4.RELEASE]
	at org.springframework.web.servlet.mvc.method.annotation.RequestMappingHandlerAdapter.handleInternal(RequestMappingHandlerAdapter.java:800) ~[spring-webmvc-5.1.4.RELEASE.jar:5.1.4.RELEASE]
	at org.springframework.web.servlet.mvc.method.AbstractHandlerMethodAdapter.handle(AbstractHandlerMethodAdapter.java:87) ~[spring-webmvc-5.1.4.RELEASE.jar:5.1.4.RELEASE]
	at org.springframework.web.servlet.DispatcherServlet.doDispatch(DispatcherServlet.java:1038) ~[spring-webmvc-5.1.4.RELEASE.jar:5.1.4.RELEASE]
	at org.springframework.web.servlet.DispatcherServlet.doService(DispatcherServlet.java:942) ~[spring-webmvc-5.1.4.RELEASE.jar:5.1.4.RELEASE]
	at org.springframework.web.servlet.FrameworkServlet.processRequest(FrameworkServlet.java:1005) ~[spring-webmvc-5.1.4.RELEASE.jar:5.1.4.RELEASE]
	at org.springframework.web.servlet.FrameworkServlet.doGet(FrameworkServlet.java:897) ~[spring-webmvc-5.1.4.RELEASE.jar:5.1.4.RELEASE]
	at javax.servlet.http.HttpServlet.service(HttpServlet.java:634) ~[tomcat-embed-core-9.0.14.jar:9.0.14]
	at org.springframework.web.servlet.FrameworkServlet.service(FrameworkServlet.java:882) ~[spring-webmvc-5.1.4.RELEASE.jar:5.1.4.RELEASE]
	at javax.servlet.http.HttpServlet.service(HttpServlet.java:741) ~[tomcat-embed-core-9.0.14.jar:9.0.14]
	at org.apache.catalina.core.ApplicationFilterChain.internalDoFilter(ApplicationFilterChain.java:231) ~[tomcat-embed-core-9.0.14.jar:9.0.14]
	at org.apache.catalina.core.ApplicationFilterChain.doFilter(ApplicationFilterChain.java:166) ~[tomcat-embed-core-9.0.14.jar:9.0.14]
	at org.apache.tomcat.websocket.server.WsFilter.doFilter(WsFilter.java:53) ~[tomcat-embed-websocket-9.0.14.jar:9.0.14]
	at org.apache.catalina.core.ApplicationFilterChain.internalDoFilter(ApplicationFilterChain.java:193) ~[tomcat-embed-core-9.0.14.jar:9.0.14]
	at org.apache.catalina.core.ApplicationFilterChain.doFilter(ApplicationFilterChain.java:166) ~[tomcat-embed-core-9.0.14.jar:9.0.14]
	at org.springframework.web.filter.RequestContextFilter.doFilterInternal(RequestContextFilter.java:99) ~[spring-web-5.1.4.RELEASE.jar:5.1.4.RELEASE]
	at org.springframework.web.filter.OncePerRequestFilter.doFilter(OncePerRequestFilter.java:107) ~[spring-web-5.1.4.RELEASE.jar:5.1.4.RELEASE]
	at org.apache.catalina.core.ApplicationFilterChain.internalDoFilter(ApplicationFilterChain.java:193) ~[tomcat-embed-core-9.0.14.jar:9.0.14]
	at org.apache.catalina.core.ApplicationFilterChain.doFilter(ApplicationFilterChain.java:166) ~[tomcat-embed-core-9.0.14.jar:9.0.14]
	at org.springframework.web.filter.FormContentFilter.doFilterInternal(FormContentFilter.java:92) ~[spring-web-5.1.4.RELEASE.jar:5.1.4.RELEASE]
	at org.springframework.web.filter.OncePerRequestFilter.doFilter(OncePerRequestFilter.java:107) ~[spring-web-5.1.4.RELEASE.jar:5.1.4.RELEASE]
	at org.apache.catalina.core.ApplicationFilterChain.internalDoFilter(ApplicationFilterChain.java:193) ~[tomcat-embed-core-9.0.14.jar:9.0.14]
	at org.apache.catalina.core.ApplicationFilterChain.doFilter(ApplicationFilterChain.java:166) ~[tomcat-embed-core-9.0.14.jar:9.0.14]
	at org.springframework.web.filter.HiddenHttpMethodFilter.doFilterInternal(HiddenHttpMethodFilter.java:93) ~[spring-web-5.1.4.RELEASE.jar:5.1.4.RELEASE]
	at org.springframework.web.filter.OncePerRequestFilter.doFilter(OncePerRequestFilter.java:107) ~[spring-web-5.1.4.RELEASE.jar:5.1.4.RELEASE]
	at org.apache.catalina.core.ApplicationFilterChain.internalDoFilter(ApplicationFilterChain.java:193) ~[tomcat-embed-core-9.0.14.jar:9.0.14]
	at org.apache.catalina.core.ApplicationFilterChain.doFilter(ApplicationFilterChain.java:166) ~[tomcat-embed-core-9.0.14.jar:9.0.14]
	at org.springframework.web.filter.CharacterEncodingFilter.doFilterInternal(CharacterEncodingFilter.java:200) ~[spring-web-5.1.4.RELEASE.jar:5.1.4.RELEASE]
	at org.springframework.web.filter.OncePerRequestFilter.doFilter(OncePerRequestFilter.java:107) ~[spring-web-5.1.4.RELEASE.jar:5.1.4.RELEASE]
	at org.apache.catalina.core.ApplicationFilterChain.internalDoFilter(ApplicationFilterChain.java:193) ~[tomcat-embed-core-9.0.14.jar:9.0.14]
	at org.apache.catalina.core.ApplicationFilterChain.doFilter(ApplicationFilterChain.java:166) ~[tomcat-embed-core-9.0.14.jar:9.0.14]
	at org.apache.catalina.core.StandardWrapperValve.invoke(StandardWrapperValve.java:199) [tomcat-embed-core-9.0.14.jar:9.0.14]
	at org.apache.catalina.core.StandardContextValve.invoke(StandardContextValve.java:96) [tomcat-embed-core-9.0.14.jar:9.0.14]
	at org.apache.catalina.authenticator.AuthenticatorBase.invoke(AuthenticatorBase.java:490) [tomcat-embed-core-9.0.14.jar:9.0.14]
	at org.apache.catalina.core.StandardHostValve.invoke(StandardHostValve.java:139) [tomcat-embed-core-9.0.14.jar:9.0.14]
	at org.apache.catalina.valves.ErrorReportValve.invoke(ErrorReportValve.java:92) [tomcat-embed-core-9.0.14.jar:9.0.14]
	at org.apache.catalina.core.StandardEngineValve.invoke(StandardEngineValve.java:74) [tomcat-embed-core-9.0.14.jar:9.0.14]
	at org.apache.catalina.connector.CoyoteAdapter.service(CoyoteAdapter.java:343) [tomcat-embed-core-9.0.14.jar:9.0.14]
	at org.apache.coyote.http11.Http11Processor.service(Http11Processor.java:408) [tomcat-embed-core-9.0.14.jar:9.0.14]
	at org.apache.coyote.AbstractProcessorLight.process(AbstractProcessorLight.java:66) [tomcat-embed-core-9.0.14.jar:9.0.14]
	at org.apache.coyote.AbstractProtocol$ConnectionHandler.process(AbstractProtocol.java:834) [tomcat-embed-core-9.0.14.jar:9.0.14]
	at org.apache.tomcat.util.net.NioEndpoint$SocketProcessor.doRun(NioEndpoint.java:1417) [tomcat-embed-core-9.0.14.jar:9.0.14]
	at org.apache.tomcat.util.net.SocketProcessorBase.run(SocketProcessorBase.java:49) [tomcat-embed-core-9.0.14.jar:9.0.14]
	at java.util.concurrent.ThreadPoolExecutor.runWorker(ThreadPoolExecutor.java:1149) [?:1.8.0_181]
	at java.util.concurrent.ThreadPoolExecutor$Worker.run(ThreadPoolExecutor.java:624) [?:1.8.0_181]
	at org.apache.tomcat.util.threads.TaskThread$WrappingRunnable.run(TaskThread.java:61) [tomcat-embed-core-9.0.14.jar:9.0.14]
	at java.lang.Thread.run(Thread.java:748) [?:1.8.0_181]
[2019-07-25 11:10:33,733][main][WARN][org.mybatis.spring.mapper.ClassPathMapperScanner:44] Skipping MapperFactoryBean with name 'allbrandMapper' and 'com.iresearch.svc.mapper.svc.AllbrandMapper' mapperInterface. Bean already defined with the same name!
[2019-07-25 11:10:33,734][main][WARN][org.mybatis.spring.mapper.ClassPathMapperScanner:44] Skipping MapperFactoryBean with name 'allshowMapper' and 'com.iresearch.svc.mapper.svc.AllshowMapper' mapperInterface. Bean already defined with the same name!
[2019-07-25 11:10:33,734][main][WARN][org.mybatis.spring.mapper.ClassPathMapperScanner:44] Skipping MapperFactoryBean with name 'brandcustomMapper' and 'com.iresearch.svc.mapper.svc.BrandcustomMapper' mapperInterface. Bean already defined with the same name!
[2019-07-25 11:10:33,734][main][WARN][org.mybatis.spring.mapper.ClassPathMapperScanner:44] Skipping MapperFactoryBean with name 'indexMapper' and 'com.iresearch.svc.mapper.svc.IndexMapper' mapperInterface. Bean already defined with the same name!
[2019-07-25 11:10:33,734][main][WARN][org.mybatis.spring.mapper.ClassPathMapperScanner:44] Skipping MapperFactoryBean with name 'loginMapper' and 'com.iresearch.svc.mapper.svc.LoginMapper' mapperInterface. Bean already defined with the same name!
[2019-07-25 11:10:33,734][main][WARN][org.mybatis.spring.mapper.ClassPathMapperScanner:44] Skipping MapperFactoryBean with name 'showcompMapper' and 'com.iresearch.svc.mapper.svc.ShowcompMapper' mapperInterface. Bean already defined with the same name!
[2019-07-25 11:10:33,735][main][WARN][org.mybatis.spring.mapper.ClassPathMapperScanner:44] Skipping MapperFactoryBean with name 'showcustomMapper' and 'com.iresearch.svc.mapper.svc.ShowcustomMapper' mapperInterface. Bean already defined with the same name!
[2019-07-25 11:10:33,735][main][WARN][org.mybatis.spring.mapper.ClassPathMapperScanner:44] Skipping MapperFactoryBean with name 'showlibMapper' and 'com.iresearch.svc.mapper.svc.ShowlibMapper' mapperInterface. Bean already defined with the same name!
[2019-07-25 11:10:33,735][main][WARN][org.mybatis.spring.mapper.ClassPathMapperScanner:44] Skipping MapperFactoryBean with name 'vfmiMapper' and 'com.iresearch.svc.mapper.vf.VfmiMapper' mapperInterface. Bean already defined with the same name!
[2019-07-25 11:10:33,735][main][WARN][org.mybatis.spring.mapper.ClassPathMapperScanner:44] No MyBatis mapper was found in '[com.iresearch.svc.mapper]' package. Please check your configuration.
[2019-07-25 11:10:40,940][http-nio-9095-exec-3][ERROR][org.apache.catalina.core.ContainerBase.[Tomcat].[localhost].[/].[dispatcherServlet]:175] Servlet.service() for servlet [dispatcherServlet] in context with path [] threw exception [Request processing failed; nested exception is java.lang.NullPointerException] with root cause
java.lang.NullPointerException: null
	at com.iresearch.svc.controller.VFMIController.getTopItem(VFMIController.java:38) ~[classes/:?]
	at sun.reflect.NativeMethodAccessorImpl.invoke0(Native Method) ~[?:1.8.0_181]
	at sun.reflect.NativeMethodAccessorImpl.invoke(NativeMethodAccessorImpl.java:62) ~[?:1.8.0_181]
	at sun.reflect.DelegatingMethodAccessorImpl.invoke(DelegatingMethodAccessorImpl.java:43) ~[?:1.8.0_181]
	at java.lang.reflect.Method.invoke(Method.java:498) ~[?:1.8.0_181]
	at org.springframework.web.method.support.InvocableHandlerMethod.doInvoke(InvocableHandlerMethod.java:189) ~[spring-web-5.1.4.RELEASE.jar:5.1.4.RELEASE]
	at org.springframework.web.method.support.InvocableHandlerMethod.invokeForRequest(InvocableHandlerMethod.java:138) ~[spring-web-5.1.4.RELEASE.jar:5.1.4.RELEASE]
	at org.springframework.web.servlet.mvc.method.annotation.ServletInvocableHandlerMethod.invokeAndHandle(ServletInvocableHandlerMethod.java:102) ~[spring-webmvc-5.1.4.RELEASE.jar:5.1.4.RELEASE]
	at org.springframework.web.servlet.mvc.method.annotation.RequestMappingHandlerAdapter.invokeHandlerMethod(RequestMappingHandlerAdapter.java:895) ~[spring-webmvc-5.1.4.RELEASE.jar:5.1.4.RELEASE]
	at org.springframework.web.servlet.mvc.method.annotation.RequestMappingHandlerAdapter.handleInternal(RequestMappingHandlerAdapter.java:800) ~[spring-webmvc-5.1.4.RELEASE.jar:5.1.4.RELEASE]
	at org.springframework.web.servlet.mvc.method.AbstractHandlerMethodAdapter.handle(AbstractHandlerMethodAdapter.java:87) ~[spring-webmvc-5.1.4.RELEASE.jar:5.1.4.RELEASE]
	at org.springframework.web.servlet.DispatcherServlet.doDispatch(DispatcherServlet.java:1038) ~[spring-webmvc-5.1.4.RELEASE.jar:5.1.4.RELEASE]
	at org.springframework.web.servlet.DispatcherServlet.doService(DispatcherServlet.java:942) ~[spring-webmvc-5.1.4.RELEASE.jar:5.1.4.RELEASE]
	at org.springframework.web.servlet.FrameworkServlet.processRequest(FrameworkServlet.java:1005) ~[spring-webmvc-5.1.4.RELEASE.jar:5.1.4.RELEASE]
	at org.springframework.web.servlet.FrameworkServlet.doGet(FrameworkServlet.java:897) ~[spring-webmvc-5.1.4.RELEASE.jar:5.1.4.RELEASE]
	at javax.servlet.http.HttpServlet.service(HttpServlet.java:634) ~[tomcat-embed-core-9.0.14.jar:9.0.14]
	at org.springframework.web.servlet.FrameworkServlet.service(FrameworkServlet.java:882) ~[spring-webmvc-5.1.4.RELEASE.jar:5.1.4.RELEASE]
	at javax.servlet.http.HttpServlet.service(HttpServlet.java:741) ~[tomcat-embed-core-9.0.14.jar:9.0.14]
	at org.apache.catalina.core.ApplicationFilterChain.internalDoFilter(ApplicationFilterChain.java:231) ~[tomcat-embed-core-9.0.14.jar:9.0.14]
	at org.apache.catalina.core.ApplicationFilterChain.doFilter(ApplicationFilterChain.java:166) ~[tomcat-embed-core-9.0.14.jar:9.0.14]
	at org.apache.tomcat.websocket.server.WsFilter.doFilter(WsFilter.java:53) ~[tomcat-embed-websocket-9.0.14.jar:9.0.14]
	at org.apache.catalina.core.ApplicationFilterChain.internalDoFilter(ApplicationFilterChain.java:193) ~[tomcat-embed-core-9.0.14.jar:9.0.14]
	at org.apache.catalina.core.ApplicationFilterChain.doFilter(ApplicationFilterChain.java:166) ~[tomcat-embed-core-9.0.14.jar:9.0.14]
	at org.springframework.web.filter.RequestContextFilter.doFilterInternal(RequestContextFilter.java:99) ~[spring-web-5.1.4.RELEASE.jar:5.1.4.RELEASE]
	at org.springframework.web.filter.OncePerRequestFilter.doFilter(OncePerRequestFilter.java:107) ~[spring-web-5.1.4.RELEASE.jar:5.1.4.RELEASE]
	at org.apache.catalina.core.ApplicationFilterChain.internalDoFilter(ApplicationFilterChain.java:193) ~[tomcat-embed-core-9.0.14.jar:9.0.14]
	at org.apache.catalina.core.ApplicationFilterChain.doFilter(ApplicationFilterChain.java:166) ~[tomcat-embed-core-9.0.14.jar:9.0.14]
	at org.springframework.web.filter.FormContentFilter.doFilterInternal(FormContentFilter.java:92) ~[spring-web-5.1.4.RELEASE.jar:5.1.4.RELEASE]
	at org.springframework.web.filter.OncePerRequestFilter.doFilter(OncePerRequestFilter.java:107) ~[spring-web-5.1.4.RELEASE.jar:5.1.4.RELEASE]
	at org.apache.catalina.core.ApplicationFilterChain.internalDoFilter(ApplicationFilterChain.java:193) ~[tomcat-embed-core-9.0.14.jar:9.0.14]
	at org.apache.catalina.core.ApplicationFilterChain.doFilter(ApplicationFilterChain.java:166) ~[tomcat-embed-core-9.0.14.jar:9.0.14]
	at org.springframework.web.filter.HiddenHttpMethodFilter.doFilterInternal(HiddenHttpMethodFilter.java:93) ~[spring-web-5.1.4.RELEASE.jar:5.1.4.RELEASE]
	at org.springframework.web.filter.OncePerRequestFilter.doFilter(OncePerRequestFilter.java:107) ~[spring-web-5.1.4.RELEASE.jar:5.1.4.RELEASE]
	at org.apache.catalina.core.ApplicationFilterChain.internalDoFilter(ApplicationFilterChain.java:193) ~[tomcat-embed-core-9.0.14.jar:9.0.14]
	at org.apache.catalina.core.ApplicationFilterChain.doFilter(ApplicationFilterChain.java:166) ~[tomcat-embed-core-9.0.14.jar:9.0.14]
	at org.springframework.web.filter.CharacterEncodingFilter.doFilterInternal(CharacterEncodingFilter.java:200) ~[spring-web-5.1.4.RELEASE.jar:5.1.4.RELEASE]
	at org.springframework.web.filter.OncePerRequestFilter.doFilter(OncePerRequestFilter.java:107) ~[spring-web-5.1.4.RELEASE.jar:5.1.4.RELEASE]
	at org.apache.catalina.core.ApplicationFilterChain.internalDoFilter(ApplicationFilterChain.java:193) ~[tomcat-embed-core-9.0.14.jar:9.0.14]
	at org.apache.catalina.core.ApplicationFilterChain.doFilter(ApplicationFilterChain.java:166) ~[tomcat-embed-core-9.0.14.jar:9.0.14]
	at org.apache.catalina.core.StandardWrapperValve.invoke(StandardWrapperValve.java:199) [tomcat-embed-core-9.0.14.jar:9.0.14]
	at org.apache.catalina.core.StandardContextValve.invoke(StandardContextValve.java:96) [tomcat-embed-core-9.0.14.jar:9.0.14]
	at org.apache.catalina.authenticator.AuthenticatorBase.invoke(AuthenticatorBase.java:490) [tomcat-embed-core-9.0.14.jar:9.0.14]
	at org.apache.catalina.core.StandardHostValve.invoke(StandardHostValve.java:139) [tomcat-embed-core-9.0.14.jar:9.0.14]
	at org.apache.catalina.valves.ErrorReportValve.invoke(ErrorReportValve.java:92) [tomcat-embed-core-9.0.14.jar:9.0.14]
	at org.apache.catalina.core.StandardEngineValve.invoke(StandardEngineValve.java:74) [tomcat-embed-core-9.0.14.jar:9.0.14]
	at org.apache.catalina.connector.CoyoteAdapter.service(CoyoteAdapter.java:343) [tomcat-embed-core-9.0.14.jar:9.0.14]
	at org.apache.coyote.http11.Http11Processor.service(Http11Processor.java:408) [tomcat-embed-core-9.0.14.jar:9.0.14]
	at org.apache.coyote.AbstractProcessorLight.process(AbstractProcessorLight.java:66) [tomcat-embed-core-9.0.14.jar:9.0.14]
	at org.apache.coyote.AbstractProtocol$ConnectionHandler.process(AbstractProtocol.java:834) [tomcat-embed-core-9.0.14.jar:9.0.14]
	at org.apache.tomcat.util.net.NioEndpoint$SocketProcessor.doRun(NioEndpoint.java:1417) [tomcat-embed-core-9.0.14.jar:9.0.14]
	at org.apache.tomcat.util.net.SocketProcessorBase.run(SocketProcessorBase.java:49) [tomcat-embed-core-9.0.14.jar:9.0.14]
	at java.util.concurrent.ThreadPoolExecutor.runWorker(ThreadPoolExecutor.java:1149) [?:1.8.0_181]
	at java.util.concurrent.ThreadPoolExecutor$Worker.run(ThreadPoolExecutor.java:624) [?:1.8.0_181]
	at org.apache.tomcat.util.threads.TaskThread$WrappingRunnable.run(TaskThread.java:61) [tomcat-embed-core-9.0.14.jar:9.0.14]
	at java.lang.Thread.run(Thread.java:748) [?:1.8.0_181]
[2019-07-25 11:11:48,178][main][WARN][org.mybatis.spring.mapper.ClassPathMapperScanner:44] Skipping MapperFactoryBean with name 'allbrandMapper' and 'com.iresearch.svc.mapper.svc.AllbrandMapper' mapperInterface. Bean already defined with the same name!
[2019-07-25 11:11:48,178][main][WARN][org.mybatis.spring.mapper.ClassPathMapperScanner:44] Skipping MapperFactoryBean with name 'allshowMapper' and 'com.iresearch.svc.mapper.svc.AllshowMapper' mapperInterface. Bean already defined with the same name!
[2019-07-25 11:11:48,179][main][WARN][org.mybatis.spring.mapper.ClassPathMapperScanner:44] Skipping MapperFactoryBean with name 'brandcustomMapper' and 'com.iresearch.svc.mapper.svc.BrandcustomMapper' mapperInterface. Bean already defined with the same name!
[2019-07-25 11:11:48,179][main][WARN][org.mybatis.spring.mapper.ClassPathMapperScanner:44] Skipping MapperFactoryBean with name 'indexMapper' and 'com.iresearch.svc.mapper.svc.IndexMapper' mapperInterface. Bean already defined with the same name!
[2019-07-25 11:11:48,179][main][WARN][org.mybatis.spring.mapper.ClassPathMapperScanner:44] Skipping MapperFactoryBean with name 'loginMapper' and 'com.iresearch.svc.mapper.svc.LoginMapper' mapperInterface. Bean already defined with the same name!
[2019-07-25 11:11:48,179][main][WARN][org.mybatis.spring.mapper.ClassPathMapperScanner:44] Skipping MapperFactoryBean with name 'showcompMapper' and 'com.iresearch.svc.mapper.svc.ShowcompMapper' mapperInterface. Bean already defined with the same name!
[2019-07-25 11:11:48,180][main][WARN][org.mybatis.spring.mapper.ClassPathMapperScanner:44] Skipping MapperFactoryBean with name 'showcustomMapper' and 'com.iresearch.svc.mapper.svc.ShowcustomMapper' mapperInterface. Bean already defined with the same name!
[2019-07-25 11:11:48,180][main][WARN][org.mybatis.spring.mapper.ClassPathMapperScanner:44] Skipping MapperFactoryBean with name 'showlibMapper' and 'com.iresearch.svc.mapper.svc.ShowlibMapper' mapperInterface. Bean already defined with the same name!
[2019-07-25 11:11:48,180][main][WARN][org.mybatis.spring.mapper.ClassPathMapperScanner:44] Skipping MapperFactoryBean with name 'vfmiMapper' and 'com.iresearch.svc.mapper.vf.VfmiMapper' mapperInterface. Bean already defined with the same name!
[2019-07-25 11:11:48,181][main][WARN][org.mybatis.spring.mapper.ClassPathMapperScanner:44] No MyBatis mapper was found in '[com.iresearch.svc.mapper]' package. Please check your configuration.
