[2019-08-16 12:05:20,413][main][WARN][org.mybatis.spring.mapper.ClassPathMapperScanner:44] Skipping MapperFactoryBean with name 'allbrandMapper' and 'com.iresearch.svc.mapper.svc.AllbrandMapper' mapperInterface. Bean already defined with the same name!
[2019-08-16 12:05:20,414][main][WARN][org.mybatis.spring.mapper.ClassPathMapperScanner:44] Skipping MapperFactoryBean with name 'allshowMapper' and 'com.iresearch.svc.mapper.svc.AllshowMapper' mapperInterface. Bean already defined with the same name!
[2019-08-16 12:05:20,414][main][WARN][org.mybatis.spring.mapper.ClassPathMapperScanner:44] Skipping MapperFactoryBean with name 'brandcustomMapper' and 'com.iresearch.svc.mapper.svc.BrandcustomMapper' mapperInterface. Bean already defined with the same name!
[2019-08-16 12:05:20,414][main][WARN][org.mybatis.spring.mapper.ClassPathMapperScanner:44] Skipping MapperFactoryBean with name 'indexMapper' and 'com.iresearch.svc.mapper.svc.IndexMapper' mapperInterface. Bean already defined with the same name!
[2019-08-16 12:05:20,415][main][WARN][org.mybatis.spring.mapper.ClassPathMapperScanner:44] Skipping MapperFactoryBean with name 'loginMapper' and 'com.iresearch.svc.mapper.svc.LoginMapper' mapperInterface. Bean already defined with the same name!
[2019-08-16 12:05:20,415][main][WARN][org.mybatis.spring.mapper.ClassPathMapperScanner:44] Skipping MapperFactoryBean with name 'showcompMapper' and 'com.iresearch.svc.mapper.svc.ShowcompMapper' mapperInterface. Bean already defined with the same name!
[2019-08-16 12:05:20,415][main][WARN][org.mybatis.spring.mapper.ClassPathMapperScanner:44] Skipping MapperFactoryBean with name 'showcustomMapper' and 'com.iresearch.svc.mapper.svc.ShowcustomMapper' mapperInterface. Bean already defined with the same name!
[2019-08-16 12:05:20,415][main][WARN][org.mybatis.spring.mapper.ClassPathMapperScanner:44] Skipping MapperFactoryBean with name 'showlibMapper' and 'com.iresearch.svc.mapper.svc.ShowlibMapper' mapperInterface. Bean already defined with the same name!
[2019-08-16 12:05:20,415][main][WARN][org.mybatis.spring.mapper.ClassPathMapperScanner:44] Skipping MapperFactoryBean with name 'leemiMapper' and 'com.iresearch.svc.mapper.vf.LeemiMapper' mapperInterface. Bean already defined with the same name!
[2019-08-16 12:05:20,415][main][WARN][org.mybatis.spring.mapper.ClassPathMapperScanner:44] Skipping MapperFactoryBean with name 'vfmiMapper' and 'com.iresearch.svc.mapper.vf.VfmiMapper' mapperInterface. Bean already defined with the same name!
[2019-08-16 12:05:20,416][main][WARN][org.mybatis.spring.mapper.ClassPathMapperScanner:44] No MyBatis mapper was found in '[com.iresearch.svc.mapper]' package. Please check your configuration.
[2019-08-16 12:08:51,327][main][WARN][org.mybatis.spring.mapper.ClassPathMapperScanner:44] Skipping MapperFactoryBean with name 'allbrandMapper' and 'com.iresearch.svc.mapper.svc.AllbrandMapper' mapperInterface. Bean already defined with the same name!
[2019-08-16 12:08:51,328][main][WARN][org.mybatis.spring.mapper.ClassPathMapperScanner:44] Skipping MapperFactoryBean with name 'allshowMapper' and 'com.iresearch.svc.mapper.svc.AllshowMapper' mapperInterface. Bean already defined with the same name!
[2019-08-16 12:08:51,328][main][WARN][org.mybatis.spring.mapper.ClassPathMapperScanner:44] Skipping MapperFactoryBean with name 'brandcustomMapper' and 'com.iresearch.svc.mapper.svc.BrandcustomMapper' mapperInterface. Bean already defined with the same name!
[2019-08-16 12:08:51,328][main][WARN][org.mybatis.spring.mapper.ClassPathMapperScanner:44] Skipping MapperFactoryBean with name 'indexMapper' and 'com.iresearch.svc.mapper.svc.IndexMapper' mapperInterface. Bean already defined with the same name!
[2019-08-16 12:08:51,328][main][WARN][org.mybatis.spring.mapper.ClassPathMapperScanner:44] Skipping MapperFactoryBean with name 'loginMapper' and 'com.iresearch.svc.mapper.svc.LoginMapper' mapperInterface. Bean already defined with the same name!
[2019-08-16 12:08:51,328][main][WARN][org.mybatis.spring.mapper.ClassPathMapperScanner:44] Skipping MapperFactoryBean with name 'showcompMapper' and 'com.iresearch.svc.mapper.svc.ShowcompMapper' mapperInterface. Bean already defined with the same name!
[2019-08-16 12:08:51,329][main][WARN][org.mybatis.spring.mapper.ClassPathMapperScanner:44] Skipping MapperFactoryBean with name 'showcustomMapper' and 'com.iresearch.svc.mapper.svc.ShowcustomMapper' mapperInterface. Bean already defined with the same name!
[2019-08-16 12:08:51,329][main][WARN][org.mybatis.spring.mapper.ClassPathMapperScanner:44] Skipping MapperFactoryBean with name 'showlibMapper' and 'com.iresearch.svc.mapper.svc.ShowlibMapper' mapperInterface. Bean already defined with the same name!
[2019-08-16 12:08:51,329][main][WARN][org.mybatis.spring.mapper.ClassPathMapperScanner:44] Skipping MapperFactoryBean with name 'leemiMapper' and 'com.iresearch.svc.mapper.vf.LeemiMapper' mapperInterface. Bean already defined with the same name!
[2019-08-16 12:08:51,329][main][WARN][org.mybatis.spring.mapper.ClassPathMapperScanner:44] Skipping MapperFactoryBean with name 'vfmiMapper' and 'com.iresearch.svc.mapper.vf.VfmiMapper' mapperInterface. Bean already defined with the same name!
[2019-08-16 12:08:51,330][main][WARN][org.mybatis.spring.mapper.ClassPathMapperScanner:44] No MyBatis mapper was found in '[com.iresearch.svc.mapper]' package. Please check your configuration.
[2019-08-16 14:18:24,267][main][WARN][org.mybatis.spring.mapper.ClassPathMapperScanner:44] Skipping MapperFactoryBean with name 'allbrandMapper' and 'com.iresearch.svc.mapper.svc.AllbrandMapper' mapperInterface. Bean already defined with the same name!
[2019-08-16 14:18:24,267][main][WARN][org.mybatis.spring.mapper.ClassPathMapperScanner:44] Skipping MapperFactoryBean with name 'allshowMapper' and 'com.iresearch.svc.mapper.svc.AllshowMapper' mapperInterface. Bean already defined with the same name!
[2019-08-16 14:18:24,267][main][WARN][org.mybatis.spring.mapper.ClassPathMapperScanner:44] Skipping MapperFactoryBean with name 'brandcustomMapper' and 'com.iresearch.svc.mapper.svc.BrandcustomMapper' mapperInterface. Bean already defined with the same name!
[2019-08-16 14:18:24,268][main][WARN][org.mybatis.spring.mapper.ClassPathMapperScanner:44] Skipping MapperFactoryBean with name 'indexMapper' and 'com.iresearch.svc.mapper.svc.IndexMapper' mapperInterface. Bean already defined with the same name!
[2019-08-16 14:18:24,268][main][WARN][org.mybatis.spring.mapper.ClassPathMapperScanner:44] Skipping MapperFactoryBean with name 'loginMapper' and 'com.iresearch.svc.mapper.svc.LoginMapper' mapperInterface. Bean already defined with the same name!
[2019-08-16 14:18:24,268][main][WARN][org.mybatis.spring.mapper.ClassPathMapperScanner:44] Skipping MapperFactoryBean with name 'showcompMapper' and 'com.iresearch.svc.mapper.svc.ShowcompMapper' mapperInterface. Bean already defined with the same name!
[2019-08-16 14:18:24,268][main][WARN][org.mybatis.spring.mapper.ClassPathMapperScanner:44] Skipping MapperFactoryBean with name 'showcustomMapper' and 'com.iresearch.svc.mapper.svc.ShowcustomMapper' mapperInterface. Bean already defined with the same name!
[2019-08-16 14:18:24,269][main][WARN][org.mybatis.spring.mapper.ClassPathMapperScanner:44] Skipping MapperFactoryBean with name 'showlibMapper' and 'com.iresearch.svc.mapper.svc.ShowlibMapper' mapperInterface. Bean already defined with the same name!
[2019-08-16 14:18:24,269][main][WARN][org.mybatis.spring.mapper.ClassPathMapperScanner:44] Skipping MapperFactoryBean with name 'leemiMapper' and 'com.iresearch.svc.mapper.vf.LeemiMapper' mapperInterface. Bean already defined with the same name!
[2019-08-16 14:18:24,269][main][WARN][org.mybatis.spring.mapper.ClassPathMapperScanner:44] Skipping MapperFactoryBean with name 'vfmiMapper' and 'com.iresearch.svc.mapper.vf.VfmiMapper' mapperInterface. Bean already defined with the same name!
[2019-08-16 14:18:24,270][main][WARN][org.mybatis.spring.mapper.ClassPathMapperScanner:44] No MyBatis mapper was found in '[com.iresearch.svc.mapper]' package. Please check your configuration.
[2019-08-16 14:22:43,014][main][WARN][org.mybatis.spring.mapper.ClassPathMapperScanner:44] Skipping MapperFactoryBean with name 'allbrandMapper' and 'com.iresearch.svc.mapper.svc.AllbrandMapper' mapperInterface. Bean already defined with the same name!
[2019-08-16 14:22:43,014][main][WARN][org.mybatis.spring.mapper.ClassPathMapperScanner:44] Skipping MapperFactoryBean with name 'allshowMapper' and 'com.iresearch.svc.mapper.svc.AllshowMapper' mapperInterface. Bean already defined with the same name!
[2019-08-16 14:22:43,014][main][WARN][org.mybatis.spring.mapper.ClassPathMapperScanner:44] Skipping MapperFactoryBean with name 'brandcustomMapper' and 'com.iresearch.svc.mapper.svc.BrandcustomMapper' mapperInterface. Bean already defined with the same name!
[2019-08-16 14:22:43,014][main][WARN][org.mybatis.spring.mapper.ClassPathMapperScanner:44] Skipping MapperFactoryBean with name 'indexMapper' and 'com.iresearch.svc.mapper.svc.IndexMapper' mapperInterface. Bean already defined with the same name!
[2019-08-16 14:22:43,015][main][WARN][org.mybatis.spring.mapper.ClassPathMapperScanner:44] Skipping MapperFactoryBean with name 'loginMapper' and 'com.iresearch.svc.mapper.svc.LoginMapper' mapperInterface. Bean already defined with the same name!
[2019-08-16 14:22:43,015][main][WARN][org.mybatis.spring.mapper.ClassPathMapperScanner:44] Skipping MapperFactoryBean with name 'showcompMapper' and 'com.iresearch.svc.mapper.svc.ShowcompMapper' mapperInterface. Bean already defined with the same name!
[2019-08-16 14:22:43,015][main][WARN][org.mybatis.spring.mapper.ClassPathMapperScanner:44] Skipping MapperFactoryBean with name 'showcustomMapper' and 'com.iresearch.svc.mapper.svc.ShowcustomMapper' mapperInterface. Bean already defined with the same name!
[2019-08-16 14:22:43,015][main][WARN][org.mybatis.spring.mapper.ClassPathMapperScanner:44] Skipping MapperFactoryBean with name 'showlibMapper' and 'com.iresearch.svc.mapper.svc.ShowlibMapper' mapperInterface. Bean already defined with the same name!
[2019-08-16 14:22:43,016][main][WARN][org.mybatis.spring.mapper.ClassPathMapperScanner:44] Skipping MapperFactoryBean with name 'leemiMapper' and 'com.iresearch.svc.mapper.vf.LeemiMapper' mapperInterface. Bean already defined with the same name!
[2019-08-16 14:22:43,016][main][WARN][org.mybatis.spring.mapper.ClassPathMapperScanner:44] Skipping MapperFactoryBean with name 'vfmiMapper' and 'com.iresearch.svc.mapper.vf.VfmiMapper' mapperInterface. Bean already defined with the same name!
[2019-08-16 14:22:43,016][main][WARN][org.mybatis.spring.mapper.ClassPathMapperScanner:44] No MyBatis mapper was found in '[com.iresearch.svc.mapper]' package. Please check your configuration.
[2019-08-16 14:27:16,000][main][WARN][org.mybatis.spring.mapper.ClassPathMapperScanner:44] Skipping MapperFactoryBean with name 'allbrandMapper' and 'com.iresearch.svc.mapper.svc.AllbrandMapper' mapperInterface. Bean already defined with the same name!
[2019-08-16 14:27:16,001][main][WARN][org.mybatis.spring.mapper.ClassPathMapperScanner:44] Skipping MapperFactoryBean with name 'allshowMapper' and 'com.iresearch.svc.mapper.svc.AllshowMapper' mapperInterface. Bean already defined with the same name!
[2019-08-16 14:27:16,001][main][WARN][org.mybatis.spring.mapper.ClassPathMapperScanner:44] Skipping MapperFactoryBean with name 'brandcustomMapper' and 'com.iresearch.svc.mapper.svc.BrandcustomMapper' mapperInterface. Bean already defined with the same name!
[2019-08-16 14:27:16,001][main][WARN][org.mybatis.spring.mapper.ClassPathMapperScanner:44] Skipping MapperFactoryBean with name 'indexMapper' and 'com.iresearch.svc.mapper.svc.IndexMapper' mapperInterface. Bean already defined with the same name!
[2019-08-16 14:27:16,002][main][WARN][org.mybatis.spring.mapper.ClassPathMapperScanner:44] Skipping MapperFactoryBean with name 'loginMapper' and 'com.iresearch.svc.mapper.svc.LoginMapper' mapperInterface. Bean already defined with the same name!
[2019-08-16 14:27:16,002][main][WARN][org.mybatis.spring.mapper.ClassPathMapperScanner:44] Skipping MapperFactoryBean with name 'showcompMapper' and 'com.iresearch.svc.mapper.svc.ShowcompMapper' mapperInterface. Bean already defined with the same name!
[2019-08-16 14:27:16,002][main][WARN][org.mybatis.spring.mapper.ClassPathMapperScanner:44] Skipping MapperFactoryBean with name 'showcustomMapper' and 'com.iresearch.svc.mapper.svc.ShowcustomMapper' mapperInterface. Bean already defined with the same name!
[2019-08-16 14:27:16,002][main][WARN][org.mybatis.spring.mapper.ClassPathMapperScanner:44] Skipping MapperFactoryBean with name 'showlibMapper' and 'com.iresearch.svc.mapper.svc.ShowlibMapper' mapperInterface. Bean already defined with the same name!
[2019-08-16 14:27:16,003][main][WARN][org.mybatis.spring.mapper.ClassPathMapperScanner:44] Skipping MapperFactoryBean with name 'leemiMapper' and 'com.iresearch.svc.mapper.vf.LeemiMapper' mapperInterface. Bean already defined with the same name!
[2019-08-16 14:27:16,003][main][WARN][org.mybatis.spring.mapper.ClassPathMapperScanner:44] Skipping MapperFactoryBean with name 'vfmiMapper' and 'com.iresearch.svc.mapper.vf.VfmiMapper' mapperInterface. Bean already defined with the same name!
[2019-08-16 14:27:16,004][main][WARN][org.mybatis.spring.mapper.ClassPathMapperScanner:44] No MyBatis mapper was found in '[com.iresearch.svc.mapper]' package. Please check your configuration.
[2019-08-16 14:36:49,855][main][WARN][org.mybatis.spring.mapper.ClassPathMapperScanner:44] Skipping MapperFactoryBean with name 'allbrandMapper' and 'com.iresearch.svc.mapper.svc.AllbrandMapper' mapperInterface. Bean already defined with the same name!
[2019-08-16 14:36:49,855][main][WARN][org.mybatis.spring.mapper.ClassPathMapperScanner:44] Skipping MapperFactoryBean with name 'allshowMapper' and 'com.iresearch.svc.mapper.svc.AllshowMapper' mapperInterface. Bean already defined with the same name!
[2019-08-16 14:36:49,855][main][WARN][org.mybatis.spring.mapper.ClassPathMapperScanner:44] Skipping MapperFactoryBean with name 'brandcustomMapper' and 'com.iresearch.svc.mapper.svc.BrandcustomMapper' mapperInterface. Bean already defined with the same name!
[2019-08-16 14:36:49,855][main][WARN][org.mybatis.spring.mapper.ClassPathMapperScanner:44] Skipping MapperFactoryBean with name 'indexMapper' and 'com.iresearch.svc.mapper.svc.IndexMapper' mapperInterface. Bean already defined with the same name!
[2019-08-16 14:36:49,856][main][WARN][org.mybatis.spring.mapper.ClassPathMapperScanner:44] Skipping MapperFactoryBean with name 'loginMapper' and 'com.iresearch.svc.mapper.svc.LoginMapper' mapperInterface. Bean already defined with the same name!
[2019-08-16 14:36:49,856][main][WARN][org.mybatis.spring.mapper.ClassPathMapperScanner:44] Skipping MapperFactoryBean with name 'showcompMapper' and 'com.iresearch.svc.mapper.svc.ShowcompMapper' mapperInterface. Bean already defined with the same name!
[2019-08-16 14:36:49,856][main][WARN][org.mybatis.spring.mapper.ClassPathMapperScanner:44] Skipping MapperFactoryBean with name 'showcustomMapper' and 'com.iresearch.svc.mapper.svc.ShowcustomMapper' mapperInterface. Bean already defined with the same name!
[2019-08-16 14:36:49,856][main][WARN][org.mybatis.spring.mapper.ClassPathMapperScanner:44] Skipping MapperFactoryBean with name 'showlibMapper' and 'com.iresearch.svc.mapper.svc.ShowlibMapper' mapperInterface. Bean already defined with the same name!
[2019-08-16 14:36:49,856][main][WARN][org.mybatis.spring.mapper.ClassPathMapperScanner:44] Skipping MapperFactoryBean with name 'leemiMapper' and 'com.iresearch.svc.mapper.vf.LeemiMapper' mapperInterface. Bean already defined with the same name!
[2019-08-16 14:36:49,857][main][WARN][org.mybatis.spring.mapper.ClassPathMapperScanner:44] Skipping MapperFactoryBean with name 'vfmiMapper' and 'com.iresearch.svc.mapper.vf.VfmiMapper' mapperInterface. Bean already defined with the same name!
[2019-08-16 14:36:49,857][main][WARN][org.mybatis.spring.mapper.ClassPathMapperScanner:44] No MyBatis mapper was found in '[com.iresearch.svc.mapper]' package. Please check your configuration.
[2019-08-16 14:38:33,820][main][WARN][org.mybatis.spring.mapper.ClassPathMapperScanner:44] Skipping MapperFactoryBean with name 'allbrandMapper' and 'com.iresearch.svc.mapper.svc.AllbrandMapper' mapperInterface. Bean already defined with the same name!
[2019-08-16 14:38:33,820][main][WARN][org.mybatis.spring.mapper.ClassPathMapperScanner:44] Skipping MapperFactoryBean with name 'allshowMapper' and 'com.iresearch.svc.mapper.svc.AllshowMapper' mapperInterface. Bean already defined with the same name!
[2019-08-16 14:38:33,821][main][WARN][org.mybatis.spring.mapper.ClassPathMapperScanner:44] Skipping MapperFactoryBean with name 'brandcustomMapper' and 'com.iresearch.svc.mapper.svc.BrandcustomMapper' mapperInterface. Bean already defined with the same name!
[2019-08-16 14:38:33,821][main][WARN][org.mybatis.spring.mapper.ClassPathMapperScanner:44] Skipping MapperFactoryBean with name 'indexMapper' and 'com.iresearch.svc.mapper.svc.IndexMapper' mapperInterface. Bean already defined with the same name!
[2019-08-16 14:38:33,821][main][WARN][org.mybatis.spring.mapper.ClassPathMapperScanner:44] Skipping MapperFactoryBean with name 'loginMapper' and 'com.iresearch.svc.mapper.svc.LoginMapper' mapperInterface. Bean already defined with the same name!
[2019-08-16 14:38:33,821][main][WARN][org.mybatis.spring.mapper.ClassPathMapperScanner:44] Skipping MapperFactoryBean with name 'showcompMapper' and 'com.iresearch.svc.mapper.svc.ShowcompMapper' mapperInterface. Bean already defined with the same name!
[2019-08-16 14:38:33,822][main][WARN][org.mybatis.spring.mapper.ClassPathMapperScanner:44] Skipping MapperFactoryBean with name 'showcustomMapper' and 'com.iresearch.svc.mapper.svc.ShowcustomMapper' mapperInterface. Bean already defined with the same name!
[2019-08-16 14:38:33,822][main][WARN][org.mybatis.spring.mapper.ClassPathMapperScanner:44] Skipping MapperFactoryBean with name 'showlibMapper' and 'com.iresearch.svc.mapper.svc.ShowlibMapper' mapperInterface. Bean already defined with the same name!
[2019-08-16 14:38:33,822][main][WARN][org.mybatis.spring.mapper.ClassPathMapperScanner:44] Skipping MapperFactoryBean with name 'leemiMapper' and 'com.iresearch.svc.mapper.vf.LeemiMapper' mapperInterface. Bean already defined with the same name!
[2019-08-16 14:38:33,822][main][WARN][org.mybatis.spring.mapper.ClassPathMapperScanner:44] Skipping MapperFactoryBean with name 'vfmiMapper' and 'com.iresearch.svc.mapper.vf.VfmiMapper' mapperInterface. Bean already defined with the same name!
[2019-08-16 14:38:33,823][main][WARN][org.mybatis.spring.mapper.ClassPathMapperScanner:44] No MyBatis mapper was found in '[com.iresearch.svc.mapper]' package. Please check your configuration.
[2019-08-16 15:01:32,714][main][WARN][org.mybatis.spring.mapper.ClassPathMapperScanner:44] Skipping MapperFactoryBean with name 'allbrandMapper' and 'com.iresearch.svc.mapper.svc.AllbrandMapper' mapperInterface. Bean already defined with the same name!
[2019-08-16 15:01:32,715][main][WARN][org.mybatis.spring.mapper.ClassPathMapperScanner:44] Skipping MapperFactoryBean with name 'allshowMapper' and 'com.iresearch.svc.mapper.svc.AllshowMapper' mapperInterface. Bean already defined with the same name!
[2019-08-16 15:01:32,715][main][WARN][org.mybatis.spring.mapper.ClassPathMapperScanner:44] Skipping MapperFactoryBean with name 'brandcustomMapper' and 'com.iresearch.svc.mapper.svc.BrandcustomMapper' mapperInterface. Bean already defined with the same name!
[2019-08-16 15:01:32,715][main][WARN][org.mybatis.spring.mapper.ClassPathMapperScanner:44] Skipping MapperFactoryBean with name 'indexMapper' and 'com.iresearch.svc.mapper.svc.IndexMapper' mapperInterface. Bean already defined with the same name!
[2019-08-16 15:01:32,715][main][WARN][org.mybatis.spring.mapper.ClassPathMapperScanner:44] Skipping MapperFactoryBean with name 'loginMapper' and 'com.iresearch.svc.mapper.svc.LoginMapper' mapperInterface. Bean already defined with the same name!
[2019-08-16 15:01:32,716][main][WARN][org.mybatis.spring.mapper.ClassPathMapperScanner:44] Skipping MapperFactoryBean with name 'showcompMapper' and 'com.iresearch.svc.mapper.svc.ShowcompMapper' mapperInterface. Bean already defined with the same name!
[2019-08-16 15:01:32,716][main][WARN][org.mybatis.spring.mapper.ClassPathMapperScanner:44] Skipping MapperFactoryBean with name 'showcustomMapper' and 'com.iresearch.svc.mapper.svc.ShowcustomMapper' mapperInterface. Bean already defined with the same name!
[2019-08-16 15:01:32,716][main][WARN][org.mybatis.spring.mapper.ClassPathMapperScanner:44] Skipping MapperFactoryBean with name 'showlibMapper' and 'com.iresearch.svc.mapper.svc.ShowlibMapper' mapperInterface. Bean already defined with the same name!
[2019-08-16 15:01:32,716][main][WARN][org.mybatis.spring.mapper.ClassPathMapperScanner:44] Skipping MapperFactoryBean with name 'leemiMapper' and 'com.iresearch.svc.mapper.vf.LeemiMapper' mapperInterface. Bean already defined with the same name!
[2019-08-16 15:01:32,717][main][WARN][org.mybatis.spring.mapper.ClassPathMapperScanner:44] Skipping MapperFactoryBean with name 'vfmiMapper' and 'com.iresearch.svc.mapper.vf.VfmiMapper' mapperInterface. Bean already defined with the same name!
[2019-08-16 15:01:32,717][main][WARN][org.mybatis.spring.mapper.ClassPathMapperScanner:44] No MyBatis mapper was found in '[com.iresearch.svc.mapper]' package. Please check your configuration.
[2019-08-16 15:04:50,049][main][WARN][org.mybatis.spring.mapper.ClassPathMapperScanner:44] Skipping MapperFactoryBean with name 'allbrandMapper' and 'com.iresearch.svc.mapper.svc.AllbrandMapper' mapperInterface. Bean already defined with the same name!
[2019-08-16 15:04:50,049][main][WARN][org.mybatis.spring.mapper.ClassPathMapperScanner:44] Skipping MapperFactoryBean with name 'allshowMapper' and 'com.iresearch.svc.mapper.svc.AllshowMapper' mapperInterface. Bean already defined with the same name!
[2019-08-16 15:04:50,049][main][WARN][org.mybatis.spring.mapper.ClassPathMapperScanner:44] Skipping MapperFactoryBean with name 'brandcustomMapper' and 'com.iresearch.svc.mapper.svc.BrandcustomMapper' mapperInterface. Bean already defined with the same name!
[2019-08-16 15:04:50,049][main][WARN][org.mybatis.spring.mapper.ClassPathMapperScanner:44] Skipping MapperFactoryBean with name 'indexMapper' and 'com.iresearch.svc.mapper.svc.IndexMapper' mapperInterface. Bean already defined with the same name!
[2019-08-16 15:04:50,050][main][WARN][org.mybatis.spring.mapper.ClassPathMapperScanner:44] Skipping MapperFactoryBean with name 'loginMapper' and 'com.iresearch.svc.mapper.svc.LoginMapper' mapperInterface. Bean already defined with the same name!
[2019-08-16 15:04:50,050][main][WARN][org.mybatis.spring.mapper.ClassPathMapperScanner:44] Skipping MapperFactoryBean with name 'showcompMapper' and 'com.iresearch.svc.mapper.svc.ShowcompMapper' mapperInterface. Bean already defined with the same name!
[2019-08-16 15:04:50,050][main][WARN][org.mybatis.spring.mapper.ClassPathMapperScanner:44] Skipping MapperFactoryBean with name 'showcustomMapper' and 'com.iresearch.svc.mapper.svc.ShowcustomMapper' mapperInterface. Bean already defined with the same name!
[2019-08-16 15:04:50,051][main][WARN][org.mybatis.spring.mapper.ClassPathMapperScanner:44] Skipping MapperFactoryBean with name 'showlibMapper' and 'com.iresearch.svc.mapper.svc.ShowlibMapper' mapperInterface. Bean already defined with the same name!
[2019-08-16 15:04:50,051][main][WARN][org.mybatis.spring.mapper.ClassPathMapperScanner:44] Skipping MapperFactoryBean with name 'leemiMapper' and 'com.iresearch.svc.mapper.vf.LeemiMapper' mapperInterface. Bean already defined with the same name!
[2019-08-16 15:04:50,051][main][WARN][org.mybatis.spring.mapper.ClassPathMapperScanner:44] Skipping MapperFactoryBean with name 'vfmiMapper' and 'com.iresearch.svc.mapper.vf.VfmiMapper' mapperInterface. Bean already defined with the same name!
[2019-08-16 15:04:50,052][main][WARN][org.mybatis.spring.mapper.ClassPathMapperScanner:44] No MyBatis mapper was found in '[com.iresearch.svc.mapper]' package. Please check your configuration.
[2019-08-16 15:19:21,265][main][WARN][org.mybatis.spring.mapper.ClassPathMapperScanner:44] Skipping MapperFactoryBean with name 'allbrandMapper' and 'com.iresearch.svc.mapper.svc.AllbrandMapper' mapperInterface. Bean already defined with the same name!
[2019-08-16 15:19:21,266][main][WARN][org.mybatis.spring.mapper.ClassPathMapperScanner:44] Skipping MapperFactoryBean with name 'allshowMapper' and 'com.iresearch.svc.mapper.svc.AllshowMapper' mapperInterface. Bean already defined with the same name!
[2019-08-16 15:19:21,266][main][WARN][org.mybatis.spring.mapper.ClassPathMapperScanner:44] Skipping MapperFactoryBean with name 'brandcustomMapper' and 'com.iresearch.svc.mapper.svc.BrandcustomMapper' mapperInterface. Bean already defined with the same name!
[2019-08-16 15:19:21,266][main][WARN][org.mybatis.spring.mapper.ClassPathMapperScanner:44] Skipping MapperFactoryBean with name 'indexMapper' and 'com.iresearch.svc.mapper.svc.IndexMapper' mapperInterface. Bean already defined with the same name!
[2019-08-16 15:19:21,267][main][WARN][org.mybatis.spring.mapper.ClassPathMapperScanner:44] Skipping MapperFactoryBean with name 'loginMapper' and 'com.iresearch.svc.mapper.svc.LoginMapper' mapperInterface. Bean already defined with the same name!
[2019-08-16 15:19:21,267][main][WARN][org.mybatis.spring.mapper.ClassPathMapperScanner:44] Skipping MapperFactoryBean with name 'showcompMapper' and 'com.iresearch.svc.mapper.svc.ShowcompMapper' mapperInterface. Bean already defined with the same name!
[2019-08-16 15:19:21,267][main][WARN][org.mybatis.spring.mapper.ClassPathMapperScanner:44] Skipping MapperFactoryBean with name 'showcustomMapper' and 'com.iresearch.svc.mapper.svc.ShowcustomMapper' mapperInterface. Bean already defined with the same name!
[2019-08-16 15:19:21,267][main][WARN][org.mybatis.spring.mapper.ClassPathMapperScanner:44] Skipping MapperFactoryBean with name 'showlibMapper' and 'com.iresearch.svc.mapper.svc.ShowlibMapper' mapperInterface. Bean already defined with the same name!
[2019-08-16 15:19:21,268][main][WARN][org.mybatis.spring.mapper.ClassPathMapperScanner:44] Skipping MapperFactoryBean with name 'leemiMapper' and 'com.iresearch.svc.mapper.vf.LeemiMapper' mapperInterface. Bean already defined with the same name!
[2019-08-16 15:19:21,268][main][WARN][org.mybatis.spring.mapper.ClassPathMapperScanner:44] Skipping MapperFactoryBean with name 'vfmiMapper' and 'com.iresearch.svc.mapper.vf.VfmiMapper' mapperInterface. Bean already defined with the same name!
[2019-08-16 15:19:21,268][main][WARN][org.mybatis.spring.mapper.ClassPathMapperScanner:44] No MyBatis mapper was found in '[com.iresearch.svc.mapper]' package. Please check your configuration.
[2019-08-16 15:22:36,294][main][WARN][org.mybatis.spring.mapper.ClassPathMapperScanner:44] Skipping MapperFactoryBean with name 'allbrandMapper' and 'com.iresearch.svc.mapper.svc.AllbrandMapper' mapperInterface. Bean already defined with the same name!
[2019-08-16 15:22:36,294][main][WARN][org.mybatis.spring.mapper.ClassPathMapperScanner:44] Skipping MapperFactoryBean with name 'allshowMapper' and 'com.iresearch.svc.mapper.svc.AllshowMapper' mapperInterface. Bean already defined with the same name!
[2019-08-16 15:22:36,295][main][WARN][org.mybatis.spring.mapper.ClassPathMapperScanner:44] Skipping MapperFactoryBean with name 'brandcustomMapper' and 'com.iresearch.svc.mapper.svc.BrandcustomMapper' mapperInterface. Bean already defined with the same name!
[2019-08-16 15:22:36,295][main][WARN][org.mybatis.spring.mapper.ClassPathMapperScanner:44] Skipping MapperFactoryBean with name 'indexMapper' and 'com.iresearch.svc.mapper.svc.IndexMapper' mapperInterface. Bean already defined with the same name!
[2019-08-16 15:22:36,295][main][WARN][org.mybatis.spring.mapper.ClassPathMapperScanner:44] Skipping MapperFactoryBean with name 'loginMapper' and 'com.iresearch.svc.mapper.svc.LoginMapper' mapperInterface. Bean already defined with the same name!
[2019-08-16 15:22:36,295][main][WARN][org.mybatis.spring.mapper.ClassPathMapperScanner:44] Skipping MapperFactoryBean with name 'showcompMapper' and 'com.iresearch.svc.mapper.svc.ShowcompMapper' mapperInterface. Bean already defined with the same name!
[2019-08-16 15:22:36,295][main][WARN][org.mybatis.spring.mapper.ClassPathMapperScanner:44] Skipping MapperFactoryBean with name 'showcustomMapper' and 'com.iresearch.svc.mapper.svc.ShowcustomMapper' mapperInterface. Bean already defined with the same name!
[2019-08-16 15:22:36,296][main][WARN][org.mybatis.spring.mapper.ClassPathMapperScanner:44] Skipping MapperFactoryBean with name 'showlibMapper' and 'com.iresearch.svc.mapper.svc.ShowlibMapper' mapperInterface. Bean already defined with the same name!
[2019-08-16 15:22:36,296][main][WARN][org.mybatis.spring.mapper.ClassPathMapperScanner:44] Skipping MapperFactoryBean with name 'leemiMapper' and 'com.iresearch.svc.mapper.vf.LeemiMapper' mapperInterface. Bean already defined with the same name!
[2019-08-16 15:22:36,296][main][WARN][org.mybatis.spring.mapper.ClassPathMapperScanner:44] Skipping MapperFactoryBean with name 'vfmiMapper' and 'com.iresearch.svc.mapper.vf.VfmiMapper' mapperInterface. Bean already defined with the same name!
[2019-08-16 15:22:36,297][main][WARN][org.mybatis.spring.mapper.ClassPathMapperScanner:44] No MyBatis mapper was found in '[com.iresearch.svc.mapper]' package. Please check your configuration.
[2019-08-16 15:29:40,049][main][WARN][org.mybatis.spring.mapper.ClassPathMapperScanner:44] Skipping MapperFactoryBean with name 'allbrandMapper' and 'com.iresearch.svc.mapper.svc.AllbrandMapper' mapperInterface. Bean already defined with the same name!
[2019-08-16 15:29:40,049][main][WARN][org.mybatis.spring.mapper.ClassPathMapperScanner:44] Skipping MapperFactoryBean with name 'allshowMapper' and 'com.iresearch.svc.mapper.svc.AllshowMapper' mapperInterface. Bean already defined with the same name!
[2019-08-16 15:29:40,049][main][WARN][org.mybatis.spring.mapper.ClassPathMapperScanner:44] Skipping MapperFactoryBean with name 'brandcustomMapper' and 'com.iresearch.svc.mapper.svc.BrandcustomMapper' mapperInterface. Bean already defined with the same name!
[2019-08-16 15:29:40,049][main][WARN][org.mybatis.spring.mapper.ClassPathMapperScanner:44] Skipping MapperFactoryBean with name 'indexMapper' and 'com.iresearch.svc.mapper.svc.IndexMapper' mapperInterface. Bean already defined with the same name!
[2019-08-16 15:29:40,050][main][WARN][org.mybatis.spring.mapper.ClassPathMapperScanner:44] Skipping MapperFactoryBean with name 'loginMapper' and 'com.iresearch.svc.mapper.svc.LoginMapper' mapperInterface. Bean already defined with the same name!
[2019-08-16 15:29:40,050][main][WARN][org.mybatis.spring.mapper.ClassPathMapperScanner:44] Skipping MapperFactoryBean with name 'showcompMapper' and 'com.iresearch.svc.mapper.svc.ShowcompMapper' mapperInterface. Bean already defined with the same name!
[2019-08-16 15:29:40,050][main][WARN][org.mybatis.spring.mapper.ClassPathMapperScanner:44] Skipping MapperFactoryBean with name 'showcustomMapper' and 'com.iresearch.svc.mapper.svc.ShowcustomMapper' mapperInterface. Bean already defined with the same name!
[2019-08-16 15:29:40,050][main][WARN][org.mybatis.spring.mapper.ClassPathMapperScanner:44] Skipping MapperFactoryBean with name 'showlibMapper' and 'com.iresearch.svc.mapper.svc.ShowlibMapper' mapperInterface. Bean already defined with the same name!
[2019-08-16 15:29:40,051][main][WARN][org.mybatis.spring.mapper.ClassPathMapperScanner:44] Skipping MapperFactoryBean with name 'leemiMapper' and 'com.iresearch.svc.mapper.vf.LeemiMapper' mapperInterface. Bean already defined with the same name!
[2019-08-16 15:29:40,051][main][WARN][org.mybatis.spring.mapper.ClassPathMapperScanner:44] Skipping MapperFactoryBean with name 'vfmiMapper' and 'com.iresearch.svc.mapper.vf.VfmiMapper' mapperInterface. Bean already defined with the same name!
[2019-08-16 15:29:40,051][main][WARN][org.mybatis.spring.mapper.ClassPathMapperScanner:44] No MyBatis mapper was found in '[com.iresearch.svc.mapper]' package. Please check your configuration.
