[2019-08-16 12:05:19,768][main][INFO][com.iresearch.svc.SvcApplication:50] Starting SvcApplication on mac-clouddxw.local with PID 3037 (/Users/clouddxw/IdeaProjects/svc/target/classes started by clouddxw in /Users/clouddxw/IdeaProjects/svc)
[2019-08-16 12:05:19,815][main][INFO][com.iresearch.svc.SvcApplication:675] No active profile set, falling back to default profiles: default
[2019-08-16 12:05:20,576][main][INFO][org.springframework.data.repository.config.RepositoryConfigurationDelegate:244] Multiple Spring Data modules found, entering strict repository configuration mode!
[2019-08-16 12:05:20,582][main][INFO][org.springframework.data.repository.config.RepositoryConfigurationDelegate:126] Bootstrapping Spring Data repositories in DEFAULT mode.
[2019-08-16 12:05:20,624][main][INFO][org.springframework.data.repository.config.RepositoryConfigurationDelegate:182] Finished Spring Data repository scanning in 19ms. Found 0 repository interfaces.
[2019-08-16 12:05:20,930][main][INFO][org.springframework.context.support.PostProcessorRegistrationDelegate$BeanPostProcessorChecker:330] Bean 'org.springframework.transaction.annotation.ProxyTransactionManagementConfiguration' of type [org.springframework.transaction.annotation.ProxyTransactionManagementConfiguration$$EnhancerBySpringCGLIB$$ed41243e] is not eligible for getting processed by all BeanPostProcessors (for example: not eligible for auto-proxying)
[2019-08-16 12:05:21,319][main][INFO][org.springframework.boot.web.embedded.tomcat.TomcatWebServer:90] Tomcat initialized with port(s): 9095 (http)
[2019-08-16 12:05:21,337][main][INFO][org.apache.coyote.http11.Http11NioProtocol:173] Initializing ProtocolHandler ["http-nio-9095"]
[2019-08-16 12:05:21,348][main][INFO][org.apache.catalina.core.StandardService:173] Starting service [Tomcat]
[2019-08-16 12:05:21,348][main][INFO][org.apache.catalina.core.StandardEngine:173] Starting Servlet engine: [Apache Tomcat/9.0.14]
[2019-08-16 12:05:21,358][main][INFO][org.apache.catalina.core.AprLifecycleListener:173] The APR based Apache Tomcat Native library which allows optimal performance in production environments was not found on the java.library.path: [/Users/clouddxw/Library/Java/Extensions:/Library/Java/Extensions:/Network/Library/Java/Extensions:/System/Library/Java/Extensions:/usr/lib/java:.]
[2019-08-16 12:05:21,457][main][INFO][org.apache.catalina.core.ContainerBase.[Tomcat].[localhost].[/]:173] Initializing Spring embedded WebApplicationContext
[2019-08-16 12:05:21,457][main][INFO][org.springframework.web.context.ContextLoader:296] Root WebApplicationContext: initialization completed in 1601 ms
[2019-08-16 12:05:22,482][main][INFO][org.springframework.scheduling.concurrent.ThreadPoolTaskExecutor:171] Initializing ExecutorService 'applicationTaskExecutor'
[2019-08-16 12:05:22,921][main][INFO][org.apache.coyote.http11.Http11NioProtocol:173] Starting ProtocolHandler ["http-nio-9095"]
[2019-08-16 12:05:22,973][main][INFO][org.springframework.boot.web.embedded.tomcat.TomcatWebServer:204] Tomcat started on port(s): 9095 (http) with context path ''
[2019-08-16 12:05:22,977][main][INFO][com.iresearch.svc.SvcApplication:59] Started SvcApplication in 3.623 seconds (JVM running for 4.856)
[2019-08-16 12:06:35,744][http-nio-9095-exec-1][INFO][org.apache.catalina.core.ContainerBase.[Tomcat].[localhost].[/]:173] Initializing Spring DispatcherServlet 'dispatcherServlet'
[2019-08-16 12:06:35,744][http-nio-9095-exec-1][INFO][org.springframework.web.servlet.DispatcherServlet:524] Initializing Servlet 'dispatcherServlet'
[2019-08-16 12:06:35,752][http-nio-9095-exec-1][INFO][org.springframework.web.servlet.DispatcherServlet:546] Completed initialization in 8 ms
[2019-08-16 12:07:08,558][http-nio-9095-exec-5][INFO][io.lettuce.core.EpollProvider:68] Starting without optional epoll library
[2019-08-16 12:07:08,560][http-nio-9095-exec-5][INFO][io.lettuce.core.KqueueProvider:70] Starting without optional kqueue library
[2019-08-16 12:07:08,854][http-nio-9095-exec-5][INFO][com.zaxxer.hikari.HikariDataSource:110] HikariPool-1 - Starting...
[2019-08-16 12:07:09,208][http-nio-9095-exec-5][INFO][com.zaxxer.hikari.pool.PoolBase:525] HikariPool-1 - Driver does not support get/set network timeout for connections. (不支持此操作。)
[2019-08-16 12:07:09,257][http-nio-9095-exec-5][INFO][com.zaxxer.hikari.HikariDataSource:123] HikariPool-1 - Start completed.
[2019-08-16 12:07:09,351][http-nio-9095-exec-5][INFO][com.iresearch.svc.controller.LoginController:159] com.iresearch.svc.controller.LoginController$1Checkres@e05be08
[2019-08-16 12:07:11,284][http-nio-9095-exec-6][INFO][com.iresearch.svc.controller.LoginInterceptor_n:78] normal
[2019-08-16 12:07:11,285][http-nio-9095-exec-6][INFO][com.iresearch.svc.controller.LoginInterceptor_n:80] 2
[2019-08-16 12:07:11,564][http-nio-9095-exec-9][INFO][com.iresearch.svc.controller.IndexController:109] |@|0:0:0:0:0:0:0:1|com.iresearch.svc.bean.LoginUser@3a97fbaf|首页|打开页面|@|
[2019-08-16 12:07:31,016][http-nio-9095-exec-3][INFO][com.iresearch.svc.controller.LoginInterceptor_n:78] normal
[2019-08-16 12:07:31,017][http-nio-9095-exec-3][INFO][com.iresearch.svc.controller.LoginInterceptor_n:80] 2
[2019-08-16 12:07:31,032][http-nio-9095-exec-4][INFO][com.iresearch.svc.controller.LoginInterceptor_n:78] normal
[2019-08-16 12:07:31,032][http-nio-9095-exec-4][INFO][com.iresearch.svc.controller.LoginInterceptor_n:80] 2
[2019-08-16 12:07:31,045][http-nio-9095-exec-7][INFO][com.iresearch.svc.controller.LoginInterceptor_n:78] normal
[2019-08-16 12:07:31,046][http-nio-9095-exec-7][INFO][com.iresearch.svc.controller.LoginInterceptor_n:80] 2
[2019-08-16 12:08:47,116][Thread-11][INFO][org.springframework.scheduling.concurrent.ThreadPoolTaskExecutor:208] Shutting down ExecutorService 'applicationTaskExecutor'
[2019-08-16 12:08:48,250][Thread-11][INFO][com.zaxxer.hikari.HikariDataSource:350] HikariPool-1 - Shutdown initiated...
[2019-08-16 12:08:48,252][Thread-11][INFO][com.zaxxer.hikari.HikariDataSource:352] HikariPool-1 - Shutdown completed.
[2019-08-16 12:08:50,771][main][INFO][com.iresearch.svc.SvcApplication:50] Starting SvcApplication on mac-clouddxw.local with PID 3105 (/Users/clouddxw/IdeaProjects/svc/target/classes started by clouddxw in /Users/clouddxw/IdeaProjects/svc)
[2019-08-16 12:08:50,779][main][INFO][com.iresearch.svc.SvcApplication:675] No active profile set, falling back to default profiles: default
[2019-08-16 12:08:51,447][main][INFO][org.springframework.data.repository.config.RepositoryConfigurationDelegate:244] Multiple Spring Data modules found, entering strict repository configuration mode!
[2019-08-16 12:08:51,450][main][INFO][org.springframework.data.repository.config.RepositoryConfigurationDelegate:126] Bootstrapping Spring Data repositories in DEFAULT mode.
[2019-08-16 12:08:51,479][main][INFO][org.springframework.data.repository.config.RepositoryConfigurationDelegate:182] Finished Spring Data repository scanning in 18ms. Found 0 repository interfaces.
[2019-08-16 12:08:51,764][main][INFO][org.springframework.context.support.PostProcessorRegistrationDelegate$BeanPostProcessorChecker:330] Bean 'org.springframework.transaction.annotation.ProxyTransactionManagementConfiguration' of type [org.springframework.transaction.annotation.ProxyTransactionManagementConfiguration$$EnhancerBySpringCGLIB$$5a9885fe] is not eligible for getting processed by all BeanPostProcessors (for example: not eligible for auto-proxying)
[2019-08-16 12:08:52,002][main][INFO][org.springframework.boot.web.embedded.tomcat.TomcatWebServer:90] Tomcat initialized with port(s): 9095 (http)
[2019-08-16 12:08:52,015][main][INFO][org.apache.coyote.http11.Http11NioProtocol:173] Initializing ProtocolHandler ["http-nio-9095"]
[2019-08-16 12:08:52,024][main][INFO][org.apache.catalina.core.StandardService:173] Starting service [Tomcat]
[2019-08-16 12:08:52,024][main][INFO][org.apache.catalina.core.StandardEngine:173] Starting Servlet engine: [Apache Tomcat/9.0.14]
[2019-08-16 12:08:52,030][main][INFO][org.apache.catalina.core.AprLifecycleListener:173] The APR based Apache Tomcat Native library which allows optimal performance in production environments was not found on the java.library.path: [/Users/clouddxw/Library/Java/Extensions:/Library/Java/Extensions:/Network/Library/Java/Extensions:/System/Library/Java/Extensions:/usr/lib/java:.]
[2019-08-16 12:08:52,096][main][INFO][org.apache.catalina.core.ContainerBase.[Tomcat].[localhost].[/]:173] Initializing Spring embedded WebApplicationContext
[2019-08-16 12:08:52,096][main][INFO][org.springframework.web.context.ContextLoader:296] Root WebApplicationContext: initialization completed in 1217 ms
[2019-08-16 12:08:52,794][main][INFO][org.springframework.scheduling.concurrent.ThreadPoolTaskExecutor:171] Initializing ExecutorService 'applicationTaskExecutor'
[2019-08-16 12:08:53,120][main][INFO][org.apache.coyote.http11.Http11NioProtocol:173] Starting ProtocolHandler ["http-nio-9095"]
[2019-08-16 12:08:53,153][main][INFO][org.springframework.boot.web.embedded.tomcat.TomcatWebServer:204] Tomcat started on port(s): 9095 (http) with context path ''
[2019-08-16 12:08:53,157][main][INFO][com.iresearch.svc.SvcApplication:59] Started SvcApplication in 2.768 seconds (JVM running for 4.078)
[2019-08-16 12:09:04,570][http-nio-9095-exec-1][INFO][org.apache.catalina.core.ContainerBase.[Tomcat].[localhost].[/]:173] Initializing Spring DispatcherServlet 'dispatcherServlet'
[2019-08-16 12:09:04,570][http-nio-9095-exec-1][INFO][org.springframework.web.servlet.DispatcherServlet:524] Initializing Servlet 'dispatcherServlet'
[2019-08-16 12:09:04,577][http-nio-9095-exec-1][INFO][org.springframework.web.servlet.DispatcherServlet:546] Completed initialization in 6 ms
[2019-08-16 12:09:26,843][http-nio-9095-exec-4][INFO][io.lettuce.core.EpollProvider:68] Starting without optional epoll library
[2019-08-16 12:09:26,845][http-nio-9095-exec-4][INFO][io.lettuce.core.KqueueProvider:70] Starting without optional kqueue library
[2019-08-16 12:09:27,037][http-nio-9095-exec-4][INFO][com.iresearch.svc.controller.LoginController:159] com.iresearch.svc.controller.LoginController$1Checkres@44aeb4e9
[2019-08-16 12:09:28,522][http-nio-9095-exec-5][INFO][com.iresearch.svc.controller.LoginInterceptor_n:78] normal
[2019-08-16 12:09:28,522][http-nio-9095-exec-5][INFO][com.iresearch.svc.controller.LoginInterceptor_n:80] 2
[2019-08-16 12:09:28,592][http-nio-9095-exec-7][INFO][com.iresearch.svc.controller.IndexController:109] |@|0:0:0:0:0:0:0:1|com.iresearch.svc.bean.LoginUser@2c6f6d38|首页|打开页面|@|
[2019-08-16 12:09:46,684][http-nio-9095-exec-9][INFO][com.iresearch.svc.controller.LoginInterceptor_n:78] normal
[2019-08-16 12:09:46,685][http-nio-9095-exec-9][INFO][com.iresearch.svc.controller.LoginInterceptor_n:80] 2
[2019-08-16 12:09:58,697][http-nio-9095-exec-6][INFO][com.iresearch.svc.controller.LoginInterceptor_n:78] normal
[2019-08-16 12:09:58,698][http-nio-9095-exec-6][INFO][com.iresearch.svc.controller.LoginInterceptor_n:80] 2
[2019-08-16 14:16:53,592][http-nio-9095-exec-1][INFO][com.zaxxer.hikari.HikariDataSource:110] HikariPool-1 - Starting...
[2019-08-16 14:16:54,182][http-nio-9095-exec-1][INFO][com.zaxxer.hikari.pool.PoolBase:525] HikariPool-1 - Driver does not support get/set network timeout for connections. (不支持此操作。)
[2019-08-16 14:16:54,223][http-nio-9095-exec-1][INFO][com.zaxxer.hikari.HikariDataSource:123] HikariPool-1 - Start completed.
[2019-08-16 14:16:54,285][http-nio-9095-exec-1][INFO][com.iresearch.svc.controller.LoginController:159] com.iresearch.svc.controller.LoginController$1Checkres@25eb68fa
[2019-08-16 14:17:03,697][http-nio-9095-exec-9][INFO][com.iresearch.svc.controller.LoginController:159] com.iresearch.svc.controller.LoginController$1Checkres@39400836
[2019-08-16 14:17:05,196][http-nio-9095-exec-10][INFO][com.iresearch.svc.controller.LoginInterceptor_n:78] normal
[2019-08-16 14:17:05,197][http-nio-9095-exec-10][INFO][com.iresearch.svc.controller.LoginInterceptor_n:80] 2
[2019-08-16 14:17:05,659][http-nio-9095-exec-2][INFO][com.iresearch.svc.controller.IndexController:109] |@|0:0:0:0:0:0:0:1|com.iresearch.svc.bean.LoginUser@6e255e25|首页|打开页面|@|
[2019-08-16 14:17:07,734][http-nio-9095-exec-3][INFO][com.iresearch.svc.controller.IndexController:109] |@|0:0:0:0:0:0:0:1|com.iresearch.svc.bean.LoginUser@6e255e25|首页|打开页面|@|
[2019-08-16 14:17:09,533][http-nio-9095-exec-4][INFO][com.iresearch.svc.controller.IndexController:109] |@|0:0:0:0:0:0:0:1|com.iresearch.svc.bean.LoginUser@6e255e25|首页|打开页面|@|
[2019-08-16 14:17:11,403][http-nio-9095-exec-6][INFO][com.iresearch.svc.controller.IndexController:109] |@|0:0:0:0:0:0:0:1|com.iresearch.svc.bean.LoginUser@6e255e25|首页|打开页面|@|
[2019-08-16 14:18:19,661][Thread-10][INFO][org.springframework.scheduling.concurrent.ThreadPoolTaskExecutor:208] Shutting down ExecutorService 'applicationTaskExecutor'
[2019-08-16 14:18:20,791][Thread-10][INFO][com.zaxxer.hikari.HikariDataSource:350] HikariPool-1 - Shutdown initiated...
[2019-08-16 14:18:20,793][Thread-10][INFO][com.zaxxer.hikari.HikariDataSource:352] HikariPool-1 - Shutdown completed.
[2019-08-16 14:18:23,696][main][INFO][com.iresearch.svc.SvcApplication:50] Starting SvcApplication on mac-clouddxw.local with PID 4886 (/Users/clouddxw/IdeaProjects/svc/target/classes started by clouddxw in /Users/clouddxw/IdeaProjects/svc)
[2019-08-16 14:18:23,703][main][INFO][com.iresearch.svc.SvcApplication:675] No active profile set, falling back to default profiles: default
[2019-08-16 14:18:24,403][main][INFO][org.springframework.data.repository.config.RepositoryConfigurationDelegate:244] Multiple Spring Data modules found, entering strict repository configuration mode!
[2019-08-16 14:18:24,407][main][INFO][org.springframework.data.repository.config.RepositoryConfigurationDelegate:126] Bootstrapping Spring Data repositories in DEFAULT mode.
[2019-08-16 14:18:24,437][main][INFO][org.springframework.data.repository.config.RepositoryConfigurationDelegate:182] Finished Spring Data repository scanning in 19ms. Found 0 repository interfaces.
[2019-08-16 14:18:24,697][main][INFO][org.springframework.context.support.PostProcessorRegistrationDelegate$BeanPostProcessorChecker:330] Bean 'org.springframework.transaction.annotation.ProxyTransactionManagementConfiguration' of type [org.springframework.transaction.annotation.ProxyTransactionManagementConfiguration$$EnhancerBySpringCGLIB$$6604d03c] is not eligible for getting processed by all BeanPostProcessors (for example: not eligible for auto-proxying)
[2019-08-16 14:18:24,975][main][INFO][org.springframework.boot.web.embedded.tomcat.TomcatWebServer:90] Tomcat initialized with port(s): 9095 (http)
[2019-08-16 14:18:24,986][main][INFO][org.apache.coyote.http11.Http11NioProtocol:173] Initializing ProtocolHandler ["http-nio-9095"]
[2019-08-16 14:18:24,995][main][INFO][org.apache.catalina.core.StandardService:173] Starting service [Tomcat]
[2019-08-16 14:18:24,996][main][INFO][org.apache.catalina.core.StandardEngine:173] Starting Servlet engine: [Apache Tomcat/9.0.14]
[2019-08-16 14:18:25,002][main][INFO][org.apache.catalina.core.AprLifecycleListener:173] The APR based Apache Tomcat Native library which allows optimal performance in production environments was not found on the java.library.path: [/Users/clouddxw/Library/Java/Extensions:/Library/Java/Extensions:/Network/Library/Java/Extensions:/System/Library/Java/Extensions:/usr/lib/java:.]
[2019-08-16 14:18:25,079][main][INFO][org.apache.catalina.core.ContainerBase.[Tomcat].[localhost].[/]:173] Initializing Spring embedded WebApplicationContext
[2019-08-16 14:18:25,080][main][INFO][org.springframework.web.context.ContextLoader:296] Root WebApplicationContext: initialization completed in 1304 ms
[2019-08-16 14:18:25,875][main][INFO][org.springframework.scheduling.concurrent.ThreadPoolTaskExecutor:171] Initializing ExecutorService 'applicationTaskExecutor'
[2019-08-16 14:18:26,223][main][INFO][org.apache.coyote.http11.Http11NioProtocol:173] Starting ProtocolHandler ["http-nio-9095"]
[2019-08-16 14:18:26,257][main][INFO][org.springframework.boot.web.embedded.tomcat.TomcatWebServer:204] Tomcat started on port(s): 9095 (http) with context path ''
[2019-08-16 14:18:26,260][main][INFO][com.iresearch.svc.SvcApplication:59] Started SvcApplication in 2.914 seconds (JVM running for 4.218)
[2019-08-16 14:18:31,729][http-nio-9095-exec-1][INFO][org.apache.catalina.core.ContainerBase.[Tomcat].[localhost].[/]:173] Initializing Spring DispatcherServlet 'dispatcherServlet'
[2019-08-16 14:18:31,729][http-nio-9095-exec-1][INFO][org.springframework.web.servlet.DispatcherServlet:524] Initializing Servlet 'dispatcherServlet'
[2019-08-16 14:18:31,735][http-nio-9095-exec-1][INFO][org.springframework.web.servlet.DispatcherServlet:546] Completed initialization in 5 ms
[2019-08-16 14:19:02,127][http-nio-9095-exec-4][INFO][io.lettuce.core.EpollProvider:68] Starting without optional epoll library
[2019-08-16 14:19:02,128][http-nio-9095-exec-4][INFO][io.lettuce.core.KqueueProvider:70] Starting without optional kqueue library
[2019-08-16 14:19:02,425][http-nio-9095-exec-4][INFO][com.iresearch.svc.controller.LoginController:159] com.iresearch.svc.controller.LoginController$1Checkres@1883f769
[2019-08-16 14:19:03,964][http-nio-9095-exec-5][INFO][com.iresearch.svc.controller.LoginInterceptor_n:78] normal
[2019-08-16 14:19:03,964][http-nio-9095-exec-5][INFO][com.iresearch.svc.controller.LoginInterceptor_n:80] 2
[2019-08-16 14:19:04,030][http-nio-9095-exec-6][INFO][com.iresearch.svc.controller.IndexController:109] |@|0:0:0:0:0:0:0:1|com.iresearch.svc.bean.LoginUser@749c2e50|首页|打开页面|@|
[2019-08-16 14:19:05,258][http-nio-9095-exec-7][INFO][com.iresearch.svc.controller.LoginInterceptor_n:78] normal
[2019-08-16 14:19:05,259][http-nio-9095-exec-7][INFO][com.iresearch.svc.controller.LoginInterceptor_n:80] 2
[2019-08-16 14:22:38,663][Thread-10][INFO][org.springframework.scheduling.concurrent.ThreadPoolTaskExecutor:208] Shutting down ExecutorService 'applicationTaskExecutor'
[2019-08-16 14:22:42,481][main][INFO][com.iresearch.svc.SvcApplication:50] Starting SvcApplication on mac-clouddxw.local with PID 4949 (/Users/clouddxw/IdeaProjects/svc/target/classes started by clouddxw in /Users/clouddxw/IdeaProjects/svc)
[2019-08-16 14:22:42,489][main][INFO][com.iresearch.svc.SvcApplication:675] No active profile set, falling back to default profiles: default
[2019-08-16 14:22:43,134][main][INFO][org.springframework.data.repository.config.RepositoryConfigurationDelegate:244] Multiple Spring Data modules found, entering strict repository configuration mode!
[2019-08-16 14:22:43,137][main][INFO][org.springframework.data.repository.config.RepositoryConfigurationDelegate:126] Bootstrapping Spring Data repositories in DEFAULT mode.
[2019-08-16 14:22:43,166][main][INFO][org.springframework.data.repository.config.RepositoryConfigurationDelegate:182] Finished Spring Data repository scanning in 18ms. Found 0 repository interfaces.
[2019-08-16 14:22:43,445][main][INFO][org.springframework.context.support.PostProcessorRegistrationDelegate$BeanPostProcessorChecker:330] Bean 'org.springframework.transaction.annotation.ProxyTransactionManagementConfiguration' of type [org.springframework.transaction.annotation.ProxyTransactionManagementConfiguration$$EnhancerBySpringCGLIB$$572a4fb0] is not eligible for getting processed by all BeanPostProcessors (for example: not eligible for auto-proxying)
[2019-08-16 14:22:43,746][main][INFO][org.springframework.boot.web.embedded.tomcat.TomcatWebServer:90] Tomcat initialized with port(s): 9095 (http)
[2019-08-16 14:22:43,760][main][INFO][org.apache.coyote.http11.Http11NioProtocol:173] Initializing ProtocolHandler ["http-nio-9095"]
[2019-08-16 14:22:43,771][main][INFO][org.apache.catalina.core.StandardService:173] Starting service [Tomcat]
[2019-08-16 14:22:43,772][main][INFO][org.apache.catalina.core.StandardEngine:173] Starting Servlet engine: [Apache Tomcat/9.0.14]
[2019-08-16 14:22:43,778][main][INFO][org.apache.catalina.core.AprLifecycleListener:173] The APR based Apache Tomcat Native library which allows optimal performance in production environments was not found on the java.library.path: [/Users/clouddxw/Library/Java/Extensions:/Library/Java/Extensions:/Network/Library/Java/Extensions:/System/Library/Java/Extensions:/usr/lib/java:.]
[2019-08-16 14:22:43,852][main][INFO][org.apache.catalina.core.ContainerBase.[Tomcat].[localhost].[/]:173] Initializing Spring embedded WebApplicationContext
[2019-08-16 14:22:43,852][main][INFO][org.springframework.web.context.ContextLoader:296] Root WebApplicationContext: initialization completed in 1286 ms
[2019-08-16 14:22:44,575][main][INFO][org.springframework.scheduling.concurrent.ThreadPoolTaskExecutor:171] Initializing ExecutorService 'applicationTaskExecutor'
[2019-08-16 14:22:44,930][main][INFO][org.apache.coyote.http11.Http11NioProtocol:173] Starting ProtocolHandler ["http-nio-9095"]
[2019-08-16 14:22:44,979][main][INFO][org.springframework.boot.web.embedded.tomcat.TomcatWebServer:204] Tomcat started on port(s): 9095 (http) with context path ''
[2019-08-16 14:22:44,983][main][INFO][com.iresearch.svc.SvcApplication:59] Started SvcApplication in 2.902 seconds (JVM running for 4.283)
[2019-08-16 14:22:57,089][http-nio-9095-exec-1][INFO][org.apache.catalina.core.ContainerBase.[Tomcat].[localhost].[/]:173] Initializing Spring DispatcherServlet 'dispatcherServlet'
[2019-08-16 14:22:57,090][http-nio-9095-exec-1][INFO][org.springframework.web.servlet.DispatcherServlet:524] Initializing Servlet 'dispatcherServlet'
[2019-08-16 14:22:57,096][http-nio-9095-exec-1][INFO][org.springframework.web.servlet.DispatcherServlet:546] Completed initialization in 6 ms
[2019-08-16 14:23:21,476][http-nio-9095-exec-3][INFO][io.lettuce.core.EpollProvider:68] Starting without optional epoll library
[2019-08-16 14:23:21,477][http-nio-9095-exec-3][INFO][io.lettuce.core.KqueueProvider:70] Starting without optional kqueue library
[2019-08-16 14:23:21,591][http-nio-9095-exec-3][INFO][com.iresearch.svc.controller.LoginController:159] com.iresearch.svc.controller.LoginController$1Checkres@534c4880
[2019-08-16 14:23:22,979][http-nio-9095-exec-4][INFO][com.iresearch.svc.controller.LoginInterceptor_n:78] normal
[2019-08-16 14:23:22,980][http-nio-9095-exec-4][INFO][com.iresearch.svc.controller.LoginInterceptor_n:80] 2
[2019-08-16 14:23:23,069][http-nio-9095-exec-5][INFO][com.iresearch.svc.controller.IndexController:109] |@|0:0:0:0:0:0:0:1|com.iresearch.svc.bean.LoginUser@5059eff0|首页|打开页面|@|
[2019-08-16 14:27:11,738][Thread-10][INFO][org.springframework.scheduling.concurrent.ThreadPoolTaskExecutor:208] Shutting down ExecutorService 'applicationTaskExecutor'
[2019-08-16 14:27:15,467][main][INFO][com.iresearch.svc.SvcApplication:50] Starting SvcApplication on mac-clouddxw.local with PID 5036 (/Users/clouddxw/IdeaProjects/svc/target/classes started by clouddxw in /Users/clouddxw/IdeaProjects/svc)
[2019-08-16 14:27:15,475][main][INFO][com.iresearch.svc.SvcApplication:675] No active profile set, falling back to default profiles: default
[2019-08-16 14:27:16,122][main][INFO][org.springframework.data.repository.config.RepositoryConfigurationDelegate:244] Multiple Spring Data modules found, entering strict repository configuration mode!
[2019-08-16 14:27:16,125][main][INFO][org.springframework.data.repository.config.RepositoryConfigurationDelegate:126] Bootstrapping Spring Data repositories in DEFAULT mode.
[2019-08-16 14:27:16,153][main][INFO][org.springframework.data.repository.config.RepositoryConfigurationDelegate:182] Finished Spring Data repository scanning in 18ms. Found 0 repository interfaces.
[2019-08-16 14:27:16,434][main][INFO][org.springframework.context.support.PostProcessorRegistrationDelegate$BeanPostProcessorChecker:330] Bean 'org.springframework.transaction.annotation.ProxyTransactionManagementConfiguration' of type [org.springframework.transaction.annotation.ProxyTransactionManagementConfiguration$$EnhancerBySpringCGLIB$$41f669c6] is not eligible for getting processed by all BeanPostProcessors (for example: not eligible for auto-proxying)
[2019-08-16 14:27:16,710][main][INFO][org.springframework.boot.web.embedded.tomcat.TomcatWebServer:90] Tomcat initialized with port(s): 9095 (http)
[2019-08-16 14:27:16,722][main][INFO][org.apache.coyote.http11.Http11NioProtocol:173] Initializing ProtocolHandler ["http-nio-9095"]
[2019-08-16 14:27:16,732][main][INFO][org.apache.catalina.core.StandardService:173] Starting service [Tomcat]
[2019-08-16 14:27:16,732][main][INFO][org.apache.catalina.core.StandardEngine:173] Starting Servlet engine: [Apache Tomcat/9.0.14]
[2019-08-16 14:27:16,738][main][INFO][org.apache.catalina.core.AprLifecycleListener:173] The APR based Apache Tomcat Native library which allows optimal performance in production environments was not found on the java.library.path: [/Users/clouddxw/Library/Java/Extensions:/Library/Java/Extensions:/Network/Library/Java/Extensions:/System/Library/Java/Extensions:/usr/lib/java:.]
[2019-08-16 14:27:16,806][main][INFO][org.apache.catalina.core.ContainerBase.[Tomcat].[localhost].[/]:173] Initializing Spring embedded WebApplicationContext
[2019-08-16 14:27:16,806][main][INFO][org.springframework.web.context.ContextLoader:296] Root WebApplicationContext: initialization completed in 1249 ms
[2019-08-16 14:27:17,523][main][INFO][org.springframework.scheduling.concurrent.ThreadPoolTaskExecutor:171] Initializing ExecutorService 'applicationTaskExecutor'
[2019-08-16 14:27:17,872][main][INFO][org.apache.coyote.http11.Http11NioProtocol:173] Starting ProtocolHandler ["http-nio-9095"]
[2019-08-16 14:27:17,907][main][INFO][org.springframework.boot.web.embedded.tomcat.TomcatWebServer:204] Tomcat started on port(s): 9095 (http) with context path ''
[2019-08-16 14:27:17,911][main][INFO][com.iresearch.svc.SvcApplication:59] Started SvcApplication in 2.795 seconds (JVM running for 4.077)
[2019-08-16 14:27:27,037][http-nio-9095-exec-1][INFO][org.apache.catalina.core.ContainerBase.[Tomcat].[localhost].[/]:173] Initializing Spring DispatcherServlet 'dispatcherServlet'
[2019-08-16 14:27:27,038][http-nio-9095-exec-1][INFO][org.springframework.web.servlet.DispatcherServlet:524] Initializing Servlet 'dispatcherServlet'
[2019-08-16 14:27:27,043][http-nio-9095-exec-1][INFO][org.springframework.web.servlet.DispatcherServlet:546] Completed initialization in 5 ms
[2019-08-16 14:27:52,761][http-nio-9095-exec-4][INFO][io.lettuce.core.EpollProvider:68] Starting without optional epoll library
[2019-08-16 14:27:52,763][http-nio-9095-exec-4][INFO][io.lettuce.core.KqueueProvider:70] Starting without optional kqueue library
[2019-08-16 14:27:52,910][http-nio-9095-exec-4][INFO][com.iresearch.svc.controller.LoginController:159] com.iresearch.svc.controller.LoginController$1Checkres@3e293c41
[2019-08-16 14:27:54,348][http-nio-9095-exec-5][INFO][com.iresearch.svc.controller.LoginInterceptor_n:78] normal
[2019-08-16 14:27:54,348][http-nio-9095-exec-5][INFO][com.iresearch.svc.controller.LoginInterceptor_n:80] 2
[2019-08-16 14:27:54,416][http-nio-9095-exec-6][INFO][com.iresearch.svc.controller.IndexController:109] |@|0:0:0:0:0:0:0:1|com.iresearch.svc.bean.LoginUser@4aaaceb1|首页|打开页面|@|
[2019-08-16 14:36:45,955][Thread-9][INFO][org.springframework.scheduling.concurrent.ThreadPoolTaskExecutor:208] Shutting down ExecutorService 'applicationTaskExecutor'
[2019-08-16 14:36:49,318][main][INFO][com.iresearch.svc.SvcApplication:50] Starting SvcApplication on mac-clouddxw.local with PID 5196 (/Users/clouddxw/IdeaProjects/svc/target/classes started by clouddxw in /Users/clouddxw/IdeaProjects/svc)
[2019-08-16 14:36:49,324][main][INFO][com.iresearch.svc.SvcApplication:675] No active profile set, falling back to default profiles: default
[2019-08-16 14:36:50,014][main][INFO][org.springframework.data.repository.config.RepositoryConfigurationDelegate:244] Multiple Spring Data modules found, entering strict repository configuration mode!
[2019-08-16 14:36:50,018][main][INFO][org.springframework.data.repository.config.RepositoryConfigurationDelegate:126] Bootstrapping Spring Data repositories in DEFAULT mode.
[2019-08-16 14:36:50,058][main][INFO][org.springframework.data.repository.config.RepositoryConfigurationDelegate:182] Finished Spring Data repository scanning in 25ms. Found 0 repository interfaces.
[2019-08-16 14:36:50,358][main][INFO][org.springframework.context.support.PostProcessorRegistrationDelegate$BeanPostProcessorChecker:330] Bean 'org.springframework.transaction.annotation.ProxyTransactionManagementConfiguration' of type [org.springframework.transaction.annotation.ProxyTransactionManagementConfiguration$$EnhancerBySpringCGLIB$$80e447] is not eligible for getting processed by all BeanPostProcessors (for example: not eligible for auto-proxying)
[2019-08-16 14:36:50,619][main][INFO][org.springframework.boot.web.embedded.tomcat.TomcatWebServer:90] Tomcat initialized with port(s): 9095 (http)
[2019-08-16 14:36:50,631][main][INFO][org.apache.coyote.http11.Http11NioProtocol:173] Initializing ProtocolHandler ["http-nio-9095"]
[2019-08-16 14:36:50,640][main][INFO][org.apache.catalina.core.StandardService:173] Starting service [Tomcat]
[2019-08-16 14:36:50,641][main][INFO][org.apache.catalina.core.StandardEngine:173] Starting Servlet engine: [Apache Tomcat/9.0.14]
[2019-08-16 14:36:50,647][main][INFO][org.apache.catalina.core.AprLifecycleListener:173] The APR based Apache Tomcat Native library which allows optimal performance in production environments was not found on the java.library.path: [/Users/clouddxw/Library/Java/Extensions:/Library/Java/Extensions:/Network/Library/Java/Extensions:/System/Library/Java/Extensions:/usr/lib/java:.]
[2019-08-16 14:36:50,713][main][INFO][org.apache.catalina.core.ContainerBase.[Tomcat].[localhost].[/]:173] Initializing Spring embedded WebApplicationContext
[2019-08-16 14:36:50,713][main][INFO][org.springframework.web.context.ContextLoader:296] Root WebApplicationContext: initialization completed in 1311 ms
[2019-08-16 14:36:51,424][main][INFO][org.springframework.scheduling.concurrent.ThreadPoolTaskExecutor:171] Initializing ExecutorService 'applicationTaskExecutor'
[2019-08-16 14:36:51,770][main][INFO][org.apache.coyote.http11.Http11NioProtocol:173] Starting ProtocolHandler ["http-nio-9095"]
[2019-08-16 14:36:51,809][main][INFO][org.springframework.boot.web.embedded.tomcat.TomcatWebServer:204] Tomcat started on port(s): 9095 (http) with context path ''
[2019-08-16 14:36:51,813][main][INFO][com.iresearch.svc.SvcApplication:59] Started SvcApplication in 2.842 seconds (JVM running for 3.904)
[2019-08-16 14:37:13,928][http-nio-9095-exec-3][INFO][org.apache.catalina.core.ContainerBase.[Tomcat].[localhost].[/]:173] Initializing Spring DispatcherServlet 'dispatcherServlet'
[2019-08-16 14:37:13,928][http-nio-9095-exec-3][INFO][org.springframework.web.servlet.DispatcherServlet:524] Initializing Servlet 'dispatcherServlet'
[2019-08-16 14:37:13,934][http-nio-9095-exec-3][INFO][org.springframework.web.servlet.DispatcherServlet:546] Completed initialization in 6 ms
[2019-08-16 14:37:14,070][http-nio-9095-exec-3][INFO][io.lettuce.core.EpollProvider:68] Starting without optional epoll library
[2019-08-16 14:37:14,072][http-nio-9095-exec-3][INFO][io.lettuce.core.KqueueProvider:70] Starting without optional kqueue library
[2019-08-16 14:37:14,240][http-nio-9095-exec-3][INFO][com.iresearch.svc.controller.LoginController:159] com.iresearch.svc.controller.LoginController$1Checkres@5be35e50
[2019-08-16 14:37:15,660][http-nio-9095-exec-4][INFO][com.iresearch.svc.controller.LoginInterceptor_n:78] normal
[2019-08-16 14:37:15,660][http-nio-9095-exec-4][INFO][com.iresearch.svc.controller.LoginInterceptor_n:80] 2
[2019-08-16 14:37:15,751][http-nio-9095-exec-5][INFO][com.iresearch.svc.controller.IndexController:109] |@|0:0:0:0:0:0:0:1|com.iresearch.svc.bean.LoginUser@4059f7f8|首页|打开页面|@|
[2019-08-16 14:37:36,396][http-nio-9095-exec-3][INFO][com.zaxxer.hikari.HikariDataSource:110] HikariPool-1 - Starting...
[2019-08-16 14:37:36,682][http-nio-9095-exec-3][INFO][com.zaxxer.hikari.pool.PoolBase:525] HikariPool-1 - Driver does not support get/set network timeout for connections. (不支持此操作。)
[2019-08-16 14:37:36,726][http-nio-9095-exec-3][INFO][com.zaxxer.hikari.HikariDataSource:123] HikariPool-1 - Start completed.
[2019-08-16 14:37:37,010][http-nio-9095-exec-3][INFO][com.iresearch.svc.controller.LoginController:159] com.iresearch.svc.controller.LoginController$1Checkres@194f818
[2019-08-16 14:37:37,020][http-nio-9095-exec-4][INFO][com.iresearch.svc.controller.LoginInterceptor_v:78] admin
[2019-08-16 14:37:37,020][http-nio-9095-exec-4][INFO][com.iresearch.svc.controller.LoginInterceptor_v:80] 1
[2019-08-16 14:37:37,087][http-nio-9095-exec-5][INFO][com.iresearch.svc.controller.IndexController:109] |@|0:0:0:0:0:0:0:1|com.iresearch.svc.bean.LoginUser@43af9a72|首页|打开页面|@|
[2019-08-16 14:37:39,632][http-nio-9095-exec-6][INFO][com.iresearch.svc.controller.LoginInterceptor_v:78] admin
[2019-08-16 14:37:39,632][http-nio-9095-exec-6][INFO][com.iresearch.svc.controller.LoginInterceptor_v:80] 1
[2019-08-16 14:37:46,412][http-nio-9095-exec-4][INFO][com.iresearch.svc.controller.BrandcustomController:166] |@|0:0:0:0:0:0:0:1|com.iresearch.svc.bean.LoginUser@43af9a72|定制品牌详情|打开页面|@|
[2019-08-16 14:38:30,149][Thread-10][INFO][org.springframework.scheduling.concurrent.ThreadPoolTaskExecutor:208] Shutting down ExecutorService 'applicationTaskExecutor'
[2019-08-16 14:38:31,278][Thread-10][INFO][com.zaxxer.hikari.HikariDataSource:350] HikariPool-1 - Shutdown initiated...
[2019-08-16 14:38:31,280][Thread-10][INFO][com.zaxxer.hikari.HikariDataSource:352] HikariPool-1 - Shutdown completed.
[2019-08-16 14:38:33,258][main][INFO][com.iresearch.svc.SvcApplication:50] Starting SvcApplication on mac-clouddxw.local with PID 5227 (/Users/clouddxw/IdeaProjects/svc/target/classes started by clouddxw in /Users/clouddxw/IdeaProjects/svc)
[2019-08-16 14:38:33,265][main][INFO][com.iresearch.svc.SvcApplication:675] No active profile set, falling back to default profiles: default
[2019-08-16 14:38:33,938][main][INFO][org.springframework.data.repository.config.RepositoryConfigurationDelegate:244] Multiple Spring Data modules found, entering strict repository configuration mode!
[2019-08-16 14:38:33,941][main][INFO][org.springframework.data.repository.config.RepositoryConfigurationDelegate:126] Bootstrapping Spring Data repositories in DEFAULT mode.
[2019-08-16 14:38:33,970][main][INFO][org.springframework.data.repository.config.RepositoryConfigurationDelegate:182] Finished Spring Data repository scanning in 18ms. Found 0 repository interfaces.
[2019-08-16 14:38:34,250][main][INFO][org.springframework.context.support.PostProcessorRegistrationDelegate$BeanPostProcessorChecker:330] Bean 'org.springframework.transaction.annotation.ProxyTransactionManagementConfiguration' of type [org.springframework.transaction.annotation.ProxyTransactionManagementConfiguration$$EnhancerBySpringCGLIB$$a96de5f1] is not eligible for getting processed by all BeanPostProcessors (for example: not eligible for auto-proxying)
[2019-08-16 14:38:34,530][main][INFO][org.springframework.boot.web.embedded.tomcat.TomcatWebServer:90] Tomcat initialized with port(s): 9095 (http)
[2019-08-16 14:38:34,542][main][INFO][org.apache.coyote.http11.Http11NioProtocol:173] Initializing ProtocolHandler ["http-nio-9095"]
[2019-08-16 14:38:34,552][main][INFO][org.apache.catalina.core.StandardService:173] Starting service [Tomcat]
[2019-08-16 14:38:34,552][main][INFO][org.apache.catalina.core.StandardEngine:173] Starting Servlet engine: [Apache Tomcat/9.0.14]
[2019-08-16 14:38:34,558][main][INFO][org.apache.catalina.core.AprLifecycleListener:173] The APR based Apache Tomcat Native library which allows optimal performance in production environments was not found on the java.library.path: [/Users/clouddxw/Library/Java/Extensions:/Library/Java/Extensions:/Network/Library/Java/Extensions:/System/Library/Java/Extensions:/usr/lib/java:.]
[2019-08-16 14:38:34,625][main][INFO][org.apache.catalina.core.ContainerBase.[Tomcat].[localhost].[/]:173] Initializing Spring embedded WebApplicationContext
[2019-08-16 14:38:34,626][main][INFO][org.springframework.web.context.ContextLoader:296] Root WebApplicationContext: initialization completed in 1283 ms
[2019-08-16 14:38:35,329][main][INFO][org.springframework.scheduling.concurrent.ThreadPoolTaskExecutor:171] Initializing ExecutorService 'applicationTaskExecutor'
[2019-08-16 14:38:35,664][main][INFO][org.apache.coyote.http11.Http11NioProtocol:173] Starting ProtocolHandler ["http-nio-9095"]
[2019-08-16 14:38:35,699][main][INFO][org.springframework.boot.web.embedded.tomcat.TomcatWebServer:204] Tomcat started on port(s): 9095 (http) with context path ''
[2019-08-16 14:38:35,702][main][INFO][com.iresearch.svc.SvcApplication:59] Started SvcApplication in 2.797 seconds (JVM running for 3.617)
[2019-08-16 14:38:41,940][http-nio-9095-exec-1][INFO][org.apache.catalina.core.ContainerBase.[Tomcat].[localhost].[/]:173] Initializing Spring DispatcherServlet 'dispatcherServlet'
[2019-08-16 14:38:41,940][http-nio-9095-exec-1][INFO][org.springframework.web.servlet.DispatcherServlet:524] Initializing Servlet 'dispatcherServlet'
[2019-08-16 14:38:41,946][http-nio-9095-exec-1][INFO][org.springframework.web.servlet.DispatcherServlet:546] Completed initialization in 6 ms
[2019-08-16 14:38:44,165][http-nio-9095-exec-3][INFO][io.lettuce.core.EpollProvider:68] Starting without optional epoll library
[2019-08-16 14:38:44,166][http-nio-9095-exec-3][INFO][io.lettuce.core.KqueueProvider:70] Starting without optional kqueue library
[2019-08-16 14:38:44,311][http-nio-9095-exec-3][INFO][com.iresearch.svc.controller.LoginController:159] com.iresearch.svc.controller.LoginController$1Checkres@7187c682
[2019-08-16 14:38:44,345][http-nio-9095-exec-4][INFO][com.iresearch.svc.controller.LoginInterceptor_v:78] admin
[2019-08-16 14:38:44,346][http-nio-9095-exec-4][INFO][com.iresearch.svc.controller.LoginInterceptor_v:80] 1
[2019-08-16 14:38:44,413][http-nio-9095-exec-5][INFO][com.iresearch.svc.controller.IndexController:109] |@|0:0:0:0:0:0:0:1|com.iresearch.svc.bean.LoginUser@7a9b6|首页|打开页面|@|
[2019-08-16 14:38:45,834][http-nio-9095-exec-7][INFO][com.iresearch.svc.controller.BrandcustomController:166] |@|0:0:0:0:0:0:0:1|com.iresearch.svc.bean.LoginUser@7a9b6|定制品牌详情|打开页面|@|
[2019-08-16 14:39:00,995][http-nio-9095-exec-9][INFO][com.iresearch.svc.controller.LoginInterceptor_v:78] admin
[2019-08-16 14:39:00,995][http-nio-9095-exec-9][INFO][com.iresearch.svc.controller.LoginInterceptor_v:80] 1
[2019-08-16 14:39:01,091][http-nio-9095-exec-1][INFO][com.zaxxer.hikari.HikariDataSource:110] HikariPool-1 - Starting...
[2019-08-16 14:39:01,353][http-nio-9095-exec-1][INFO][com.zaxxer.hikari.pool.PoolBase:525] HikariPool-1 - Driver does not support get/set network timeout for connections. (不支持此操作。)
[2019-08-16 14:39:01,428][http-nio-9095-exec-1][INFO][com.zaxxer.hikari.HikariDataSource:123] HikariPool-1 - Start completed.
[2019-08-16 14:39:07,450][http-nio-9095-exec-1][INFO][com.iresearch.svc.controller.BrandcustomController:166] |@|0:0:0:0:0:0:0:1|com.iresearch.svc.bean.LoginUser@7a9b6|定制品牌详情|打开页面|@|
[2019-08-16 14:49:37,351][http-nio-9095-exec-4][INFO][com.iresearch.svc.controller.LoginInterceptor_v:78] admin
[2019-08-16 14:49:37,352][http-nio-9095-exec-4][INFO][com.iresearch.svc.controller.LoginInterceptor_v:80] 1
[2019-08-16 14:49:37,453][http-nio-9095-exec-6][INFO][com.iresearch.svc.controller.BrandcustomController:166] |@|0:0:0:0:0:0:0:1|com.iresearch.svc.bean.LoginUser@7a9b6|定制品牌详情|打开页面|@|
[2019-08-16 14:49:47,307][http-nio-9095-exec-7][INFO][com.iresearch.svc.controller.LoginInterceptor_v:78] admin
[2019-08-16 14:49:47,307][http-nio-9095-exec-7][INFO][com.iresearch.svc.controller.LoginInterceptor_v:80] 1
[2019-08-16 14:49:47,408][http-nio-9095-exec-9][INFO][com.iresearch.svc.controller.BrandcustomController:166] |@|0:0:0:0:0:0:0:1|com.iresearch.svc.bean.LoginUser@7a9b6|定制品牌详情|打开页面|@|
[2019-08-16 14:54:41,959][http-nio-9095-exec-1][INFO][com.iresearch.svc.controller.LoginInterceptor_v:78] admin
[2019-08-16 14:54:41,959][http-nio-9095-exec-1][INFO][com.iresearch.svc.controller.LoginInterceptor_v:80] 1
[2019-08-16 14:54:42,088][http-nio-9095-exec-3][INFO][com.iresearch.svc.controller.BrandcustomController:166] |@|0:0:0:0:0:0:0:1|com.iresearch.svc.bean.LoginUser@7a9b6|定制品牌详情|打开页面|@|
[2019-08-16 14:56:24,816][http-nio-9095-exec-6][INFO][com.iresearch.svc.controller.LoginInterceptor_v:78] admin
[2019-08-16 14:56:24,817][http-nio-9095-exec-6][INFO][com.iresearch.svc.controller.LoginInterceptor_v:80] 1
[2019-08-16 14:56:24,946][http-nio-9095-exec-8][INFO][com.iresearch.svc.controller.BrandcustomController:166] |@|0:0:0:0:0:0:0:1|com.iresearch.svc.bean.LoginUser@7a9b6|定制品牌详情|打开页面|@|
[2019-08-16 14:56:28,484][http-nio-9095-exec-9][INFO][com.iresearch.svc.controller.LoginInterceptor_v:78] admin
[2019-08-16 14:56:28,484][http-nio-9095-exec-9][INFO][com.iresearch.svc.controller.LoginInterceptor_v:80] 1
[2019-08-16 14:56:32,795][http-nio-9095-exec-1][INFO][com.iresearch.svc.controller.AllshowController:247] |@|0:0:0:0:0:0:0:1|com.iresearch.svc.bean.LoginUser@7a9b6|节目排名与详情|打开页面|@|
[2019-08-16 15:01:26,883][Thread-9][INFO][org.springframework.scheduling.concurrent.ThreadPoolTaskExecutor:208] Shutting down ExecutorService 'applicationTaskExecutor'
[2019-08-16 15:01:28,011][Thread-9][INFO][com.zaxxer.hikari.HikariDataSource:350] HikariPool-1 - Shutdown initiated...
[2019-08-16 15:01:28,013][Thread-9][INFO][com.zaxxer.hikari.HikariDataSource:352] HikariPool-1 - Shutdown completed.
[2019-08-16 15:01:32,192][main][INFO][com.iresearch.svc.SvcApplication:50] Starting SvcApplication on mac-clouddxw.local with PID 5548 (/Users/clouddxw/IdeaProjects/svc/target/classes started by clouddxw in /Users/clouddxw/IdeaProjects/svc)
[2019-08-16 15:01:32,199][main][INFO][com.iresearch.svc.SvcApplication:675] No active profile set, falling back to default profiles: default
[2019-08-16 15:01:32,831][main][INFO][org.springframework.data.repository.config.RepositoryConfigurationDelegate:244] Multiple Spring Data modules found, entering strict repository configuration mode!
[2019-08-16 15:01:32,834][main][INFO][org.springframework.data.repository.config.RepositoryConfigurationDelegate:126] Bootstrapping Spring Data repositories in DEFAULT mode.
[2019-08-16 15:01:32,862][main][INFO][org.springframework.data.repository.config.RepositoryConfigurationDelegate:182] Finished Spring Data repository scanning in 18ms. Found 0 repository interfaces.
[2019-08-16 15:01:33,147][main][INFO][org.springframework.context.support.PostProcessorRegistrationDelegate$BeanPostProcessorChecker:330] Bean 'org.springframework.transaction.annotation.ProxyTransactionManagementConfiguration' of type [org.springframework.transaction.annotation.ProxyTransactionManagementConfiguration$$EnhancerBySpringCGLIB$$1977f55d] is not eligible for getting processed by all BeanPostProcessors (for example: not eligible for auto-proxying)
[2019-08-16 15:01:33,465][main][INFO][org.springframework.boot.web.embedded.tomcat.TomcatWebServer:90] Tomcat initialized with port(s): 9095 (http)
[2019-08-16 15:01:33,479][main][INFO][org.apache.coyote.http11.Http11NioProtocol:173] Initializing ProtocolHandler ["http-nio-9095"]
[2019-08-16 15:01:33,488][main][INFO][org.apache.catalina.core.StandardService:173] Starting service [Tomcat]
[2019-08-16 15:01:33,489][main][INFO][org.apache.catalina.core.StandardEngine:173] Starting Servlet engine: [Apache Tomcat/9.0.14]
[2019-08-16 15:01:33,495][main][INFO][org.apache.catalina.core.AprLifecycleListener:173] The APR based Apache Tomcat Native library which allows optimal performance in production environments was not found on the java.library.path: [/Users/clouddxw/Library/Java/Extensions:/Library/Java/Extensions:/Network/Library/Java/Extensions:/System/Library/Java/Extensions:/usr/lib/java:.]
[2019-08-16 15:01:33,560][main][INFO][org.apache.catalina.core.ContainerBase.[Tomcat].[localhost].[/]:173] Initializing Spring embedded WebApplicationContext
[2019-08-16 15:01:33,561][main][INFO][org.springframework.web.context.ContextLoader:296] Root WebApplicationContext: initialization completed in 1293 ms
[2019-08-16 15:01:34,263][main][INFO][org.springframework.scheduling.concurrent.ThreadPoolTaskExecutor:171] Initializing ExecutorService 'applicationTaskExecutor'
[2019-08-16 15:01:34,596][main][INFO][org.apache.coyote.http11.Http11NioProtocol:173] Starting ProtocolHandler ["http-nio-9095"]
[2019-08-16 15:01:34,629][main][INFO][org.springframework.boot.web.embedded.tomcat.TomcatWebServer:204] Tomcat started on port(s): 9095 (http) with context path ''
[2019-08-16 15:01:34,633][main][INFO][com.iresearch.svc.SvcApplication:59] Started SvcApplication in 2.793 seconds (JVM running for 3.763)
[2019-08-16 15:04:46,585][Thread-10][INFO][org.springframework.scheduling.concurrent.ThreadPoolTaskExecutor:208] Shutting down ExecutorService 'applicationTaskExecutor'
[2019-08-16 15:04:49,524][main][INFO][com.iresearch.svc.SvcApplication:50] Starting SvcApplication on mac-clouddxw.local with PID 5600 (/Users/clouddxw/IdeaProjects/svc/target/classes started by clouddxw in /Users/clouddxw/IdeaProjects/svc)
[2019-08-16 15:04:49,531][main][INFO][com.iresearch.svc.SvcApplication:675] No active profile set, falling back to default profiles: default
[2019-08-16 15:04:50,176][main][INFO][org.springframework.data.repository.config.RepositoryConfigurationDelegate:244] Multiple Spring Data modules found, entering strict repository configuration mode!
[2019-08-16 15:04:50,179][main][INFO][org.springframework.data.repository.config.RepositoryConfigurationDelegate:126] Bootstrapping Spring Data repositories in DEFAULT mode.
[2019-08-16 15:04:50,210][main][INFO][org.springframework.data.repository.config.RepositoryConfigurationDelegate:182] Finished Spring Data repository scanning in 20ms. Found 0 repository interfaces.
[2019-08-16 15:04:50,467][main][INFO][org.springframework.context.support.PostProcessorRegistrationDelegate$BeanPostProcessorChecker:330] Bean 'org.springframework.transaction.annotation.ProxyTransactionManagementConfiguration' of type [org.springframework.transaction.annotation.ProxyTransactionManagementConfiguration$$EnhancerBySpringCGLIB$$c473d9dd] is not eligible for getting processed by all BeanPostProcessors (for example: not eligible for auto-proxying)
[2019-08-16 15:04:50,753][main][INFO][org.springframework.boot.web.embedded.tomcat.TomcatWebServer:90] Tomcat initialized with port(s): 9095 (http)
[2019-08-16 15:04:50,765][main][INFO][org.apache.coyote.http11.Http11NioProtocol:173] Initializing ProtocolHandler ["http-nio-9095"]
[2019-08-16 15:04:50,774][main][INFO][org.apache.catalina.core.StandardService:173] Starting service [Tomcat]
[2019-08-16 15:04:50,775][main][INFO][org.apache.catalina.core.StandardEngine:173] Starting Servlet engine: [Apache Tomcat/9.0.14]
[2019-08-16 15:04:50,781][main][INFO][org.apache.catalina.core.AprLifecycleListener:173] The APR based Apache Tomcat Native library which allows optimal performance in production environments was not found on the java.library.path: [/Users/clouddxw/Library/Java/Extensions:/Library/Java/Extensions:/Network/Library/Java/Extensions:/System/Library/Java/Extensions:/usr/lib/java:.]
[2019-08-16 15:04:50,851][main][INFO][org.apache.catalina.core.ContainerBase.[Tomcat].[localhost].[/]:173] Initializing Spring embedded WebApplicationContext
[2019-08-16 15:04:50,852][main][INFO][org.springframework.web.context.ContextLoader:296] Root WebApplicationContext: initialization completed in 1252 ms
[2019-08-16 15:04:51,580][main][INFO][org.springframework.scheduling.concurrent.ThreadPoolTaskExecutor:171] Initializing ExecutorService 'applicationTaskExecutor'
[2019-08-16 15:04:51,935][main][INFO][org.apache.coyote.http11.Http11NioProtocol:173] Starting ProtocolHandler ["http-nio-9095"]
[2019-08-16 15:04:51,971][main][INFO][org.springframework.boot.web.embedded.tomcat.TomcatWebServer:204] Tomcat started on port(s): 9095 (http) with context path ''
[2019-08-16 15:04:51,975][main][INFO][com.iresearch.svc.SvcApplication:59] Started SvcApplication in 2.796 seconds (JVM running for 3.861)
[2019-08-16 15:05:53,347][http-nio-9095-exec-1][INFO][org.apache.catalina.core.ContainerBase.[Tomcat].[localhost].[/]:173] Initializing Spring DispatcherServlet 'dispatcherServlet'
[2019-08-16 15:05:53,348][http-nio-9095-exec-1][INFO][org.springframework.web.servlet.DispatcherServlet:524] Initializing Servlet 'dispatcherServlet'
[2019-08-16 15:05:53,355][http-nio-9095-exec-1][INFO][org.springframework.web.servlet.DispatcherServlet:546] Completed initialization in 7 ms
[2019-08-16 15:05:55,354][http-nio-9095-exec-3][INFO][io.lettuce.core.EpollProvider:68] Starting without optional epoll library
[2019-08-16 15:05:55,356][http-nio-9095-exec-3][INFO][io.lettuce.core.KqueueProvider:70] Starting without optional kqueue library
[2019-08-16 15:05:55,463][http-nio-9095-exec-3][INFO][com.zaxxer.hikari.HikariDataSource:110] HikariPool-1 - Starting...
[2019-08-16 15:05:55,733][http-nio-9095-exec-3][INFO][com.zaxxer.hikari.pool.PoolBase:525] HikariPool-1 - Driver does not support get/set network timeout for connections. (不支持此操作。)
[2019-08-16 15:05:55,775][http-nio-9095-exec-3][INFO][com.zaxxer.hikari.HikariDataSource:123] HikariPool-1 - Start completed.
[2019-08-16 15:05:55,878][http-nio-9095-exec-3][INFO][com.iresearch.svc.controller.LoginController:159] com.iresearch.svc.controller.LoginController$1Checkres@725c554e
[2019-08-16 15:05:56,184][http-nio-9095-exec-5][INFO][com.iresearch.svc.controller.IndexController:109] |@|0:0:0:0:0:0:0:1|com.iresearch.svc.bean.LoginUser@2897f06d|首页|打开页面|@|
[2019-08-16 15:06:00,094][http-nio-9095-exec-6][INFO][com.iresearch.svc.controller.LoginInterceptor_v:78] admin
[2019-08-16 15:06:00,095][http-nio-9095-exec-6][INFO][com.iresearch.svc.controller.LoginInterceptor_v:80] 1
[2019-08-16 15:06:06,795][http-nio-9095-exec-8][INFO][com.iresearch.svc.controller.BrandcustomController:166] |@|0:0:0:0:0:0:0:1|com.iresearch.svc.bean.LoginUser@2897f06d|定制品牌详情|打开页面|@|
[2019-08-16 15:19:15,754][Thread-9][INFO][org.springframework.scheduling.concurrent.ThreadPoolTaskExecutor:208] Shutting down ExecutorService 'applicationTaskExecutor'
[2019-08-16 15:19:16,875][Thread-9][INFO][com.zaxxer.hikari.HikariDataSource:350] HikariPool-1 - Shutdown initiated...
[2019-08-16 15:19:16,877][Thread-9][INFO][com.zaxxer.hikari.HikariDataSource:352] HikariPool-1 - Shutdown completed.
[2019-08-16 15:19:20,666][main][INFO][com.iresearch.svc.SvcApplication:50] Starting SvcApplication on mac-clouddxw.local with PID 5808 (/Users/clouddxw/IdeaProjects/svc/target/classes started by clouddxw in /Users/clouddxw/IdeaProjects/svc)
[2019-08-16 15:19:20,673][main][INFO][com.iresearch.svc.SvcApplication:675] No active profile set, falling back to default profiles: default
[2019-08-16 15:19:21,403][main][INFO][org.springframework.data.repository.config.RepositoryConfigurationDelegate:244] Multiple Spring Data modules found, entering strict repository configuration mode!
[2019-08-16 15:19:21,407][main][INFO][org.springframework.data.repository.config.RepositoryConfigurationDelegate:126] Bootstrapping Spring Data repositories in DEFAULT mode.
[2019-08-16 15:19:21,441][main][INFO][org.springframework.data.repository.config.RepositoryConfigurationDelegate:182] Finished Spring Data repository scanning in 21ms. Found 0 repository interfaces.
[2019-08-16 15:19:21,742][main][INFO][org.springframework.context.support.PostProcessorRegistrationDelegate$BeanPostProcessorChecker:330] Bean 'org.springframework.transaction.annotation.ProxyTransactionManagementConfiguration' of type [org.springframework.transaction.annotation.ProxyTransactionManagementConfiguration$$EnhancerBySpringCGLIB$$673436dd] is not eligible for getting processed by all BeanPostProcessors (for example: not eligible for auto-proxying)
[2019-08-16 15:19:22,125][main][INFO][org.springframework.boot.web.embedded.tomcat.TomcatWebServer:90] Tomcat initialized with port(s): 9095 (http)
[2019-08-16 15:19:22,140][main][INFO][org.apache.coyote.http11.Http11NioProtocol:173] Initializing ProtocolHandler ["http-nio-9095"]
[2019-08-16 15:19:22,153][main][INFO][org.apache.catalina.core.StandardService:173] Starting service [Tomcat]
[2019-08-16 15:19:22,154][main][INFO][org.apache.catalina.core.StandardEngine:173] Starting Servlet engine: [Apache Tomcat/9.0.14]
[2019-08-16 15:19:22,161][main][INFO][org.apache.catalina.core.AprLifecycleListener:173] The APR based Apache Tomcat Native library which allows optimal performance in production environments was not found on the java.library.path: [/Users/clouddxw/Library/Java/Extensions:/Library/Java/Extensions:/Network/Library/Java/Extensions:/System/Library/Java/Extensions:/usr/lib/java:.]
[2019-08-16 15:19:22,249][main][INFO][org.apache.catalina.core.ContainerBase.[Tomcat].[localhost].[/]:173] Initializing Spring embedded WebApplicationContext
[2019-08-16 15:19:22,250][main][INFO][org.springframework.web.context.ContextLoader:296] Root WebApplicationContext: initialization completed in 1496 ms
[2019-08-16 15:19:23,075][main][INFO][org.springframework.scheduling.concurrent.ThreadPoolTaskExecutor:171] Initializing ExecutorService 'applicationTaskExecutor'
[2019-08-16 15:19:23,468][main][INFO][org.apache.coyote.http11.Http11NioProtocol:173] Starting ProtocolHandler ["http-nio-9095"]
[2019-08-16 15:19:23,507][main][INFO][org.springframework.boot.web.embedded.tomcat.TomcatWebServer:204] Tomcat started on port(s): 9095 (http) with context path ''
[2019-08-16 15:19:23,510][main][INFO][com.iresearch.svc.SvcApplication:59] Started SvcApplication in 3.26 seconds (JVM running for 4.299)
[2019-08-16 15:19:26,165][http-nio-9095-exec-1][INFO][org.apache.catalina.core.ContainerBase.[Tomcat].[localhost].[/]:173] Initializing Spring DispatcherServlet 'dispatcherServlet'
[2019-08-16 15:19:26,166][http-nio-9095-exec-1][INFO][org.springframework.web.servlet.DispatcherServlet:524] Initializing Servlet 'dispatcherServlet'
[2019-08-16 15:19:26,173][http-nio-9095-exec-1][INFO][org.springframework.web.servlet.DispatcherServlet:546] Completed initialization in 7 ms
[2019-08-16 15:19:27,501][http-nio-9095-exec-3][INFO][io.lettuce.core.EpollProvider:68] Starting without optional epoll library
[2019-08-16 15:19:27,503][http-nio-9095-exec-3][INFO][io.lettuce.core.KqueueProvider:70] Starting without optional kqueue library
[2019-08-16 15:19:27,647][http-nio-9095-exec-3][INFO][com.iresearch.svc.controller.LoginController:159] com.iresearch.svc.controller.LoginController$1Checkres@4ed732df
[2019-08-16 15:19:27,747][http-nio-9095-exec-4][INFO][com.iresearch.svc.controller.IndexController:109] |@|0:0:0:0:0:0:0:1|com.iresearch.svc.bean.LoginUser@54e04279|首页|打开页面|@|
[2019-08-16 15:19:27,962][http-nio-9095-exec-5][INFO][com.iresearch.svc.controller.LoginInterceptor_v:78] admin
[2019-08-16 15:19:27,962][http-nio-9095-exec-5][INFO][com.iresearch.svc.controller.LoginInterceptor_v:80] 1
[2019-08-16 15:19:28,060][http-nio-9095-exec-9][INFO][com.zaxxer.hikari.HikariDataSource:110] HikariPool-1 - Starting...
[2019-08-16 15:19:28,315][http-nio-9095-exec-9][INFO][com.zaxxer.hikari.pool.PoolBase:525] HikariPool-1 - Driver does not support get/set network timeout for connections. (不支持此操作。)
[2019-08-16 15:19:28,355][http-nio-9095-exec-9][INFO][com.zaxxer.hikari.HikariDataSource:123] HikariPool-1 - Start completed.
[2019-08-16 15:19:33,598][http-nio-9095-exec-9][INFO][com.iresearch.svc.controller.AllbrandController:307] |@|0:0:0:0:0:0:0:1|com.iresearch.svc.bean.LoginUser@54e04279|品牌排名与详情|打开页面|@|
[2019-08-16 15:19:53,390][http-nio-9095-exec-10][INFO][com.iresearch.svc.controller.LoginController:159] com.iresearch.svc.controller.LoginController$1Checkres@2ba90b92
[2019-08-16 15:19:53,472][http-nio-9095-exec-1][INFO][com.iresearch.svc.controller.IndexController:109] |@|0:0:0:0:0:0:0:1|com.iresearch.svc.bean.LoginUser@453f7e81|首页|打开页面|@|
[2019-08-16 15:19:58,206][http-nio-9095-exec-2][INFO][com.iresearch.svc.controller.LoginInterceptor_v:78] admin
[2019-08-16 15:19:58,206][http-nio-9095-exec-2][INFO][com.iresearch.svc.controller.LoginInterceptor_v:80] 1
[2019-08-16 15:19:58,363][http-nio-9095-exec-4][INFO][com.iresearch.svc.controller.BrandcustomController:168] |@|0:0:0:0:0:0:0:1|com.iresearch.svc.bean.LoginUser@453f7e81|定制品牌详情|打开页面|@|
[2019-08-16 15:22:32,293][Thread-11][INFO][org.springframework.scheduling.concurrent.ThreadPoolTaskExecutor:208] Shutting down ExecutorService 'applicationTaskExecutor'
[2019-08-16 15:22:33,416][Thread-11][INFO][com.zaxxer.hikari.HikariDataSource:350] HikariPool-1 - Shutdown initiated...
[2019-08-16 15:22:33,418][Thread-11][INFO][com.zaxxer.hikari.HikariDataSource:352] HikariPool-1 - Shutdown completed.
[2019-08-16 15:22:35,752][main][INFO][com.iresearch.svc.SvcApplication:50] Starting SvcApplication on mac-clouddxw.local with PID 5859 (/Users/clouddxw/IdeaProjects/svc/target/classes started by clouddxw in /Users/clouddxw/IdeaProjects/svc)
[2019-08-16 15:22:35,760][main][INFO][com.iresearch.svc.SvcApplication:675] No active profile set, falling back to default profiles: default
[2019-08-16 15:22:36,412][main][INFO][org.springframework.data.repository.config.RepositoryConfigurationDelegate:244] Multiple Spring Data modules found, entering strict repository configuration mode!
[2019-08-16 15:22:36,416][main][INFO][org.springframework.data.repository.config.RepositoryConfigurationDelegate:126] Bootstrapping Spring Data repositories in DEFAULT mode.
[2019-08-16 15:22:36,446][main][INFO][org.springframework.data.repository.config.RepositoryConfigurationDelegate:182] Finished Spring Data repository scanning in 19ms. Found 0 repository interfaces.
[2019-08-16 15:22:36,722][main][INFO][org.springframework.context.support.PostProcessorRegistrationDelegate$BeanPostProcessorChecker:330] Bean 'org.springframework.transaction.annotation.ProxyTransactionManagementConfiguration' of type [org.springframework.transaction.annotation.ProxyTransactionManagementConfiguration$$EnhancerBySpringCGLIB$$ce6f702a] is not eligible for getting processed by all BeanPostProcessors (for example: not eligible for auto-proxying)
[2019-08-16 15:22:37,011][main][INFO][org.springframework.boot.web.embedded.tomcat.TomcatWebServer:90] Tomcat initialized with port(s): 9095 (http)
[2019-08-16 15:22:37,023][main][INFO][org.apache.coyote.http11.Http11NioProtocol:173] Initializing ProtocolHandler ["http-nio-9095"]
[2019-08-16 15:22:37,034][main][INFO][org.apache.catalina.core.StandardService:173] Starting service [Tomcat]
[2019-08-16 15:22:37,034][main][INFO][org.apache.catalina.core.StandardEngine:173] Starting Servlet engine: [Apache Tomcat/9.0.14]
[2019-08-16 15:22:37,040][main][INFO][org.apache.catalina.core.AprLifecycleListener:173] The APR based Apache Tomcat Native library which allows optimal performance in production environments was not found on the java.library.path: [/Users/clouddxw/Library/Java/Extensions:/Library/Java/Extensions:/Network/Library/Java/Extensions:/System/Library/Java/Extensions:/usr/lib/java:.]
[2019-08-16 15:22:37,108][main][INFO][org.apache.catalina.core.ContainerBase.[Tomcat].[localhost].[/]:173] Initializing Spring embedded WebApplicationContext
[2019-08-16 15:22:37,109][main][INFO][org.springframework.web.context.ContextLoader:296] Root WebApplicationContext: initialization completed in 1277 ms
[2019-08-16 15:22:37,822][main][INFO][org.springframework.scheduling.concurrent.ThreadPoolTaskExecutor:171] Initializing ExecutorService 'applicationTaskExecutor'
[2019-08-16 15:22:38,170][main][INFO][org.apache.coyote.http11.Http11NioProtocol:173] Starting ProtocolHandler ["http-nio-9095"]
[2019-08-16 15:22:38,207][main][INFO][org.springframework.boot.web.embedded.tomcat.TomcatWebServer:204] Tomcat started on port(s): 9095 (http) with context path ''
[2019-08-16 15:22:38,211][main][INFO][com.iresearch.svc.SvcApplication:59] Started SvcApplication in 2.82 seconds (JVM running for 3.953)
[2019-08-16 15:22:47,678][http-nio-9095-exec-1][INFO][org.apache.catalina.core.ContainerBase.[Tomcat].[localhost].[/]:173] Initializing Spring DispatcherServlet 'dispatcherServlet'
[2019-08-16 15:22:47,679][http-nio-9095-exec-1][INFO][org.springframework.web.servlet.DispatcherServlet:524] Initializing Servlet 'dispatcherServlet'
[2019-08-16 15:22:47,685][http-nio-9095-exec-1][INFO][org.springframework.web.servlet.DispatcherServlet:546] Completed initialization in 6 ms
[2019-08-16 15:22:49,408][http-nio-9095-exec-3][INFO][io.lettuce.core.EpollProvider:68] Starting without optional epoll library
[2019-08-16 15:22:49,409][http-nio-9095-exec-3][INFO][io.lettuce.core.KqueueProvider:70] Starting without optional kqueue library
[2019-08-16 15:22:49,512][http-nio-9095-exec-3][INFO][com.zaxxer.hikari.HikariDataSource:110] HikariPool-1 - Starting...
[2019-08-16 15:22:49,773][http-nio-9095-exec-3][INFO][com.zaxxer.hikari.pool.PoolBase:525] HikariPool-1 - Driver does not support get/set network timeout for connections. (不支持此操作。)
[2019-08-16 15:22:49,816][http-nio-9095-exec-3][INFO][com.zaxxer.hikari.HikariDataSource:123] HikariPool-1 - Start completed.
[2019-08-16 15:22:49,920][http-nio-9095-exec-3][INFO][com.iresearch.svc.controller.LoginController:159] com.iresearch.svc.controller.LoginController$1Checkres@2e004586
[2019-08-16 15:22:50,189][http-nio-9095-exec-4][INFO][com.iresearch.svc.controller.IndexController:109] |@|0:0:0:0:0:0:0:1|com.iresearch.svc.bean.LoginUser@98a356f|首页|打开页面|@|
[2019-08-16 15:22:53,672][http-nio-9095-exec-5][INFO][com.iresearch.svc.controller.LoginInterceptor_v:78] admin
[2019-08-16 15:22:53,673][http-nio-9095-exec-5][INFO][com.iresearch.svc.controller.LoginInterceptor_v:80] 1
[2019-08-16 15:23:00,725][http-nio-9095-exec-6][INFO][com.iresearch.svc.controller.BrandcustomController:168] |@|0:0:0:0:0:0:0:1|com.iresearch.svc.bean.LoginUser@98a356f|定制品牌详情|打开页面|@|
[2019-08-16 15:29:35,172][Thread-9][INFO][org.springframework.scheduling.concurrent.ThreadPoolTaskExecutor:208] Shutting down ExecutorService 'applicationTaskExecutor'
[2019-08-16 15:29:36,302][Thread-9][INFO][com.zaxxer.hikari.HikariDataSource:350] HikariPool-1 - Shutdown initiated...
[2019-08-16 15:29:36,304][Thread-9][INFO][com.zaxxer.hikari.HikariDataSource:352] HikariPool-1 - Shutdown completed.
[2019-08-16 15:29:39,500][main][INFO][com.iresearch.svc.SvcApplication:50] Starting SvcApplication on mac-clouddxw.local with PID 5972 (/Users/clouddxw/IdeaProjects/svc/target/classes started by clouddxw in /Users/clouddxw/IdeaProjects/svc)
[2019-08-16 15:29:39,508][main][INFO][com.iresearch.svc.SvcApplication:675] No active profile set, falling back to default profiles: default
[2019-08-16 15:29:40,167][main][INFO][org.springframework.data.repository.config.RepositoryConfigurationDelegate:244] Multiple Spring Data modules found, entering strict repository configuration mode!
[2019-08-16 15:29:40,171][main][INFO][org.springframework.data.repository.config.RepositoryConfigurationDelegate:126] Bootstrapping Spring Data repositories in DEFAULT mode.
[2019-08-16 15:29:40,199][main][INFO][org.springframework.data.repository.config.RepositoryConfigurationDelegate:182] Finished Spring Data repository scanning in 18ms. Found 0 repository interfaces.
[2019-08-16 15:29:40,481][main][INFO][org.springframework.context.support.PostProcessorRegistrationDelegate$BeanPostProcessorChecker:330] Bean 'org.springframework.transaction.annotation.ProxyTransactionManagementConfiguration' of type [org.springframework.transaction.annotation.ProxyTransactionManagementConfiguration$$EnhancerBySpringCGLIB$$cc6ec036] is not eligible for getting processed by all BeanPostProcessors (for example: not eligible for auto-proxying)
[2019-08-16 15:29:40,764][main][INFO][org.springframework.boot.web.embedded.tomcat.TomcatWebServer:90] Tomcat initialized with port(s): 9095 (http)
[2019-08-16 15:29:40,777][main][INFO][org.apache.coyote.http11.Http11NioProtocol:173] Initializing ProtocolHandler ["http-nio-9095"]
[2019-08-16 15:29:40,786][main][INFO][org.apache.catalina.core.StandardService:173] Starting service [Tomcat]
[2019-08-16 15:29:40,787][main][INFO][org.apache.catalina.core.StandardEngine:173] Starting Servlet engine: [Apache Tomcat/9.0.14]
[2019-08-16 15:29:40,793][main][INFO][org.apache.catalina.core.AprLifecycleListener:173] The APR based Apache Tomcat Native library which allows optimal performance in production environments was not found on the java.library.path: [/Users/clouddxw/Library/Java/Extensions:/Library/Java/Extensions:/Network/Library/Java/Extensions:/System/Library/Java/Extensions:/usr/lib/java:.]
[2019-08-16 15:29:40,863][main][INFO][org.apache.catalina.core.ContainerBase.[Tomcat].[localhost].[/]:173] Initializing Spring embedded WebApplicationContext
[2019-08-16 15:29:40,863][main][INFO][org.springframework.web.context.ContextLoader:296] Root WebApplicationContext: initialization completed in 1273 ms
[2019-08-16 15:29:41,608][main][INFO][org.springframework.scheduling.concurrent.ThreadPoolTaskExecutor:171] Initializing ExecutorService 'applicationTaskExecutor'
[2019-08-16 15:29:41,972][main][INFO][org.apache.coyote.http11.Http11NioProtocol:173] Starting ProtocolHandler ["http-nio-9095"]
[2019-08-16 15:29:42,009][main][INFO][org.springframework.boot.web.embedded.tomcat.TomcatWebServer:204] Tomcat started on port(s): 9095 (http) with context path ''
[2019-08-16 15:29:42,012][main][INFO][com.iresearch.svc.SvcApplication:59] Started SvcApplication in 2.878 seconds (JVM running for 3.803)
[2019-08-16 15:29:44,990][http-nio-9095-exec-1][INFO][org.apache.catalina.core.ContainerBase.[Tomcat].[localhost].[/]:173] Initializing Spring DispatcherServlet 'dispatcherServlet'
[2019-08-16 15:29:44,990][http-nio-9095-exec-1][INFO][org.springframework.web.servlet.DispatcherServlet:524] Initializing Servlet 'dispatcherServlet'
[2019-08-16 15:29:44,996][http-nio-9095-exec-1][INFO][org.springframework.web.servlet.DispatcherServlet:546] Completed initialization in 6 ms
[2019-08-16 15:29:47,181][http-nio-9095-exec-3][INFO][io.lettuce.core.EpollProvider:68] Starting without optional epoll library
[2019-08-16 15:29:47,183][http-nio-9095-exec-3][INFO][io.lettuce.core.KqueueProvider:70] Starting without optional kqueue library
[2019-08-16 15:29:47,326][http-nio-9095-exec-3][INFO][com.iresearch.svc.controller.LoginController:159] com.iresearch.svc.controller.LoginController$1Checkres@98abc
[2019-08-16 15:29:47,437][http-nio-9095-exec-5][INFO][com.zaxxer.hikari.HikariDataSource:110] HikariPool-1 - Starting...
[2019-08-16 15:29:47,698][http-nio-9095-exec-5][INFO][com.zaxxer.hikari.pool.PoolBase:525] HikariPool-1 - Driver does not support get/set network timeout for connections. (不支持此操作。)
[2019-08-16 15:29:47,739][http-nio-9095-exec-5][INFO][com.zaxxer.hikari.HikariDataSource:123] HikariPool-1 - Start completed.
[2019-08-16 15:29:47,899][http-nio-9095-exec-5][INFO][com.iresearch.svc.controller.IndexController:109] |@|0:0:0:0:0:0:0:1|com.iresearch.svc.bean.LoginUser@7905447|首页|打开页面|@|
[2019-08-16 15:30:07,406][http-nio-9095-exec-7][INFO][com.iresearch.svc.controller.LoginInterceptor_v:78] admin
[2019-08-16 15:30:07,406][http-nio-9095-exec-7][INFO][com.iresearch.svc.controller.LoginInterceptor_v:80] 1
[2019-08-16 15:30:20,248][http-nio-9095-exec-9][INFO][com.iresearch.svc.controller.BrandcustomController:168] |@|0:0:0:0:0:0:0:1|com.iresearch.svc.bean.LoginUser@7905447|定制品牌详情|打开页面|@|
[2019-08-16 15:30:25,078][http-nio-9095-exec-1][INFO][com.iresearch.svc.controller.BrandcustomController:368] |@|0:0:0:0:0:0:0:1|com.iresearch.svc.bean.LoginUser@7905447|定制品牌详情|查看节目详情|@|
[2019-08-16 15:32:23,692][http-nio-9095-exec-3][INFO][com.iresearch.svc.controller.LoginInterceptor_v:78] admin
[2019-08-16 15:32:23,693][http-nio-9095-exec-3][INFO][com.iresearch.svc.controller.LoginInterceptor_v:80] 1
[2019-08-16 15:32:28,114][http-nio-9095-exec-10][INFO][com.iresearch.svc.controller.ShowlibController:90] |@|0:0:0:0:0:0:0:1|com.iresearch.svc.bean.LoginUser@7905447|节目库|打开页面|@|
[2019-08-16 15:33:14,540][Thread-10][INFO][org.springframework.scheduling.concurrent.ThreadPoolTaskExecutor:208] Shutting down ExecutorService 'applicationTaskExecutor'
[2019-08-16 15:33:15,672][Thread-10][INFO][com.zaxxer.hikari.HikariDataSource:350] HikariPool-1 - Shutdown initiated...
[2019-08-16 15:33:15,674][Thread-10][INFO][com.zaxxer.hikari.HikariDataSource:352] HikariPool-1 - Shutdown completed.
