[2019-07-20 11:27:31,900][main][INFO][com.iresearch.svc.SvcApplication:50] Starting SvcApplication on mac-clouddxw.local with PID 47857 (/Users/clouddxw/IdeaProjects/svc/target/classes started by clouddxw in /Users/clouddxw/IdeaProjects/svc)
[2019-07-20 11:27:31,918][main][INFO][com.iresearch.svc.SvcApplication:675] No active profile set, falling back to default profiles: default
[2019-07-20 11:27:32,627][main][INFO][org.springframework.data.repository.config.RepositoryConfigurationDelegate:244] Multiple Spring Data modules found, entering strict repository configuration mode!
[2019-07-20 11:27:32,632][main][INFO][org.springframework.data.repository.config.RepositoryConfigurationDelegate:126] Bootstrapping Spring Data repositories in DEFAULT mode.
[2019-07-20 11:27:32,671][main][INFO][org.springframework.data.repository.config.RepositoryConfigurationDelegate:182] Finished Spring Data repository scanning in 17ms. Found 0 repository interfaces.
[2019-07-20 11:27:32,970][main][INFO][org.springframework.context.support.PostProcessorRegistrationDelegate$BeanPostProcessorChecker:330] Bean 'org.springframework.transaction.annotation.ProxyTransactionManagementConfiguration' of type [org.springframework.transaction.annotation.ProxyTransactionManagementConfiguration$$EnhancerBySpringCGLIB$$b2bf9395] is not eligible for getting processed by all BeanPostProcessors (for example: not eligible for auto-proxying)
[2019-07-20 11:27:33,343][main][INFO][org.springframework.boot.web.embedded.tomcat.TomcatWebServer:90] Tomcat initialized with port(s): 9095 (http)
[2019-07-20 11:27:33,362][main][INFO][org.apache.coyote.http11.Http11NioProtocol:173] Initializing ProtocolHandler ["http-nio-9095"]
[2019-07-20 11:27:33,372][main][INFO][org.apache.catalina.core.StandardService:173] Starting service [Tomcat]
[2019-07-20 11:27:33,372][main][INFO][org.apache.catalina.core.StandardEngine:173] Starting Servlet engine: [Apache Tomcat/9.0.14]
[2019-07-20 11:27:33,380][main][INFO][org.apache.catalina.core.AprLifecycleListener:173] The APR based Apache Tomcat Native library which allows optimal performance in production environments was not found on the java.library.path: [/Users/clouddxw/Library/Java/Extensions:/Library/Java/Extensions:/Network/Library/Java/Extensions:/System/Library/Java/Extensions:/usr/lib/java:.]
[2019-07-20 11:27:33,477][main][INFO][org.apache.catalina.core.ContainerBase.[Tomcat].[localhost].[/]:173] Initializing Spring embedded WebApplicationContext
[2019-07-20 11:27:33,478][main][INFO][org.springframework.web.context.ContextLoader:296] Root WebApplicationContext: initialization completed in 1515 ms
[2019-07-20 11:27:34,512][main][INFO][org.springframework.scheduling.concurrent.ThreadPoolTaskExecutor:171] Initializing ExecutorService 'applicationTaskExecutor'
[2019-07-20 11:27:34,945][main][INFO][org.apache.coyote.http11.Http11NioProtocol:173] Starting ProtocolHandler ["http-nio-9095"]
[2019-07-20 11:27:34,984][main][INFO][org.springframework.boot.web.embedded.tomcat.TomcatWebServer:204] Tomcat started on port(s): 9095 (http) with context path ''
[2019-07-20 11:27:34,988][main][INFO][com.iresearch.svc.SvcApplication:59] Started SvcApplication in 3.42 seconds (JVM running for 4.655)
[2019-07-20 11:27:42,679][http-nio-9095-exec-1][INFO][org.apache.catalina.core.ContainerBase.[Tomcat].[localhost].[/]:173] Initializing Spring DispatcherServlet 'dispatcherServlet'
[2019-07-20 11:27:42,679][http-nio-9095-exec-1][INFO][org.springframework.web.servlet.DispatcherServlet:524] Initializing Servlet 'dispatcherServlet'
[2019-07-20 11:27:42,687][http-nio-9095-exec-1][INFO][org.springframework.web.servlet.DispatcherServlet:546] Completed initialization in 8 ms
[2019-07-20 11:27:47,818][http-nio-9095-exec-6][INFO][io.lettuce.core.EpollProvider:68] Starting without optional epoll library
[2019-07-20 11:27:47,820][http-nio-9095-exec-6][INFO][io.lettuce.core.KqueueProvider:70] Starting without optional kqueue library
[2019-07-20 11:27:47,970][http-nio-9095-exec-6][INFO][com.zaxxer.hikari.HikariDataSource:110] HikariPool-1 - Starting...
[2019-07-20 11:27:48,298][http-nio-9095-exec-6][INFO][com.zaxxer.hikari.pool.PoolBase:525] HikariPool-1 - Driver does not support get/set network timeout for connections. (不支持此操作。)
[2019-07-20 11:27:48,346][http-nio-9095-exec-6][INFO][com.zaxxer.hikari.HikariDataSource:123] HikariPool-1 - Start completed.
[2019-07-20 11:27:48,474][http-nio-9095-exec-6][INFO][com.iresearch.svc.controller.LoginController:165] com.iresearch.svc.controller.LoginController$1Checkres@3f6f1a17
[2019-07-20 11:27:48,496][http-nio-9095-exec-7][INFO][com.iresearch.svc.controller.LoginInterceptor_v:78] admin
[2019-07-20 11:27:48,496][http-nio-9095-exec-7][INFO][com.iresearch.svc.controller.LoginInterceptor_v:80] 1
[2019-07-20 11:28:19,686][Thread-11][INFO][org.springframework.scheduling.concurrent.ThreadPoolTaskExecutor:208] Shutting down ExecutorService 'applicationTaskExecutor'
[2019-07-20 11:28:20,823][Thread-11][INFO][com.zaxxer.hikari.HikariDataSource:350] HikariPool-1 - Shutdown initiated...
[2019-07-20 11:28:20,825][Thread-11][INFO][com.zaxxer.hikari.HikariDataSource:352] HikariPool-1 - Shutdown completed.
[2019-07-20 11:28:23,454][main][INFO][com.iresearch.svc.SvcApplication:50] Starting SvcApplication on mac-clouddxw.local with PID 47871 (/Users/clouddxw/IdeaProjects/svc/target/classes started by clouddxw in /Users/clouddxw/IdeaProjects/svc)
[2019-07-20 11:28:23,462][main][INFO][com.iresearch.svc.SvcApplication:675] No active profile set, falling back to default profiles: default
[2019-07-20 11:28:24,184][main][INFO][org.springframework.data.repository.config.RepositoryConfigurationDelegate:244] Multiple Spring Data modules found, entering strict repository configuration mode!
[2019-07-20 11:28:24,188][main][INFO][org.springframework.data.repository.config.RepositoryConfigurationDelegate:126] Bootstrapping Spring Data repositories in DEFAULT mode.
[2019-07-20 11:28:24,219][main][INFO][org.springframework.data.repository.config.RepositoryConfigurationDelegate:182] Finished Spring Data repository scanning in 20ms. Found 0 repository interfaces.
[2019-07-20 11:28:24,507][main][INFO][org.springframework.context.support.PostProcessorRegistrationDelegate$BeanPostProcessorChecker:330] Bean 'org.springframework.transaction.annotation.ProxyTransactionManagementConfiguration' of type [org.springframework.transaction.annotation.ProxyTransactionManagementConfiguration$$EnhancerBySpringCGLIB$$177a75de] is not eligible for getting processed by all BeanPostProcessors (for example: not eligible for auto-proxying)
[2019-07-20 11:28:24,823][main][INFO][org.springframework.boot.web.embedded.tomcat.TomcatWebServer:90] Tomcat initialized with port(s): 9095 (http)
[2019-07-20 11:28:24,838][main][INFO][org.apache.coyote.http11.Http11NioProtocol:173] Initializing ProtocolHandler ["http-nio-9095"]
[2019-07-20 11:28:24,848][main][INFO][org.apache.catalina.core.StandardService:173] Starting service [Tomcat]
[2019-07-20 11:28:24,849][main][INFO][org.apache.catalina.core.StandardEngine:173] Starting Servlet engine: [Apache Tomcat/9.0.14]
[2019-07-20 11:28:24,858][main][INFO][org.apache.catalina.core.AprLifecycleListener:173] The APR based Apache Tomcat Native library which allows optimal performance in production environments was not found on the java.library.path: [/Users/clouddxw/Library/Java/Extensions:/Library/Java/Extensions:/Network/Library/Java/Extensions:/System/Library/Java/Extensions:/usr/lib/java:.]
[2019-07-20 11:28:24,931][main][INFO][org.apache.catalina.core.ContainerBase.[Tomcat].[localhost].[/]:173] Initializing Spring embedded WebApplicationContext
[2019-07-20 11:28:24,931][main][INFO][org.springframework.web.context.ContextLoader:296] Root WebApplicationContext: initialization completed in 1417 ms
[2019-07-20 11:28:25,673][main][INFO][org.springframework.scheduling.concurrent.ThreadPoolTaskExecutor:171] Initializing ExecutorService 'applicationTaskExecutor'
[2019-07-20 11:28:26,032][main][INFO][org.apache.coyote.http11.Http11NioProtocol:173] Starting ProtocolHandler ["http-nio-9095"]
[2019-07-20 11:28:26,074][main][INFO][org.springframework.boot.web.embedded.tomcat.TomcatWebServer:204] Tomcat started on port(s): 9095 (http) with context path ''
[2019-07-20 11:28:26,079][main][INFO][com.iresearch.svc.SvcApplication:59] Started SvcApplication in 2.929 seconds (JVM running for 4.21)
[2019-07-20 11:28:52,268][http-nio-9095-exec-1][INFO][org.apache.catalina.core.ContainerBase.[Tomcat].[localhost].[/]:173] Initializing Spring DispatcherServlet 'dispatcherServlet'
[2019-07-20 11:28:52,268][http-nio-9095-exec-1][INFO][org.springframework.web.servlet.DispatcherServlet:524] Initializing Servlet 'dispatcherServlet'
[2019-07-20 11:28:52,275][http-nio-9095-exec-1][INFO][org.springframework.web.servlet.DispatcherServlet:546] Completed initialization in 6 ms
[2019-07-20 11:28:54,498][http-nio-9095-exec-7][INFO][io.lettuce.core.EpollProvider:68] Starting without optional epoll library
[2019-07-20 11:28:54,500][http-nio-9095-exec-7][INFO][io.lettuce.core.KqueueProvider:70] Starting without optional kqueue library
[2019-07-20 11:28:54,669][http-nio-9095-exec-7][INFO][com.iresearch.svc.controller.LoginController:165] com.iresearch.svc.controller.LoginController$1Checkres@1e4b5bab
[2019-07-20 11:28:54,696][http-nio-9095-exec-8][INFO][com.iresearch.svc.controller.LoginInterceptor_v:78] admin
[2019-07-20 11:28:54,696][http-nio-9095-exec-8][INFO][com.iresearch.svc.controller.LoginInterceptor_v:80] 1
[2019-07-20 11:28:55,376][http-nio-9095-exec-4][INFO][com.zaxxer.hikari.HikariDataSource:110] HikariPool-1 - Starting...
[2019-07-20 11:28:55,598][http-nio-9095-exec-4][INFO][com.zaxxer.hikari.pool.PoolBase:525] HikariPool-1 - Driver does not support get/set network timeout for connections. (不支持此操作。)
[2019-07-20 11:28:55,633][http-nio-9095-exec-4][INFO][com.zaxxer.hikari.HikariDataSource:123] HikariPool-1 - Start completed.
[2019-07-20 11:28:56,624][http-nio-9095-exec-4][INFO][com.iresearch.svc.controller.IndexController:115] |@|0:0:0:0:0:0:0:1|com.iresearch.svc.bean.LoginUser@461f3a31|首页|打开页面|@|
[2019-07-20 11:29:00,657][http-nio-9095-exec-7][INFO][com.iresearch.svc.controller.LoginInterceptor_v:78] admin
[2019-07-20 11:29:00,658][http-nio-9095-exec-7][INFO][com.iresearch.svc.controller.LoginInterceptor_v:80] 1
[2019-07-20 11:38:23,461][http-nio-9095-exec-5][INFO][com.iresearch.svc.controller.LoginInterceptor_v:78] admin
[2019-07-20 11:38:23,461][http-nio-9095-exec-5][INFO][com.iresearch.svc.controller.LoginInterceptor_v:80] 1
[2019-07-20 11:38:27,222][http-nio-9095-exec-4][INFO][com.iresearch.svc.controller.ShowlibController:97] |@|0:0:0:0:0:0:0:1|com.iresearch.svc.bean.LoginUser@461f3a31|节目库|打开页面|@|
[2019-07-20 11:44:58,785][http-nio-9095-exec-8][INFO][com.iresearch.svc.controller.LoginInterceptor_v:78] admin
[2019-07-20 11:44:58,785][http-nio-9095-exec-8][INFO][com.iresearch.svc.controller.LoginInterceptor_v:80] 1
[2019-07-20 11:44:58,836][http-nio-9095-exec-3][INFO][com.iresearch.svc.controller.ShowlibController:97] |@|0:0:0:0:0:0:0:1|com.iresearch.svc.bean.LoginUser@461f3a31|节目库|打开页面|@|
[2019-07-20 11:47:25,285][http-nio-9095-exec-2][INFO][com.iresearch.svc.controller.LoginInterceptor_v:78] admin
[2019-07-20 11:47:25,286][http-nio-9095-exec-2][INFO][com.iresearch.svc.controller.LoginInterceptor_v:80] 1
[2019-07-20 11:47:25,356][http-nio-9095-exec-10][INFO][com.iresearch.svc.controller.ShowlibController:97] |@|0:0:0:0:0:0:0:1|com.iresearch.svc.bean.LoginUser@461f3a31|节目库|打开页面|@|
[2019-07-20 12:08:14,447][Thread-9][INFO][org.springframework.scheduling.concurrent.ThreadPoolTaskExecutor:208] Shutting down ExecutorService 'applicationTaskExecutor'
[2019-07-20 12:08:15,565][Thread-9][INFO][com.zaxxer.hikari.HikariDataSource:350] HikariPool-1 - Shutdown initiated...
[2019-07-20 12:08:15,567][Thread-9][INFO][com.zaxxer.hikari.HikariDataSource:352] HikariPool-1 - Shutdown completed.
[2019-07-20 12:57:16,112][main][INFO][com.iresearch.svc.SvcApplication:50] Starting SvcApplication on mac-clouddxw.local with PID 48567 (/Users/clouddxw/IdeaProjects/svc/target/classes started by clouddxw in /Users/clouddxw/IdeaProjects/svc)
[2019-07-20 12:57:16,119][main][INFO][com.iresearch.svc.SvcApplication:675] No active profile set, falling back to default profiles: default
[2019-07-20 12:57:16,764][main][INFO][org.springframework.data.repository.config.RepositoryConfigurationDelegate:244] Multiple Spring Data modules found, entering strict repository configuration mode!
[2019-07-20 12:57:16,768][main][INFO][org.springframework.data.repository.config.RepositoryConfigurationDelegate:126] Bootstrapping Spring Data repositories in DEFAULT mode.
[2019-07-20 12:57:16,796][main][INFO][org.springframework.data.repository.config.RepositoryConfigurationDelegate:182] Finished Spring Data repository scanning in 18ms. Found 0 repository interfaces.
[2019-07-20 12:57:17,039][main][INFO][org.springframework.context.support.PostProcessorRegistrationDelegate$BeanPostProcessorChecker:330] Bean 'org.springframework.transaction.annotation.ProxyTransactionManagementConfiguration' of type [org.springframework.transaction.annotation.ProxyTransactionManagementConfiguration$$EnhancerBySpringCGLIB$$e188f483] is not eligible for getting processed by all BeanPostProcessors (for example: not eligible for auto-proxying)
[2019-07-20 12:57:17,314][main][INFO][org.springframework.boot.web.embedded.tomcat.TomcatWebServer:90] Tomcat initialized with port(s): 80 (http)
[2019-07-20 12:57:17,328][main][INFO][org.apache.coyote.http11.Http11NioProtocol:173] Initializing ProtocolHandler ["http-nio-80"]
[2019-07-20 12:57:17,337][main][INFO][org.apache.catalina.core.StandardService:173] Starting service [Tomcat]
[2019-07-20 12:57:17,338][main][INFO][org.apache.catalina.core.StandardEngine:173] Starting Servlet engine: [Apache Tomcat/9.0.14]
[2019-07-20 12:57:17,345][main][INFO][org.apache.catalina.core.AprLifecycleListener:173] The APR based Apache Tomcat Native library which allows optimal performance in production environments was not found on the java.library.path: [/Users/clouddxw/Library/Java/Extensions:/Library/Java/Extensions:/Network/Library/Java/Extensions:/System/Library/Java/Extensions:/usr/lib/java:.]
[2019-07-20 12:57:39,034][main][INFO][com.iresearch.svc.SvcApplication:50] Starting SvcApplication on mac-clouddxw.local with PID 48574 (/Users/clouddxw/IdeaProjects/svc/target/classes started by clouddxw in /Users/clouddxw/IdeaProjects/svc)
[2019-07-20 12:57:39,042][main][INFO][com.iresearch.svc.SvcApplication:675] No active profile set, falling back to default profiles: default
[2019-07-20 12:57:39,706][main][INFO][org.springframework.data.repository.config.RepositoryConfigurationDelegate:244] Multiple Spring Data modules found, entering strict repository configuration mode!
[2019-07-20 12:57:39,710][main][INFO][org.springframework.data.repository.config.RepositoryConfigurationDelegate:126] Bootstrapping Spring Data repositories in DEFAULT mode.
[2019-07-20 12:57:39,741][main][INFO][org.springframework.data.repository.config.RepositoryConfigurationDelegate:182] Finished Spring Data repository scanning in 19ms. Found 0 repository interfaces.
[2019-07-20 12:57:40,047][main][INFO][org.springframework.context.support.PostProcessorRegistrationDelegate$BeanPostProcessorChecker:330] Bean 'org.springframework.transaction.annotation.ProxyTransactionManagementConfiguration' of type [org.springframework.transaction.annotation.ProxyTransactionManagementConfiguration$$EnhancerBySpringCGLIB$$25e76985] is not eligible for getting processed by all BeanPostProcessors (for example: not eligible for auto-proxying)
[2019-07-20 12:57:40,284][main][INFO][org.springframework.boot.web.embedded.tomcat.TomcatWebServer:90] Tomcat initialized with port(s): 9095 (http)
[2019-07-20 12:57:40,296][main][INFO][org.apache.coyote.http11.Http11NioProtocol:173] Initializing ProtocolHandler ["http-nio-9095"]
[2019-07-20 12:57:40,304][main][INFO][org.apache.catalina.core.StandardService:173] Starting service [Tomcat]
[2019-07-20 12:57:40,305][main][INFO][org.apache.catalina.core.StandardEngine:173] Starting Servlet engine: [Apache Tomcat/9.0.14]
[2019-07-20 12:57:40,311][main][INFO][org.apache.catalina.core.AprLifecycleListener:173] The APR based Apache Tomcat Native library which allows optimal performance in production environments was not found on the java.library.path: [/Users/clouddxw/Library/Java/Extensions:/Library/Java/Extensions:/Network/Library/Java/Extensions:/System/Library/Java/Extensions:/usr/lib/java:.]
[2019-07-20 12:57:40,376][main][INFO][org.apache.catalina.core.ContainerBase.[Tomcat].[localhost].[/]:173] Initializing Spring embedded WebApplicationContext
[2019-07-20 12:57:40,376][main][INFO][org.springframework.web.context.ContextLoader:296] Root WebApplicationContext: initialization completed in 1284 ms
[2019-07-20 12:57:41,067][main][INFO][org.springframework.scheduling.concurrent.ThreadPoolTaskExecutor:171] Initializing ExecutorService 'applicationTaskExecutor'
[2019-07-20 12:57:41,395][main][INFO][org.apache.coyote.http11.Http11NioProtocol:173] Starting ProtocolHandler ["http-nio-9095"]
[2019-07-20 12:57:41,432][main][INFO][org.springframework.boot.web.embedded.tomcat.TomcatWebServer:204] Tomcat started on port(s): 9095 (http) with context path ''
[2019-07-20 12:57:41,435][main][INFO][com.iresearch.svc.SvcApplication:59] Started SvcApplication in 2.713 seconds (JVM running for 3.518)
[2019-07-20 12:57:53,126][http-nio-9095-exec-2][INFO][org.apache.catalina.core.ContainerBase.[Tomcat].[localhost].[/]:173] Initializing Spring DispatcherServlet 'dispatcherServlet'
[2019-07-20 12:57:53,126][http-nio-9095-exec-2][INFO][org.springframework.web.servlet.DispatcherServlet:524] Initializing Servlet 'dispatcherServlet'
[2019-07-20 12:57:53,135][http-nio-9095-exec-2][INFO][org.springframework.web.servlet.DispatcherServlet:546] Completed initialization in 9 ms
[2019-07-20 12:57:59,219][http-nio-9095-exec-6][INFO][io.lettuce.core.EpollProvider:68] Starting without optional epoll library
[2019-07-20 12:57:59,220][http-nio-9095-exec-6][INFO][io.lettuce.core.KqueueProvider:70] Starting without optional kqueue library
[2019-07-20 12:57:59,331][http-nio-9095-exec-6][INFO][com.zaxxer.hikari.HikariDataSource:110] HikariPool-1 - Starting...
[2019-07-20 12:57:59,610][http-nio-9095-exec-6][INFO][com.zaxxer.hikari.pool.PoolBase:525] HikariPool-1 - Driver does not support get/set network timeout for connections. (不支持此操作。)
[2019-07-20 12:57:59,669][http-nio-9095-exec-6][INFO][com.zaxxer.hikari.HikariDataSource:123] HikariPool-1 - Start completed.
[2019-07-20 12:57:59,768][http-nio-9095-exec-6][INFO][com.iresearch.svc.controller.LoginController:165] com.iresearch.svc.controller.LoginController$1Checkres@7071eba0
[2019-07-20 12:57:59,790][http-nio-9095-exec-7][INFO][com.iresearch.svc.controller.LoginInterceptor_v:78] admin
[2019-07-20 12:57:59,791][http-nio-9095-exec-7][INFO][com.iresearch.svc.controller.LoginInterceptor_v:80] 1
[2019-07-20 12:58:00,038][http-nio-9095-exec-3][INFO][com.iresearch.svc.controller.IndexController:115] |@|0:0:0:0:0:0:0:1|com.iresearch.svc.bean.LoginUser@4e166811|首页|打开页面|@|
[2019-07-20 12:58:08,593][http-nio-9095-exec-7][INFO][com.iresearch.svc.controller.LoginInterceptor_v:78] admin
[2019-07-20 12:58:08,594][http-nio-9095-exec-7][INFO][com.iresearch.svc.controller.LoginInterceptor_v:80] 1
[2019-07-20 13:02:03,448][Thread-9][INFO][org.springframework.scheduling.concurrent.ThreadPoolTaskExecutor:208] Shutting down ExecutorService 'applicationTaskExecutor'
[2019-07-20 13:02:04,577][Thread-9][INFO][com.zaxxer.hikari.HikariDataSource:350] HikariPool-1 - Shutdown initiated...
[2019-07-20 13:02:04,579][Thread-9][INFO][com.zaxxer.hikari.HikariDataSource:352] HikariPool-1 - Shutdown completed.
