[2019-03-26 17:28:18,211][main][INFO][com.iresearch.svc.SvcApplication:50] Starting SvcApplication on mac-clouddxw.local with PID 1894 (/Users/clouddxw/IdeaProjects/svc/target/classes started by clouddxw in /Users/clouddxw/IdeaProjects/svc)
[2019-03-26 17:28:18,233][main][INFO][com.iresearch.svc.SvcApplication:675] No active profile set, falling back to default profiles: default
[2019-03-26 17:28:18,932][main][INFO][org.springframework.data.repository.config.RepositoryConfigurationDelegate:244] Multiple Spring Data modules found, entering strict repository configuration mode!
[2019-03-26 17:28:18,937][main][INFO][org.springframework.data.repository.config.RepositoryConfigurationDelegate:126] Bootstrapping Spring Data repositories in DEFAULT mode.
[2019-03-26 17:28:18,977][main][INFO][org.springframework.data.repository.config.RepositoryConfigurationDelegate:182] Finished Spring Data repository scanning in 19ms. Found 0 repository interfaces.
[2019-03-26 17:28:19,286][main][INFO][org.springframework.context.support.PostProcessorRegistrationDelegate$BeanPostProcessorChecker:330] Bean 'org.springframework.transaction.annotation.ProxyTransactionManagementConfiguration' of type [org.springframework.transaction.annotation.ProxyTransactionManagementConfiguration$$EnhancerBySpringCGLIB$$babfe61d] is not eligible for getting processed by all BeanPostProcessors (for example: not eligible for auto-proxying)
[2019-03-26 17:28:19,587][main][INFO][org.springframework.boot.web.embedded.tomcat.TomcatWebServer:90] Tomcat initialized with port(s): 9095 (http)
[2019-03-26 17:28:19,605][main][INFO][org.apache.coyote.http11.Http11NioProtocol:173] Initializing ProtocolHandler ["http-nio-9095"]
[2019-03-26 17:28:19,622][main][INFO][org.apache.catalina.core.StandardService:173] Starting service [Tomcat]
[2019-03-26 17:28:19,623][main][INFO][org.apache.catalina.core.StandardEngine:173] Starting Servlet engine: [Apache Tomcat/9.0.14]
[2019-03-26 17:28:19,630][main][INFO][org.apache.catalina.core.AprLifecycleListener:173] The APR based Apache Tomcat Native library which allows optimal performance in production environments was not found on the java.library.path: [/Users/clouddxw/Library/Java/Extensions:/Library/Java/Extensions:/Network/Library/Java/Extensions:/System/Library/Java/Extensions:/usr/lib/java:.]
[2019-03-26 17:28:19,725][main][INFO][org.apache.catalina.core.ContainerBase.[Tomcat].[localhost].[/]:173] Initializing Spring embedded WebApplicationContext
[2019-03-26 17:28:19,725][main][INFO][org.springframework.web.context.ContextLoader:296] Root WebApplicationContext: initialization completed in 1450 ms
[2019-03-26 17:28:20,704][main][INFO][org.springframework.scheduling.concurrent.ThreadPoolTaskExecutor:171] Initializing ExecutorService 'applicationTaskExecutor'
[2019-03-26 17:28:20,827][main][INFO][org.springframework.boot.autoconfigure.web.servlet.WelcomePageHandlerMapping:56] Adding welcome page: class path resource [static/index.html]
[2019-03-26 17:28:21,129][main][INFO][org.apache.coyote.http11.Http11NioProtocol:173] Starting ProtocolHandler ["http-nio-9095"]
[2019-03-26 17:28:21,172][main][INFO][org.springframework.boot.web.embedded.tomcat.TomcatWebServer:204] Tomcat started on port(s): 9095 (http) with context path ''
[2019-03-26 17:28:21,176][main][INFO][com.iresearch.svc.SvcApplication:59] Started SvcApplication in 28.316 seconds (JVM running for 39.329)
[2019-03-26 17:29:22,494][http-nio-9095-exec-1][INFO][org.apache.catalina.core.ContainerBase.[Tomcat].[localhost].[/]:173] Initializing Spring DispatcherServlet 'dispatcherServlet'
[2019-03-26 17:29:22,495][http-nio-9095-exec-1][INFO][org.springframework.web.servlet.DispatcherServlet:524] Initializing Servlet 'dispatcherServlet'
[2019-03-26 17:29:22,502][http-nio-9095-exec-1][INFO][org.springframework.web.servlet.DispatcherServlet:546] Completed initialization in 7 ms
[2019-03-26 17:29:24,489][http-nio-9095-exec-4][INFO][io.lettuce.core.EpollProvider:68] Starting without optional epoll library
[2019-03-26 17:29:24,490][http-nio-9095-exec-4][INFO][io.lettuce.core.KqueueProvider:70] Starting without optional kqueue library
[2019-03-26 17:29:29,645][http-nio-9095-exec-4][INFO][com.zaxxer.hikari.HikariDataSource:110] HikariPool-1 - Starting...
[2019-03-26 17:29:34,958][http-nio-9095-exec-4][INFO][com.zaxxer.hikari.pool.PoolBase:525] HikariPool-1 - Driver does not support get/set network timeout for connections. (不支持此操作。)
[2019-03-26 17:29:35,067][http-nio-9095-exec-4][INFO][com.zaxxer.hikari.HikariDataSource:123] HikariPool-1 - Start completed.
[2019-03-26 20:51:33,310][Thread-69][INFO][org.springframework.scheduling.concurrent.ThreadPoolTaskExecutor:208] Shutting down ExecutorService 'applicationTaskExecutor'
[2019-03-26 20:51:34,440][Thread-69][INFO][com.zaxxer.hikari.HikariDataSource:350] HikariPool-1 - Shutdown initiated...
[2019-03-26 20:51:34,442][Thread-69][INFO][com.zaxxer.hikari.HikariDataSource:352] HikariPool-1 - Shutdown completed.
