[2019-03-25 12:01:21,295][main][INFO][com.iresearch.svc.SvcApplication:50] Starting SvcApplication on mac-clouddxw.local with PID 12494 (/Users/clouddxw/IdeaProjects/svc/target/classes started by clouddxw in /Users/clouddxw/IdeaProjects/svc)
[2019-03-25 12:01:21,316][main][INFO][com.iresearch.svc.SvcApplication:675] No active profile set, falling back to default profiles: default
[2019-03-25 12:01:22,015][main][INFO][org.springframework.data.repository.config.RepositoryConfigurationDelegate:244] Multiple Spring Data modules found, entering strict repository configuration mode!
[2019-03-25 12:01:22,019][main][INFO][org.springframework.data.repository.config.RepositoryConfigurationDelegate:126] Bootstrapping Spring Data repositories in DEFAULT mode.
[2019-03-25 12:01:22,053][main][INFO][org.springframework.data.repository.config.RepositoryConfigurationDelegate:182] Finished Spring Data repository scanning in 18ms. Found 0 repository interfaces.
[2019-03-25 12:01:22,358][main][INFO][org.springframework.context.support.PostProcessorRegistrationDelegate$BeanPostProcessorChecker:330] Bean 'org.springframework.transaction.annotation.ProxyTransactionManagementConfiguration' of type [org.springframework.transaction.annotation.ProxyTransactionManagementConfiguration$$EnhancerBySpringCGLIB$$4c3478a9] is not eligible for getting processed by all BeanPostProcessors (for example: not eligible for auto-proxying)
[2019-03-25 12:01:22,708][main][INFO][org.springframework.boot.web.embedded.tomcat.TomcatWebServer:90] Tomcat initialized with port(s): 9095 (http)
[2019-03-25 12:01:22,735][main][INFO][org.apache.coyote.http11.Http11NioProtocol:173] Initializing ProtocolHandler ["http-nio-9095"]
[2019-03-25 12:01:22,744][main][INFO][org.apache.catalina.core.StandardService:173] Starting service [Tomcat]
[2019-03-25 12:01:22,745][main][INFO][org.apache.catalina.core.StandardEngine:173] Starting Servlet engine: [Apache Tomcat/9.0.14]
[2019-03-25 12:01:22,753][main][INFO][org.apache.catalina.core.AprLifecycleListener:173] The APR based Apache Tomcat Native library which allows optimal performance in production environments was not found on the java.library.path: [/Users/clouddxw/Library/Java/Extensions:/Library/Java/Extensions:/Network/Library/Java/Extensions:/System/Library/Java/Extensions:/usr/lib/java:.]
[2019-03-25 12:01:22,851][main][INFO][org.apache.catalina.core.ContainerBase.[Tomcat].[localhost].[/]:173] Initializing Spring embedded WebApplicationContext
[2019-03-25 12:01:22,851][main][INFO][org.springframework.web.context.ContextLoader:296] Root WebApplicationContext: initialization completed in 1488 ms
[2019-03-25 12:01:23,906][main][INFO][org.springframework.scheduling.concurrent.ThreadPoolTaskExecutor:171] Initializing ExecutorService 'applicationTaskExecutor'
[2019-03-25 12:01:24,028][main][INFO][org.springframework.boot.autoconfigure.web.servlet.WelcomePageHandlerMapping:56] Adding welcome page: class path resource [static/index.html]
[2019-03-25 12:01:24,339][main][INFO][org.apache.coyote.http11.Http11NioProtocol:173] Starting ProtocolHandler ["http-nio-9095"]
[2019-03-25 12:01:24,379][main][INFO][org.springframework.boot.web.embedded.tomcat.TomcatWebServer:204] Tomcat started on port(s): 9095 (http) with context path ''
[2019-03-25 12:01:24,383][main][INFO][com.iresearch.svc.SvcApplication:59] Started SvcApplication in 28.458 seconds (JVM running for 39.678)
[2019-03-25 12:14:53,812][Thread-70][INFO][org.springframework.scheduling.concurrent.ThreadPoolTaskExecutor:208] Shutting down ExecutorService 'applicationTaskExecutor'
[2019-03-25 12:15:30,889][main][INFO][com.iresearch.svc.SvcApplication:50] Starting SvcApplication on mac-clouddxw.local with PID 12543 (/Users/clouddxw/IdeaProjects/svc/target/classes started by clouddxw in /Users/clouddxw/IdeaProjects/svc)
[2019-03-25 12:15:30,894][main][INFO][com.iresearch.svc.SvcApplication:675] No active profile set, falling back to default profiles: default
[2019-03-25 12:15:31,382][main][INFO][org.springframework.data.repository.config.RepositoryConfigurationDelegate:244] Multiple Spring Data modules found, entering strict repository configuration mode!
[2019-03-25 12:15:31,385][main][INFO][org.springframework.data.repository.config.RepositoryConfigurationDelegate:126] Bootstrapping Spring Data repositories in DEFAULT mode.
[2019-03-25 12:15:31,412][main][INFO][org.springframework.data.repository.config.RepositoryConfigurationDelegate:182] Finished Spring Data repository scanning in 16ms. Found 0 repository interfaces.
[2019-03-25 12:15:31,663][main][INFO][org.springframework.context.support.PostProcessorRegistrationDelegate$BeanPostProcessorChecker:330] Bean 'org.springframework.transaction.annotation.ProxyTransactionManagementConfiguration' of type [org.springframework.transaction.annotation.ProxyTransactionManagementConfiguration$$EnhancerBySpringCGLIB$$8fb89cf4] is not eligible for getting processed by all BeanPostProcessors (for example: not eligible for auto-proxying)
[2019-03-25 12:15:31,959][main][INFO][org.springframework.boot.web.embedded.tomcat.TomcatWebServer:90] Tomcat initialized with port(s): 9095 (http)
[2019-03-25 12:15:31,972][main][INFO][org.apache.coyote.http11.Http11NioProtocol:173] Initializing ProtocolHandler ["http-nio-9095"]
[2019-03-25 12:15:31,980][main][INFO][org.apache.catalina.core.StandardService:173] Starting service [Tomcat]
[2019-03-25 12:15:31,980][main][INFO][org.apache.catalina.core.StandardEngine:173] Starting Servlet engine: [Apache Tomcat/9.0.14]
[2019-03-25 12:15:31,987][main][INFO][org.apache.catalina.core.AprLifecycleListener:173] The APR based Apache Tomcat Native library which allows optimal performance in production environments was not found on the java.library.path: [/Users/clouddxw/Library/Java/Extensions:/Library/Java/Extensions:/Network/Library/Java/Extensions:/System/Library/Java/Extensions:/usr/lib/java:.]
[2019-03-25 12:15:32,060][main][INFO][org.apache.catalina.core.ContainerBase.[Tomcat].[localhost].[/]:173] Initializing Spring embedded WebApplicationContext
[2019-03-25 12:15:32,060][main][INFO][org.springframework.web.context.ContextLoader:296] Root WebApplicationContext: initialization completed in 1135 ms
[2019-03-25 12:15:32,772][main][INFO][org.springframework.scheduling.concurrent.ThreadPoolTaskExecutor:171] Initializing ExecutorService 'applicationTaskExecutor'
[2019-03-25 12:15:32,868][main][INFO][org.springframework.boot.autoconfigure.web.servlet.WelcomePageHandlerMapping:56] Adding welcome page: class path resource [static/index.html]
[2019-03-25 12:15:33,111][main][INFO][org.apache.coyote.http11.Http11NioProtocol:173] Starting ProtocolHandler ["http-nio-9095"]
[2019-03-25 12:15:33,150][main][INFO][org.springframework.boot.web.embedded.tomcat.TomcatWebServer:204] Tomcat started on port(s): 9095 (http) with context path ''
[2019-03-25 12:15:33,154][main][INFO][com.iresearch.svc.SvcApplication:59] Started SvcApplication in 27.5 seconds (JVM running for 38.308)
[2019-03-25 12:16:34,887][http-nio-9095-exec-1][INFO][org.apache.catalina.core.ContainerBase.[Tomcat].[localhost].[/]:173] Initializing Spring DispatcherServlet 'dispatcherServlet'
[2019-03-25 12:16:34,888][http-nio-9095-exec-1][INFO][org.springframework.web.servlet.DispatcherServlet:524] Initializing Servlet 'dispatcherServlet'
[2019-03-25 12:16:34,896][http-nio-9095-exec-1][INFO][org.springframework.web.servlet.DispatcherServlet:546] Completed initialization in 8 ms
[2019-03-25 12:16:38,173][http-nio-9095-exec-5][INFO][io.lettuce.core.EpollProvider:68] Starting without optional epoll library
[2019-03-25 12:16:38,174][http-nio-9095-exec-5][INFO][io.lettuce.core.KqueueProvider:70] Starting without optional kqueue library
[2019-03-25 12:16:43,351][http-nio-9095-exec-5][INFO][com.zaxxer.hikari.HikariDataSource:110] HikariPool-1 - Starting...
[2019-03-25 12:16:48,742][http-nio-9095-exec-5][INFO][com.zaxxer.hikari.pool.PoolBase:525] HikariPool-1 - Driver does not support get/set network timeout for connections. (不支持此操作。)
[2019-03-25 12:16:48,803][http-nio-9095-exec-5][INFO][com.zaxxer.hikari.HikariDataSource:123] HikariPool-1 - Start completed.
[2019-03-25 12:20:20,411][Thread-68][INFO][org.springframework.scheduling.concurrent.ThreadPoolTaskExecutor:208] Shutting down ExecutorService 'applicationTaskExecutor'
[2019-03-25 12:20:21,535][Thread-68][INFO][com.zaxxer.hikari.HikariDataSource:350] HikariPool-1 - Shutdown initiated...
[2019-03-25 12:20:21,537][Thread-68][INFO][com.zaxxer.hikari.HikariDataSource:352] HikariPool-1 - Shutdown completed.
[2019-03-25 12:20:58,494][main][INFO][com.iresearch.svc.SvcApplication:50] Starting SvcApplication on mac-clouddxw.local with PID 12561 (/Users/clouddxw/IdeaProjects/svc/target/classes started by clouddxw in /Users/clouddxw/IdeaProjects/svc)
[2019-03-25 12:20:58,500][main][INFO][com.iresearch.svc.SvcApplication:675] No active profile set, falling back to default profiles: default
[2019-03-25 12:20:59,022][main][INFO][org.springframework.data.repository.config.RepositoryConfigurationDelegate:244] Multiple Spring Data modules found, entering strict repository configuration mode!
[2019-03-25 12:20:59,026][main][INFO][org.springframework.data.repository.config.RepositoryConfigurationDelegate:126] Bootstrapping Spring Data repositories in DEFAULT mode.
[2019-03-25 12:20:59,053][main][INFO][org.springframework.data.repository.config.RepositoryConfigurationDelegate:182] Finished Spring Data repository scanning in 16ms. Found 0 repository interfaces.
[2019-03-25 12:20:59,283][main][INFO][org.springframework.context.support.PostProcessorRegistrationDelegate$BeanPostProcessorChecker:330] Bean 'org.springframework.transaction.annotation.ProxyTransactionManagementConfiguration' of type [org.springframework.transaction.annotation.ProxyTransactionManagementConfiguration$$EnhancerBySpringCGLIB$$8fb89cf4] is not eligible for getting processed by all BeanPostProcessors (for example: not eligible for auto-proxying)
[2019-03-25 12:20:59,545][main][INFO][org.springframework.boot.web.embedded.tomcat.TomcatWebServer:90] Tomcat initialized with port(s): 9095 (http)
[2019-03-25 12:20:59,557][main][INFO][org.apache.coyote.http11.Http11NioProtocol:173] Initializing ProtocolHandler ["http-nio-9095"]
[2019-03-25 12:20:59,564][main][INFO][org.apache.catalina.core.StandardService:173] Starting service [Tomcat]
[2019-03-25 12:20:59,565][main][INFO][org.apache.catalina.core.StandardEngine:173] Starting Servlet engine: [Apache Tomcat/9.0.14]
[2019-03-25 12:20:59,570][main][INFO][org.apache.catalina.core.AprLifecycleListener:173] The APR based Apache Tomcat Native library which allows optimal performance in production environments was not found on the java.library.path: [/Users/clouddxw/Library/Java/Extensions:/Library/Java/Extensions:/Network/Library/Java/Extensions:/System/Library/Java/Extensions:/usr/lib/java:.]
[2019-03-25 12:20:59,635][main][INFO][org.apache.catalina.core.ContainerBase.[Tomcat].[localhost].[/]:173] Initializing Spring embedded WebApplicationContext
[2019-03-25 12:20:59,635][main][INFO][org.springframework.web.context.ContextLoader:296] Root WebApplicationContext: initialization completed in 1093 ms
[2019-03-25 12:21:00,263][main][INFO][org.springframework.scheduling.concurrent.ThreadPoolTaskExecutor:171] Initializing ExecutorService 'applicationTaskExecutor'
[2019-03-25 12:21:00,349][main][INFO][org.springframework.boot.autoconfigure.web.servlet.WelcomePageHandlerMapping:56] Adding welcome page: class path resource [static/index.html]
[2019-03-25 12:21:00,570][main][INFO][org.apache.coyote.http11.Http11NioProtocol:173] Starting ProtocolHandler ["http-nio-9095"]
[2019-03-25 12:21:00,607][main][INFO][org.springframework.boot.web.embedded.tomcat.TomcatWebServer:204] Tomcat started on port(s): 9095 (http) with context path ''
[2019-03-25 12:21:00,611][main][INFO][com.iresearch.svc.SvcApplication:59] Started SvcApplication in 27.351 seconds (JVM running for 38.203)
[2019-03-25 12:21:08,858][http-nio-9095-exec-1][INFO][org.apache.catalina.core.ContainerBase.[Tomcat].[localhost].[/]:173] Initializing Spring DispatcherServlet 'dispatcherServlet'
[2019-03-25 12:21:08,858][http-nio-9095-exec-1][INFO][org.springframework.web.servlet.DispatcherServlet:524] Initializing Servlet 'dispatcherServlet'
[2019-03-25 12:21:08,866][http-nio-9095-exec-1][INFO][org.springframework.web.servlet.DispatcherServlet:546] Completed initialization in 8 ms
[2019-03-25 12:21:10,865][http-nio-9095-exec-3][INFO][io.lettuce.core.EpollProvider:68] Starting without optional epoll library
[2019-03-25 12:21:10,867][http-nio-9095-exec-3][INFO][io.lettuce.core.KqueueProvider:70] Starting without optional kqueue library
[2019-03-25 12:21:15,992][http-nio-9095-exec-3][INFO][com.zaxxer.hikari.HikariDataSource:110] HikariPool-1 - Starting...
[2019-03-25 12:21:21,263][http-nio-9095-exec-3][INFO][com.zaxxer.hikari.pool.PoolBase:525] HikariPool-1 - Driver does not support get/set network timeout for connections. (不支持此操作。)
[2019-03-25 12:21:21,313][http-nio-9095-exec-3][INFO][com.zaxxer.hikari.HikariDataSource:123] HikariPool-1 - Start completed.
[2019-03-25 12:28:19,065][Thread-67][INFO][org.springframework.scheduling.concurrent.ThreadPoolTaskExecutor:208] Shutting down ExecutorService 'applicationTaskExecutor'
[2019-03-25 12:28:20,186][Thread-67][INFO][com.zaxxer.hikari.HikariDataSource:350] HikariPool-1 - Shutdown initiated...
[2019-03-25 12:28:20,187][Thread-67][INFO][com.zaxxer.hikari.HikariDataSource:352] HikariPool-1 - Shutdown completed.
[2019-03-25 12:28:57,205][main][INFO][com.iresearch.svc.SvcApplication:50] Starting SvcApplication on mac-clouddxw.local with PID 12576 (/Users/clouddxw/IdeaProjects/svc/target/classes started by clouddxw in /Users/clouddxw/IdeaProjects/svc)
[2019-03-25 12:28:57,210][main][INFO][com.iresearch.svc.SvcApplication:675] No active profile set, falling back to default profiles: default
[2019-03-25 12:28:57,683][main][INFO][org.springframework.data.repository.config.RepositoryConfigurationDelegate:244] Multiple Spring Data modules found, entering strict repository configuration mode!
[2019-03-25 12:28:57,686][main][INFO][org.springframework.data.repository.config.RepositoryConfigurationDelegate:126] Bootstrapping Spring Data repositories in DEFAULT mode.
[2019-03-25 12:28:57,712][main][INFO][org.springframework.data.repository.config.RepositoryConfigurationDelegate:182] Finished Spring Data repository scanning in 17ms. Found 0 repository interfaces.
[2019-03-25 12:28:57,956][main][INFO][org.springframework.context.support.PostProcessorRegistrationDelegate$BeanPostProcessorChecker:330] Bean 'org.springframework.transaction.annotation.ProxyTransactionManagementConfiguration' of type [org.springframework.transaction.annotation.ProxyTransactionManagementConfiguration$$EnhancerBySpringCGLIB$$fbb2be47] is not eligible for getting processed by all BeanPostProcessors (for example: not eligible for auto-proxying)
[2019-03-25 12:28:58,249][main][INFO][org.springframework.boot.web.embedded.tomcat.TomcatWebServer:90] Tomcat initialized with port(s): 9095 (http)
[2019-03-25 12:28:58,262][main][INFO][org.apache.coyote.http11.Http11NioProtocol:173] Initializing ProtocolHandler ["http-nio-9095"]
[2019-03-25 12:28:58,270][main][INFO][org.apache.catalina.core.StandardService:173] Starting service [Tomcat]
[2019-03-25 12:28:58,270][main][INFO][org.apache.catalina.core.StandardEngine:173] Starting Servlet engine: [Apache Tomcat/9.0.14]
[2019-03-25 12:28:58,277][main][INFO][org.apache.catalina.core.AprLifecycleListener:173] The APR based Apache Tomcat Native library which allows optimal performance in production environments was not found on the java.library.path: [/Users/clouddxw/Library/Java/Extensions:/Library/Java/Extensions:/Network/Library/Java/Extensions:/System/Library/Java/Extensions:/usr/lib/java:.]
[2019-03-25 12:28:58,349][main][INFO][org.apache.catalina.core.ContainerBase.[Tomcat].[localhost].[/]:173] Initializing Spring embedded WebApplicationContext
[2019-03-25 12:28:58,349][main][INFO][org.springframework.web.context.ContextLoader:296] Root WebApplicationContext: initialization completed in 1109 ms
[2019-03-25 12:28:59,053][main][INFO][org.springframework.scheduling.concurrent.ThreadPoolTaskExecutor:171] Initializing ExecutorService 'applicationTaskExecutor'
[2019-03-25 12:28:59,148][main][INFO][org.springframework.boot.autoconfigure.web.servlet.WelcomePageHandlerMapping:56] Adding welcome page: class path resource [static/index.html]
[2019-03-25 12:28:59,390][main][INFO][org.apache.coyote.http11.Http11NioProtocol:173] Starting ProtocolHandler ["http-nio-9095"]
[2019-03-25 12:28:59,429][main][INFO][org.springframework.boot.web.embedded.tomcat.TomcatWebServer:204] Tomcat started on port(s): 9095 (http) with context path ''
[2019-03-25 12:28:59,433][main][INFO][com.iresearch.svc.SvcApplication:59] Started SvcApplication in 27.462 seconds (JVM running for 38.389)
[2019-03-25 12:29:21,993][http-nio-9095-exec-1][INFO][org.apache.catalina.core.ContainerBase.[Tomcat].[localhost].[/]:173] Initializing Spring DispatcherServlet 'dispatcherServlet'
[2019-03-25 12:29:22,002][http-nio-9095-exec-1][INFO][org.springframework.web.servlet.DispatcherServlet:524] Initializing Servlet 'dispatcherServlet'
[2019-03-25 12:29:22,011][http-nio-9095-exec-1][INFO][org.springframework.web.servlet.DispatcherServlet:546] Completed initialization in 8 ms
[2019-03-25 12:29:23,891][http-nio-9095-exec-3][INFO][io.lettuce.core.EpollProvider:68] Starting without optional epoll library
[2019-03-25 12:29:23,893][http-nio-9095-exec-3][INFO][io.lettuce.core.KqueueProvider:70] Starting without optional kqueue library
[2019-03-25 12:29:29,018][http-nio-9095-exec-3][INFO][com.zaxxer.hikari.HikariDataSource:110] HikariPool-1 - Starting...
[2019-03-25 12:29:34,346][http-nio-9095-exec-3][INFO][com.zaxxer.hikari.pool.PoolBase:525] HikariPool-1 - Driver does not support get/set network timeout for connections. (不支持此操作。)
[2019-03-25 12:29:34,388][http-nio-9095-exec-3][INFO][com.zaxxer.hikari.HikariDataSource:123] HikariPool-1 - Start completed.
[2019-03-25 13:05:29,145][Thread-68][INFO][org.springframework.scheduling.concurrent.ThreadPoolTaskExecutor:208] Shutting down ExecutorService 'applicationTaskExecutor'
[2019-03-25 13:05:30,264][Thread-68][INFO][com.zaxxer.hikari.HikariDataSource:350] HikariPool-1 - Shutdown initiated...
[2019-03-25 13:05:30,265][Thread-68][INFO][com.zaxxer.hikari.HikariDataSource:352] HikariPool-1 - Shutdown completed.
[2019-03-25 13:06:07,310][main][INFO][com.iresearch.svc.SvcApplication:50] Starting SvcApplication on mac-clouddxw.local with PID 12644 (/Users/clouddxw/IdeaProjects/svc/target/classes started by clouddxw in /Users/clouddxw/IdeaProjects/svc)
[2019-03-25 13:06:07,315][main][INFO][com.iresearch.svc.SvcApplication:675] No active profile set, falling back to default profiles: default
[2019-03-25 13:06:07,782][main][INFO][org.springframework.data.repository.config.RepositoryConfigurationDelegate:244] Multiple Spring Data modules found, entering strict repository configuration mode!
[2019-03-25 13:06:07,785][main][INFO][org.springframework.data.repository.config.RepositoryConfigurationDelegate:126] Bootstrapping Spring Data repositories in DEFAULT mode.
[2019-03-25 13:06:07,809][main][INFO][org.springframework.data.repository.config.RepositoryConfigurationDelegate:182] Finished Spring Data repository scanning in 14ms. Found 0 repository interfaces.
[2019-03-25 13:06:08,035][main][INFO][org.springframework.context.support.PostProcessorRegistrationDelegate$BeanPostProcessorChecker:330] Bean 'org.springframework.transaction.annotation.ProxyTransactionManagementConfiguration' of type [org.springframework.transaction.annotation.ProxyTransactionManagementConfiguration$$EnhancerBySpringCGLIB$$a1b5435e] is not eligible for getting processed by all BeanPostProcessors (for example: not eligible for auto-proxying)
[2019-03-25 13:06:08,298][main][INFO][org.springframework.boot.web.embedded.tomcat.TomcatWebServer:90] Tomcat initialized with port(s): 9095 (http)
[2019-03-25 13:06:08,310][main][INFO][org.apache.coyote.http11.Http11NioProtocol:173] Initializing ProtocolHandler ["http-nio-9095"]
[2019-03-25 13:06:08,317][main][INFO][org.apache.catalina.core.StandardService:173] Starting service [Tomcat]
[2019-03-25 13:06:08,317][main][INFO][org.apache.catalina.core.StandardEngine:173] Starting Servlet engine: [Apache Tomcat/9.0.14]
[2019-03-25 13:06:08,323][main][INFO][org.apache.catalina.core.AprLifecycleListener:173] The APR based Apache Tomcat Native library which allows optimal performance in production environments was not found on the java.library.path: [/Users/clouddxw/Library/Java/Extensions:/Library/Java/Extensions:/Network/Library/Java/Extensions:/System/Library/Java/Extensions:/usr/lib/java:.]
[2019-03-25 13:06:08,403][main][INFO][org.apache.catalina.core.ContainerBase.[Tomcat].[localhost].[/]:173] Initializing Spring embedded WebApplicationContext
[2019-03-25 13:06:08,404][main][INFO][org.springframework.web.context.ContextLoader:296] Root WebApplicationContext: initialization completed in 1057 ms
[2019-03-25 13:06:09,173][main][INFO][org.springframework.scheduling.concurrent.ThreadPoolTaskExecutor:171] Initializing ExecutorService 'applicationTaskExecutor'
[2019-03-25 13:06:09,276][main][INFO][org.springframework.boot.autoconfigure.web.servlet.WelcomePageHandlerMapping:56] Adding welcome page: class path resource [static/index.html]
[2019-03-25 13:06:09,529][main][INFO][org.apache.coyote.http11.Http11NioProtocol:173] Starting ProtocolHandler ["http-nio-9095"]
[2019-03-25 13:06:09,569][main][INFO][org.springframework.boot.web.embedded.tomcat.TomcatWebServer:204] Tomcat started on port(s): 9095 (http) with context path ''
[2019-03-25 13:06:09,574][main][INFO][com.iresearch.svc.SvcApplication:59] Started SvcApplication in 27.508 seconds (JVM running for 38.363)
[2019-03-25 13:31:55,271][Thread-68][INFO][org.springframework.scheduling.concurrent.ThreadPoolTaskExecutor:208] Shutting down ExecutorService 'applicationTaskExecutor'
[2019-03-25 13:32:32,358][main][INFO][com.iresearch.svc.SvcApplication:50] Starting SvcApplication on mac-clouddxw.local with PID 12731 (/Users/clouddxw/IdeaProjects/svc/target/classes started by clouddxw in /Users/clouddxw/IdeaProjects/svc)
[2019-03-25 13:32:32,364][main][INFO][com.iresearch.svc.SvcApplication:675] No active profile set, falling back to default profiles: default
[2019-03-25 13:32:32,889][main][INFO][org.springframework.data.repository.config.RepositoryConfigurationDelegate:244] Multiple Spring Data modules found, entering strict repository configuration mode!
[2019-03-25 13:32:32,893][main][INFO][org.springframework.data.repository.config.RepositoryConfigurationDelegate:126] Bootstrapping Spring Data repositories in DEFAULT mode.
[2019-03-25 13:32:32,923][main][INFO][org.springframework.data.repository.config.RepositoryConfigurationDelegate:182] Finished Spring Data repository scanning in 19ms. Found 0 repository interfaces.
[2019-03-25 13:32:33,207][main][INFO][org.springframework.context.support.PostProcessorRegistrationDelegate$BeanPostProcessorChecker:330] Bean 'org.springframework.transaction.annotation.ProxyTransactionManagementConfiguration' of type [org.springframework.transaction.annotation.ProxyTransactionManagementConfiguration$$EnhancerBySpringCGLIB$$a969bb26] is not eligible for getting processed by all BeanPostProcessors (for example: not eligible for auto-proxying)
[2019-03-25 13:32:33,527][main][INFO][org.springframework.boot.web.embedded.tomcat.TomcatWebServer:90] Tomcat initialized with port(s): 9095 (http)
[2019-03-25 13:32:33,542][main][INFO][org.apache.coyote.http11.Http11NioProtocol:173] Initializing ProtocolHandler ["http-nio-9095"]
[2019-03-25 13:32:33,551][main][INFO][org.apache.catalina.core.StandardService:173] Starting service [Tomcat]
[2019-03-25 13:32:33,552][main][INFO][org.apache.catalina.core.StandardEngine:173] Starting Servlet engine: [Apache Tomcat/9.0.14]
[2019-03-25 13:32:33,559][main][INFO][org.apache.catalina.core.AprLifecycleListener:173] The APR based Apache Tomcat Native library which allows optimal performance in production environments was not found on the java.library.path: [/Users/clouddxw/Library/Java/Extensions:/Library/Java/Extensions:/Network/Library/Java/Extensions:/System/Library/Java/Extensions:/usr/lib/java:.]
[2019-03-25 13:32:33,642][main][INFO][org.apache.catalina.core.ContainerBase.[Tomcat].[localhost].[/]:173] Initializing Spring embedded WebApplicationContext
[2019-03-25 13:32:33,642][main][INFO][org.springframework.web.context.ContextLoader:296] Root WebApplicationContext: initialization completed in 1247 ms
[2019-03-25 13:32:34,416][main][INFO][org.springframework.scheduling.concurrent.ThreadPoolTaskExecutor:171] Initializing ExecutorService 'applicationTaskExecutor'
[2019-03-25 13:32:34,515][main][INFO][org.springframework.boot.autoconfigure.web.servlet.WelcomePageHandlerMapping:56] Adding welcome page: class path resource [static/index.html]
[2019-03-25 13:32:34,767][main][INFO][org.apache.coyote.http11.Http11NioProtocol:173] Starting ProtocolHandler ["http-nio-9095"]
[2019-03-25 13:32:34,808][main][INFO][org.springframework.boot.web.embedded.tomcat.TomcatWebServer:204] Tomcat started on port(s): 9095 (http) with context path ''
[2019-03-25 13:32:34,813][main][INFO][com.iresearch.svc.SvcApplication:59] Started SvcApplication in 27.704 seconds (JVM running for 38.653)
[2019-03-25 13:33:04,494][http-nio-9095-exec-1][INFO][org.apache.catalina.core.ContainerBase.[Tomcat].[localhost].[/]:173] Initializing Spring DispatcherServlet 'dispatcherServlet'
[2019-03-25 13:33:04,495][http-nio-9095-exec-1][INFO][org.springframework.web.servlet.DispatcherServlet:524] Initializing Servlet 'dispatcherServlet'
[2019-03-25 13:33:04,502][http-nio-9095-exec-1][INFO][org.springframework.web.servlet.DispatcherServlet:546] Completed initialization in 7 ms
[2019-03-25 13:33:07,021][http-nio-9095-exec-2][INFO][io.lettuce.core.EpollProvider:68] Starting without optional epoll library
[2019-03-25 13:33:07,023][http-nio-9095-exec-2][INFO][io.lettuce.core.KqueueProvider:70] Starting without optional kqueue library
[2019-03-25 13:33:12,139][http-nio-9095-exec-2][INFO][com.zaxxer.hikari.HikariDataSource:110] HikariPool-1 - Starting...
[2019-03-25 13:33:17,415][http-nio-9095-exec-2][INFO][com.zaxxer.hikari.pool.PoolBase:525] HikariPool-1 - Driver does not support get/set network timeout for connections. (不支持此操作。)
[2019-03-25 13:33:17,459][http-nio-9095-exec-2][INFO][com.zaxxer.hikari.HikariDataSource:123] HikariPool-1 - Start completed.
[2019-03-25 13:36:54,349][Thread-68][INFO][org.springframework.scheduling.concurrent.ThreadPoolTaskExecutor:208] Shutting down ExecutorService 'applicationTaskExecutor'
[2019-03-25 13:36:55,472][Thread-68][INFO][com.zaxxer.hikari.HikariDataSource:350] HikariPool-1 - Shutdown initiated...
[2019-03-25 13:36:55,474][Thread-68][INFO][com.zaxxer.hikari.HikariDataSource:352] HikariPool-1 - Shutdown completed.
[2019-03-25 13:37:32,526][main][INFO][com.iresearch.svc.SvcApplication:50] Starting SvcApplication on mac-clouddxw.local with PID 12743 (/Users/clouddxw/IdeaProjects/svc/target/classes started by clouddxw in /Users/clouddxw/IdeaProjects/svc)
[2019-03-25 13:37:32,531][main][INFO][com.iresearch.svc.SvcApplication:675] No active profile set, falling back to default profiles: default
[2019-03-25 13:37:32,999][main][INFO][org.springframework.data.repository.config.RepositoryConfigurationDelegate:244] Multiple Spring Data modules found, entering strict repository configuration mode!
[2019-03-25 13:37:33,002][main][INFO][org.springframework.data.repository.config.RepositoryConfigurationDelegate:126] Bootstrapping Spring Data repositories in DEFAULT mode.
[2019-03-25 13:37:33,029][main][INFO][org.springframework.data.repository.config.RepositoryConfigurationDelegate:182] Finished Spring Data repository scanning in 17ms. Found 0 repository interfaces.
[2019-03-25 13:37:33,270][main][INFO][org.springframework.context.support.PostProcessorRegistrationDelegate$BeanPostProcessorChecker:330] Bean 'org.springframework.transaction.annotation.ProxyTransactionManagementConfiguration' of type [org.springframework.transaction.annotation.ProxyTransactionManagementConfiguration$$EnhancerBySpringCGLIB$$c801f362] is not eligible for getting processed by all BeanPostProcessors (for example: not eligible for auto-proxying)
[2019-03-25 13:37:33,557][main][INFO][org.springframework.boot.web.embedded.tomcat.TomcatWebServer:90] Tomcat initialized with port(s): 9095 (http)
[2019-03-25 13:37:33,570][main][INFO][org.apache.coyote.http11.Http11NioProtocol:173] Initializing ProtocolHandler ["http-nio-9095"]
[2019-03-25 13:37:33,578][main][INFO][org.apache.catalina.core.StandardService:173] Starting service [Tomcat]
[2019-03-25 13:37:33,579][main][INFO][org.apache.catalina.core.StandardEngine:173] Starting Servlet engine: [Apache Tomcat/9.0.14]
[2019-03-25 13:37:33,585][main][INFO][org.apache.catalina.core.AprLifecycleListener:173] The APR based Apache Tomcat Native library which allows optimal performance in production environments was not found on the java.library.path: [/Users/clouddxw/Library/Java/Extensions:/Library/Java/Extensions:/Network/Library/Java/Extensions:/System/Library/Java/Extensions:/usr/lib/java:.]
[2019-03-25 13:37:33,656][main][INFO][org.apache.catalina.core.ContainerBase.[Tomcat].[localhost].[/]:173] Initializing Spring embedded WebApplicationContext
[2019-03-25 13:37:33,657][main][INFO][org.springframework.web.context.ContextLoader:296] Root WebApplicationContext: initialization completed in 1095 ms
[2019-03-25 13:37:34,341][main][INFO][org.springframework.scheduling.concurrent.ThreadPoolTaskExecutor:171] Initializing ExecutorService 'applicationTaskExecutor'
[2019-03-25 13:37:34,433][main][INFO][org.springframework.boot.autoconfigure.web.servlet.WelcomePageHandlerMapping:56] Adding welcome page: class path resource [static/index.html]
[2019-03-25 13:37:34,676][main][INFO][org.apache.coyote.http11.Http11NioProtocol:173] Starting ProtocolHandler ["http-nio-9095"]
[2019-03-25 13:37:34,713][main][INFO][org.springframework.boot.web.embedded.tomcat.TomcatWebServer:204] Tomcat started on port(s): 9095 (http) with context path ''
[2019-03-25 13:37:34,716][main][INFO][com.iresearch.svc.SvcApplication:59] Started SvcApplication in 27.424 seconds (JVM running for 38.343)
[2019-03-25 13:37:44,233][http-nio-9095-exec-1][INFO][org.apache.catalina.core.ContainerBase.[Tomcat].[localhost].[/]:173] Initializing Spring DispatcherServlet 'dispatcherServlet'
[2019-03-25 13:37:44,233][http-nio-9095-exec-1][INFO][org.springframework.web.servlet.DispatcherServlet:524] Initializing Servlet 'dispatcherServlet'
[2019-03-25 13:37:44,241][http-nio-9095-exec-1][INFO][org.springframework.web.servlet.DispatcherServlet:546] Completed initialization in 7 ms
[2019-03-25 13:37:46,092][http-nio-9095-exec-3][INFO][io.lettuce.core.EpollProvider:68] Starting without optional epoll library
[2019-03-25 13:37:46,094][http-nio-9095-exec-3][INFO][io.lettuce.core.KqueueProvider:70] Starting without optional kqueue library
[2019-03-25 13:37:51,195][http-nio-9095-exec-3][INFO][com.zaxxer.hikari.HikariDataSource:110] HikariPool-1 - Starting...
[2019-03-25 13:37:56,463][http-nio-9095-exec-3][INFO][com.zaxxer.hikari.pool.PoolBase:525] HikariPool-1 - Driver does not support get/set network timeout for connections. (不支持此操作。)
[2019-03-25 13:37:56,502][http-nio-9095-exec-3][INFO][com.zaxxer.hikari.HikariDataSource:123] HikariPool-1 - Start completed.
[2019-03-25 13:38:32,391][http-nio-9095-exec-8][INFO][com.iresearch.svc.controller.IndexController:115] |@|0:0:0:0:0:0:0:1|admin|首页|打开页面|@|
[2019-03-25 13:38:57,434][http-nio-9095-exec-9][INFO][com.iresearch.svc.controller.AllshowController:249] |@|0:0:0:0:0:0:0:1|admin|节目排名与详情|打开页面|@|
[2019-03-25 13:45:54,013][Thread-68][INFO][org.springframework.scheduling.concurrent.ThreadPoolTaskExecutor:208] Shutting down ExecutorService 'applicationTaskExecutor'
[2019-03-25 13:45:54,035][Thread-68][INFO][com.zaxxer.hikari.HikariDataSource:350] HikariPool-1 - Shutdown initiated...
[2019-03-25 13:45:54,036][Thread-68][INFO][com.zaxxer.hikari.HikariDataSource:352] HikariPool-1 - Shutdown completed.
[2019-03-25 13:46:31,347][main][INFO][com.iresearch.svc.SvcApplication:50] Starting SvcApplication on mac-clouddxw.local with PID 12781 (/Users/clouddxw/IdeaProjects/svc/target/classes started by clouddxw in /Users/clouddxw/IdeaProjects/svc)
[2019-03-25 13:46:31,352][main][INFO][com.iresearch.svc.SvcApplication:675] No active profile set, falling back to default profiles: default
[2019-03-25 13:46:31,845][main][INFO][org.springframework.data.repository.config.RepositoryConfigurationDelegate:244] Multiple Spring Data modules found, entering strict repository configuration mode!
[2019-03-25 13:46:31,858][main][INFO][org.springframework.data.repository.config.RepositoryConfigurationDelegate:126] Bootstrapping Spring Data repositories in DEFAULT mode.
[2019-03-25 13:46:31,887][main][INFO][org.springframework.data.repository.config.RepositoryConfigurationDelegate:182] Finished Spring Data repository scanning in 18ms. Found 0 repository interfaces.
[2019-03-25 13:46:32,140][main][INFO][org.springframework.context.support.PostProcessorRegistrationDelegate$BeanPostProcessorChecker:330] Bean 'org.springframework.transaction.annotation.ProxyTransactionManagementConfiguration' of type [org.springframework.transaction.annotation.ProxyTransactionManagementConfiguration$$EnhancerBySpringCGLIB$$f7350fad] is not eligible for getting processed by all BeanPostProcessors (for example: not eligible for auto-proxying)
[2019-03-25 13:46:32,437][main][INFO][org.springframework.boot.web.embedded.tomcat.TomcatWebServer:90] Tomcat initialized with port(s): 9095 (http)
[2019-03-25 13:46:32,450][main][INFO][org.apache.coyote.http11.Http11NioProtocol:173] Initializing ProtocolHandler ["http-nio-9095"]
[2019-03-25 13:46:32,459][main][INFO][org.apache.catalina.core.StandardService:173] Starting service [Tomcat]
[2019-03-25 13:46:32,459][main][INFO][org.apache.catalina.core.StandardEngine:173] Starting Servlet engine: [Apache Tomcat/9.0.14]
[2019-03-25 13:46:32,466][main][INFO][org.apache.catalina.core.AprLifecycleListener:173] The APR based Apache Tomcat Native library which allows optimal performance in production environments was not found on the java.library.path: [/Users/clouddxw/Library/Java/Extensions:/Library/Java/Extensions:/Network/Library/Java/Extensions:/System/Library/Java/Extensions:/usr/lib/java:.]
[2019-03-25 13:46:32,538][main][INFO][org.apache.catalina.core.ContainerBase.[Tomcat].[localhost].[/]:173] Initializing Spring embedded WebApplicationContext
[2019-03-25 13:46:32,538][main][INFO][org.springframework.web.context.ContextLoader:296] Root WebApplicationContext: initialization completed in 1155 ms
[2019-03-25 13:46:33,265][main][INFO][org.springframework.scheduling.concurrent.ThreadPoolTaskExecutor:171] Initializing ExecutorService 'applicationTaskExecutor'
[2019-03-25 13:46:33,363][main][INFO][org.springframework.boot.autoconfigure.web.servlet.WelcomePageHandlerMapping:56] Adding welcome page: class path resource [static/index.html]
[2019-03-25 13:46:33,606][main][INFO][org.apache.coyote.http11.Http11NioProtocol:173] Starting ProtocolHandler ["http-nio-9095"]
[2019-03-25 13:46:33,646][main][INFO][org.springframework.boot.web.embedded.tomcat.TomcatWebServer:204] Tomcat started on port(s): 9095 (http) with context path ''
[2019-03-25 13:46:33,650][main][INFO][com.iresearch.svc.SvcApplication:59] Started SvcApplication in 27.548 seconds (JVM running for 38.496)
[2019-03-25 13:46:46,491][http-nio-9095-exec-1][INFO][org.apache.catalina.core.ContainerBase.[Tomcat].[localhost].[/]:173] Initializing Spring DispatcherServlet 'dispatcherServlet'
[2019-03-25 13:46:46,492][http-nio-9095-exec-1][INFO][org.springframework.web.servlet.DispatcherServlet:524] Initializing Servlet 'dispatcherServlet'
[2019-03-25 13:46:46,498][http-nio-9095-exec-1][INFO][org.springframework.web.servlet.DispatcherServlet:546] Completed initialization in 6 ms
[2019-03-25 13:46:48,310][http-nio-9095-exec-6][INFO][io.lettuce.core.EpollProvider:68] Starting without optional epoll library
[2019-03-25 13:46:48,311][http-nio-9095-exec-6][INFO][io.lettuce.core.KqueueProvider:70] Starting without optional kqueue library
[2019-03-25 13:46:53,428][http-nio-9095-exec-6][INFO][com.zaxxer.hikari.HikariDataSource:110] HikariPool-1 - Starting...
[2019-03-25 13:46:58,693][http-nio-9095-exec-6][INFO][com.zaxxer.hikari.pool.PoolBase:525] HikariPool-1 - Driver does not support get/set network timeout for connections. (不支持此操作。)
[2019-03-25 13:46:58,737][http-nio-9095-exec-6][INFO][com.zaxxer.hikari.HikariDataSource:123] HikariPool-1 - Start completed.
[2019-03-25 13:47:00,049][http-nio-9095-exec-3][INFO][com.iresearch.svc.controller.IndexController:115] |@|0:0:0:0:0:0:0:1|admin|首页|打开页面|@|
[2019-03-25 13:47:59,628][http-nio-9095-exec-10][INFO][com.iresearch.svc.controller.AllshowController:249] |@|0:0:0:0:0:0:0:1|admin|节目排名与详情|打开页面|@|
[2019-03-25 13:54:07,057][Thread-68][INFO][org.springframework.scheduling.concurrent.ThreadPoolTaskExecutor:208] Shutting down ExecutorService 'applicationTaskExecutor'
[2019-03-25 13:54:08,174][Thread-68][INFO][com.zaxxer.hikari.HikariDataSource:350] HikariPool-1 - Shutdown initiated...
[2019-03-25 13:54:08,180][Thread-68][INFO][com.zaxxer.hikari.HikariDataSource:352] HikariPool-1 - Shutdown completed.
[2019-03-25 13:54:46,980][main][INFO][com.iresearch.svc.SvcApplication:50] Starting SvcApplication on mac-clouddxw.local with PID 12800 (/Users/clouddxw/IdeaProjects/svc/target/classes started by clouddxw in /Users/clouddxw/IdeaProjects/svc)
[2019-03-25 13:54:46,986][main][INFO][com.iresearch.svc.SvcApplication:675] No active profile set, falling back to default profiles: default
[2019-03-25 13:54:47,414][main][INFO][org.springframework.data.repository.config.RepositoryConfigurationDelegate:244] Multiple Spring Data modules found, entering strict repository configuration mode!
[2019-03-25 13:54:47,416][main][INFO][org.springframework.data.repository.config.RepositoryConfigurationDelegate:126] Bootstrapping Spring Data repositories in DEFAULT mode.
[2019-03-25 13:54:47,440][main][INFO][org.springframework.data.repository.config.RepositoryConfigurationDelegate:182] Finished Spring Data repository scanning in 14ms. Found 0 repository interfaces.
[2019-03-25 13:54:47,657][main][INFO][org.springframework.context.support.PostProcessorRegistrationDelegate$BeanPostProcessorChecker:330] Bean 'org.springframework.transaction.annotation.ProxyTransactionManagementConfiguration' of type [org.springframework.transaction.annotation.ProxyTransactionManagementConfiguration$$EnhancerBySpringCGLIB$$4c3478a9] is not eligible for getting processed by all BeanPostProcessors (for example: not eligible for auto-proxying)
[2019-03-25 13:54:47,920][main][INFO][org.springframework.boot.web.embedded.tomcat.TomcatWebServer:90] Tomcat initialized with port(s): 9095 (http)
[2019-03-25 13:54:47,931][main][INFO][org.apache.coyote.http11.Http11NioProtocol:173] Initializing ProtocolHandler ["http-nio-9095"]
[2019-03-25 13:54:47,938][main][INFO][org.apache.catalina.core.StandardService:173] Starting service [Tomcat]
[2019-03-25 13:54:47,938][main][INFO][org.apache.catalina.core.StandardEngine:173] Starting Servlet engine: [Apache Tomcat/9.0.14]
[2019-03-25 13:54:47,944][main][INFO][org.apache.catalina.core.AprLifecycleListener:173] The APR based Apache Tomcat Native library which allows optimal performance in production environments was not found on the java.library.path: [/Users/clouddxw/Library/Java/Extensions:/Library/Java/Extensions:/Network/Library/Java/Extensions:/System/Library/Java/Extensions:/usr/lib/java:.]
[2019-03-25 13:54:48,008][main][INFO][org.apache.catalina.core.ContainerBase.[Tomcat].[localhost].[/]:173] Initializing Spring embedded WebApplicationContext
[2019-03-25 13:54:48,008][main][INFO][org.springframework.web.context.ContextLoader:296] Root WebApplicationContext: initialization completed in 994 ms
[2019-03-25 13:54:48,634][main][INFO][org.springframework.scheduling.concurrent.ThreadPoolTaskExecutor:171] Initializing ExecutorService 'applicationTaskExecutor'
[2019-03-25 13:54:48,722][main][INFO][org.springframework.boot.autoconfigure.web.servlet.WelcomePageHandlerMapping:56] Adding welcome page: class path resource [static/index.html]
[2019-03-25 13:54:48,964][main][INFO][org.apache.coyote.http11.Http11NioProtocol:173] Starting ProtocolHandler ["http-nio-9095"]
[2019-03-25 13:54:49,003][main][INFO][org.springframework.boot.web.embedded.tomcat.TomcatWebServer:204] Tomcat started on port(s): 9095 (http) with context path ''
[2019-03-25 13:54:49,007][main][INFO][com.iresearch.svc.SvcApplication:59] Started SvcApplication in 27.244 seconds (JVM running for 38.025)
[2019-03-25 13:54:55,323][http-nio-9095-exec-1][INFO][org.apache.catalina.core.ContainerBase.[Tomcat].[localhost].[/]:173] Initializing Spring DispatcherServlet 'dispatcherServlet'
[2019-03-25 13:54:55,323][http-nio-9095-exec-1][INFO][org.springframework.web.servlet.DispatcherServlet:524] Initializing Servlet 'dispatcherServlet'
[2019-03-25 13:54:55,331][http-nio-9095-exec-1][INFO][org.springframework.web.servlet.DispatcherServlet:546] Completed initialization in 7 ms
[2019-03-25 13:54:57,408][http-nio-9095-exec-4][INFO][io.lettuce.core.EpollProvider:68] Starting without optional epoll library
[2019-03-25 13:54:57,410][http-nio-9095-exec-4][INFO][io.lettuce.core.KqueueProvider:70] Starting without optional kqueue library
[2019-03-25 13:55:02,540][http-nio-9095-exec-4][INFO][com.zaxxer.hikari.HikariDataSource:110] HikariPool-1 - Starting...
[2019-03-25 13:55:07,930][http-nio-9095-exec-4][INFO][com.zaxxer.hikari.pool.PoolBase:525] HikariPool-1 - Driver does not support get/set network timeout for connections. (不支持此操作。)
[2019-03-25 13:55:07,973][http-nio-9095-exec-4][INFO][com.zaxxer.hikari.HikariDataSource:123] HikariPool-1 - Start completed.
[2019-03-25 13:55:09,035][http-nio-9095-exec-7][INFO][com.iresearch.svc.controller.IndexController:115] |@|0:0:0:0:0:0:0:1|admin|首页|打开页面|@|
[2019-03-25 13:55:22,476][http-nio-9095-exec-3][INFO][com.iresearch.svc.controller.AllshowController:250] |@|0:0:0:0:0:0:0:1|admin|节目排名与详情|打开页面|@|
[2019-03-25 14:16:20,706][Thread-67][INFO][org.springframework.scheduling.concurrent.ThreadPoolTaskExecutor:208] Shutting down ExecutorService 'applicationTaskExecutor'
[2019-03-25 14:16:21,835][Thread-67][INFO][com.zaxxer.hikari.HikariDataSource:350] HikariPool-1 - Shutdown initiated...
[2019-03-25 14:16:21,836][Thread-67][INFO][com.zaxxer.hikari.HikariDataSource:352] HikariPool-1 - Shutdown completed.
[2019-03-25 14:17:00,242][main][INFO][com.iresearch.svc.SvcApplication:50] Starting SvcApplication on mac-clouddxw.local with PID 12836 (/Users/clouddxw/IdeaProjects/svc/target/classes started by clouddxw in /Users/clouddxw/IdeaProjects/svc)
[2019-03-25 14:17:00,247][main][INFO][com.iresearch.svc.SvcApplication:675] No active profile set, falling back to default profiles: default
[2019-03-25 14:17:00,773][main][INFO][org.springframework.data.repository.config.RepositoryConfigurationDelegate:244] Multiple Spring Data modules found, entering strict repository configuration mode!
[2019-03-25 14:17:00,776][main][INFO][org.springframework.data.repository.config.RepositoryConfigurationDelegate:126] Bootstrapping Spring Data repositories in DEFAULT mode.
[2019-03-25 14:17:00,803][main][INFO][org.springframework.data.repository.config.RepositoryConfigurationDelegate:182] Finished Spring Data repository scanning in 17ms. Found 0 repository interfaces.
[2019-03-25 14:17:01,071][main][INFO][org.springframework.context.support.PostProcessorRegistrationDelegate$BeanPostProcessorChecker:330] Bean 'org.springframework.transaction.annotation.ProxyTransactionManagementConfiguration' of type [org.springframework.transaction.annotation.ProxyTransactionManagementConfiguration$$EnhancerBySpringCGLIB$$31425761] is not eligible for getting processed by all BeanPostProcessors (for example: not eligible for auto-proxying)
[2019-03-25 14:17:01,388][main][INFO][org.springframework.boot.web.embedded.tomcat.TomcatWebServer:90] Tomcat initialized with port(s): 9095 (http)
[2019-03-25 14:17:01,401][main][INFO][org.apache.coyote.http11.Http11NioProtocol:173] Initializing ProtocolHandler ["http-nio-9095"]
[2019-03-25 14:17:01,410][main][INFO][org.apache.catalina.core.StandardService:173] Starting service [Tomcat]
[2019-03-25 14:17:01,410][main][INFO][org.apache.catalina.core.StandardEngine:173] Starting Servlet engine: [Apache Tomcat/9.0.14]
[2019-03-25 14:17:01,417][main][INFO][org.apache.catalina.core.AprLifecycleListener:173] The APR based Apache Tomcat Native library which allows optimal performance in production environments was not found on the java.library.path: [/Users/clouddxw/Library/Java/Extensions:/Library/Java/Extensions:/Network/Library/Java/Extensions:/System/Library/Java/Extensions:/usr/lib/java:.]
[2019-03-25 14:17:01,492][main][INFO][org.apache.catalina.core.ContainerBase.[Tomcat].[localhost].[/]:173] Initializing Spring embedded WebApplicationContext
[2019-03-25 14:17:01,493][main][INFO][org.springframework.web.context.ContextLoader:296] Root WebApplicationContext: initialization completed in 1213 ms
[2019-03-25 14:17:02,253][main][INFO][org.springframework.scheduling.concurrent.ThreadPoolTaskExecutor:171] Initializing ExecutorService 'applicationTaskExecutor'
[2019-03-25 14:17:02,369][main][INFO][org.springframework.boot.autoconfigure.web.servlet.WelcomePageHandlerMapping:56] Adding welcome page: class path resource [static/index.html]
[2019-03-25 14:17:02,624][main][INFO][org.apache.coyote.http11.Http11NioProtocol:173] Starting ProtocolHandler ["http-nio-9095"]
[2019-03-25 14:17:02,666][main][INFO][org.springframework.boot.web.embedded.tomcat.TomcatWebServer:204] Tomcat started on port(s): 9095 (http) with context path ''
[2019-03-25 14:17:02,670][main][INFO][com.iresearch.svc.SvcApplication:59] Started SvcApplication in 27.665 seconds (JVM running for 38.505)
[2019-03-25 14:17:21,295][http-nio-9095-exec-1][INFO][org.apache.catalina.core.ContainerBase.[Tomcat].[localhost].[/]:173] Initializing Spring DispatcherServlet 'dispatcherServlet'
[2019-03-25 14:17:21,296][http-nio-9095-exec-1][INFO][org.springframework.web.servlet.DispatcherServlet:524] Initializing Servlet 'dispatcherServlet'
[2019-03-25 14:17:21,303][http-nio-9095-exec-1][INFO][org.springframework.web.servlet.DispatcherServlet:546] Completed initialization in 7 ms
[2019-03-25 14:17:23,009][http-nio-9095-exec-4][INFO][io.lettuce.core.EpollProvider:68] Starting without optional epoll library
[2019-03-25 14:17:23,011][http-nio-9095-exec-4][INFO][io.lettuce.core.KqueueProvider:70] Starting without optional kqueue library
[2019-03-25 14:17:28,290][http-nio-9095-exec-7][INFO][com.iresearch.svc.controller.IndexController:115] |@|0:0:0:0:0:0:0:1|admin|首页|打开页面|@|
[2019-03-25 14:17:38,315][http-nio-9095-exec-3][INFO][com.zaxxer.hikari.HikariDataSource:110] HikariPool-1 - Starting...
[2019-03-25 14:17:43,601][http-nio-9095-exec-3][INFO][com.zaxxer.hikari.pool.PoolBase:525] HikariPool-1 - Driver does not support get/set network timeout for connections. (不支持此操作。)
[2019-03-25 14:17:43,641][http-nio-9095-exec-3][INFO][com.zaxxer.hikari.HikariDataSource:123] HikariPool-1 - Start completed.
[2019-03-25 14:17:45,068][http-nio-9095-exec-3][INFO][com.iresearch.svc.controller.AllshowController:250] |@|0:0:0:0:0:0:0:1|admin|节目排名与详情|打开页面|@|
[2019-03-25 14:28:22,550][Thread-68][INFO][org.springframework.scheduling.concurrent.ThreadPoolTaskExecutor:208] Shutting down ExecutorService 'applicationTaskExecutor'
[2019-03-25 14:28:23,675][Thread-68][INFO][com.zaxxer.hikari.HikariDataSource:350] HikariPool-1 - Shutdown initiated...
[2019-03-25 14:28:23,677][Thread-68][INFO][com.zaxxer.hikari.HikariDataSource:352] HikariPool-1 - Shutdown completed.
[2019-03-25 14:29:01,868][main][INFO][com.iresearch.svc.SvcApplication:50] Starting SvcApplication on mac-clouddxw.local with PID 12865 (/Users/clouddxw/IdeaProjects/svc/target/classes started by clouddxw in /Users/clouddxw/IdeaProjects/svc)
[2019-03-25 14:29:01,882][main][INFO][com.iresearch.svc.SvcApplication:675] No active profile set, falling back to default profiles: default
[2019-03-25 14:29:02,359][main][INFO][org.springframework.data.repository.config.RepositoryConfigurationDelegate:244] Multiple Spring Data modules found, entering strict repository configuration mode!
[2019-03-25 14:29:02,362][main][INFO][org.springframework.data.repository.config.RepositoryConfigurationDelegate:126] Bootstrapping Spring Data repositories in DEFAULT mode.
[2019-03-25 14:29:02,389][main][INFO][org.springframework.data.repository.config.RepositoryConfigurationDelegate:182] Finished Spring Data repository scanning in 17ms. Found 0 repository interfaces.
[2019-03-25 14:29:02,630][main][INFO][org.springframework.context.support.PostProcessorRegistrationDelegate$BeanPostProcessorChecker:330] Bean 'org.springframework.transaction.annotation.ProxyTransactionManagementConfiguration' of type [org.springframework.transaction.annotation.ProxyTransactionManagementConfiguration$$EnhancerBySpringCGLIB$$fa837966] is not eligible for getting processed by all BeanPostProcessors (for example: not eligible for auto-proxying)
[2019-03-25 14:29:02,927][main][INFO][org.springframework.boot.web.embedded.tomcat.TomcatWebServer:90] Tomcat initialized with port(s): 9095 (http)
[2019-03-25 14:29:02,940][main][INFO][org.apache.coyote.http11.Http11NioProtocol:173] Initializing ProtocolHandler ["http-nio-9095"]
[2019-03-25 14:29:02,948][main][INFO][org.apache.catalina.core.StandardService:173] Starting service [Tomcat]
[2019-03-25 14:29:02,948][main][INFO][org.apache.catalina.core.StandardEngine:173] Starting Servlet engine: [Apache Tomcat/9.0.14]
[2019-03-25 14:29:02,954][main][INFO][org.apache.catalina.core.AprLifecycleListener:173] The APR based Apache Tomcat Native library which allows optimal performance in production environments was not found on the java.library.path: [/Users/clouddxw/Library/Java/Extensions:/Library/Java/Extensions:/Network/Library/Java/Extensions:/System/Library/Java/Extensions:/usr/lib/java:.]
[2019-03-25 14:29:03,026][main][INFO][org.apache.catalina.core.ContainerBase.[Tomcat].[localhost].[/]:173] Initializing Spring embedded WebApplicationContext
[2019-03-25 14:29:03,026][main][INFO][org.springframework.web.context.ContextLoader:296] Root WebApplicationContext: initialization completed in 1114 ms
[2019-03-25 14:29:03,734][main][INFO][org.springframework.scheduling.concurrent.ThreadPoolTaskExecutor:171] Initializing ExecutorService 'applicationTaskExecutor'
[2019-03-25 14:29:03,831][main][INFO][org.springframework.boot.autoconfigure.web.servlet.WelcomePageHandlerMapping:56] Adding welcome page: class path resource [static/index.html]
[2019-03-25 14:29:04,082][main][INFO][org.apache.coyote.http11.Http11NioProtocol:173] Starting ProtocolHandler ["http-nio-9095"]
[2019-03-25 14:29:04,121][main][INFO][org.springframework.boot.web.embedded.tomcat.TomcatWebServer:204] Tomcat started on port(s): 9095 (http) with context path ''
[2019-03-25 14:29:04,124][main][INFO][com.iresearch.svc.SvcApplication:59] Started SvcApplication in 27.501 seconds (JVM running for 38.299)
[2019-03-25 14:30:01,864][http-nio-9095-exec-1][INFO][org.apache.catalina.core.ContainerBase.[Tomcat].[localhost].[/]:173] Initializing Spring DispatcherServlet 'dispatcherServlet'
[2019-03-25 14:30:01,864][http-nio-9095-exec-1][INFO][org.springframework.web.servlet.DispatcherServlet:524] Initializing Servlet 'dispatcherServlet'
[2019-03-25 14:30:01,872][http-nio-9095-exec-1][INFO][org.springframework.web.servlet.DispatcherServlet:546] Completed initialization in 8 ms
[2019-03-25 14:30:03,745][http-nio-9095-exec-4][INFO][io.lettuce.core.EpollProvider:68] Starting without optional epoll library
[2019-03-25 14:30:03,747][http-nio-9095-exec-4][INFO][io.lettuce.core.KqueueProvider:70] Starting without optional kqueue library
[2019-03-25 14:30:09,092][http-nio-9095-exec-6][INFO][com.iresearch.svc.controller.IndexController:115] |@|0:0:0:0:0:0:0:1|admin|首页|打开页面|@|
[2019-03-25 14:30:27,269][http-nio-9095-exec-2][INFO][com.zaxxer.hikari.HikariDataSource:110] HikariPool-1 - Starting...
[2019-03-25 14:30:32,566][http-nio-9095-exec-2][INFO][com.zaxxer.hikari.pool.PoolBase:525] HikariPool-1 - Driver does not support get/set network timeout for connections. (不支持此操作。)
[2019-03-25 14:30:32,622][http-nio-9095-exec-2][INFO][com.zaxxer.hikari.HikariDataSource:123] HikariPool-1 - Start completed.
[2019-03-25 14:30:34,014][http-nio-9095-exec-2][INFO][com.iresearch.svc.controller.AllshowController:250] |@|0:0:0:0:0:0:0:1|admin|节目排名与详情|打开页面|@|
[2019-03-25 14:30:42,112][http-nio-9095-exec-3][INFO][com.iresearch.svc.controller.AllshowController:473] |@|0:0:0:0:0:0:0:1|admin|节目排名与详情|Norm筛选|@|
[2019-03-25 14:31:07,406][http-nio-9095-exec-8][INFO][com.iresearch.svc.controller.IndexController:115] |@|0:0:0:0:0:0:0:1|admin|首页|打开页面|@|
[2019-03-25 14:31:13,691][http-nio-9095-exec-5][INFO][com.iresearch.svc.controller.IndexController:115] |@|0:0:0:0:0:0:0:1|admin|首页|打开页面|@|
[2019-03-25 14:31:22,566][http-nio-9095-exec-9][INFO][com.iresearch.svc.controller.AllshowController:250] |@|0:0:0:0:0:0:0:1|admin|节目排名与详情|打开页面|@|
[2019-03-25 14:31:37,220][http-nio-9095-exec-7][INFO][com.iresearch.svc.controller.AllshowController:473] |@|0:0:0:0:0:0:0:1|admin|节目排名与详情|Norm筛选|@|
[2019-03-25 14:31:46,209][http-nio-9095-exec-3][INFO][com.iresearch.svc.controller.AllshowController:473] |@|0:0:0:0:0:0:0:1|admin|节目排名与详情|Norm筛选|@|
[2019-03-25 14:33:38,797][Thread-68][INFO][org.springframework.scheduling.concurrent.ThreadPoolTaskExecutor:208] Shutting down ExecutorService 'applicationTaskExecutor'
[2019-03-25 14:33:39,930][Thread-68][INFO][com.zaxxer.hikari.HikariDataSource:350] HikariPool-1 - Shutdown initiated...
[2019-03-25 14:33:39,931][Thread-68][INFO][com.zaxxer.hikari.HikariDataSource:352] HikariPool-1 - Shutdown completed.
[2019-03-25 14:34:17,065][main][INFO][com.iresearch.svc.SvcApplication:50] Starting SvcApplication on mac-clouddxw.local with PID 12891 (/Users/clouddxw/IdeaProjects/svc/target/classes started by clouddxw in /Users/clouddxw/IdeaProjects/svc)
[2019-03-25 14:34:17,071][main][INFO][com.iresearch.svc.SvcApplication:675] No active profile set, falling back to default profiles: default
[2019-03-25 14:34:17,548][main][INFO][org.springframework.data.repository.config.RepositoryConfigurationDelegate:244] Multiple Spring Data modules found, entering strict repository configuration mode!
[2019-03-25 14:34:17,551][main][INFO][org.springframework.data.repository.config.RepositoryConfigurationDelegate:126] Bootstrapping Spring Data repositories in DEFAULT mode.
[2019-03-25 14:34:17,578][main][INFO][org.springframework.data.repository.config.RepositoryConfigurationDelegate:182] Finished Spring Data repository scanning in 16ms. Found 0 repository interfaces.
[2019-03-25 14:34:17,825][main][INFO][org.springframework.context.support.PostProcessorRegistrationDelegate$BeanPostProcessorChecker:330] Bean 'org.springframework.transaction.annotation.ProxyTransactionManagementConfiguration' of type [org.springframework.transaction.annotation.ProxyTransactionManagementConfiguration$$EnhancerBySpringCGLIB$$59094093] is not eligible for getting processed by all BeanPostProcessors (for example: not eligible for auto-proxying)
[2019-03-25 14:34:18,117][main][INFO][org.springframework.boot.web.embedded.tomcat.TomcatWebServer:90] Tomcat initialized with port(s): 9095 (http)
[2019-03-25 14:34:18,129][main][INFO][org.apache.coyote.http11.Http11NioProtocol:173] Initializing ProtocolHandler ["http-nio-9095"]
[2019-03-25 14:34:18,137][main][INFO][org.apache.catalina.core.StandardService:173] Starting service [Tomcat]
[2019-03-25 14:34:18,138][main][INFO][org.apache.catalina.core.StandardEngine:173] Starting Servlet engine: [Apache Tomcat/9.0.14]
[2019-03-25 14:34:18,144][main][INFO][org.apache.catalina.core.AprLifecycleListener:173] The APR based Apache Tomcat Native library which allows optimal performance in production environments was not found on the java.library.path: [/Users/clouddxw/Library/Java/Extensions:/Library/Java/Extensions:/Network/Library/Java/Extensions:/System/Library/Java/Extensions:/usr/lib/java:.]
[2019-03-25 14:34:18,217][main][INFO][org.apache.catalina.core.ContainerBase.[Tomcat].[localhost].[/]:173] Initializing Spring embedded WebApplicationContext
[2019-03-25 14:34:18,217][main][INFO][org.springframework.web.context.ContextLoader:296] Root WebApplicationContext: initialization completed in 1116 ms
[2019-03-25 14:34:18,923][main][INFO][org.springframework.scheduling.concurrent.ThreadPoolTaskExecutor:171] Initializing ExecutorService 'applicationTaskExecutor'
[2019-03-25 14:34:19,019][main][INFO][org.springframework.boot.autoconfigure.web.servlet.WelcomePageHandlerMapping:56] Adding welcome page: class path resource [static/index.html]
[2019-03-25 14:34:19,259][main][INFO][org.apache.coyote.http11.Http11NioProtocol:173] Starting ProtocolHandler ["http-nio-9095"]
[2019-03-25 14:34:19,298][main][INFO][org.springframework.boot.web.embedded.tomcat.TomcatWebServer:204] Tomcat started on port(s): 9095 (http) with context path ''
[2019-03-25 14:34:19,301][main][INFO][com.iresearch.svc.SvcApplication:59] Started SvcApplication in 27.483 seconds (JVM running for 38.25)
[2019-03-25 14:38:47,459][http-nio-9095-exec-1][INFO][org.apache.catalina.core.ContainerBase.[Tomcat].[localhost].[/]:173] Initializing Spring DispatcherServlet 'dispatcherServlet'
[2019-03-25 14:38:47,459][http-nio-9095-exec-1][INFO][org.springframework.web.servlet.DispatcherServlet:524] Initializing Servlet 'dispatcherServlet'
[2019-03-25 14:38:47,467][http-nio-9095-exec-1][INFO][org.springframework.web.servlet.DispatcherServlet:546] Completed initialization in 7 ms
[2019-03-25 14:38:49,438][http-nio-9095-exec-6][INFO][io.lettuce.core.EpollProvider:68] Starting without optional epoll library
[2019-03-25 14:38:49,439][http-nio-9095-exec-6][INFO][io.lettuce.core.KqueueProvider:70] Starting without optional kqueue library
[2019-03-25 14:38:55,010][http-nio-9095-exec-3][INFO][com.iresearch.svc.controller.IndexController:115] |@|0:0:0:0:0:0:0:1|admin|首页|打开页面|@|
[2019-03-25 14:39:05,516][http-nio-9095-exec-5][INFO][com.zaxxer.hikari.HikariDataSource:110] HikariPool-1 - Starting...
[2019-03-25 14:39:10,799][http-nio-9095-exec-5][INFO][com.zaxxer.hikari.pool.PoolBase:525] HikariPool-1 - Driver does not support get/set network timeout for connections. (不支持此操作。)
[2019-03-25 14:39:10,843][http-nio-9095-exec-5][INFO][com.zaxxer.hikari.HikariDataSource:123] HikariPool-1 - Start completed.
[2019-03-25 14:39:12,492][http-nio-9095-exec-5][INFO][com.iresearch.svc.controller.AllshowController:250] |@|0:0:0:0:0:0:0:1|admin|节目排名与详情|打开页面|@|
[2019-03-25 14:39:38,504][http-nio-9095-exec-10][INFO][com.iresearch.svc.controller.AllshowController:473] |@|0:0:0:0:0:0:0:1|admin|节目排名与详情|Norm筛选|@|
[2019-03-25 14:39:46,483][http-nio-9095-exec-7][INFO][com.iresearch.svc.controller.AllshowController:473] |@|0:0:0:0:0:0:0:1|admin|节目排名与详情|Norm筛选|@|
[2019-03-25 14:40:51,606][http-nio-9095-exec-8][INFO][com.iresearch.svc.controller.AllshowController:473] |@|0:0:0:0:0:0:0:1|admin|节目排名与详情|Norm筛选|@|
[2019-03-25 14:44:29,866][Thread-68][INFO][org.springframework.scheduling.concurrent.ThreadPoolTaskExecutor:208] Shutting down ExecutorService 'applicationTaskExecutor'
[2019-03-25 14:44:30,992][Thread-68][INFO][com.zaxxer.hikari.HikariDataSource:350] HikariPool-1 - Shutdown initiated...
[2019-03-25 14:44:30,994][Thread-68][INFO][com.zaxxer.hikari.HikariDataSource:352] HikariPool-1 - Shutdown completed.
[2019-03-25 14:45:08,010][main][INFO][com.iresearch.svc.SvcApplication:50] Starting SvcApplication on mac-clouddxw.local with PID 12915 (/Users/clouddxw/IdeaProjects/svc/target/classes started by clouddxw in /Users/clouddxw/IdeaProjects/svc)
[2019-03-25 14:45:08,016][main][INFO][com.iresearch.svc.SvcApplication:675] No active profile set, falling back to default profiles: default
[2019-03-25 14:45:08,443][main][INFO][org.springframework.data.repository.config.RepositoryConfigurationDelegate:244] Multiple Spring Data modules found, entering strict repository configuration mode!
[2019-03-25 14:45:08,446][main][INFO][org.springframework.data.repository.config.RepositoryConfigurationDelegate:126] Bootstrapping Spring Data repositories in DEFAULT mode.
[2019-03-25 14:45:08,469][main][INFO][org.springframework.data.repository.config.RepositoryConfigurationDelegate:182] Finished Spring Data repository scanning in 15ms. Found 0 repository interfaces.
[2019-03-25 14:45:08,691][main][INFO][org.springframework.context.support.PostProcessorRegistrationDelegate$BeanPostProcessorChecker:330] Bean 'org.springframework.transaction.annotation.ProxyTransactionManagementConfiguration' of type [org.springframework.transaction.annotation.ProxyTransactionManagementConfiguration$$EnhancerBySpringCGLIB$$de0812b4] is not eligible for getting processed by all BeanPostProcessors (for example: not eligible for auto-proxying)
[2019-03-25 14:45:08,950][main][INFO][org.springframework.boot.web.embedded.tomcat.TomcatWebServer:90] Tomcat initialized with port(s): 9095 (http)
[2019-03-25 14:45:08,962][main][INFO][org.apache.coyote.http11.Http11NioProtocol:173] Initializing ProtocolHandler ["http-nio-9095"]
[2019-03-25 14:45:08,968][main][INFO][org.apache.catalina.core.StandardService:173] Starting service [Tomcat]
[2019-03-25 14:45:08,969][main][INFO][org.apache.catalina.core.StandardEngine:173] Starting Servlet engine: [Apache Tomcat/9.0.14]
[2019-03-25 14:45:08,974][main][INFO][org.apache.catalina.core.AprLifecycleListener:173] The APR based Apache Tomcat Native library which allows optimal performance in production environments was not found on the java.library.path: [/Users/clouddxw/Library/Java/Extensions:/Library/Java/Extensions:/Network/Library/Java/Extensions:/System/Library/Java/Extensions:/usr/lib/java:.]
[2019-03-25 14:45:09,040][main][INFO][org.apache.catalina.core.ContainerBase.[Tomcat].[localhost].[/]:173] Initializing Spring embedded WebApplicationContext
[2019-03-25 14:45:09,040][main][INFO][org.springframework.web.context.ContextLoader:296] Root WebApplicationContext: initialization completed in 995 ms
[2019-03-25 14:45:09,670][main][INFO][org.springframework.scheduling.concurrent.ThreadPoolTaskExecutor:171] Initializing ExecutorService 'applicationTaskExecutor'
[2019-03-25 14:45:09,754][main][INFO][org.springframework.boot.autoconfigure.web.servlet.WelcomePageHandlerMapping:56] Adding welcome page: class path resource [static/index.html]
[2019-03-25 14:45:09,968][main][INFO][org.apache.coyote.http11.Http11NioProtocol:173] Starting ProtocolHandler ["http-nio-9095"]
[2019-03-25 14:45:10,004][main][INFO][org.springframework.boot.web.embedded.tomcat.TomcatWebServer:204] Tomcat started on port(s): 9095 (http) with context path ''
[2019-03-25 14:45:10,007][main][INFO][com.iresearch.svc.SvcApplication:59] Started SvcApplication in 27.232 seconds (JVM running for 38.006)
[2019-03-25 14:46:08,095][http-nio-9095-exec-1][INFO][org.apache.catalina.core.ContainerBase.[Tomcat].[localhost].[/]:173] Initializing Spring DispatcherServlet 'dispatcherServlet'
[2019-03-25 14:46:08,095][http-nio-9095-exec-1][INFO][org.springframework.web.servlet.DispatcherServlet:524] Initializing Servlet 'dispatcherServlet'
[2019-03-25 14:46:08,103][http-nio-9095-exec-1][INFO][org.springframework.web.servlet.DispatcherServlet:546] Completed initialization in 7 ms
[2019-03-25 14:46:10,121][http-nio-9095-exec-2][INFO][io.lettuce.core.EpollProvider:68] Starting without optional epoll library
[2019-03-25 14:46:10,123][http-nio-9095-exec-2][INFO][io.lettuce.core.KqueueProvider:70] Starting without optional kqueue library
[2019-03-25 14:46:15,434][http-nio-9095-exec-3][INFO][com.iresearch.svc.controller.IndexController:115] |@|0:0:0:0:0:0:0:1|admin|首页|打开页面|@|
[2019-03-25 14:46:24,144][http-nio-9095-exec-10][INFO][com.zaxxer.hikari.HikariDataSource:110] HikariPool-1 - Starting...
[2019-03-25 14:46:29,424][http-nio-9095-exec-10][INFO][com.zaxxer.hikari.pool.PoolBase:525] HikariPool-1 - Driver does not support get/set network timeout for connections. (不支持此操作。)
[2019-03-25 14:46:29,472][http-nio-9095-exec-10][INFO][com.zaxxer.hikari.HikariDataSource:123] HikariPool-1 - Start completed.
[2019-03-25 14:46:30,895][http-nio-9095-exec-10][INFO][com.iresearch.svc.controller.AllshowController:250] |@|0:0:0:0:0:0:0:1|admin|节目排名与详情|打开页面|@|
[2019-03-25 14:46:47,390][http-nio-9095-exec-1][INFO][com.iresearch.svc.controller.AllshowController:473] |@|0:0:0:0:0:0:0:1|admin|节目排名与详情|Norm筛选|@|
[2019-03-25 14:46:52,468][http-nio-9095-exec-2][INFO][com.iresearch.svc.controller.AllshowController:473] |@|0:0:0:0:0:0:0:1|admin|节目排名与详情|Norm筛选|@|
[2019-03-25 14:47:04,044][http-nio-9095-exec-3][INFO][com.iresearch.svc.controller.AllshowController:473] |@|0:0:0:0:0:0:0:1|admin|节目排名与详情|Norm筛选|@|
[2019-03-25 14:47:08,992][http-nio-9095-exec-4][INFO][com.iresearch.svc.controller.AllshowController:551] |@|0:0:0:0:0:0:0:1|admin|节目排名与详情|节目搜索|@|
[2019-03-25 14:47:13,703][http-nio-9095-exec-5][INFO][com.iresearch.svc.controller.AllshowController:551] |@|0:0:0:0:0:0:0:1|admin|节目排名与详情|节目搜索|@|
[2019-03-25 14:47:26,289][http-nio-9095-exec-3][INFO][com.iresearch.svc.controller.IndexController:115] |@|0:0:0:0:0:0:0:1|admin|首页|打开页面|@|
[2019-03-25 14:47:37,841][http-nio-9095-exec-7][INFO][com.iresearch.svc.controller.AllshowController:250] |@|0:0:0:0:0:0:0:1|admin|节目排名与详情|打开页面|@|
[2019-03-25 14:47:52,252][http-nio-9095-exec-9][INFO][com.iresearch.svc.controller.AllshowController:473] |@|0:0:0:0:0:0:0:1|admin|节目排名与详情|Norm筛选|@|
[2019-03-25 14:47:57,994][http-nio-9095-exec-10][INFO][com.iresearch.svc.controller.AllshowController:551] |@|0:0:0:0:0:0:0:1|admin|节目排名与详情|节目搜索|@|
[2019-03-25 14:48:02,802][http-nio-9095-exec-4][INFO][com.iresearch.svc.controller.AllshowController:551] |@|0:0:0:0:0:0:0:1|admin|节目排名与详情|节目搜索|@|
[2019-03-25 14:48:08,642][http-nio-9095-exec-8][INFO][com.iresearch.svc.controller.AllshowController:551] |@|0:0:0:0:0:0:0:1|admin|节目排名与详情|节目搜索|@|
[2019-03-25 15:40:49,847][Thread-67][INFO][org.springframework.scheduling.concurrent.ThreadPoolTaskExecutor:208] Shutting down ExecutorService 'applicationTaskExecutor'
[2019-03-25 15:40:50,974][Thread-67][INFO][com.zaxxer.hikari.HikariDataSource:350] HikariPool-1 - Shutdown initiated...
[2019-03-25 15:40:50,976][Thread-67][INFO][com.zaxxer.hikari.HikariDataSource:352] HikariPool-1 - Shutdown completed.
[2019-03-25 15:41:29,773][main][INFO][com.iresearch.svc.SvcApplication:50] Starting SvcApplication on mac-clouddxw.local with PID 13016 (/Users/clouddxw/IdeaProjects/svc/target/classes started by clouddxw in /Users/clouddxw/IdeaProjects/svc)
[2019-03-25 15:41:29,778][main][INFO][com.iresearch.svc.SvcApplication:675] No active profile set, falling back to default profiles: default
[2019-03-25 15:41:30,261][main][INFO][org.springframework.data.repository.config.RepositoryConfigurationDelegate:244] Multiple Spring Data modules found, entering strict repository configuration mode!
[2019-03-25 15:41:30,264][main][INFO][org.springframework.data.repository.config.RepositoryConfigurationDelegate:126] Bootstrapping Spring Data repositories in DEFAULT mode.
[2019-03-25 15:41:30,291][main][INFO][org.springframework.data.repository.config.RepositoryConfigurationDelegate:182] Finished Spring Data repository scanning in 17ms. Found 0 repository interfaces.
[2019-03-25 15:41:30,539][main][INFO][org.springframework.context.support.PostProcessorRegistrationDelegate$BeanPostProcessorChecker:330] Bean 'org.springframework.transaction.annotation.ProxyTransactionManagementConfiguration' of type [org.springframework.transaction.annotation.ProxyTransactionManagementConfiguration$$EnhancerBySpringCGLIB$$513043ce] is not eligible for getting processed by all BeanPostProcessors (for example: not eligible for auto-proxying)
[2019-03-25 15:41:30,838][main][INFO][org.springframework.boot.web.embedded.tomcat.TomcatWebServer:90] Tomcat initialized with port(s): 9095 (http)
[2019-03-25 15:41:30,851][main][INFO][org.apache.coyote.http11.Http11NioProtocol:173] Initializing ProtocolHandler ["http-nio-9095"]
[2019-03-25 15:41:30,859][main][INFO][org.apache.catalina.core.StandardService:173] Starting service [Tomcat]
[2019-03-25 15:41:30,860][main][INFO][org.apache.catalina.core.StandardEngine:173] Starting Servlet engine: [Apache Tomcat/9.0.14]
[2019-03-25 15:41:30,866][main][INFO][org.apache.catalina.core.AprLifecycleListener:173] The APR based Apache Tomcat Native library which allows optimal performance in production environments was not found on the java.library.path: [/Users/clouddxw/Library/Java/Extensions:/Library/Java/Extensions:/Network/Library/Java/Extensions:/System/Library/Java/Extensions:/usr/lib/java:.]
[2019-03-25 15:41:30,938][main][INFO][org.apache.catalina.core.ContainerBase.[Tomcat].[localhost].[/]:173] Initializing Spring embedded WebApplicationContext
[2019-03-25 15:41:30,938][main][INFO][org.springframework.web.context.ContextLoader:296] Root WebApplicationContext: initialization completed in 1129 ms
[2019-03-25 15:41:31,643][main][INFO][org.springframework.scheduling.concurrent.ThreadPoolTaskExecutor:171] Initializing ExecutorService 'applicationTaskExecutor'
[2019-03-25 15:41:31,761][main][INFO][org.springframework.boot.autoconfigure.web.servlet.WelcomePageHandlerMapping:56] Adding welcome page: class path resource [static/index.html]
[2019-03-25 15:41:32,005][main][INFO][org.apache.coyote.http11.Http11NioProtocol:173] Starting ProtocolHandler ["http-nio-9095"]
[2019-03-25 15:41:32,060][main][INFO][org.springframework.boot.web.embedded.tomcat.TomcatWebServer:204] Tomcat started on port(s): 9095 (http) with context path ''
[2019-03-25 15:41:32,064][main][INFO][com.iresearch.svc.SvcApplication:59] Started SvcApplication in 27.533 seconds (JVM running for 38.347)
[2019-03-25 15:42:00,224][http-nio-9095-exec-1][INFO][org.apache.catalina.core.ContainerBase.[Tomcat].[localhost].[/]:173] Initializing Spring DispatcherServlet 'dispatcherServlet'
[2019-03-25 15:42:00,224][http-nio-9095-exec-1][INFO][org.springframework.web.servlet.DispatcherServlet:524] Initializing Servlet 'dispatcherServlet'
[2019-03-25 15:42:00,232][http-nio-9095-exec-1][INFO][org.springframework.web.servlet.DispatcherServlet:546] Completed initialization in 7 ms
[2019-03-25 15:42:02,070][http-nio-9095-exec-4][INFO][io.lettuce.core.EpollProvider:68] Starting without optional epoll library
[2019-03-25 15:42:02,082][http-nio-9095-exec-4][INFO][io.lettuce.core.KqueueProvider:70] Starting without optional kqueue library
[2019-03-25 15:42:02,217][http-nio-9095-exec-4][INFO][com.zaxxer.hikari.HikariDataSource:110] HikariPool-1 - Starting...
[2019-03-25 15:42:02,646][http-nio-9095-exec-4][INFO][com.zaxxer.hikari.pool.PoolBase:525] HikariPool-1 - Driver does not support get/set network timeout for connections. (不支持此操作。)
[2019-03-25 15:42:02,690][http-nio-9095-exec-4][INFO][com.zaxxer.hikari.HikariDataSource:123] HikariPool-1 - Start completed.
[2019-03-25 15:42:03,776][http-nio-9095-exec-6][INFO][com.iresearch.svc.controller.IndexController:115] |@|0:0:0:0:0:0:0:1|admin|首页|打开页面|@|
[2019-03-25 15:42:13,585][http-nio-9095-exec-1][INFO][com.iresearch.svc.controller.IndexController:115] |@|0:0:0:0:0:0:0:1|admin|首页|打开页面|@|
[2019-03-25 15:43:29,301][Thread-68][INFO][org.springframework.scheduling.concurrent.ThreadPoolTaskExecutor:208] Shutting down ExecutorService 'applicationTaskExecutor'
[2019-03-25 15:43:30,431][Thread-68][INFO][com.zaxxer.hikari.HikariDataSource:350] HikariPool-1 - Shutdown initiated...
[2019-03-25 15:43:30,433][Thread-68][INFO][com.zaxxer.hikari.HikariDataSource:352] HikariPool-1 - Shutdown completed.
[2019-03-25 15:43:32,543][main][INFO][com.iresearch.svc.SvcApplication:50] Starting SvcApplication on mac-clouddxw.local with PID 13097 (/Users/clouddxw/IdeaProjects/svc/target/classes started by clouddxw in /Users/clouddxw/IdeaProjects/svc)
[2019-03-25 15:43:32,551][main][INFO][com.iresearch.svc.SvcApplication:675] No active profile set, falling back to default profiles: default
[2019-03-25 15:43:33,223][main][INFO][org.springframework.data.repository.config.RepositoryConfigurationDelegate:244] Multiple Spring Data modules found, entering strict repository configuration mode!
[2019-03-25 15:43:33,226][main][INFO][org.springframework.data.repository.config.RepositoryConfigurationDelegate:126] Bootstrapping Spring Data repositories in DEFAULT mode.
[2019-03-25 15:43:33,256][main][INFO][org.springframework.data.repository.config.RepositoryConfigurationDelegate:182] Finished Spring Data repository scanning in 18ms. Found 0 repository interfaces.
[2019-03-25 15:43:33,522][main][INFO][org.springframework.context.support.PostProcessorRegistrationDelegate$BeanPostProcessorChecker:330] Bean 'org.springframework.transaction.annotation.ProxyTransactionManagementConfiguration' of type [org.springframework.transaction.annotation.ProxyTransactionManagementConfiguration$$EnhancerBySpringCGLIB$$390f7e7e] is not eligible for getting processed by all BeanPostProcessors (for example: not eligible for auto-proxying)
[2019-03-25 15:43:33,832][main][INFO][org.springframework.boot.web.embedded.tomcat.TomcatWebServer:90] Tomcat initialized with port(s): 9095 (http)
[2019-03-25 15:43:33,845][main][INFO][org.apache.coyote.http11.Http11NioProtocol:173] Initializing ProtocolHandler ["http-nio-9095"]
[2019-03-25 15:43:33,853][main][INFO][org.apache.catalina.core.StandardService:173] Starting service [Tomcat]
[2019-03-25 15:43:33,853][main][INFO][org.apache.catalina.core.StandardEngine:173] Starting Servlet engine: [Apache Tomcat/9.0.14]
[2019-03-25 15:43:33,859][main][INFO][org.apache.catalina.core.AprLifecycleListener:173] The APR based Apache Tomcat Native library which allows optimal performance in production environments was not found on the java.library.path: [/Users/clouddxw/Library/Java/Extensions:/Library/Java/Extensions:/Network/Library/Java/Extensions:/System/Library/Java/Extensions:/usr/lib/java:.]
[2019-03-25 15:43:33,924][main][INFO][org.apache.catalina.core.ContainerBase.[Tomcat].[localhost].[/]:173] Initializing Spring embedded WebApplicationContext
[2019-03-25 15:43:33,924][main][INFO][org.springframework.web.context.ContextLoader:296] Root WebApplicationContext: initialization completed in 1330 ms
[2019-03-25 15:43:34,550][main][INFO][org.springframework.scheduling.concurrent.ThreadPoolTaskExecutor:171] Initializing ExecutorService 'applicationTaskExecutor'
[2019-03-25 15:43:34,646][main][INFO][org.springframework.boot.autoconfigure.web.servlet.WelcomePageHandlerMapping:56] Adding welcome page: class path resource [static/index.html]
[2019-03-25 15:43:34,862][main][INFO][org.apache.coyote.http11.Http11NioProtocol:173] Starting ProtocolHandler ["http-nio-9095"]
[2019-03-25 15:43:34,913][main][INFO][org.springframework.boot.web.embedded.tomcat.TomcatWebServer:204] Tomcat started on port(s): 9095 (http) with context path ''
[2019-03-25 15:43:34,917][main][INFO][com.iresearch.svc.SvcApplication:59] Started SvcApplication in 2.684 seconds (JVM running for 3.591)
[2019-03-25 15:43:43,884][http-nio-9095-exec-1][INFO][org.apache.catalina.core.ContainerBase.[Tomcat].[localhost].[/]:173] Initializing Spring DispatcherServlet 'dispatcherServlet'
[2019-03-25 15:43:43,885][http-nio-9095-exec-1][INFO][org.springframework.web.servlet.DispatcherServlet:524] Initializing Servlet 'dispatcherServlet'
[2019-03-25 15:43:43,891][http-nio-9095-exec-1][INFO][org.springframework.web.servlet.DispatcherServlet:546] Completed initialization in 6 ms
[2019-03-25 15:43:54,011][http-nio-9095-exec-9][INFO][io.lettuce.core.EpollProvider:68] Starting without optional epoll library
[2019-03-25 15:43:54,013][http-nio-9095-exec-9][INFO][io.lettuce.core.KqueueProvider:70] Starting without optional kqueue library
[2019-03-25 15:43:59,492][http-nio-9095-exec-6][INFO][com.iresearch.svc.controller.IndexController:115] |@|0:0:0:0:0:0:0:1|admin|首页|打开页面|@|
[2019-03-25 15:44:00,860][http-nio-9095-exec-4][INFO][com.zaxxer.hikari.HikariDataSource:110] HikariPool-1 - Starting...
[2019-03-25 15:44:06,227][http-nio-9095-exec-4][INFO][com.zaxxer.hikari.pool.PoolBase:525] HikariPool-1 - Driver does not support get/set network timeout for connections. (不支持此操作。)
[2019-03-25 15:44:06,269][http-nio-9095-exec-4][INFO][com.zaxxer.hikari.HikariDataSource:123] HikariPool-1 - Start completed.
[2019-03-25 15:44:08,863][http-nio-9095-exec-4][INFO][com.iresearch.svc.controller.AllshowController:250] |@|0:0:0:0:0:0:0:1|admin|节目排名与详情|打开页面|@|
[2019-03-25 15:44:50,941][http-nio-9095-exec-8][INFO][com.iresearch.svc.controller.AllshowController:473] |@|0:0:0:0:0:0:0:1|admin|节目排名与详情|Norm筛选|@|
[2019-03-25 15:44:59,120][http-nio-9095-exec-7][INFO][com.iresearch.svc.controller.ShowcustomController:161] |@|0:0:0:0:0:0:0:1|admin|定制节目详情|打开页面|@|
[2019-03-25 15:46:55,313][Thread-9][INFO][org.springframework.scheduling.concurrent.ThreadPoolTaskExecutor:208] Shutting down ExecutorService 'applicationTaskExecutor'
[2019-03-25 15:46:56,435][Thread-9][INFO][com.zaxxer.hikari.HikariDataSource:350] HikariPool-1 - Shutdown initiated...
[2019-03-25 15:46:56,438][Thread-9][INFO][com.zaxxer.hikari.HikariDataSource:352] HikariPool-1 - Shutdown completed.
[2019-03-25 15:47:34,216][main][INFO][com.iresearch.svc.SvcApplication:50] Starting SvcApplication on mac-clouddxw.local with PID 13107 (/Users/clouddxw/IdeaProjects/svc/target/classes started by clouddxw in /Users/clouddxw/IdeaProjects/svc)
[2019-03-25 15:47:34,220][main][INFO][com.iresearch.svc.SvcApplication:675] No active profile set, falling back to default profiles: default
[2019-03-25 15:47:34,676][main][INFO][org.springframework.data.repository.config.RepositoryConfigurationDelegate:244] Multiple Spring Data modules found, entering strict repository configuration mode!
[2019-03-25 15:47:34,679][main][INFO][org.springframework.data.repository.config.RepositoryConfigurationDelegate:126] Bootstrapping Spring Data repositories in DEFAULT mode.
[2019-03-25 15:47:34,704][main][INFO][org.springframework.data.repository.config.RepositoryConfigurationDelegate:182] Finished Spring Data repository scanning in 16ms. Found 0 repository interfaces.
[2019-03-25 15:47:34,944][main][INFO][org.springframework.context.support.PostProcessorRegistrationDelegate$BeanPostProcessorChecker:330] Bean 'org.springframework.transaction.annotation.ProxyTransactionManagementConfiguration' of type [org.springframework.transaction.annotation.ProxyTransactionManagementConfiguration$$EnhancerBySpringCGLIB$$8d2d15cf] is not eligible for getting processed by all BeanPostProcessors (for example: not eligible for auto-proxying)
[2019-03-25 15:47:35,229][main][INFO][org.springframework.boot.web.embedded.tomcat.TomcatWebServer:90] Tomcat initialized with port(s): 9095 (http)
[2019-03-25 15:47:35,242][main][INFO][org.apache.coyote.http11.Http11NioProtocol:173] Initializing ProtocolHandler ["http-nio-9095"]
[2019-03-25 15:47:35,250][main][INFO][org.apache.catalina.core.StandardService:173] Starting service [Tomcat]
[2019-03-25 15:47:35,251][main][INFO][org.apache.catalina.core.StandardEngine:173] Starting Servlet engine: [Apache Tomcat/9.0.14]
[2019-03-25 15:47:35,257][main][INFO][org.apache.catalina.core.AprLifecycleListener:173] The APR based Apache Tomcat Native library which allows optimal performance in production environments was not found on the java.library.path: [/Users/clouddxw/Library/Java/Extensions:/Library/Java/Extensions:/Network/Library/Java/Extensions:/System/Library/Java/Extensions:/usr/lib/java:.]
[2019-03-25 15:47:35,329][main][INFO][org.apache.catalina.core.ContainerBase.[Tomcat].[localhost].[/]:173] Initializing Spring embedded WebApplicationContext
[2019-03-25 15:47:35,329][main][INFO][org.springframework.web.context.ContextLoader:296] Root WebApplicationContext: initialization completed in 1082 ms
[2019-03-25 15:47:36,003][main][INFO][org.springframework.scheduling.concurrent.ThreadPoolTaskExecutor:171] Initializing ExecutorService 'applicationTaskExecutor'
[2019-03-25 15:47:36,098][main][INFO][org.springframework.boot.autoconfigure.web.servlet.WelcomePageHandlerMapping:56] Adding welcome page: class path resource [static/index.html]
[2019-03-25 15:47:36,359][main][INFO][org.apache.coyote.http11.Http11NioProtocol:173] Starting ProtocolHandler ["http-nio-9095"]
[2019-03-25 15:47:36,399][main][INFO][org.springframework.boot.web.embedded.tomcat.TomcatWebServer:204] Tomcat started on port(s): 9095 (http) with context path ''
[2019-03-25 15:47:36,403][main][INFO][com.iresearch.svc.SvcApplication:59] Started SvcApplication in 27.404 seconds (JVM running for 38.188)
[2019-03-25 15:47:52,147][http-nio-9095-exec-1][INFO][org.apache.catalina.core.ContainerBase.[Tomcat].[localhost].[/]:173] Initializing Spring DispatcherServlet 'dispatcherServlet'
[2019-03-25 15:47:52,148][http-nio-9095-exec-1][INFO][org.springframework.web.servlet.DispatcherServlet:524] Initializing Servlet 'dispatcherServlet'
[2019-03-25 15:47:52,156][http-nio-9095-exec-1][INFO][org.springframework.web.servlet.DispatcherServlet:546] Completed initialization in 8 ms
[2019-03-25 15:47:53,737][http-nio-9095-exec-3][INFO][io.lettuce.core.EpollProvider:68] Starting without optional epoll library
[2019-03-25 15:47:53,739][http-nio-9095-exec-3][INFO][io.lettuce.core.KqueueProvider:70] Starting without optional kqueue library
[2019-03-25 15:47:59,034][http-nio-9095-exec-6][INFO][com.iresearch.svc.controller.IndexController:115] |@|0:0:0:0:0:0:0:1|admin|首页|打开页面|@|
[2019-03-25 15:48:03,849][http-nio-9095-exec-10][INFO][com.iresearch.svc.controller.ShowcustomController:162] |@|0:0:0:0:0:0:0:1|admin|定制节目详情|打开页面|@|
[2019-03-25 15:50:37,278][Thread-68][INFO][org.springframework.scheduling.concurrent.ThreadPoolTaskExecutor:208] Shutting down ExecutorService 'applicationTaskExecutor'
[2019-03-25 15:51:16,565][main][INFO][com.iresearch.svc.SvcApplication:50] Starting SvcApplication on mac-clouddxw.local with PID 13114 (/Users/clouddxw/IdeaProjects/svc/target/classes started by clouddxw in /Users/clouddxw/IdeaProjects/svc)
[2019-03-25 15:51:16,570][main][INFO][com.iresearch.svc.SvcApplication:675] No active profile set, falling back to default profiles: default
[2019-03-25 15:51:17,073][main][INFO][org.springframework.data.repository.config.RepositoryConfigurationDelegate:244] Multiple Spring Data modules found, entering strict repository configuration mode!
[2019-03-25 15:51:17,076][main][INFO][org.springframework.data.repository.config.RepositoryConfigurationDelegate:126] Bootstrapping Spring Data repositories in DEFAULT mode.
[2019-03-25 15:51:17,105][main][INFO][org.springframework.data.repository.config.RepositoryConfigurationDelegate:182] Finished Spring Data repository scanning in 18ms. Found 0 repository interfaces.
[2019-03-25 15:51:17,365][main][INFO][org.springframework.context.support.PostProcessorRegistrationDelegate$BeanPostProcessorChecker:330] Bean 'org.springframework.transaction.annotation.ProxyTransactionManagementConfiguration' of type [org.springframework.transaction.annotation.ProxyTransactionManagementConfiguration$$EnhancerBySpringCGLIB$$997317fc] is not eligible for getting processed by all BeanPostProcessors (for example: not eligible for auto-proxying)
[2019-03-25 15:51:17,663][main][INFO][org.springframework.boot.web.embedded.tomcat.TomcatWebServer:90] Tomcat initialized with port(s): 9095 (http)
[2019-03-25 15:51:17,676][main][INFO][org.apache.coyote.http11.Http11NioProtocol:173] Initializing ProtocolHandler ["http-nio-9095"]
[2019-03-25 15:51:17,684][main][INFO][org.apache.catalina.core.StandardService:173] Starting service [Tomcat]
[2019-03-25 15:51:17,685][main][INFO][org.apache.catalina.core.StandardEngine:173] Starting Servlet engine: [Apache Tomcat/9.0.14]
[2019-03-25 15:51:17,691][main][INFO][org.apache.catalina.core.AprLifecycleListener:173] The APR based Apache Tomcat Native library which allows optimal performance in production environments was not found on the java.library.path: [/Users/clouddxw/Library/Java/Extensions:/Library/Java/Extensions:/Network/Library/Java/Extensions:/System/Library/Java/Extensions:/usr/lib/java:.]
[2019-03-25 15:51:17,764][main][INFO][org.apache.catalina.core.ContainerBase.[Tomcat].[localhost].[/]:173] Initializing Spring embedded WebApplicationContext
[2019-03-25 15:51:17,765][main][INFO][org.springframework.web.context.ContextLoader:296] Root WebApplicationContext: initialization completed in 1164 ms
[2019-03-25 15:51:18,475][main][INFO][org.springframework.scheduling.concurrent.ThreadPoolTaskExecutor:171] Initializing ExecutorService 'applicationTaskExecutor'
[2019-03-25 15:51:18,571][main][INFO][org.springframework.boot.autoconfigure.web.servlet.WelcomePageHandlerMapping:56] Adding welcome page: class path resource [static/index.html]
[2019-03-25 15:51:18,812][main][INFO][org.apache.coyote.http11.Http11NioProtocol:173] Starting ProtocolHandler ["http-nio-9095"]
[2019-03-25 15:51:18,851][main][INFO][org.springframework.boot.web.embedded.tomcat.TomcatWebServer:204] Tomcat started on port(s): 9095 (http) with context path ''
[2019-03-25 15:51:18,855][main][INFO][com.iresearch.svc.SvcApplication:59] Started SvcApplication in 27.532 seconds (JVM running for 38.308)
[2019-03-25 15:51:29,180][http-nio-9095-exec-1][INFO][org.apache.catalina.core.ContainerBase.[Tomcat].[localhost].[/]:173] Initializing Spring DispatcherServlet 'dispatcherServlet'
[2019-03-25 15:51:29,180][http-nio-9095-exec-1][INFO][org.springframework.web.servlet.DispatcherServlet:524] Initializing Servlet 'dispatcherServlet'
[2019-03-25 15:51:29,188][http-nio-9095-exec-1][INFO][org.springframework.web.servlet.DispatcherServlet:546] Completed initialization in 8 ms
[2019-03-25 15:51:30,949][http-nio-9095-exec-6][INFO][io.lettuce.core.EpollProvider:68] Starting without optional epoll library
[2019-03-25 15:51:30,951][http-nio-9095-exec-6][INFO][io.lettuce.core.KqueueProvider:70] Starting without optional kqueue library
[2019-03-25 15:51:36,482][http-nio-9095-exec-4][INFO][com.iresearch.svc.controller.IndexController:115] |@|0:0:0:0:0:0:0:1|admin|首页|打开页面|@|
[2019-03-25 15:51:41,068][http-nio-9095-exec-9][INFO][com.zaxxer.hikari.HikariDataSource:110] HikariPool-1 - Starting...
[2019-03-25 15:51:46,391][http-nio-9095-exec-9][INFO][com.zaxxer.hikari.pool.PoolBase:525] HikariPool-1 - Driver does not support get/set network timeout for connections. (不支持此操作。)
[2019-03-25 15:51:46,438][http-nio-9095-exec-9][INFO][com.zaxxer.hikari.HikariDataSource:123] HikariPool-1 - Start completed.
[2019-03-25 15:51:50,079][http-nio-9095-exec-9][INFO][com.iresearch.svc.controller.ShowcustomController:162] |@|0:0:0:0:0:0:0:1|admin|定制节目详情|打开页面|@|
[2019-03-25 15:53:17,380][Thread-68][INFO][org.springframework.scheduling.concurrent.ThreadPoolTaskExecutor:208] Shutting down ExecutorService 'applicationTaskExecutor'
[2019-03-25 15:53:18,502][Thread-68][INFO][com.zaxxer.hikari.HikariDataSource:350] HikariPool-1 - Shutdown initiated...
[2019-03-25 15:53:18,504][Thread-68][INFO][com.zaxxer.hikari.HikariDataSource:352] HikariPool-1 - Shutdown completed.
