[2019-08-08 16:39:13,261][main][INFO][com.iresearch.svc.SvcApplication:50] Starting SvcApplication on mac-clouddxw.local with PID 16701 (/Users/clouddxw/IdeaProjects/svc/target/classes started by clouddxw in /Users/clouddxw/IdeaProjects/svc)
[2019-08-08 16:39:13,287][main][INFO][com.iresearch.svc.SvcApplication:675] No active profile set, falling back to default profiles: default
[2019-08-08 16:39:14,039][main][INFO][org.springframework.data.repository.config.RepositoryConfigurationDelegate:244] Multiple Spring Data modules found, entering strict repository configuration mode!
[2019-08-08 16:39:14,045][main][INFO][org.springframework.data.repository.config.RepositoryConfigurationDelegate:126] Bootstrapping Spring Data repositories in DEFAULT mode.
[2019-08-08 16:39:14,087][main][INFO][org.springframework.data.repository.config.RepositoryConfigurationDelegate:182] Finished Spring Data repository scanning in 19ms. Found 0 repository interfaces.
[2019-08-08 16:39:14,393][main][INFO][org.springframework.context.support.PostProcessorRegistrationDelegate$BeanPostProcessorChecker:330] Bean 'org.springframework.transaction.annotation.ProxyTransactionManagementConfiguration' of type [org.springframework.transaction.annotation.ProxyTransactionManagementConfiguration$$EnhancerBySpringCGLIB$$4444822] is not eligible for getting processed by all BeanPostProcessors (for example: not eligible for auto-proxying)
[2019-08-08 16:39:14,773][main][INFO][org.springframework.boot.web.embedded.tomcat.TomcatWebServer:90] Tomcat initialized with port(s): 9095 (http)
[2019-08-08 16:39:14,790][main][INFO][org.apache.coyote.http11.Http11NioProtocol:173] Initializing ProtocolHandler ["http-nio-9095"]
[2019-08-08 16:39:14,801][main][INFO][org.apache.catalina.core.StandardService:173] Starting service [Tomcat]
[2019-08-08 16:39:14,802][main][INFO][org.apache.catalina.core.StandardEngine:173] Starting Servlet engine: [Apache Tomcat/9.0.14]
[2019-08-08 16:39:14,808][main][INFO][org.apache.catalina.core.AprLifecycleListener:173] The APR based Apache Tomcat Native library which allows optimal performance in production environments was not found on the java.library.path: [/Users/clouddxw/Library/Java/Extensions:/Library/Java/Extensions:/Network/Library/Java/Extensions:/System/Library/Java/Extensions:/usr/lib/java:.]
[2019-08-08 16:39:14,899][main][INFO][org.apache.catalina.core.ContainerBase.[Tomcat].[localhost].[/]:173] Initializing Spring embedded WebApplicationContext
[2019-08-08 16:39:14,899][main][INFO][org.springframework.web.context.ContextLoader:296] Root WebApplicationContext: initialization completed in 1523 ms
[2019-08-08 16:39:15,896][main][INFO][org.springframework.scheduling.concurrent.ThreadPoolTaskExecutor:171] Initializing ExecutorService 'applicationTaskExecutor'
[2019-08-08 16:39:16,351][main][INFO][org.apache.coyote.http11.Http11NioProtocol:173] Starting ProtocolHandler ["http-nio-9095"]
[2019-08-08 16:39:16,388][main][INFO][org.springframework.boot.web.embedded.tomcat.TomcatWebServer:204] Tomcat started on port(s): 9095 (http) with context path ''
[2019-08-08 16:39:16,391][main][INFO][com.iresearch.svc.SvcApplication:59] Started SvcApplication in 3.527 seconds (JVM running for 5.092)
[2019-08-08 16:43:44,869][http-nio-9095-exec-1][INFO][org.apache.catalina.core.ContainerBase.[Tomcat].[localhost].[/]:173] Initializing Spring DispatcherServlet 'dispatcherServlet'
[2019-08-08 16:43:44,870][http-nio-9095-exec-1][INFO][org.springframework.web.servlet.DispatcherServlet:524] Initializing Servlet 'dispatcherServlet'
[2019-08-08 16:43:44,880][http-nio-9095-exec-1][INFO][org.springframework.web.servlet.DispatcherServlet:546] Completed initialization in 10 ms
[2019-08-08 16:48:45,032][Thread-11][INFO][org.springframework.scheduling.concurrent.ThreadPoolTaskExecutor:208] Shutting down ExecutorService 'applicationTaskExecutor'
[2019-08-08 16:48:48,946][main][INFO][com.iresearch.svc.SvcApplication:50] Starting SvcApplication on mac-clouddxw.local with PID 16792 (/Users/clouddxw/IdeaProjects/svc/target/classes started by clouddxw in /Users/clouddxw/IdeaProjects/svc)
[2019-08-08 16:48:48,953][main][INFO][com.iresearch.svc.SvcApplication:675] No active profile set, falling back to default profiles: default
[2019-08-08 16:48:49,650][main][INFO][org.springframework.data.repository.config.RepositoryConfigurationDelegate:244] Multiple Spring Data modules found, entering strict repository configuration mode!
[2019-08-08 16:48:49,653][main][INFO][org.springframework.data.repository.config.RepositoryConfigurationDelegate:126] Bootstrapping Spring Data repositories in DEFAULT mode.
[2019-08-08 16:48:49,684][main][INFO][org.springframework.data.repository.config.RepositoryConfigurationDelegate:182] Finished Spring Data repository scanning in 20ms. Found 0 repository interfaces.
[2019-08-08 16:48:49,953][main][INFO][org.springframework.context.support.PostProcessorRegistrationDelegate$BeanPostProcessorChecker:330] Bean 'org.springframework.transaction.annotation.ProxyTransactionManagementConfiguration' of type [org.springframework.transaction.annotation.ProxyTransactionManagementConfiguration$$EnhancerBySpringCGLIB$$8265f2a5] is not eligible for getting processed by all BeanPostProcessors (for example: not eligible for auto-proxying)
[2019-08-08 16:48:50,238][main][INFO][org.springframework.boot.web.embedded.tomcat.TomcatWebServer:90] Tomcat initialized with port(s): 9095 (http)
[2019-08-08 16:48:50,250][main][INFO][org.apache.coyote.http11.Http11NioProtocol:173] Initializing ProtocolHandler ["http-nio-9095"]
[2019-08-08 16:48:50,259][main][INFO][org.apache.catalina.core.StandardService:173] Starting service [Tomcat]
[2019-08-08 16:48:50,259][main][INFO][org.apache.catalina.core.StandardEngine:173] Starting Servlet engine: [Apache Tomcat/9.0.14]
[2019-08-08 16:48:50,266][main][INFO][org.apache.catalina.core.AprLifecycleListener:173] The APR based Apache Tomcat Native library which allows optimal performance in production environments was not found on the java.library.path: [/Users/clouddxw/Library/Java/Extensions:/Library/Java/Extensions:/Network/Library/Java/Extensions:/System/Library/Java/Extensions:/usr/lib/java:.]
[2019-08-08 16:48:50,333][main][INFO][org.apache.catalina.core.ContainerBase.[Tomcat].[localhost].[/]:173] Initializing Spring embedded WebApplicationContext
[2019-08-08 16:48:50,333][main][INFO][org.springframework.web.context.ContextLoader:296] Root WebApplicationContext: initialization completed in 1305 ms
[2019-08-08 16:48:51,050][main][INFO][org.springframework.scheduling.concurrent.ThreadPoolTaskExecutor:171] Initializing ExecutorService 'applicationTaskExecutor'
[2019-08-08 16:48:51,420][main][INFO][org.apache.coyote.http11.Http11NioProtocol:173] Starting ProtocolHandler ["http-nio-9095"]
[2019-08-08 16:48:51,455][main][INFO][org.springframework.boot.web.embedded.tomcat.TomcatWebServer:204] Tomcat started on port(s): 9095 (http) with context path ''
[2019-08-08 16:48:51,459][main][INFO][com.iresearch.svc.SvcApplication:59] Started SvcApplication in 2.857 seconds (JVM running for 3.96)
[2019-08-08 16:49:02,140][http-nio-9095-exec-1][INFO][org.apache.catalina.core.ContainerBase.[Tomcat].[localhost].[/]:173] Initializing Spring DispatcherServlet 'dispatcherServlet'
[2019-08-08 16:49:02,140][http-nio-9095-exec-1][INFO][org.springframework.web.servlet.DispatcherServlet:524] Initializing Servlet 'dispatcherServlet'
[2019-08-08 16:49:02,146][http-nio-9095-exec-1][INFO][org.springframework.web.servlet.DispatcherServlet:546] Completed initialization in 6 ms
[2019-08-08 16:50:30,516][Thread-9][INFO][org.springframework.scheduling.concurrent.ThreadPoolTaskExecutor:208] Shutting down ExecutorService 'applicationTaskExecutor'
[2019-08-08 16:50:33,042][main][INFO][com.iresearch.svc.SvcApplication:50] Starting SvcApplication on mac-clouddxw.local with PID 16810 (/Users/clouddxw/IdeaProjects/svc/target/classes started by clouddxw in /Users/clouddxw/IdeaProjects/svc)
[2019-08-08 16:50:33,080][main][INFO][com.iresearch.svc.SvcApplication:675] No active profile set, falling back to default profiles: default
[2019-08-08 16:50:33,785][main][INFO][org.springframework.data.repository.config.RepositoryConfigurationDelegate:244] Multiple Spring Data modules found, entering strict repository configuration mode!
[2019-08-08 16:50:33,788][main][INFO][org.springframework.data.repository.config.RepositoryConfigurationDelegate:126] Bootstrapping Spring Data repositories in DEFAULT mode.
[2019-08-08 16:50:33,814][main][INFO][org.springframework.data.repository.config.RepositoryConfigurationDelegate:182] Finished Spring Data repository scanning in 16ms. Found 0 repository interfaces.
[2019-08-08 16:50:34,062][main][INFO][org.springframework.context.support.PostProcessorRegistrationDelegate$BeanPostProcessorChecker:330] Bean 'org.springframework.transaction.annotation.ProxyTransactionManagementConfiguration' of type [org.springframework.transaction.annotation.ProxyTransactionManagementConfiguration$$EnhancerBySpringCGLIB$$5b5d8566] is not eligible for getting processed by all BeanPostProcessors (for example: not eligible for auto-proxying)
[2019-08-08 16:50:34,341][main][INFO][org.springframework.boot.web.embedded.tomcat.TomcatWebServer:90] Tomcat initialized with port(s): 9095 (http)
[2019-08-08 16:50:34,353][main][INFO][org.apache.coyote.http11.Http11NioProtocol:173] Initializing ProtocolHandler ["http-nio-9095"]
[2019-08-08 16:50:34,362][main][INFO][org.apache.catalina.core.StandardService:173] Starting service [Tomcat]
[2019-08-08 16:50:34,363][main][INFO][org.apache.catalina.core.StandardEngine:173] Starting Servlet engine: [Apache Tomcat/9.0.14]
[2019-08-08 16:50:34,369][main][INFO][org.apache.catalina.core.AprLifecycleListener:173] The APR based Apache Tomcat Native library which allows optimal performance in production environments was not found on the java.library.path: [/Users/clouddxw/Library/Java/Extensions:/Library/Java/Extensions:/Network/Library/Java/Extensions:/System/Library/Java/Extensions:/usr/lib/java:.]
[2019-08-08 16:50:34,439][main][INFO][org.apache.catalina.core.ContainerBase.[Tomcat].[localhost].[/]:173] Initializing Spring embedded WebApplicationContext
[2019-08-08 16:50:34,440][main][INFO][org.springframework.web.context.ContextLoader:296] Root WebApplicationContext: initialization completed in 1322 ms
[2019-08-08 16:50:35,139][main][INFO][org.springframework.scheduling.concurrent.ThreadPoolTaskExecutor:171] Initializing ExecutorService 'applicationTaskExecutor'
[2019-08-08 16:50:35,493][main][INFO][org.apache.coyote.http11.Http11NioProtocol:173] Starting ProtocolHandler ["http-nio-9095"]
[2019-08-08 16:50:35,529][main][INFO][org.springframework.boot.web.embedded.tomcat.TomcatWebServer:204] Tomcat started on port(s): 9095 (http) with context path ''
[2019-08-08 16:50:35,532][main][INFO][com.iresearch.svc.SvcApplication:59] Started SvcApplication in 2.827 seconds (JVM running for 3.783)
[2019-08-08 16:50:51,615][http-nio-9095-exec-1][INFO][org.apache.catalina.core.ContainerBase.[Tomcat].[localhost].[/]:173] Initializing Spring DispatcherServlet 'dispatcherServlet'
[2019-08-08 16:50:51,615][http-nio-9095-exec-1][INFO][org.springframework.web.servlet.DispatcherServlet:524] Initializing Servlet 'dispatcherServlet'
[2019-08-08 16:50:51,621][http-nio-9095-exec-1][INFO][org.springframework.web.servlet.DispatcherServlet:546] Completed initialization in 6 ms
[2019-08-08 16:50:51,683][http-nio-9095-exec-4][INFO][com.iresearch.svc.controller.AllbrandController:42] leemi_proitems20190601ytd
[2019-08-08 16:50:51,807][http-nio-9095-exec-4][INFO][io.lettuce.core.EpollProvider:68] Starting without optional epoll library
[2019-08-08 16:50:51,809][http-nio-9095-exec-4][INFO][io.lettuce.core.KqueueProvider:70] Starting without optional kqueue library
[2019-08-08 16:50:51,975][http-nio-9095-exec-4][INFO][com.zaxxer.hikari.HikariDataSource:110] HikariPool-1 - Starting...
[2019-08-08 16:50:52,274][http-nio-9095-exec-4][INFO][com.zaxxer.hikari.pool.PoolBase:525] HikariPool-1 - Driver does not support get/set network timeout for connections. (不支持此操作。)
[2019-08-08 16:50:52,328][http-nio-9095-exec-4][INFO][com.zaxxer.hikari.HikariDataSource:123] HikariPool-1 - Start completed.
[2019-08-08 16:51:08,209][Thread-10][INFO][org.springframework.scheduling.concurrent.ThreadPoolTaskExecutor:208] Shutting down ExecutorService 'applicationTaskExecutor'
[2019-08-08 16:51:08,210][Thread-10][INFO][com.zaxxer.hikari.HikariDataSource:350] HikariPool-1 - Shutdown initiated...
[2019-08-08 16:51:08,213][Thread-10][INFO][com.zaxxer.hikari.HikariDataSource:352] HikariPool-1 - Shutdown completed.
[2019-08-08 16:51:11,480][main][INFO][com.iresearch.svc.SvcApplication:50] Starting SvcApplication on mac-clouddxw.local with PID 16820 (/Users/clouddxw/IdeaProjects/svc/target/classes started by clouddxw in /Users/clouddxw/IdeaProjects/svc)
[2019-08-08 16:51:11,486][main][INFO][com.iresearch.svc.SvcApplication:675] No active profile set, falling back to default profiles: default
[2019-08-08 16:51:12,089][main][INFO][org.springframework.data.repository.config.RepositoryConfigurationDelegate:244] Multiple Spring Data modules found, entering strict repository configuration mode!
[2019-08-08 16:51:12,092][main][INFO][org.springframework.data.repository.config.RepositoryConfigurationDelegate:126] Bootstrapping Spring Data repositories in DEFAULT mode.
[2019-08-08 16:51:12,120][main][INFO][org.springframework.data.repository.config.RepositoryConfigurationDelegate:182] Finished Spring Data repository scanning in 19ms. Found 0 repository interfaces.
[2019-08-08 16:51:12,381][main][INFO][org.springframework.context.support.PostProcessorRegistrationDelegate$BeanPostProcessorChecker:330] Bean 'org.springframework.transaction.annotation.ProxyTransactionManagementConfiguration' of type [org.springframework.transaction.annotation.ProxyTransactionManagementConfiguration$$EnhancerBySpringCGLIB$$36485832] is not eligible for getting processed by all BeanPostProcessors (for example: not eligible for auto-proxying)
[2019-08-08 16:51:12,652][main][INFO][org.springframework.boot.web.embedded.tomcat.TomcatWebServer:90] Tomcat initialized with port(s): 9095 (http)
[2019-08-08 16:51:12,664][main][INFO][org.apache.coyote.http11.Http11NioProtocol:173] Initializing ProtocolHandler ["http-nio-9095"]
[2019-08-08 16:51:12,674][main][INFO][org.apache.catalina.core.StandardService:173] Starting service [Tomcat]
[2019-08-08 16:51:12,674][main][INFO][org.apache.catalina.core.StandardEngine:173] Starting Servlet engine: [Apache Tomcat/9.0.14]
[2019-08-08 16:51:12,681][main][INFO][org.apache.catalina.core.AprLifecycleListener:173] The APR based Apache Tomcat Native library which allows optimal performance in production environments was not found on the java.library.path: [/Users/clouddxw/Library/Java/Extensions:/Library/Java/Extensions:/Network/Library/Java/Extensions:/System/Library/Java/Extensions:/usr/lib/java:.]
[2019-08-08 16:51:12,750][main][INFO][org.apache.catalina.core.ContainerBase.[Tomcat].[localhost].[/]:173] Initializing Spring embedded WebApplicationContext
[2019-08-08 16:51:12,750][main][INFO][org.springframework.web.context.ContextLoader:296] Root WebApplicationContext: initialization completed in 1196 ms
[2019-08-08 16:51:13,452][main][INFO][org.springframework.scheduling.concurrent.ThreadPoolTaskExecutor:171] Initializing ExecutorService 'applicationTaskExecutor'
[2019-08-08 16:51:13,799][main][INFO][org.apache.coyote.http11.Http11NioProtocol:173] Starting ProtocolHandler ["http-nio-9095"]
[2019-08-08 16:51:13,834][main][INFO][org.springframework.boot.web.embedded.tomcat.TomcatWebServer:204] Tomcat started on port(s): 9095 (http) with context path ''
[2019-08-08 16:51:13,837][main][INFO][com.iresearch.svc.SvcApplication:59] Started SvcApplication in 2.696 seconds (JVM running for 3.597)
[2019-08-08 16:51:24,121][http-nio-9095-exec-1][INFO][org.apache.catalina.core.ContainerBase.[Tomcat].[localhost].[/]:173] Initializing Spring DispatcherServlet 'dispatcherServlet'
[2019-08-08 16:51:24,121][http-nio-9095-exec-1][INFO][org.springframework.web.servlet.DispatcherServlet:524] Initializing Servlet 'dispatcherServlet'
[2019-08-08 16:51:24,126][http-nio-9095-exec-1][INFO][org.springframework.web.servlet.DispatcherServlet:546] Completed initialization in 5 ms
[2019-08-08 16:51:24,174][http-nio-9095-exec-3][INFO][com.iresearch.svc.controller.AllbrandController:42] leemi_proitems20190601ytd
[2019-08-08 16:51:24,251][http-nio-9095-exec-3][INFO][io.lettuce.core.EpollProvider:68] Starting without optional epoll library
[2019-08-08 16:51:24,253][http-nio-9095-exec-3][INFO][io.lettuce.core.KqueueProvider:70] Starting without optional kqueue library
[2019-08-08 16:51:24,370][http-nio-9095-exec-3][INFO][com.zaxxer.hikari.HikariDataSource:110] HikariPool-1 - Starting...
[2019-08-08 16:51:24,643][http-nio-9095-exec-3][INFO][com.zaxxer.hikari.pool.PoolBase:525] HikariPool-1 - Driver does not support get/set network timeout for connections. (不支持此操作。)
[2019-08-08 16:51:24,684][http-nio-9095-exec-3][INFO][com.zaxxer.hikari.HikariDataSource:123] HikariPool-1 - Start completed.
[2019-08-08 16:53:21,444][http-nio-9095-exec-9][INFO][com.iresearch.svc.controller.AllbrandController:42] leemi_proitems20190601ytd
[2019-08-08 16:55:03,568][http-nio-9095-exec-5][INFO][com.iresearch.svc.controller.AllbrandController:42] leemi_proitems20190601ytd
[2019-08-08 16:57:40,133][Thread-9][INFO][org.springframework.scheduling.concurrent.ThreadPoolTaskExecutor:208] Shutting down ExecutorService 'applicationTaskExecutor'
[2019-08-08 16:57:40,139][Thread-9][INFO][com.zaxxer.hikari.HikariDataSource:350] HikariPool-1 - Shutdown initiated...
[2019-08-08 16:57:40,141][Thread-9][INFO][com.zaxxer.hikari.HikariDataSource:352] HikariPool-1 - Shutdown completed.
[2019-08-08 16:57:43,753][main][INFO][com.iresearch.svc.SvcApplication:50] Starting SvcApplication on mac-clouddxw.local with PID 16880 (/Users/clouddxw/IdeaProjects/svc/target/classes started by clouddxw in /Users/clouddxw/IdeaProjects/svc)
[2019-08-08 16:57:43,760][main][INFO][com.iresearch.svc.SvcApplication:675] No active profile set, falling back to default profiles: default
[2019-08-08 16:57:44,529][main][INFO][org.springframework.data.repository.config.RepositoryConfigurationDelegate:244] Multiple Spring Data modules found, entering strict repository configuration mode!
[2019-08-08 16:57:44,533][main][INFO][org.springframework.data.repository.config.RepositoryConfigurationDelegate:126] Bootstrapping Spring Data repositories in DEFAULT mode.
[2019-08-08 16:57:44,569][main][INFO][org.springframework.data.repository.config.RepositoryConfigurationDelegate:182] Finished Spring Data repository scanning in 23ms. Found 0 repository interfaces.
[2019-08-08 16:57:44,880][main][INFO][org.springframework.context.support.PostProcessorRegistrationDelegate$BeanPostProcessorChecker:330] Bean 'org.springframework.transaction.annotation.ProxyTransactionManagementConfiguration' of type [org.springframework.transaction.annotation.ProxyTransactionManagementConfiguration$$EnhancerBySpringCGLIB$$3e693d3] is not eligible for getting processed by all BeanPostProcessors (for example: not eligible for auto-proxying)
[2019-08-08 16:57:45,159][main][INFO][org.springframework.boot.web.embedded.tomcat.TomcatWebServer:90] Tomcat initialized with port(s): 9095 (http)
[2019-08-08 16:57:45,173][main][INFO][org.apache.coyote.http11.Http11NioProtocol:173] Initializing ProtocolHandler ["http-nio-9095"]
[2019-08-08 16:57:45,184][main][INFO][org.apache.catalina.core.StandardService:173] Starting service [Tomcat]
[2019-08-08 16:57:45,185][main][INFO][org.apache.catalina.core.StandardEngine:173] Starting Servlet engine: [Apache Tomcat/9.0.14]
[2019-08-08 16:57:45,191][main][INFO][org.apache.catalina.core.AprLifecycleListener:173] The APR based Apache Tomcat Native library which allows optimal performance in production environments was not found on the java.library.path: [/Users/clouddxw/Library/Java/Extensions:/Library/Java/Extensions:/Network/Library/Java/Extensions:/System/Library/Java/Extensions:/usr/lib/java:.]
[2019-08-08 16:57:45,270][main][INFO][org.apache.catalina.core.ContainerBase.[Tomcat].[localhost].[/]:173] Initializing Spring embedded WebApplicationContext
[2019-08-08 16:57:45,270][main][INFO][org.springframework.web.context.ContextLoader:296] Root WebApplicationContext: initialization completed in 1423 ms
[2019-08-08 16:57:46,041][main][INFO][org.springframework.scheduling.concurrent.ThreadPoolTaskExecutor:171] Initializing ExecutorService 'applicationTaskExecutor'
[2019-08-08 16:57:46,384][main][INFO][org.apache.coyote.http11.Http11NioProtocol:173] Starting ProtocolHandler ["http-nio-9095"]
[2019-08-08 16:57:46,420][main][INFO][org.springframework.boot.web.embedded.tomcat.TomcatWebServer:204] Tomcat started on port(s): 9095 (http) with context path ''
[2019-08-08 16:57:46,424][main][INFO][com.iresearch.svc.SvcApplication:59] Started SvcApplication in 3.046 seconds (JVM running for 4.245)
[2019-08-08 16:58:23,564][http-nio-9095-exec-1][INFO][org.apache.catalina.core.ContainerBase.[Tomcat].[localhost].[/]:173] Initializing Spring DispatcherServlet 'dispatcherServlet'
[2019-08-08 16:58:23,565][http-nio-9095-exec-1][INFO][org.springframework.web.servlet.DispatcherServlet:524] Initializing Servlet 'dispatcherServlet'
[2019-08-08 16:58:23,572][http-nio-9095-exec-1][INFO][org.springframework.web.servlet.DispatcherServlet:546] Completed initialization in 6 ms
[2019-08-08 16:58:23,917][http-nio-9095-exec-4][INFO][com.iresearch.svc.controller.AllbrandController:42] leemi_proitems20190601ytdMen Apparel上装
[2019-08-08 16:58:24,015][http-nio-9095-exec-4][INFO][io.lettuce.core.EpollProvider:68] Starting without optional epoll library
[2019-08-08 16:58:24,016][http-nio-9095-exec-4][INFO][io.lettuce.core.KqueueProvider:70] Starting without optional kqueue library
[2019-08-08 16:58:24,142][http-nio-9095-exec-4][INFO][com.zaxxer.hikari.HikariDataSource:110] HikariPool-1 - Starting...
[2019-08-08 16:58:24,466][http-nio-9095-exec-4][INFO][com.zaxxer.hikari.pool.PoolBase:525] HikariPool-1 - Driver does not support get/set network timeout for connections. (不支持此操作。)
[2019-08-08 16:58:24,522][http-nio-9095-exec-4][INFO][com.zaxxer.hikari.HikariDataSource:123] HikariPool-1 - Start completed.
[2019-08-08 17:00:54,630][Thread-10][INFO][org.springframework.scheduling.concurrent.ThreadPoolTaskExecutor:208] Shutting down ExecutorService 'applicationTaskExecutor'
[2019-08-08 17:00:54,636][Thread-10][INFO][com.zaxxer.hikari.HikariDataSource:350] HikariPool-1 - Shutdown initiated...
[2019-08-08 17:00:54,638][Thread-10][INFO][com.zaxxer.hikari.HikariDataSource:352] HikariPool-1 - Shutdown completed.
[2019-08-08 17:00:58,036][main][INFO][com.iresearch.svc.SvcApplication:50] Starting SvcApplication on mac-clouddxw.local with PID 16928 (/Users/clouddxw/IdeaProjects/svc/target/classes started by clouddxw in /Users/clouddxw/IdeaProjects/svc)
[2019-08-08 17:00:58,042][main][INFO][com.iresearch.svc.SvcApplication:675] No active profile set, falling back to default profiles: default
[2019-08-08 17:00:58,783][main][INFO][org.springframework.data.repository.config.RepositoryConfigurationDelegate:244] Multiple Spring Data modules found, entering strict repository configuration mode!
[2019-08-08 17:00:58,786][main][INFO][org.springframework.data.repository.config.RepositoryConfigurationDelegate:126] Bootstrapping Spring Data repositories in DEFAULT mode.
[2019-08-08 17:00:58,819][main][INFO][org.springframework.data.repository.config.RepositoryConfigurationDelegate:182] Finished Spring Data repository scanning in 22ms. Found 0 repository interfaces.
[2019-08-08 17:00:59,088][main][INFO][org.springframework.context.support.PostProcessorRegistrationDelegate$BeanPostProcessorChecker:330] Bean 'org.springframework.transaction.annotation.ProxyTransactionManagementConfiguration' of type [org.springframework.transaction.annotation.ProxyTransactionManagementConfiguration$$EnhancerBySpringCGLIB$$ae84830b] is not eligible for getting processed by all BeanPostProcessors (for example: not eligible for auto-proxying)
[2019-08-08 17:00:59,370][main][INFO][org.springframework.boot.web.embedded.tomcat.TomcatWebServer:90] Tomcat initialized with port(s): 9095 (http)
[2019-08-08 17:00:59,383][main][INFO][org.apache.coyote.http11.Http11NioProtocol:173] Initializing ProtocolHandler ["http-nio-9095"]
[2019-08-08 17:00:59,392][main][INFO][org.apache.catalina.core.StandardService:173] Starting service [Tomcat]
[2019-08-08 17:00:59,392][main][INFO][org.apache.catalina.core.StandardEngine:173] Starting Servlet engine: [Apache Tomcat/9.0.14]
[2019-08-08 17:00:59,399][main][INFO][org.apache.catalina.core.AprLifecycleListener:173] The APR based Apache Tomcat Native library which allows optimal performance in production environments was not found on the java.library.path: [/Users/clouddxw/Library/Java/Extensions:/Library/Java/Extensions:/Network/Library/Java/Extensions:/System/Library/Java/Extensions:/usr/lib/java:.]
[2019-08-08 17:00:59,472][main][INFO][org.apache.catalina.core.ContainerBase.[Tomcat].[localhost].[/]:173] Initializing Spring embedded WebApplicationContext
[2019-08-08 17:00:59,472][main][INFO][org.springframework.web.context.ContextLoader:296] Root WebApplicationContext: initialization completed in 1351 ms
[2019-08-08 17:01:00,203][main][INFO][org.springframework.scheduling.concurrent.ThreadPoolTaskExecutor:171] Initializing ExecutorService 'applicationTaskExecutor'
[2019-08-08 17:01:00,550][main][INFO][org.apache.coyote.http11.Http11NioProtocol:173] Starting ProtocolHandler ["http-nio-9095"]
[2019-08-08 17:01:00,584][main][INFO][org.springframework.boot.web.embedded.tomcat.TomcatWebServer:204] Tomcat started on port(s): 9095 (http) with context path ''
[2019-08-08 17:01:00,587][main][INFO][com.iresearch.svc.SvcApplication:59] Started SvcApplication in 2.9 seconds (JVM running for 3.856)
[2019-08-08 17:01:08,985][http-nio-9095-exec-1][INFO][org.apache.catalina.core.ContainerBase.[Tomcat].[localhost].[/]:173] Initializing Spring DispatcherServlet 'dispatcherServlet'
[2019-08-08 17:01:08,985][http-nio-9095-exec-1][INFO][org.springframework.web.servlet.DispatcherServlet:524] Initializing Servlet 'dispatcherServlet'
[2019-08-08 17:01:08,992][http-nio-9095-exec-1][INFO][org.springframework.web.servlet.DispatcherServlet:546] Completed initialization in 7 ms
[2019-08-08 17:01:09,070][http-nio-9095-exec-4][INFO][com.iresearch.svc.controller.AllbrandController:42] leemi_proitems20190601ytdMen Apparel上装
[2019-08-08 17:01:09,162][http-nio-9095-exec-4][INFO][io.lettuce.core.EpollProvider:68] Starting without optional epoll library
[2019-08-08 17:01:09,164][http-nio-9095-exec-4][INFO][io.lettuce.core.KqueueProvider:70] Starting without optional kqueue library
[2019-08-08 17:04:00,136][Thread-10][INFO][org.springframework.scheduling.concurrent.ThreadPoolTaskExecutor:208] Shutting down ExecutorService 'applicationTaskExecutor'
[2019-08-08 17:04:03,379][main][INFO][com.iresearch.svc.SvcApplication:50] Starting SvcApplication on mac-clouddxw.local with PID 16958 (/Users/clouddxw/IdeaProjects/svc/target/classes started by clouddxw in /Users/clouddxw/IdeaProjects/svc)
[2019-08-08 17:04:03,384][main][INFO][com.iresearch.svc.SvcApplication:675] No active profile set, falling back to default profiles: default
[2019-08-08 17:04:03,899][main][INFO][org.springframework.data.repository.config.RepositoryConfigurationDelegate:244] Multiple Spring Data modules found, entering strict repository configuration mode!
[2019-08-08 17:04:03,902][main][INFO][org.springframework.data.repository.config.RepositoryConfigurationDelegate:126] Bootstrapping Spring Data repositories in DEFAULT mode.
[2019-08-08 17:04:03,925][main][INFO][org.springframework.data.repository.config.RepositoryConfigurationDelegate:182] Finished Spring Data repository scanning in 14ms. Found 0 repository interfaces.
[2019-08-08 17:04:04,147][main][INFO][org.springframework.context.support.PostProcessorRegistrationDelegate$BeanPostProcessorChecker:330] Bean 'org.springframework.transaction.annotation.ProxyTransactionManagementConfiguration' of type [org.springframework.transaction.annotation.ProxyTransactionManagementConfiguration$$EnhancerBySpringCGLIB$$6ccb4458] is not eligible for getting processed by all BeanPostProcessors (for example: not eligible for auto-proxying)
[2019-08-08 17:04:04,421][main][INFO][org.springframework.boot.web.embedded.tomcat.TomcatWebServer:90] Tomcat initialized with port(s): 9095 (http)
[2019-08-08 17:04:04,433][main][INFO][org.apache.coyote.http11.Http11NioProtocol:173] Initializing ProtocolHandler ["http-nio-9095"]
[2019-08-08 17:04:04,443][main][INFO][org.apache.catalina.core.StandardService:173] Starting service [Tomcat]
[2019-08-08 17:04:04,443][main][INFO][org.apache.catalina.core.StandardEngine:173] Starting Servlet engine: [Apache Tomcat/9.0.14]
[2019-08-08 17:04:04,449][main][INFO][org.apache.catalina.core.AprLifecycleListener:173] The APR based Apache Tomcat Native library which allows optimal performance in production environments was not found on the java.library.path: [/Users/clouddxw/Library/Java/Extensions:/Library/Java/Extensions:/Network/Library/Java/Extensions:/System/Library/Java/Extensions:/usr/lib/java:.]
[2019-08-08 17:04:04,514][main][INFO][org.apache.catalina.core.ContainerBase.[Tomcat].[localhost].[/]:173] Initializing Spring embedded WebApplicationContext
[2019-08-08 17:04:04,515][main][INFO][org.springframework.web.context.ContextLoader:296] Root WebApplicationContext: initialization completed in 1069 ms
[2019-08-08 17:04:05,232][main][INFO][org.springframework.scheduling.concurrent.ThreadPoolTaskExecutor:171] Initializing ExecutorService 'applicationTaskExecutor'
[2019-08-08 17:04:05,570][main][INFO][org.apache.coyote.http11.Http11NioProtocol:173] Starting ProtocolHandler ["http-nio-9095"]
[2019-08-08 17:04:05,617][main][INFO][org.springframework.boot.web.embedded.tomcat.TomcatWebServer:204] Tomcat started on port(s): 9095 (http) with context path ''
[2019-08-08 17:04:05,620][main][INFO][com.iresearch.svc.SvcApplication:59] Started SvcApplication in 2.551 seconds (JVM running for 3.483)
[2019-08-08 17:04:26,695][http-nio-9095-exec-1][INFO][org.apache.catalina.core.ContainerBase.[Tomcat].[localhost].[/]:173] Initializing Spring DispatcherServlet 'dispatcherServlet'
[2019-08-08 17:04:26,695][http-nio-9095-exec-1][INFO][org.springframework.web.servlet.DispatcherServlet:524] Initializing Servlet 'dispatcherServlet'
[2019-08-08 17:04:26,703][http-nio-9095-exec-1][INFO][org.springframework.web.servlet.DispatcherServlet:546] Completed initialization in 7 ms
[2019-08-08 17:04:26,869][http-nio-9095-exec-4][INFO][com.iresearch.svc.controller.AllbrandController:42] leemi_proitems20190601ytdMen Apparel上装
[2019-08-08 17:04:26,964][http-nio-9095-exec-4][INFO][io.lettuce.core.EpollProvider:68] Starting without optional epoll library
[2019-08-08 17:04:26,966][http-nio-9095-exec-4][INFO][io.lettuce.core.KqueueProvider:70] Starting without optional kqueue library
[2019-08-08 17:13:13,988][Thread-9][INFO][org.springframework.scheduling.concurrent.ThreadPoolTaskExecutor:208] Shutting down ExecutorService 'applicationTaskExecutor'
[2019-08-08 17:13:17,370][main][INFO][com.iresearch.svc.SvcApplication:50] Starting SvcApplication on mac-clouddxw.local with PID 17037 (/Users/clouddxw/IdeaProjects/svc/target/classes started by clouddxw in /Users/clouddxw/IdeaProjects/svc)
[2019-08-08 17:13:17,377][main][INFO][com.iresearch.svc.SvcApplication:675] No active profile set, falling back to default profiles: default
[2019-08-08 17:13:18,088][main][INFO][org.springframework.data.repository.config.RepositoryConfigurationDelegate:244] Multiple Spring Data modules found, entering strict repository configuration mode!
[2019-08-08 17:13:18,091][main][INFO][org.springframework.data.repository.config.RepositoryConfigurationDelegate:126] Bootstrapping Spring Data repositories in DEFAULT mode.
[2019-08-08 17:13:18,118][main][INFO][org.springframework.data.repository.config.RepositoryConfigurationDelegate:182] Finished Spring Data repository scanning in 17ms. Found 0 repository interfaces.
[2019-08-08 17:13:18,374][main][INFO][org.springframework.context.support.PostProcessorRegistrationDelegate$BeanPostProcessorChecker:330] Bean 'org.springframework.transaction.annotation.ProxyTransactionManagementConfiguration' of type [org.springframework.transaction.annotation.ProxyTransactionManagementConfiguration$$EnhancerBySpringCGLIB$$b712b05c] is not eligible for getting processed by all BeanPostProcessors (for example: not eligible for auto-proxying)
[2019-08-08 17:13:18,647][main][INFO][org.springframework.boot.web.embedded.tomcat.TomcatWebServer:90] Tomcat initialized with port(s): 9095 (http)
[2019-08-08 17:13:18,659][main][INFO][org.apache.coyote.http11.Http11NioProtocol:173] Initializing ProtocolHandler ["http-nio-9095"]
[2019-08-08 17:13:18,668][main][INFO][org.apache.catalina.core.StandardService:173] Starting service [Tomcat]
[2019-08-08 17:13:18,668][main][INFO][org.apache.catalina.core.StandardEngine:173] Starting Servlet engine: [Apache Tomcat/9.0.14]
[2019-08-08 17:13:18,674][main][INFO][org.apache.catalina.core.AprLifecycleListener:173] The APR based Apache Tomcat Native library which allows optimal performance in production environments was not found on the java.library.path: [/Users/clouddxw/Library/Java/Extensions:/Library/Java/Extensions:/Network/Library/Java/Extensions:/System/Library/Java/Extensions:/usr/lib/java:.]
[2019-08-08 17:13:18,747][main][INFO][org.apache.catalina.core.ContainerBase.[Tomcat].[localhost].[/]:173] Initializing Spring embedded WebApplicationContext
[2019-08-08 17:13:18,747][main][INFO][org.springframework.web.context.ContextLoader:296] Root WebApplicationContext: initialization completed in 1299 ms
[2019-08-08 17:13:19,488][main][INFO][org.springframework.scheduling.concurrent.ThreadPoolTaskExecutor:171] Initializing ExecutorService 'applicationTaskExecutor'
[2019-08-08 17:13:19,850][main][INFO][org.apache.coyote.http11.Http11NioProtocol:173] Starting ProtocolHandler ["http-nio-9095"]
[2019-08-08 17:13:19,883][main][INFO][org.springframework.boot.web.embedded.tomcat.TomcatWebServer:204] Tomcat started on port(s): 9095 (http) with context path ''
[2019-08-08 17:13:19,887][main][INFO][com.iresearch.svc.SvcApplication:59] Started SvcApplication in 2.866 seconds (JVM running for 3.873)
[2019-08-08 17:13:35,553][http-nio-9095-exec-1][INFO][org.apache.catalina.core.ContainerBase.[Tomcat].[localhost].[/]:173] Initializing Spring DispatcherServlet 'dispatcherServlet'
[2019-08-08 17:13:35,554][http-nio-9095-exec-1][INFO][org.springframework.web.servlet.DispatcherServlet:524] Initializing Servlet 'dispatcherServlet'
[2019-08-08 17:13:35,560][http-nio-9095-exec-1][INFO][org.springframework.web.servlet.DispatcherServlet:546] Completed initialization in 6 ms
[2019-08-08 17:13:35,704][http-nio-9095-exec-4][INFO][com.iresearch.svc.controller.AllbrandController:42] leemi_proitems20190601ytdMen Apparel上装
[2019-08-08 17:13:35,801][http-nio-9095-exec-4][INFO][io.lettuce.core.EpollProvider:68] Starting without optional epoll library
[2019-08-08 17:13:35,802][http-nio-9095-exec-4][INFO][io.lettuce.core.KqueueProvider:70] Starting without optional kqueue library
