[2019-07-03 18:54:17,633][main][INFO][com.iresearch.svc.SvcApplication:50] Starting SvcApplication on mac-clouddxw.local with PID 13311 (/Users/clouddxw/IdeaProjects/svc/target/classes started by clouddxw in /Users/clouddxw/IdeaProjects/svc)
[2019-07-03 18:54:17,658][main][INFO][com.iresearch.svc.SvcApplication:675] No active profile set, falling back to default profiles: default
[2019-07-03 18:54:18,355][main][INFO][org.springframework.data.repository.config.RepositoryConfigurationDelegate:244] Multiple Spring Data modules found, entering strict repository configuration mode!
[2019-07-03 18:54:18,364][main][INFO][org.springframework.data.repository.config.RepositoryConfigurationDelegate:126] Bootstrapping Spring Data repositories in DEFAULT mode.
[2019-07-03 18:54:18,405][main][INFO][org.springframework.data.repository.config.RepositoryConfigurationDelegate:182] Finished Spring Data repository scanning in 19ms. Found 0 repository interfaces.
[2019-07-03 18:54:18,729][main][INFO][org.springframework.context.support.PostProcessorRegistrationDelegate$BeanPostProcessorChecker:330] Bean 'org.springframework.transaction.annotation.ProxyTransactionManagementConfiguration' of type [org.springframework.transaction.annotation.ProxyTransactionManagementConfiguration$$EnhancerBySpringCGLIB$$df43783c] is not eligible for getting processed by all BeanPostProcessors (for example: not eligible for auto-proxying)
[2019-07-03 18:54:19,106][main][INFO][org.springframework.boot.web.embedded.tomcat.TomcatWebServer:90] Tomcat initialized with port(s): 9095 (http)
[2019-07-03 18:54:19,125][main][INFO][org.apache.coyote.http11.Http11NioProtocol:173] Initializing ProtocolHandler ["http-nio-9095"]
[2019-07-03 18:54:19,134][main][INFO][org.apache.catalina.core.StandardService:173] Starting service [Tomcat]
[2019-07-03 18:54:19,134][main][INFO][org.apache.catalina.core.StandardEngine:173] Starting Servlet engine: [Apache Tomcat/9.0.14]
[2019-07-03 18:54:19,142][main][INFO][org.apache.catalina.core.AprLifecycleListener:173] The APR based Apache Tomcat Native library which allows optimal performance in production environments was not found on the java.library.path: [/Users/clouddxw/Library/Java/Extensions:/Library/Java/Extensions:/Network/Library/Java/Extensions:/System/Library/Java/Extensions:/usr/lib/java:.]
[2019-07-03 18:54:19,237][main][INFO][org.apache.catalina.core.ContainerBase.[Tomcat].[localhost].[/]:173] Initializing Spring embedded WebApplicationContext
[2019-07-03 18:54:19,238][main][INFO][org.springframework.web.context.ContextLoader:296] Root WebApplicationContext: initialization completed in 1543 ms
[2019-07-03 18:54:19,708][main][INFO][org.apache.catalina.core.StandardService:173] Stopping service [Tomcat]
[2019-07-03 18:54:19,717][main][INFO][org.springframework.boot.autoconfigure.logging.ConditionEvaluationReportLoggingListener:142] 

Error starting ApplicationContext. To display the conditions report re-run your application with 'debug' enabled.
[2019-07-03 19:07:15,972][main][INFO][com.iresearch.svc.SvcApplication:50] Starting SvcApplication on mac-clouddxw.local with PID 13371 (/Users/clouddxw/IdeaProjects/svc/target/classes started by clouddxw in /Users/clouddxw/IdeaProjects/svc)
[2019-07-03 19:07:15,978][main][INFO][com.iresearch.svc.SvcApplication:675] No active profile set, falling back to default profiles: default
[2019-07-03 19:07:16,778][main][INFO][org.springframework.data.repository.config.RepositoryConfigurationDelegate:244] Multiple Spring Data modules found, entering strict repository configuration mode!
[2019-07-03 19:07:16,782][main][INFO][org.springframework.data.repository.config.RepositoryConfigurationDelegate:126] Bootstrapping Spring Data repositories in DEFAULT mode.
[2019-07-03 19:07:16,822][main][INFO][org.springframework.data.repository.config.RepositoryConfigurationDelegate:182] Finished Spring Data repository scanning in 27ms. Found 0 repository interfaces.
[2019-07-03 19:07:17,141][main][INFO][org.springframework.context.support.PostProcessorRegistrationDelegate$BeanPostProcessorChecker:330] Bean 'org.springframework.transaction.annotation.ProxyTransactionManagementConfiguration' of type [org.springframework.transaction.annotation.ProxyTransactionManagementConfiguration$$EnhancerBySpringCGLIB$$d311b372] is not eligible for getting processed by all BeanPostProcessors (for example: not eligible for auto-proxying)
[2019-07-03 19:07:17,404][main][INFO][org.springframework.boot.web.embedded.tomcat.TomcatWebServer:90] Tomcat initialized with port(s): 9095 (http)
[2019-07-03 19:07:17,417][main][INFO][org.apache.coyote.http11.Http11NioProtocol:173] Initializing ProtocolHandler ["http-nio-9095"]
[2019-07-03 19:07:17,426][main][INFO][org.apache.catalina.core.StandardService:173] Starting service [Tomcat]
[2019-07-03 19:07:17,426][main][INFO][org.apache.catalina.core.StandardEngine:173] Starting Servlet engine: [Apache Tomcat/9.0.14]
[2019-07-03 19:07:17,433][main][INFO][org.apache.catalina.core.AprLifecycleListener:173] The APR based Apache Tomcat Native library which allows optimal performance in production environments was not found on the java.library.path: [/Users/clouddxw/Library/Java/Extensions:/Library/Java/Extensions:/Network/Library/Java/Extensions:/System/Library/Java/Extensions:/usr/lib/java:.]
[2019-07-03 19:07:17,516][main][INFO][org.apache.catalina.core.ContainerBase.[Tomcat].[localhost].[/]:173] Initializing Spring embedded WebApplicationContext
[2019-07-03 19:07:17,516][main][INFO][org.springframework.web.context.ContextLoader:296] Root WebApplicationContext: initialization completed in 1494 ms
[2019-07-03 19:07:17,927][main][INFO][org.apache.catalina.core.StandardService:173] Stopping service [Tomcat]
[2019-07-03 19:07:17,936][main][INFO][org.springframework.boot.autoconfigure.logging.ConditionEvaluationReportLoggingListener:142] 

Error starting ApplicationContext. To display the conditions report re-run your application with 'debug' enabled.
