[2019-07-08 15:55:30,863][Thread-9][INFO][org.springframework.scheduling.concurrent.ThreadPoolTaskExecutor:208] Shutting down ExecutorService 'applicationTaskExecutor'
[2019-07-08 15:55:35,275][main][INFO][com.iresearch.svc.SvcApplication:50] Starting SvcApplication on mac-clouddxw.local with PID 47029 (/Users/clouddxw/IdeaProjects/svc/target/classes started by clouddxw in /Users/clouddxw/IdeaProjects/svc)
[2019-07-08 15:55:35,294][main][INFO][com.iresearch.svc.SvcApplication:675] No active profile set, falling back to default profiles: default
[2019-07-08 15:55:36,039][main][INFO][org.springframework.data.repository.config.RepositoryConfigurationDelegate:244] Multiple Spring Data modules found, entering strict repository configuration mode!
[2019-07-08 15:55:36,045][main][INFO][org.springframework.data.repository.config.RepositoryConfigurationDelegate:126] Bootstrapping Spring Data repositories in DEFAULT mode.
[2019-07-08 15:55:36,079][main][INFO][org.springframework.data.repository.config.RepositoryConfigurationDelegate:182] Finished Spring Data repository scanning in 18ms. Found 0 repository interfaces.
[2019-07-08 15:55:36,365][main][INFO][org.springframework.context.support.PostProcessorRegistrationDelegate$BeanPostProcessorChecker:330] Bean 'org.springframework.transaction.annotation.ProxyTransactionManagementConfiguration' of type [org.springframework.transaction.annotation.ProxyTransactionManagementConfiguration$$EnhancerBySpringCGLIB$$5c73a976] is not eligible for getting processed by all BeanPostProcessors (for example: not eligible for auto-proxying)
[2019-07-08 15:55:36,752][main][INFO][org.springframework.boot.web.embedded.tomcat.TomcatWebServer:90] Tomcat initialized with port(s): 9095 (http)
[2019-07-08 15:55:36,771][main][INFO][org.apache.coyote.http11.Http11NioProtocol:173] Initializing ProtocolHandler ["http-nio-9095"]
[2019-07-08 15:55:36,780][main][INFO][org.apache.catalina.core.StandardService:173] Starting service [Tomcat]
[2019-07-08 15:55:36,781][main][INFO][org.apache.catalina.core.StandardEngine:173] Starting Servlet engine: [Apache Tomcat/9.0.14]
[2019-07-08 15:55:36,789][main][INFO][org.apache.catalina.core.AprLifecycleListener:173] The APR based Apache Tomcat Native library which allows optimal performance in production environments was not found on the java.library.path: [/Users/clouddxw/Library/Java/Extensions:/Library/Java/Extensions:/Network/Library/Java/Extensions:/System/Library/Java/Extensions:/usr/lib/java:.]
[2019-07-08 15:55:36,888][main][INFO][org.apache.catalina.core.ContainerBase.[Tomcat].[localhost].[/]:173] Initializing Spring embedded WebApplicationContext
[2019-07-08 15:55:36,889][main][INFO][org.springframework.web.context.ContextLoader:296] Root WebApplicationContext: initialization completed in 1549 ms
[2019-07-08 15:55:37,962][main][INFO][org.springframework.scheduling.concurrent.ThreadPoolTaskExecutor:171] Initializing ExecutorService 'applicationTaskExecutor'
[2019-07-08 15:55:38,430][main][INFO][org.apache.coyote.http11.Http11NioProtocol:173] Starting ProtocolHandler ["http-nio-9095"]
[2019-07-08 15:55:38,472][main][INFO][org.springframework.boot.web.embedded.tomcat.TomcatWebServer:204] Tomcat started on port(s): 9095 (http) with context path ''
[2019-07-08 15:55:38,476][main][INFO][com.iresearch.svc.SvcApplication:59] Started SvcApplication in 3.566 seconds (JVM running for 4.803)
[2019-07-08 15:56:19,993][http-nio-9095-exec-1][INFO][org.apache.catalina.core.ContainerBase.[Tomcat].[localhost].[/]:173] Initializing Spring DispatcherServlet 'dispatcherServlet'
[2019-07-08 15:56:19,994][http-nio-9095-exec-1][INFO][org.springframework.web.servlet.DispatcherServlet:524] Initializing Servlet 'dispatcherServlet'
[2019-07-08 15:56:20,004][http-nio-9095-exec-1][INFO][org.springframework.web.servlet.DispatcherServlet:546] Completed initialization in 10 ms
[2019-07-08 15:56:22,510][http-nio-9095-exec-6][INFO][io.lettuce.core.EpollProvider:68] Starting without optional epoll library
[2019-07-08 15:56:22,512][http-nio-9095-exec-6][INFO][io.lettuce.core.KqueueProvider:70] Starting without optional kqueue library
[2019-07-08 15:56:22,671][http-nio-9095-exec-6][INFO][com.zaxxer.hikari.HikariDataSource:110] HikariPool-1 - Starting...
[2019-07-08 15:56:23,265][http-nio-9095-exec-6][INFO][com.zaxxer.hikari.pool.PoolBase:525] HikariPool-1 - Driver does not support get/set network timeout for connections. (不支持此操作。)
[2019-07-08 15:56:23,345][http-nio-9095-exec-6][INFO][com.zaxxer.hikari.HikariDataSource:123] HikariPool-1 - Start completed.
[2019-07-08 15:56:23,760][http-nio-9095-exec-6][INFO][com.iresearch.svc.controller.LoginController:155] com.iresearch.svc.controller.LoginController$1Checkres@128d70eb
[2019-07-08 15:57:32,783][Thread-11][INFO][org.springframework.scheduling.concurrent.ThreadPoolTaskExecutor:208] Shutting down ExecutorService 'applicationTaskExecutor'
[2019-07-08 15:57:33,924][Thread-11][INFO][com.zaxxer.hikari.HikariDataSource:350] HikariPool-1 - Shutdown initiated...
[2019-07-08 15:57:33,927][Thread-11][INFO][com.zaxxer.hikari.HikariDataSource:352] HikariPool-1 - Shutdown completed.
[2019-07-08 15:57:36,444][main][INFO][com.iresearch.svc.SvcApplication:50] Starting SvcApplication on mac-clouddxw.local with PID 47052 (/Users/clouddxw/IdeaProjects/svc/target/classes started by clouddxw in /Users/clouddxw/IdeaProjects/svc)
[2019-07-08 15:57:36,450][main][INFO][com.iresearch.svc.SvcApplication:675] No active profile set, falling back to default profiles: default
[2019-07-08 15:57:37,074][main][INFO][org.springframework.data.repository.config.RepositoryConfigurationDelegate:244] Multiple Spring Data modules found, entering strict repository configuration mode!
[2019-07-08 15:57:37,077][main][INFO][org.springframework.data.repository.config.RepositoryConfigurationDelegate:126] Bootstrapping Spring Data repositories in DEFAULT mode.
[2019-07-08 15:57:37,106][main][INFO][org.springframework.data.repository.config.RepositoryConfigurationDelegate:182] Finished Spring Data repository scanning in 17ms. Found 0 repository interfaces.
[2019-07-08 15:57:37,369][main][INFO][org.springframework.context.support.PostProcessorRegistrationDelegate$BeanPostProcessorChecker:330] Bean 'org.springframework.transaction.annotation.ProxyTransactionManagementConfiguration' of type [org.springframework.transaction.annotation.ProxyTransactionManagementConfiguration$$EnhancerBySpringCGLIB$$11468bc6] is not eligible for getting processed by all BeanPostProcessors (for example: not eligible for auto-proxying)
[2019-07-08 15:57:37,660][main][INFO][org.springframework.boot.web.embedded.tomcat.TomcatWebServer:90] Tomcat initialized with port(s): 9095 (http)
[2019-07-08 15:57:37,674][main][INFO][org.apache.coyote.http11.Http11NioProtocol:173] Initializing ProtocolHandler ["http-nio-9095"]
[2019-07-08 15:57:37,697][main][INFO][org.apache.catalina.core.StandardService:173] Starting service [Tomcat]
[2019-07-08 15:57:37,697][main][INFO][org.apache.catalina.core.StandardEngine:173] Starting Servlet engine: [Apache Tomcat/9.0.14]
[2019-07-08 15:57:37,703][main][INFO][org.apache.catalina.core.AprLifecycleListener:173] The APR based Apache Tomcat Native library which allows optimal performance in production environments was not found on the java.library.path: [/Users/clouddxw/Library/Java/Extensions:/Library/Java/Extensions:/Network/Library/Java/Extensions:/System/Library/Java/Extensions:/usr/lib/java:.]
[2019-07-08 15:57:37,776][main][INFO][org.apache.catalina.core.ContainerBase.[Tomcat].[localhost].[/]:173] Initializing Spring embedded WebApplicationContext
[2019-07-08 15:57:37,776][main][INFO][org.springframework.web.context.ContextLoader:296] Root WebApplicationContext: initialization completed in 1278 ms
[2019-07-08 15:57:38,512][main][INFO][org.springframework.scheduling.concurrent.ThreadPoolTaskExecutor:171] Initializing ExecutorService 'applicationTaskExecutor'
[2019-07-08 15:57:38,867][main][INFO][org.apache.coyote.http11.Http11NioProtocol:173] Starting ProtocolHandler ["http-nio-9095"]
[2019-07-08 15:57:38,907][main][INFO][org.springframework.boot.web.embedded.tomcat.TomcatWebServer:204] Tomcat started on port(s): 9095 (http) with context path ''
[2019-07-08 15:57:38,911][main][INFO][com.iresearch.svc.SvcApplication:59] Started SvcApplication in 2.786 seconds (JVM running for 4.092)
[2019-07-08 15:58:20,088][http-nio-9095-exec-1][INFO][org.apache.catalina.core.ContainerBase.[Tomcat].[localhost].[/]:173] Initializing Spring DispatcherServlet 'dispatcherServlet'
[2019-07-08 15:58:20,088][http-nio-9095-exec-1][INFO][org.springframework.web.servlet.DispatcherServlet:524] Initializing Servlet 'dispatcherServlet'
[2019-07-08 15:58:20,095][http-nio-9095-exec-1][INFO][org.springframework.web.servlet.DispatcherServlet:546] Completed initialization in 7 ms
[2019-07-08 15:58:35,913][http-nio-9095-exec-8][INFO][io.lettuce.core.EpollProvider:68] Starting without optional epoll library
[2019-07-08 15:58:35,915][http-nio-9095-exec-8][INFO][io.lettuce.core.KqueueProvider:70] Starting without optional kqueue library
[2019-07-08 15:58:36,096][http-nio-9095-exec-8][INFO][com.iresearch.svc.controller.LoginController:155] com.iresearch.svc.controller.LoginController$1Checkres@4bde0542
[2019-07-08 15:58:36,125][http-nio-9095-exec-9][INFO][com.iresearch.svc.controller.LoginInterceptor_v:78] admin
[2019-07-08 15:58:36,126][http-nio-9095-exec-9][INFO][com.iresearch.svc.controller.LoginInterceptor_v:80] 1
[2019-07-08 15:58:36,274][http-nio-9095-exec-7][INFO][com.zaxxer.hikari.HikariDataSource:110] HikariPool-1 - Starting...
[2019-07-08 15:58:36,784][http-nio-9095-exec-7][INFO][com.zaxxer.hikari.pool.PoolBase:525] HikariPool-1 - Driver does not support get/set network timeout for connections. (不支持此操作。)
[2019-07-08 15:58:36,868][http-nio-9095-exec-7][INFO][com.zaxxer.hikari.HikariDataSource:123] HikariPool-1 - Start completed.
[2019-07-08 15:58:38,906][http-nio-9095-exec-7][INFO][com.iresearch.svc.controller.IndexController:115] |@|0:0:0:0:0:0:0:1|com.iresearch.svc.bean.LoginUser@2c71f923|首页|打开页面|@|
[2019-07-08 15:58:43,953][http-nio-9095-exec-8][INFO][com.iresearch.svc.controller.LoginInterceptor_v:78] admin
[2019-07-08 15:58:43,953][http-nio-9095-exec-8][INFO][com.iresearch.svc.controller.LoginInterceptor_v:80] 1
[2019-07-08 15:58:49,393][http-nio-9095-exec-4][INFO][com.iresearch.svc.controller.AllshowController:249] |@|0:0:0:0:0:0:0:1|com.iresearch.svc.bean.LoginUser@2c71f923|节目排名与详情|打开页面|@|
[2019-07-08 15:58:49,775][http-nio-9095-exec-5][INFO][com.iresearch.svc.controller.LoginInterceptor_v:78] admin
[2019-07-08 15:58:49,775][http-nio-9095-exec-10][INFO][com.iresearch.svc.controller.LoginInterceptor_v:78] admin
[2019-07-08 15:58:49,776][http-nio-9095-exec-5][INFO][com.iresearch.svc.controller.LoginInterceptor_v:80] 1
[2019-07-08 15:58:49,776][http-nio-9095-exec-10][INFO][com.iresearch.svc.controller.LoginInterceptor_v:80] 1
[2019-07-08 16:01:11,802][http-nio-9095-exec-10][INFO][com.iresearch.svc.controller.LoginInterceptor_v:78] admin
[2019-07-08 16:01:11,802][http-nio-9095-exec-10][INFO][com.iresearch.svc.controller.LoginInterceptor_v:80] 1
[2019-07-08 16:01:14,223][http-nio-9095-exec-5][INFO][com.iresearch.svc.controller.AllshowController:249] |@|0:0:0:0:0:0:0:1|com.iresearch.svc.bean.LoginUser@2c71f923|节目排名与详情|打开页面|@|
[2019-07-08 16:01:14,548][http-nio-9095-exec-6][INFO][com.iresearch.svc.controller.LoginInterceptor_v:78] admin
[2019-07-08 16:01:14,548][http-nio-9095-exec-2][INFO][com.iresearch.svc.controller.LoginInterceptor_v:78] admin
[2019-07-08 16:01:14,548][http-nio-9095-exec-6][INFO][com.iresearch.svc.controller.LoginInterceptor_v:80] 1
[2019-07-08 16:01:14,548][http-nio-9095-exec-2][INFO][com.iresearch.svc.controller.LoginInterceptor_v:80] 1
[2019-07-08 16:08:02,036][Thread-9][INFO][org.springframework.scheduling.concurrent.ThreadPoolTaskExecutor:208] Shutting down ExecutorService 'applicationTaskExecutor'
[2019-07-08 16:08:03,172][Thread-9][INFO][com.zaxxer.hikari.HikariDataSource:350] HikariPool-1 - Shutdown initiated...
[2019-07-08 16:08:03,174][Thread-9][INFO][com.zaxxer.hikari.HikariDataSource:352] HikariPool-1 - Shutdown completed.
[2019-07-08 16:08:05,717][main][INFO][com.iresearch.svc.SvcApplication:50] Starting SvcApplication on mac-clouddxw.local with PID 47142 (/Users/clouddxw/IdeaProjects/svc/target/classes started by clouddxw in /Users/clouddxw/IdeaProjects/svc)
[2019-07-08 16:08:05,724][main][INFO][com.iresearch.svc.SvcApplication:675] No active profile set, falling back to default profiles: default
[2019-07-08 16:08:06,309][main][INFO][org.springframework.data.repository.config.RepositoryConfigurationDelegate:244] Multiple Spring Data modules found, entering strict repository configuration mode!
[2019-07-08 16:08:06,311][main][INFO][org.springframework.data.repository.config.RepositoryConfigurationDelegate:126] Bootstrapping Spring Data repositories in DEFAULT mode.
[2019-07-08 16:08:06,338][main][INFO][org.springframework.data.repository.config.RepositoryConfigurationDelegate:182] Finished Spring Data repository scanning in 16ms. Found 0 repository interfaces.
[2019-07-08 16:08:06,577][main][INFO][org.springframework.context.support.PostProcessorRegistrationDelegate$BeanPostProcessorChecker:330] Bean 'org.springframework.transaction.annotation.ProxyTransactionManagementConfiguration' of type [org.springframework.transaction.annotation.ProxyTransactionManagementConfiguration$$EnhancerBySpringCGLIB$$ff3ac9af] is not eligible for getting processed by all BeanPostProcessors (for example: not eligible for auto-proxying)
[2019-07-08 16:08:06,851][main][INFO][org.springframework.boot.web.embedded.tomcat.TomcatWebServer:90] Tomcat initialized with port(s): 9095 (http)
[2019-07-08 16:08:06,865][main][INFO][org.apache.coyote.http11.Http11NioProtocol:173] Initializing ProtocolHandler ["http-nio-9095"]
[2019-07-08 16:08:06,890][main][INFO][org.apache.catalina.core.StandardService:173] Starting service [Tomcat]
[2019-07-08 16:08:06,890][main][INFO][org.apache.catalina.core.StandardEngine:173] Starting Servlet engine: [Apache Tomcat/9.0.14]
[2019-07-08 16:08:06,897][main][INFO][org.apache.catalina.core.AprLifecycleListener:173] The APR based Apache Tomcat Native library which allows optimal performance in production environments was not found on the java.library.path: [/Users/clouddxw/Library/Java/Extensions:/Library/Java/Extensions:/Network/Library/Java/Extensions:/System/Library/Java/Extensions:/usr/lib/java:.]
[2019-07-08 16:08:06,976][main][INFO][org.apache.catalina.core.ContainerBase.[Tomcat].[localhost].[/]:173] Initializing Spring embedded WebApplicationContext
[2019-07-08 16:08:06,976][main][INFO][org.springframework.web.context.ContextLoader:296] Root WebApplicationContext: initialization completed in 1206 ms
[2019-07-08 16:08:07,723][main][INFO][org.springframework.scheduling.concurrent.ThreadPoolTaskExecutor:171] Initializing ExecutorService 'applicationTaskExecutor'
[2019-07-08 16:08:08,084][main][INFO][org.apache.coyote.http11.Http11NioProtocol:173] Starting ProtocolHandler ["http-nio-9095"]
[2019-07-08 16:08:08,124][main][INFO][org.springframework.boot.web.embedded.tomcat.TomcatWebServer:204] Tomcat started on port(s): 9095 (http) with context path ''
[2019-07-08 16:08:08,129][main][INFO][com.iresearch.svc.SvcApplication:59] Started SvcApplication in 2.726 seconds (JVM running for 4.044)
[2019-07-08 16:08:35,453][http-nio-9095-exec-1][INFO][org.apache.catalina.core.ContainerBase.[Tomcat].[localhost].[/]:173] Initializing Spring DispatcherServlet 'dispatcherServlet'
[2019-07-08 16:08:35,454][http-nio-9095-exec-1][INFO][org.springframework.web.servlet.DispatcherServlet:524] Initializing Servlet 'dispatcherServlet'
[2019-07-08 16:08:35,460][http-nio-9095-exec-1][INFO][org.springframework.web.servlet.DispatcherServlet:546] Completed initialization in 6 ms
[2019-07-08 16:08:37,688][http-nio-9095-exec-4][INFO][io.lettuce.core.EpollProvider:68] Starting without optional epoll library
[2019-07-08 16:08:37,690][http-nio-9095-exec-4][INFO][io.lettuce.core.KqueueProvider:70] Starting without optional kqueue library
[2019-07-08 16:08:37,831][http-nio-9095-exec-4][INFO][com.iresearch.svc.controller.LoginController:155] com.iresearch.svc.controller.LoginController$1Checkres@53cad8ff
[2019-07-08 16:08:37,867][http-nio-9095-exec-5][INFO][com.iresearch.svc.controller.LoginInterceptor_v:78] admin
[2019-07-08 16:08:37,867][http-nio-9095-exec-5][INFO][com.iresearch.svc.controller.LoginInterceptor_v:80] 1
[2019-07-08 16:08:37,950][http-nio-9095-exec-6][INFO][com.iresearch.svc.controller.IndexController:115] |@|0:0:0:0:0:0:0:1|com.iresearch.svc.bean.LoginUser@56366696|首页|打开页面|@|
[2019-07-08 16:08:47,234][http-nio-9095-exec-8][INFO][com.iresearch.svc.controller.LoginInterceptor_v:78] admin
[2019-07-08 16:08:47,234][http-nio-9095-exec-8][INFO][com.iresearch.svc.controller.LoginInterceptor_v:80] 1
[2019-07-08 16:08:47,642][http-nio-9095-exec-9][INFO][com.zaxxer.hikari.HikariDataSource:110] HikariPool-1 - Starting...
[2019-07-08 16:08:53,518][http-nio-9095-exec-9][INFO][com.zaxxer.hikari.pool.PoolBase:525] HikariPool-1 - Driver does not support get/set network timeout for connections. (不支持此操作。)
[2019-07-08 16:08:53,592][http-nio-9095-exec-9][INFO][com.zaxxer.hikari.HikariDataSource:123] HikariPool-1 - Start completed.
[2019-07-08 16:08:55,507][http-nio-9095-exec-9][INFO][com.iresearch.svc.controller.AllshowController:249] |@|0:0:0:0:0:0:0:1|com.iresearch.svc.bean.LoginUser@56366696|节目排名与详情|打开页面|@|
[2019-07-08 16:08:55,864][http-nio-9095-exec-10][INFO][com.iresearch.svc.controller.LoginInterceptor_v:78] admin
[2019-07-08 16:08:55,864][http-nio-9095-exec-10][INFO][com.iresearch.svc.controller.LoginInterceptor_v:80] 1
[2019-07-08 16:08:55,865][http-nio-9095-exec-1][INFO][com.iresearch.svc.controller.LoginInterceptor_v:78] admin
[2019-07-08 16:08:55,865][http-nio-9095-exec-1][INFO][com.iresearch.svc.controller.LoginInterceptor_v:80] 1
[2019-07-08 16:09:10,873][http-nio-9095-exec-10][INFO][com.iresearch.svc.controller.LoginController:155] com.iresearch.svc.controller.LoginController$1Checkres@45599ae2
[2019-07-08 16:09:10,884][http-nio-9095-exec-1][INFO][com.iresearch.svc.controller.LoginInterceptor_v:78] admin
[2019-07-08 16:09:10,885][http-nio-9095-exec-1][INFO][com.iresearch.svc.controller.LoginInterceptor_v:80] 1
[2019-07-08 16:09:11,758][http-nio-9095-exec-7][INFO][com.iresearch.svc.controller.IndexController:115] |@|0:0:0:0:0:0:0:1|com.iresearch.svc.bean.LoginUser@2c559f74|首页|打开页面|@|
[2019-07-08 16:09:13,544][http-nio-9095-exec-10][INFO][com.iresearch.svc.controller.LoginInterceptor_v:78] admin
[2019-07-08 16:09:13,545][http-nio-9095-exec-10][INFO][com.iresearch.svc.controller.LoginInterceptor_v:80] 1
[2019-07-08 16:09:16,565][http-nio-9095-exec-4][INFO][com.iresearch.svc.controller.AllshowController:249] |@|0:0:0:0:0:0:0:1|com.iresearch.svc.bean.LoginUser@2c559f74|节目排名与详情|打开页面|@|
[2019-07-08 16:09:47,386][http-nio-9095-exec-9][INFO][com.iresearch.svc.controller.AllshowController:270] 网络平台谈话/脱口秀类,生活观察类,综合游戏类,才艺竞演类,文化类,美食类,亲子/儿童互动,明星竞演类,喜剧类,创意类,其他S+级,S级,A级,B级,C级总冠名,其他快速消费品,互联网应用,耐用消费品,汽车,手机,其他男,女18岁以下,18-24岁,25-34岁,35-50岁,50岁以上一线城市,二线城市,三线城市及以下2016-01-012019-07-08
[2019-07-08 16:09:51,123][http-nio-9095-exec-9][INFO][com.iresearch.svc.controller.AllshowController:473] |@|0:0:0:0:0:0:0:1|com.iresearch.svc.bean.LoginUser@2c559f74|节目排名与详情|Norm筛选|@|
[2019-07-08 16:10:05,937][http-nio-9095-exec-3][INFO][com.iresearch.svc.controller.AllshowController:551] |@|0:0:0:0:0:0:0:1|com.iresearch.svc.bean.LoginUser@2c559f74|节目排名与详情|节目搜索|@|
[2019-07-08 16:10:12,816][http-nio-9095-exec-6][INFO][com.iresearch.svc.controller.AllshowController:551] |@|0:0:0:0:0:0:0:1|com.iresearch.svc.bean.LoginUser@2c559f74|节目排名与详情|节目搜索|@|
[2019-07-08 16:10:17,520][http-nio-9095-exec-1][INFO][com.iresearch.svc.controller.AllshowController:551] |@|0:0:0:0:0:0:0:1|com.iresearch.svc.bean.LoginUser@2c559f74|节目排名与详情|节目搜索|@|
[2019-07-08 16:10:21,050][http-nio-9095-exec-4][INFO][com.iresearch.svc.controller.LoginInterceptor_v:78] admin
[2019-07-08 16:10:21,051][http-nio-9095-exec-4][INFO][com.iresearch.svc.controller.LoginInterceptor_v:80] 1
[2019-07-08 16:10:27,056][http-nio-9095-exec-5][INFO][com.iresearch.svc.controller.ShowcustomController:162] |@|0:0:0:0:0:0:0:1|com.iresearch.svc.bean.LoginUser@2c559f74|定制节目详情|打开页面|@|
[2019-07-08 16:10:41,077][http-nio-9095-exec-6][INFO][com.iresearch.svc.controller.ShowcustomController:293] |@|0:0:0:0:0:0:0:1|com.iresearch.svc.bean.LoginUser@2c559f74|定制节目详情|Norm筛选|@|
[2019-07-08 16:11:31,709][http-nio-9095-exec-1][INFO][com.iresearch.svc.controller.LoginInterceptor_v:78] admin
[2019-07-08 16:11:31,715][http-nio-9095-exec-1][INFO][com.iresearch.svc.controller.LoginInterceptor_v:80] 1
[2019-07-08 16:11:31,860][http-nio-9095-exec-9][INFO][com.iresearch.svc.controller.ShowcustomController:162] |@|0:0:0:0:0:0:0:1|com.iresearch.svc.bean.LoginUser@2c559f74|定制节目详情|打开页面|@|
[2019-07-08 16:11:44,403][http-nio-9095-exec-8][INFO][com.iresearch.svc.controller.ShowcustomController:293] |@|0:0:0:0:0:0:0:1|com.iresearch.svc.bean.LoginUser@2c559f74|定制节目详情|Norm筛选|@|
[2019-07-08 16:12:14,942][http-nio-9095-exec-10][INFO][com.iresearch.svc.controller.LoginInterceptor_v:78] admin
[2019-07-08 16:12:14,942][http-nio-9095-exec-10][INFO][com.iresearch.svc.controller.LoginInterceptor_v:80] 1
[2019-07-08 16:12:23,086][http-nio-9095-exec-2][INFO][com.iresearch.svc.controller.AllbrandController:309] |@|0:0:0:0:0:0:0:1|com.iresearch.svc.bean.LoginUser@2c559f74|品牌排名与详情|打开页面|@|
[2019-07-08 16:12:34,484][http-nio-9095-exec-1][INFO][com.iresearch.svc.controller.AllbrandController:682] |@|0:0:0:0:0:0:0:1|com.iresearch.svc.bean.LoginUser@2c559f74|品牌排名与详情|品牌搜索|@|
[2019-07-08 16:12:55,161][http-nio-9095-exec-4][INFO][com.iresearch.svc.controller.AllbrandController:581] |@|0:0:0:0:0:0:0:1|com.iresearch.svc.bean.LoginUser@2c559f74|品牌排名与详情|Norm筛选|@|
[2019-07-08 16:13:08,026][http-nio-9095-exec-9][INFO][com.iresearch.svc.controller.LoginInterceptor_v:78] admin
[2019-07-08 16:13:08,027][http-nio-9095-exec-9][INFO][com.iresearch.svc.controller.LoginInterceptor_v:80] 1
[2019-07-08 16:13:10,662][http-nio-9095-exec-5][INFO][com.iresearch.svc.controller.ShowcompController:96] |@|0:0:0:0:0:0:0:1|com.iresearch.svc.bean.LoginUser@2c559f74|节目/品牌对比|打开页面|@|
[2019-07-08 16:13:16,322][http-nio-9095-exec-6][INFO][com.iresearch.svc.controller.ShowcompController:193] |@|0:0:0:0:0:0:0:1|com.iresearch.svc.bean.LoginUser@2c559f74|节目/品牌对比|节目搜索|@|
[2019-07-08 16:13:21,021][http-nio-9095-exec-7][INFO][com.iresearch.svc.controller.ShowcompController:193] |@|0:0:0:0:0:0:0:1|com.iresearch.svc.bean.LoginUser@2c559f74|节目/品牌对比|节目搜索|@|
[2019-07-08 16:13:27,693][http-nio-9095-exec-2][INFO][com.iresearch.svc.controller.ShowcompController:193] |@|0:0:0:0:0:0:0:1|com.iresearch.svc.bean.LoginUser@2c559f74|节目/品牌对比|节目搜索|@|
[2019-07-08 16:13:36,807][http-nio-9095-exec-1][INFO][com.iresearch.svc.controller.ShowcompController:241] |@|0:0:0:0:0:0:0:1|com.iresearch.svc.bean.LoginUser@2c559f74|节目/品牌对比|品牌搜索|@|
[2019-07-08 16:13:41,790][http-nio-9095-exec-4][INFO][com.iresearch.svc.controller.ShowcompController:241] |@|0:0:0:0:0:0:0:1|com.iresearch.svc.bean.LoginUser@2c559f74|节目/品牌对比|品牌搜索|@|
[2019-07-08 16:13:48,920][http-nio-9095-exec-9][INFO][com.iresearch.svc.controller.ShowcompController:241] |@|0:0:0:0:0:0:0:1|com.iresearch.svc.bean.LoginUser@2c559f74|节目/品牌对比|品牌搜索|@|
[2019-07-08 16:13:51,558][http-nio-9095-exec-8][INFO][com.iresearch.svc.controller.ShowcompController:263] |@|0:0:0:0:0:0:0:1|com.iresearch.svc.bean.LoginUser@2c559f74|节目/品牌对比|查看节目详情|@|
[2019-07-08 16:13:55,657][http-nio-9095-exec-10][INFO][com.iresearch.svc.controller.ShowcompController:263] |@|0:0:0:0:0:0:0:1|com.iresearch.svc.bean.LoginUser@2c559f74|节目/品牌对比|查看节目详情|@|
[2019-07-08 16:13:58,229][http-nio-9095-exec-3][INFO][com.iresearch.svc.controller.ShowcompController:263] |@|0:0:0:0:0:0:0:1|com.iresearch.svc.bean.LoginUser@2c559f74|节目/品牌对比|查看节目详情|@|
[2019-07-08 16:14:03,227][http-nio-9095-exec-5][INFO][com.iresearch.svc.controller.ShowcompController:263] |@|0:0:0:0:0:0:0:1|com.iresearch.svc.bean.LoginUser@2c559f74|节目/品牌对比|查看节目详情|@|
[2019-07-08 16:14:14,758][http-nio-9095-exec-2][INFO][com.iresearch.svc.controller.LoginInterceptor_v:78] admin
[2019-07-08 16:14:14,758][http-nio-9095-exec-2][INFO][com.iresearch.svc.controller.LoginInterceptor_v:80] 1
[2019-07-08 16:14:20,181][http-nio-9095-exec-4][INFO][com.iresearch.svc.controller.ShowcustomController:162] |@|0:0:0:0:0:0:0:1|com.iresearch.svc.bean.LoginUser@2c559f74|定制节目详情|打开页面|@|
[2019-07-08 16:14:36,814][http-nio-9095-exec-8][INFO][com.iresearch.svc.controller.ShowcustomController:293] |@|0:0:0:0:0:0:0:1|com.iresearch.svc.bean.LoginUser@2c559f74|定制节目详情|Norm筛选|@|
[2019-07-08 16:14:39,680][http-nio-9095-exec-10][INFO][com.iresearch.svc.controller.LoginInterceptor_v:78] admin
[2019-07-08 16:14:39,681][http-nio-9095-exec-10][INFO][com.iresearch.svc.controller.LoginInterceptor_v:80] 1
[2019-07-08 16:14:59,116][http-nio-9095-exec-7][INFO][com.iresearch.svc.controller.LoginInterceptor_v:78] admin
[2019-07-08 16:14:59,116][http-nio-9095-exec-7][INFO][com.iresearch.svc.controller.LoginInterceptor_v:80] 1
[2019-07-08 16:15:04,055][http-nio-9095-exec-10][INFO][com.iresearch.svc.controller.ShowlibController:97] |@|0:0:0:0:0:0:0:1|com.iresearch.svc.bean.LoginUser@2c559f74|节目库|打开页面|@|
[2019-07-08 16:15:17,650][http-nio-9095-exec-3][INFO][com.iresearch.svc.controller.ShowlibController:159] |@|0:0:0:0:0:0:0:1|com.iresearch.svc.bean.LoginUser@2c559f74|节目库|Norm筛选|@|
[2019-07-08 16:15:29,169][http-nio-9095-exec-5][INFO][com.iresearch.svc.controller.ShowlibController:159] |@|0:0:0:0:0:0:0:1|com.iresearch.svc.bean.LoginUser@2c559f74|节目库|Norm筛选|@|
[2019-07-08 16:15:39,015][http-nio-9095-exec-6][INFO][com.iresearch.svc.controller.ShowlibController:219] |@|0:0:0:0:0:0:0:1|com.iresearch.svc.bean.LoginUser@2c559f74|节目库|节目预测|@|
[2019-07-08 16:15:43,198][http-nio-9095-exec-7][INFO][com.iresearch.svc.controller.ShowlibController:219] |@|0:0:0:0:0:0:0:1|com.iresearch.svc.bean.LoginUser@2c559f74|节目库|节目预测|@|
[2019-07-08 16:15:46,773][http-nio-9095-exec-2][INFO][com.iresearch.svc.controller.ShowlibController:219] |@|0:0:0:0:0:0:0:1|com.iresearch.svc.bean.LoginUser@2c559f74|节目库|节目预测|@|
[2019-07-08 16:15:50,770][http-nio-9095-exec-1][INFO][com.iresearch.svc.controller.ShowlibController:219] |@|0:0:0:0:0:0:0:1|com.iresearch.svc.bean.LoginUser@2c559f74|节目库|节目预测|@|
[2019-07-08 16:33:30,106][Thread-9][INFO][org.springframework.scheduling.concurrent.ThreadPoolTaskExecutor:208] Shutting down ExecutorService 'applicationTaskExecutor'
[2019-07-08 16:33:31,238][Thread-9][INFO][com.zaxxer.hikari.HikariDataSource:350] HikariPool-1 - Shutdown initiated...
[2019-07-08 16:33:31,247][Thread-9][INFO][com.zaxxer.hikari.HikariDataSource:352] HikariPool-1 - Shutdown completed.
[2019-07-08 16:33:33,878][main][INFO][com.iresearch.svc.SvcApplication:50] Starting SvcApplication on Mac-clouddxw with PID 47419 (/Users/clouddxw/IdeaProjects/svc/target/classes started by clouddxw in /Users/clouddxw/IdeaProjects/svc)
[2019-07-08 16:33:33,900][main][INFO][com.iresearch.svc.SvcApplication:675] No active profile set, falling back to default profiles: default
[2019-07-08 16:33:34,690][main][INFO][org.springframework.data.repository.config.RepositoryConfigurationDelegate:244] Multiple Spring Data modules found, entering strict repository configuration mode!
[2019-07-08 16:33:34,693][main][INFO][org.springframework.data.repository.config.RepositoryConfigurationDelegate:126] Bootstrapping Spring Data repositories in DEFAULT mode.
[2019-07-08 16:33:34,732][main][INFO][org.springframework.data.repository.config.RepositoryConfigurationDelegate:182] Finished Spring Data repository scanning in 25ms. Found 0 repository interfaces.
[2019-07-08 16:33:35,053][main][INFO][org.springframework.context.support.PostProcessorRegistrationDelegate$BeanPostProcessorChecker:330] Bean 'org.springframework.transaction.annotation.ProxyTransactionManagementConfiguration' of type [org.springframework.transaction.annotation.ProxyTransactionManagementConfiguration$$EnhancerBySpringCGLIB$$9de4eb66] is not eligible for getting processed by all BeanPostProcessors (for example: not eligible for auto-proxying)
[2019-07-08 16:33:35,379][main][INFO][org.springframework.boot.web.embedded.tomcat.TomcatWebServer:90] Tomcat initialized with port(s): 9095 (http)
[2019-07-08 16:33:35,410][main][INFO][org.apache.coyote.http11.Http11NioProtocol:173] Initializing ProtocolHandler ["http-nio-9095"]
[2019-07-08 16:33:35,419][main][INFO][org.apache.catalina.core.StandardService:173] Starting service [Tomcat]
[2019-07-08 16:33:35,420][main][INFO][org.apache.catalina.core.StandardEngine:173] Starting Servlet engine: [Apache Tomcat/9.0.14]
[2019-07-08 16:33:35,427][main][INFO][org.apache.catalina.core.AprLifecycleListener:173] The APR based Apache Tomcat Native library which allows optimal performance in production environments was not found on the java.library.path: [/Users/clouddxw/Library/Java/Extensions:/Library/Java/Extensions:/Network/Library/Java/Extensions:/System/Library/Java/Extensions:/usr/lib/java:.]
[2019-07-08 16:33:35,511][main][INFO][org.apache.catalina.core.ContainerBase.[Tomcat].[localhost].[/]:173] Initializing Spring embedded WebApplicationContext
[2019-07-08 16:33:35,511][main][INFO][org.springframework.web.context.ContextLoader:296] Root WebApplicationContext: initialization completed in 1564 ms
[2019-07-08 16:33:36,282][main][INFO][org.springframework.scheduling.concurrent.ThreadPoolTaskExecutor:171] Initializing ExecutorService 'applicationTaskExecutor'
[2019-07-08 16:33:36,653][main][INFO][org.apache.coyote.http11.Http11NioProtocol:173] Starting ProtocolHandler ["http-nio-9095"]
[2019-07-08 16:33:36,692][main][INFO][org.springframework.boot.web.embedded.tomcat.TomcatWebServer:204] Tomcat started on port(s): 9095 (http) with context path ''
[2019-07-08 16:33:36,696][main][INFO][com.iresearch.svc.SvcApplication:59] Started SvcApplication in 3.15 seconds (JVM running for 4.266)
[2019-07-08 16:33:49,022][http-nio-9095-exec-1][INFO][org.apache.catalina.core.ContainerBase.[Tomcat].[localhost].[/]:173] Initializing Spring DispatcherServlet 'dispatcherServlet'
[2019-07-08 16:33:49,022][http-nio-9095-exec-1][INFO][org.springframework.web.servlet.DispatcherServlet:524] Initializing Servlet 'dispatcherServlet'
[2019-07-08 16:33:49,029][http-nio-9095-exec-1][INFO][org.springframework.web.servlet.DispatcherServlet:546] Completed initialization in 7 ms
[2019-07-08 16:34:00,186][http-nio-9095-exec-3][INFO][io.lettuce.core.EpollProvider:68] Starting without optional epoll library
[2019-07-08 16:34:00,188][http-nio-9095-exec-3][INFO][io.lettuce.core.KqueueProvider:70] Starting without optional kqueue library
[2019-07-08 16:34:00,313][http-nio-9095-exec-3][INFO][com.zaxxer.hikari.HikariDataSource:110] HikariPool-1 - Starting...
[2019-07-08 16:34:00,918][http-nio-9095-exec-3][INFO][com.zaxxer.hikari.pool.PoolBase:525] HikariPool-1 - Driver does not support get/set network timeout for connections. (不支持此操作。)
[2019-07-08 16:34:01,060][http-nio-9095-exec-3][INFO][com.zaxxer.hikari.HikariDataSource:123] HikariPool-1 - Start completed.
[2019-07-08 16:34:01,276][http-nio-9095-exec-3][INFO][com.iresearch.svc.controller.LoginController:155] com.iresearch.svc.controller.LoginController$1Checkres@6e48d221
[2019-07-08 16:34:01,302][http-nio-9095-exec-4][INFO][com.iresearch.svc.controller.LoginInterceptor_v:78] normal
[2019-07-08 16:35:55,865][http-nio-9095-exec-7][INFO][com.iresearch.svc.controller.LoginInterceptor_n:78] normal
[2019-07-08 16:35:55,866][http-nio-9095-exec-7][INFO][com.iresearch.svc.controller.LoginInterceptor_n:80] 2
[2019-07-08 16:35:55,962][http-nio-9095-exec-8][INFO][com.iresearch.svc.controller.IndexController:115] |@|0:0:0:0:0:0:0:1|com.iresearch.svc.bean.LoginUser@2effa4fb|首页|打开页面|@|
[2019-07-08 16:42:27,867][Thread-10][INFO][org.springframework.scheduling.concurrent.ThreadPoolTaskExecutor:208] Shutting down ExecutorService 'applicationTaskExecutor'
[2019-07-08 16:42:28,997][Thread-10][INFO][com.zaxxer.hikari.HikariDataSource:350] HikariPool-1 - Shutdown initiated...
[2019-07-08 16:42:28,999][Thread-10][INFO][com.zaxxer.hikari.HikariDataSource:352] HikariPool-1 - Shutdown completed.
[2019-07-08 16:42:31,258][main][INFO][com.iresearch.svc.SvcApplication:50] Starting SvcApplication on Mac-clouddxw with PID 47494 (/Users/clouddxw/IdeaProjects/svc/target/classes started by clouddxw in /Users/clouddxw/IdeaProjects/svc)
[2019-07-08 16:42:31,263][main][INFO][com.iresearch.svc.SvcApplication:675] No active profile set, falling back to default profiles: default
[2019-07-08 16:42:31,940][main][INFO][org.springframework.data.repository.config.RepositoryConfigurationDelegate:244] Multiple Spring Data modules found, entering strict repository configuration mode!
[2019-07-08 16:42:31,943][main][INFO][org.springframework.data.repository.config.RepositoryConfigurationDelegate:126] Bootstrapping Spring Data repositories in DEFAULT mode.
[2019-07-08 16:42:31,973][main][INFO][org.springframework.data.repository.config.RepositoryConfigurationDelegate:182] Finished Spring Data repository scanning in 20ms. Found 0 repository interfaces.
[2019-07-08 16:42:32,289][main][INFO][org.springframework.context.support.PostProcessorRegistrationDelegate$BeanPostProcessorChecker:330] Bean 'org.springframework.transaction.annotation.ProxyTransactionManagementConfiguration' of type [org.springframework.transaction.annotation.ProxyTransactionManagementConfiguration$$EnhancerBySpringCGLIB$$dea0d1dd] is not eligible for getting processed by all BeanPostProcessors (for example: not eligible for auto-proxying)
[2019-07-08 16:42:32,612][main][INFO][org.springframework.boot.web.embedded.tomcat.TomcatWebServer:90] Tomcat initialized with port(s): 9095 (http)
[2019-07-08 16:42:32,628][main][INFO][org.apache.coyote.http11.Http11NioProtocol:173] Initializing ProtocolHandler ["http-nio-9095"]
[2019-07-08 16:42:32,638][main][INFO][org.apache.catalina.core.StandardService:173] Starting service [Tomcat]
[2019-07-08 16:42:32,639][main][INFO][org.apache.catalina.core.StandardEngine:173] Starting Servlet engine: [Apache Tomcat/9.0.14]
[2019-07-08 16:42:32,647][main][INFO][org.apache.catalina.core.AprLifecycleListener:173] The APR based Apache Tomcat Native library which allows optimal performance in production environments was not found on the java.library.path: [/Users/clouddxw/Library/Java/Extensions:/Library/Java/Extensions:/Network/Library/Java/Extensions:/System/Library/Java/Extensions:/usr/lib/java:.]
[2019-07-08 16:42:32,734][main][INFO][org.apache.catalina.core.ContainerBase.[Tomcat].[localhost].[/]:173] Initializing Spring embedded WebApplicationContext
[2019-07-08 16:42:32,734][main][INFO][org.springframework.web.context.ContextLoader:296] Root WebApplicationContext: initialization completed in 1428 ms
[2019-07-08 16:42:33,637][main][INFO][org.springframework.scheduling.concurrent.ThreadPoolTaskExecutor:171] Initializing ExecutorService 'applicationTaskExecutor'
[2019-07-08 16:42:34,018][main][INFO][org.apache.coyote.http11.Http11NioProtocol:173] Starting ProtocolHandler ["http-nio-9095"]
[2019-07-08 16:42:34,059][main][INFO][org.springframework.boot.web.embedded.tomcat.TomcatWebServer:204] Tomcat started on port(s): 9095 (http) with context path ''
[2019-07-08 16:42:34,064][main][INFO][com.iresearch.svc.SvcApplication:59] Started SvcApplication in 3.083 seconds (JVM running for 4.128)
[2019-07-08 16:42:45,405][http-nio-9095-exec-1][INFO][org.apache.catalina.core.ContainerBase.[Tomcat].[localhost].[/]:173] Initializing Spring DispatcherServlet 'dispatcherServlet'
[2019-07-08 16:42:45,405][http-nio-9095-exec-1][INFO][org.springframework.web.servlet.DispatcherServlet:524] Initializing Servlet 'dispatcherServlet'
[2019-07-08 16:42:45,411][http-nio-9095-exec-1][INFO][org.springframework.web.servlet.DispatcherServlet:546] Completed initialization in 6 ms
[2019-07-08 16:42:52,987][http-nio-9095-exec-4][INFO][io.lettuce.core.EpollProvider:68] Starting without optional epoll library
[2019-07-08 16:42:52,989][http-nio-9095-exec-4][INFO][io.lettuce.core.KqueueProvider:70] Starting without optional kqueue library
[2019-07-08 16:42:53,157][http-nio-9095-exec-4][INFO][com.iresearch.svc.controller.LoginController:155] com.iresearch.svc.controller.LoginController$1Checkres@23a54857
[2019-07-08 16:42:53,190][http-nio-9095-exec-5][INFO][com.iresearch.svc.controller.LoginInterceptor_v:78] admin
[2019-07-08 16:42:53,191][http-nio-9095-exec-5][INFO][com.iresearch.svc.controller.LoginInterceptor_v:80] 1
[2019-07-08 16:42:53,329][http-nio-9095-exec-6][INFO][com.iresearch.svc.controller.IndexController:115] |@|0:0:0:0:0:0:0:1|com.iresearch.svc.bean.LoginUser@18769463|首页|打开页面|@|
[2019-07-08 16:43:20,330][http-nio-9095-exec-5][INFO][com.iresearch.svc.controller.LoginController:155] com.iresearch.svc.controller.LoginController$1Checkres@e3376c8
[2019-07-08 16:43:20,344][http-nio-9095-exec-6][INFO][com.iresearch.svc.controller.LoginInterceptor_v:78] normal
[2019-07-08 16:43:49,871][http-nio-9095-exec-7][INFO][com.iresearch.svc.controller.LoginController:155] com.iresearch.svc.controller.LoginController$1Checkres@6d104801
[2019-07-08 16:43:49,886][http-nio-9095-exec-8][INFO][com.iresearch.svc.controller.LoginInterceptor_v:78] normal
[2019-07-08 16:46:04,496][Thread-10][INFO][org.springframework.scheduling.concurrent.ThreadPoolTaskExecutor:208] Shutting down ExecutorService 'applicationTaskExecutor'
[2019-07-08 16:46:07,882][main][INFO][com.iresearch.svc.SvcApplication:50] Starting SvcApplication on Mac-clouddxw with PID 47528 (/Users/clouddxw/IdeaProjects/svc/target/classes started by clouddxw in /Users/clouddxw/IdeaProjects/svc)
[2019-07-08 16:46:07,903][main][INFO][com.iresearch.svc.SvcApplication:675] No active profile set, falling back to default profiles: default
[2019-07-08 16:46:08,586][main][INFO][org.springframework.data.repository.config.RepositoryConfigurationDelegate:244] Multiple Spring Data modules found, entering strict repository configuration mode!
[2019-07-08 16:46:08,590][main][INFO][org.springframework.data.repository.config.RepositoryConfigurationDelegate:126] Bootstrapping Spring Data repositories in DEFAULT mode.
[2019-07-08 16:46:08,625][main][INFO][org.springframework.data.repository.config.RepositoryConfigurationDelegate:182] Finished Spring Data repository scanning in 23ms. Found 0 repository interfaces.
[2019-07-08 16:46:08,935][main][INFO][org.springframework.context.support.PostProcessorRegistrationDelegate$BeanPostProcessorChecker:330] Bean 'org.springframework.transaction.annotation.ProxyTransactionManagementConfiguration' of type [org.springframework.transaction.annotation.ProxyTransactionManagementConfiguration$$EnhancerBySpringCGLIB$$4f9bc07e] is not eligible for getting processed by all BeanPostProcessors (for example: not eligible for auto-proxying)
[2019-07-08 16:46:09,204][main][INFO][org.springframework.boot.web.embedded.tomcat.TomcatWebServer:90] Tomcat initialized with port(s): 9095 (http)
[2019-07-08 16:46:09,216][main][INFO][org.apache.coyote.http11.Http11NioProtocol:173] Initializing ProtocolHandler ["http-nio-9095"]
[2019-07-08 16:46:09,224][main][INFO][org.apache.catalina.core.StandardService:173] Starting service [Tomcat]
[2019-07-08 16:46:09,225][main][INFO][org.apache.catalina.core.StandardEngine:173] Starting Servlet engine: [Apache Tomcat/9.0.14]
[2019-07-08 16:46:09,231][main][INFO][org.apache.catalina.core.AprLifecycleListener:173] The APR based Apache Tomcat Native library which allows optimal performance in production environments was not found on the java.library.path: [/Users/clouddxw/Library/Java/Extensions:/Library/Java/Extensions:/Network/Library/Java/Extensions:/System/Library/Java/Extensions:/usr/lib/java:.]
[2019-07-08 16:46:09,306][main][INFO][org.apache.catalina.core.ContainerBase.[Tomcat].[localhost].[/]:173] Initializing Spring embedded WebApplicationContext
[2019-07-08 16:46:09,306][main][INFO][org.springframework.web.context.ContextLoader:296] Root WebApplicationContext: initialization completed in 1363 ms
[2019-07-08 16:46:10,091][main][INFO][org.springframework.scheduling.concurrent.ThreadPoolTaskExecutor:171] Initializing ExecutorService 'applicationTaskExecutor'
[2019-07-08 16:46:10,454][main][INFO][org.apache.coyote.http11.Http11NioProtocol:173] Starting ProtocolHandler ["http-nio-9095"]
[2019-07-08 16:46:10,496][main][INFO][org.springframework.boot.web.embedded.tomcat.TomcatWebServer:204] Tomcat started on port(s): 9095 (http) with context path ''
[2019-07-08 16:46:10,501][main][INFO][com.iresearch.svc.SvcApplication:59] Started SvcApplication in 2.91 seconds (JVM running for 3.901)
[2019-07-08 16:46:25,903][http-nio-9095-exec-1][INFO][org.apache.catalina.core.ContainerBase.[Tomcat].[localhost].[/]:173] Initializing Spring DispatcherServlet 'dispatcherServlet'
[2019-07-08 16:46:25,904][http-nio-9095-exec-1][INFO][org.springframework.web.servlet.DispatcherServlet:524] Initializing Servlet 'dispatcherServlet'
[2019-07-08 16:46:25,911][http-nio-9095-exec-1][INFO][org.springframework.web.servlet.DispatcherServlet:546] Completed initialization in 7 ms
[2019-07-08 16:46:38,589][http-nio-9095-exec-7][INFO][io.lettuce.core.EpollProvider:68] Starting without optional epoll library
[2019-07-08 16:46:38,591][http-nio-9095-exec-7][INFO][io.lettuce.core.KqueueProvider:70] Starting without optional kqueue library
[2019-07-08 16:46:38,769][http-nio-9095-exec-7][INFO][com.iresearch.svc.controller.LoginController:155] com.iresearch.svc.controller.LoginController$1Checkres@49cdbfc1
[2019-07-08 16:46:41,199][http-nio-9095-exec-8][INFO][com.iresearch.svc.controller.LoginInterceptor_v:78] normal
[2019-07-08 16:52:21,294][Thread-10][INFO][org.springframework.scheduling.concurrent.ThreadPoolTaskExecutor:208] Shutting down ExecutorService 'applicationTaskExecutor'
[2019-07-08 16:52:25,492][main][INFO][com.iresearch.svc.SvcApplication:50] Starting SvcApplication on Mac-clouddxw with PID 47581 (/Users/clouddxw/IdeaProjects/svc/target/classes started by clouddxw in /Users/clouddxw/IdeaProjects/svc)
[2019-07-08 16:52:25,498][main][INFO][com.iresearch.svc.SvcApplication:675] No active profile set, falling back to default profiles: default
[2019-07-08 16:52:26,096][main][INFO][org.springframework.data.repository.config.RepositoryConfigurationDelegate:244] Multiple Spring Data modules found, entering strict repository configuration mode!
[2019-07-08 16:52:26,100][main][INFO][org.springframework.data.repository.config.RepositoryConfigurationDelegate:126] Bootstrapping Spring Data repositories in DEFAULT mode.
[2019-07-08 16:52:26,129][main][INFO][org.springframework.data.repository.config.RepositoryConfigurationDelegate:182] Finished Spring Data repository scanning in 18ms. Found 0 repository interfaces.
[2019-07-08 16:52:26,408][main][INFO][org.springframework.context.support.PostProcessorRegistrationDelegate$BeanPostProcessorChecker:330] Bean 'org.springframework.transaction.annotation.ProxyTransactionManagementConfiguration' of type [org.springframework.transaction.annotation.ProxyTransactionManagementConfiguration$$EnhancerBySpringCGLIB$$fcb46f3] is not eligible for getting processed by all BeanPostProcessors (for example: not eligible for auto-proxying)
[2019-07-08 16:52:26,670][main][INFO][org.springframework.boot.web.embedded.tomcat.TomcatWebServer:90] Tomcat initialized with port(s): 9095 (http)
[2019-07-08 16:52:26,682][main][INFO][org.apache.coyote.http11.Http11NioProtocol:173] Initializing ProtocolHandler ["http-nio-9095"]
[2019-07-08 16:52:26,690][main][INFO][org.apache.catalina.core.StandardService:173] Starting service [Tomcat]
[2019-07-08 16:52:26,691][main][INFO][org.apache.catalina.core.StandardEngine:173] Starting Servlet engine: [Apache Tomcat/9.0.14]
[2019-07-08 16:52:26,697][main][INFO][org.apache.catalina.core.AprLifecycleListener:173] The APR based Apache Tomcat Native library which allows optimal performance in production environments was not found on the java.library.path: [/Users/clouddxw/Library/Java/Extensions:/Library/Java/Extensions:/Network/Library/Java/Extensions:/System/Library/Java/Extensions:/usr/lib/java:.]
[2019-07-08 16:52:26,770][main][INFO][org.apache.catalina.core.ContainerBase.[Tomcat].[localhost].[/]:173] Initializing Spring embedded WebApplicationContext
[2019-07-08 16:52:26,771][main][INFO][org.springframework.web.context.ContextLoader:296] Root WebApplicationContext: initialization completed in 1231 ms
[2019-07-08 16:52:27,525][main][INFO][org.springframework.scheduling.concurrent.ThreadPoolTaskExecutor:171] Initializing ExecutorService 'applicationTaskExecutor'
[2019-07-08 16:52:27,872][main][INFO][org.apache.coyote.http11.Http11NioProtocol:173] Starting ProtocolHandler ["http-nio-9095"]
[2019-07-08 16:52:27,910][main][INFO][org.springframework.boot.web.embedded.tomcat.TomcatWebServer:204] Tomcat started on port(s): 9095 (http) with context path ''
[2019-07-08 16:52:27,914][main][INFO][com.iresearch.svc.SvcApplication:59] Started SvcApplication in 2.697 seconds (JVM running for 3.516)
[2019-07-08 16:52:34,987][http-nio-9095-exec-1][INFO][org.apache.catalina.core.ContainerBase.[Tomcat].[localhost].[/]:173] Initializing Spring DispatcherServlet 'dispatcherServlet'
[2019-07-08 16:52:34,987][http-nio-9095-exec-1][INFO][org.springframework.web.servlet.DispatcherServlet:524] Initializing Servlet 'dispatcherServlet'
[2019-07-08 16:52:34,996][http-nio-9095-exec-1][INFO][org.springframework.web.servlet.DispatcherServlet:546] Completed initialization in 9 ms
[2019-07-08 16:52:46,091][http-nio-9095-exec-5][INFO][io.lettuce.core.EpollProvider:68] Starting without optional epoll library
[2019-07-08 16:52:46,092][http-nio-9095-exec-5][INFO][io.lettuce.core.KqueueProvider:70] Starting without optional kqueue library
[2019-07-08 16:52:46,266][http-nio-9095-exec-5][INFO][com.iresearch.svc.controller.LoginController:165] com.iresearch.svc.controller.LoginController$1Checkres@ca74098
[2019-07-08 16:52:48,541][http-nio-9095-exec-6][INFO][com.iresearch.svc.controller.LoginInterceptor_n:78] normal
[2019-07-08 16:52:48,541][http-nio-9095-exec-6][INFO][com.iresearch.svc.controller.LoginInterceptor_n:80] 2
[2019-07-08 16:52:49,671][http-nio-9095-exec-2][INFO][com.iresearch.svc.controller.IndexController:115] |@|0:0:0:0:0:0:0:1|com.iresearch.svc.bean.LoginUser@7b49c7ce|首页|打开页面|@|
[2019-07-08 16:53:01,936][http-nio-9095-exec-5][INFO][com.iresearch.svc.controller.LoginInterceptor_n:78] normal
[2019-07-08 16:53:01,936][http-nio-9095-exec-5][INFO][com.iresearch.svc.controller.LoginInterceptor_n:80] 2
[2019-07-08 16:53:01,961][http-nio-9095-exec-4][INFO][com.iresearch.svc.controller.LoginInterceptor_n:78] normal
[2019-07-08 16:53:01,962][http-nio-9095-exec-4][INFO][com.iresearch.svc.controller.LoginInterceptor_n:80] 2
[2019-07-08 16:53:01,963][http-nio-9095-exec-3][INFO][com.iresearch.svc.controller.LoginInterceptor_n:78] normal
[2019-07-08 16:53:01,964][http-nio-9095-exec-3][INFO][com.iresearch.svc.controller.LoginInterceptor_n:80] 2
[2019-07-08 16:53:02,048][http-nio-9095-exec-7][INFO][com.iresearch.svc.controller.LoginInterceptor_n:78] normal
[2019-07-08 16:53:02,049][http-nio-9095-exec-7][INFO][com.iresearch.svc.controller.LoginInterceptor_n:80] 2
[2019-07-08 16:53:02,049][http-nio-9095-exec-6][INFO][com.iresearch.svc.controller.LoginInterceptor_n:78] normal
[2019-07-08 16:53:02,049][http-nio-9095-exec-6][INFO][com.iresearch.svc.controller.LoginInterceptor_n:80] 2
[2019-07-08 16:53:02,056][http-nio-9095-exec-3][INFO][com.iresearch.svc.controller.LoginInterceptor_n:78] normal
[2019-07-08 16:53:02,057][http-nio-9095-exec-3][INFO][com.iresearch.svc.controller.LoginInterceptor_n:80] 2
[2019-07-08 16:53:07,398][http-nio-9095-exec-4][INFO][com.iresearch.svc.controller.LoginInterceptor_n:78] normal
[2019-07-08 16:53:07,398][http-nio-9095-exec-8][INFO][com.iresearch.svc.controller.LoginInterceptor_n:78] normal
[2019-07-08 16:53:07,398][http-nio-9095-exec-4][INFO][com.iresearch.svc.controller.LoginInterceptor_n:80] 2
[2019-07-08 16:53:07,398][http-nio-9095-exec-8][INFO][com.iresearch.svc.controller.LoginInterceptor_n:80] 2
[2019-07-08 16:53:07,476][http-nio-9095-exec-10][INFO][com.zaxxer.hikari.HikariDataSource:110] HikariPool-1 - Starting...
[2019-07-08 16:53:08,623][http-nio-9095-exec-10][INFO][com.zaxxer.hikari.pool.PoolBase:525] HikariPool-1 - Driver does not support get/set network timeout for connections. (不支持此操作。)
[2019-07-08 16:53:08,720][http-nio-9095-exec-10][INFO][com.zaxxer.hikari.HikariDataSource:123] HikariPool-1 - Start completed.
[2019-07-08 16:53:10,411][http-nio-9095-exec-10][INFO][com.iresearch.svc.controller.AllshowController:249] |@|0:0:0:0:0:0:0:1|com.iresearch.svc.bean.LoginUser@7b49c7ce|节目排名与详情|打开页面|@|
[2019-07-08 16:55:11,438][Thread-9][INFO][org.springframework.scheduling.concurrent.ThreadPoolTaskExecutor:208] Shutting down ExecutorService 'applicationTaskExecutor'
[2019-07-08 16:55:12,562][Thread-9][INFO][com.zaxxer.hikari.HikariDataSource:350] HikariPool-1 - Shutdown initiated...
[2019-07-08 16:55:12,564][Thread-9][INFO][com.zaxxer.hikari.HikariDataSource:352] HikariPool-1 - Shutdown completed.
[2019-07-08 16:55:14,954][main][INFO][com.iresearch.svc.SvcApplication:50] Starting SvcApplication on Mac-clouddxw with PID 47604 (/Users/clouddxw/IdeaProjects/svc/target/classes started by clouddxw in /Users/clouddxw/IdeaProjects/svc)
[2019-07-08 16:55:14,964][main][INFO][com.iresearch.svc.SvcApplication:675] No active profile set, falling back to default profiles: default
[2019-07-08 16:55:15,635][main][INFO][org.springframework.data.repository.config.RepositoryConfigurationDelegate:244] Multiple Spring Data modules found, entering strict repository configuration mode!
[2019-07-08 16:55:15,639][main][INFO][org.springframework.data.repository.config.RepositoryConfigurationDelegate:126] Bootstrapping Spring Data repositories in DEFAULT mode.
[2019-07-08 16:55:15,668][main][INFO][org.springframework.data.repository.config.RepositoryConfigurationDelegate:182] Finished Spring Data repository scanning in 18ms. Found 0 repository interfaces.
[2019-07-08 16:55:15,956][main][INFO][org.springframework.context.support.PostProcessorRegistrationDelegate$BeanPostProcessorChecker:330] Bean 'org.springframework.transaction.annotation.ProxyTransactionManagementConfiguration' of type [org.springframework.transaction.annotation.ProxyTransactionManagementConfiguration$$EnhancerBySpringCGLIB$$31ebdcdf] is not eligible for getting processed by all BeanPostProcessors (for example: not eligible for auto-proxying)
[2019-07-08 16:55:16,271][main][INFO][org.springframework.boot.web.embedded.tomcat.TomcatWebServer:90] Tomcat initialized with port(s): 9095 (http)
[2019-07-08 16:55:16,283][main][INFO][org.apache.coyote.http11.Http11NioProtocol:173] Initializing ProtocolHandler ["http-nio-9095"]
[2019-07-08 16:55:16,291][main][INFO][org.apache.catalina.core.StandardService:173] Starting service [Tomcat]
[2019-07-08 16:55:16,292][main][INFO][org.apache.catalina.core.StandardEngine:173] Starting Servlet engine: [Apache Tomcat/9.0.14]
[2019-07-08 16:55:16,298][main][INFO][org.apache.catalina.core.AprLifecycleListener:173] The APR based Apache Tomcat Native library which allows optimal performance in production environments was not found on the java.library.path: [/Users/clouddxw/Library/Java/Extensions:/Library/Java/Extensions:/Network/Library/Java/Extensions:/System/Library/Java/Extensions:/usr/lib/java:.]
[2019-07-08 16:55:16,370][main][INFO][org.apache.catalina.core.ContainerBase.[Tomcat].[localhost].[/]:173] Initializing Spring embedded WebApplicationContext
[2019-07-08 16:55:16,371][main][INFO][org.springframework.web.context.ContextLoader:296] Root WebApplicationContext: initialization completed in 1352 ms
[2019-07-08 16:55:17,119][main][INFO][org.springframework.scheduling.concurrent.ThreadPoolTaskExecutor:171] Initializing ExecutorService 'applicationTaskExecutor'
[2019-07-08 16:55:17,477][main][INFO][org.apache.coyote.http11.Http11NioProtocol:173] Starting ProtocolHandler ["http-nio-9095"]
[2019-07-08 16:55:17,516][main][INFO][org.springframework.boot.web.embedded.tomcat.TomcatWebServer:204] Tomcat started on port(s): 9095 (http) with context path ''
[2019-07-08 16:55:17,521][main][INFO][com.iresearch.svc.SvcApplication:59] Started SvcApplication in 2.919 seconds (JVM running for 4.031)
[2019-07-08 16:55:28,399][http-nio-9095-exec-1][INFO][org.apache.catalina.core.ContainerBase.[Tomcat].[localhost].[/]:173] Initializing Spring DispatcherServlet 'dispatcherServlet'
[2019-07-08 16:55:28,399][http-nio-9095-exec-1][INFO][org.springframework.web.servlet.DispatcherServlet:524] Initializing Servlet 'dispatcherServlet'
[2019-07-08 16:55:28,407][http-nio-9095-exec-1][INFO][org.springframework.web.servlet.DispatcherServlet:546] Completed initialization in 7 ms
[2019-07-08 16:55:39,445][http-nio-9095-exec-5][INFO][io.lettuce.core.EpollProvider:68] Starting without optional epoll library
[2019-07-08 16:55:39,446][http-nio-9095-exec-5][INFO][io.lettuce.core.KqueueProvider:70] Starting without optional kqueue library
[2019-07-08 16:55:39,600][http-nio-9095-exec-5][INFO][com.iresearch.svc.controller.LoginController:165] com.iresearch.svc.controller.LoginController$1Checkres@1446affc
[2019-07-08 16:55:39,634][http-nio-9095-exec-6][INFO][com.iresearch.svc.controller.LoginInterceptor_n:78] normal
[2019-07-08 16:55:39,634][http-nio-9095-exec-6][INFO][com.iresearch.svc.controller.LoginInterceptor_n:80] 2
[2019-07-08 16:55:39,789][http-nio-9095-exec-7][INFO][com.iresearch.svc.controller.IndexController:115] |@|0:0:0:0:0:0:0:1|com.iresearch.svc.bean.LoginUser@3aad3546|首页|打开页面|@|
[2019-07-08 16:55:46,524][http-nio-9095-exec-8][INFO][com.iresearch.svc.controller.IndexController:115] |@|0:0:0:0:0:0:0:1|com.iresearch.svc.bean.LoginUser@3aad3546|首页|打开页面|@|
[2019-07-08 16:55:47,902][http-nio-9095-exec-9][INFO][com.iresearch.svc.controller.IndexController:115] |@|0:0:0:0:0:0:0:1|com.iresearch.svc.bean.LoginUser@3aad3546|首页|打开页面|@|
[2019-07-08 16:55:49,207][http-nio-9095-exec-10][INFO][com.iresearch.svc.controller.IndexController:115] |@|0:0:0:0:0:0:0:1|com.iresearch.svc.bean.LoginUser@3aad3546|首页|打开页面|@|
[2019-07-08 16:55:50,238][http-nio-9095-exec-2][INFO][com.iresearch.svc.controller.IndexController:115] |@|0:0:0:0:0:0:0:1|com.iresearch.svc.bean.LoginUser@3aad3546|首页|打开页面|@|
[2019-07-08 16:56:00,260][http-nio-9095-exec-5][INFO][com.iresearch.svc.controller.LoginInterceptor_n:78] normal
[2019-07-08 16:56:00,260][http-nio-9095-exec-4][INFO][com.iresearch.svc.controller.LoginInterceptor_n:78] normal
[2019-07-08 16:56:00,261][http-nio-9095-exec-5][INFO][com.iresearch.svc.controller.LoginInterceptor_n:80] 2
[2019-07-08 16:56:00,261][http-nio-9095-exec-4][INFO][com.iresearch.svc.controller.LoginInterceptor_n:80] 2
[2019-07-08 16:56:00,300][http-nio-9095-exec-6][INFO][com.iresearch.svc.controller.LoginInterceptor_n:78] normal
[2019-07-08 16:56:00,300][http-nio-9095-exec-7][INFO][com.iresearch.svc.controller.LoginInterceptor_n:78] normal
[2019-07-08 16:56:00,307][http-nio-9095-exec-6][INFO][com.iresearch.svc.controller.LoginInterceptor_n:80] 2
[2019-07-08 16:56:00,309][http-nio-9095-exec-7][INFO][com.iresearch.svc.controller.LoginInterceptor_n:80] 2
[2019-07-08 16:56:00,427][http-nio-9095-exec-8][INFO][com.iresearch.svc.controller.LoginInterceptor_n:78] normal
[2019-07-08 16:56:00,429][http-nio-9095-exec-8][INFO][com.iresearch.svc.controller.LoginInterceptor_n:80] 2
[2019-07-08 16:56:00,429][http-nio-9095-exec-9][INFO][com.iresearch.svc.controller.LoginInterceptor_n:78] normal
[2019-07-08 16:56:00,441][http-nio-9095-exec-9][INFO][com.iresearch.svc.controller.LoginInterceptor_n:80] 2
[2019-07-08 16:56:00,517][http-nio-9095-exec-10][INFO][com.zaxxer.hikari.HikariDataSource:110] HikariPool-1 - Starting...
[2019-07-08 16:56:01,186][http-nio-9095-exec-10][INFO][com.zaxxer.hikari.pool.PoolBase:525] HikariPool-1 - Driver does not support get/set network timeout for connections. (不支持此操作。)
[2019-07-08 16:56:01,291][http-nio-9095-exec-10][INFO][com.zaxxer.hikari.HikariDataSource:123] HikariPool-1 - Start completed.
[2019-07-08 16:56:06,587][http-nio-9095-exec-10][INFO][com.iresearch.svc.controller.AllshowController:249] |@|0:0:0:0:0:0:0:1|com.iresearch.svc.bean.LoginUser@3aad3546|节目排名与详情|打开页面|@|
[2019-07-08 16:56:26,103][http-nio-9095-exec-8][INFO][com.iresearch.svc.controller.LoginController:165] com.iresearch.svc.controller.LoginController$1Checkres@2c3a0217
[2019-07-08 16:56:26,119][http-nio-9095-exec-10][INFO][com.iresearch.svc.controller.LoginInterceptor_n:78] normal
[2019-07-08 16:56:26,119][http-nio-9095-exec-10][INFO][com.iresearch.svc.controller.LoginInterceptor_n:80] 2
[2019-07-08 16:56:28,953][http-nio-9095-exec-6][INFO][com.iresearch.svc.controller.IndexController:115] |@|0:0:0:0:0:0:0:1|com.iresearch.svc.bean.LoginUser@53cc67c4|首页|打开页面|@|
[2019-07-08 16:56:33,530][http-nio-9095-exec-2][INFO][com.iresearch.svc.controller.LoginInterceptor_n:78] normal
[2019-07-08 16:56:33,530][http-nio-9095-exec-2][INFO][com.iresearch.svc.controller.LoginInterceptor_n:80] 2
[2019-07-08 16:56:37,430][http-nio-9095-exec-8][INFO][com.iresearch.svc.controller.AllshowController:249] |@|0:0:0:0:0:0:0:1|com.iresearch.svc.bean.LoginUser@53cc67c4|节目排名与详情|打开页面|@|
[2019-07-08 16:56:56,137][http-nio-9095-exec-10][INFO][com.iresearch.svc.controller.LoginInterceptor_n:78] normal
[2019-07-08 16:56:56,138][http-nio-9095-exec-10][INFO][com.iresearch.svc.controller.LoginInterceptor_n:80] 2
[2019-07-08 16:57:03,784][http-nio-9095-exec-3][INFO][com.iresearch.svc.controller.AllbrandController:309] |@|0:0:0:0:0:0:0:1|com.iresearch.svc.bean.LoginUser@53cc67c4|品牌排名与详情|打开页面|@|
[2019-07-08 17:02:53,225][http-nio-9095-exec-3][INFO][com.iresearch.svc.controller.LoginController:165] com.iresearch.svc.controller.LoginController$1Checkres@6c82930c
[2019-07-08 17:02:53,238][http-nio-9095-exec-5][INFO][com.iresearch.svc.controller.LoginInterceptor_n:78] normal
[2019-07-08 17:02:53,238][http-nio-9095-exec-5][INFO][com.iresearch.svc.controller.LoginInterceptor_n:80] 2
[2019-07-08 17:02:56,286][http-nio-9095-exec-2][INFO][com.iresearch.svc.controller.IndexController:115] |@|0:0:0:0:0:0:0:1|com.iresearch.svc.bean.LoginUser@1b38b768|首页|打开页面|@|
[2019-07-08 17:03:02,036][http-nio-9095-exec-7][INFO][com.iresearch.svc.controller.IndexController:115] |@|0:0:0:0:0:0:0:1|com.iresearch.svc.bean.LoginUser@1b38b768|首页|打开页面|@|
[2019-07-08 17:03:07,800][http-nio-9095-exec-9][INFO][com.iresearch.svc.controller.IndexController:115] |@|0:0:0:0:0:0:0:1|com.iresearch.svc.bean.LoginUser@1b38b768|首页|打开页面|@|
[2019-07-08 17:03:11,956][http-nio-9095-exec-10][INFO][com.iresearch.svc.controller.LoginInterceptor_n:78] normal
[2019-07-08 17:03:11,956][http-nio-9095-exec-10][INFO][com.iresearch.svc.controller.LoginInterceptor_n:80] 2
[2019-07-08 17:03:13,756][http-nio-9095-exec-4][INFO][com.iresearch.svc.controller.AllbrandController:309] |@|0:0:0:0:0:0:0:1|com.iresearch.svc.bean.LoginUser@1b38b768|品牌排名与详情|打开页面|@|
[2019-07-08 17:03:33,193][http-nio-9095-exec-3][INFO][com.iresearch.svc.controller.AllbrandController:581] |@|0:0:0:0:0:0:0:1|com.iresearch.svc.bean.LoginUser@1b38b768|品牌排名与详情|Norm筛选|@|
[2019-07-08 17:06:28,783][http-nio-9095-exec-8][INFO][com.iresearch.svc.controller.LoginController:165] com.iresearch.svc.controller.LoginController$1Checkres@1477bd79
[2019-07-08 17:06:28,831][http-nio-9095-exec-9][INFO][com.iresearch.svc.controller.IndexController:115] |@|0:0:0:0:0:0:0:1|com.iresearch.svc.bean.LoginUser@2bf90404|首页|打开页面|@|
[2019-07-08 17:06:57,695][http-nio-9095-exec-7][INFO][com.iresearch.svc.controller.LoginController:165] com.iresearch.svc.controller.LoginController$1Checkres@78d20e17
[2019-07-08 17:06:57,705][http-nio-9095-exec-8][INFO][com.iresearch.svc.controller.LoginInterceptor_n:78] normal
[2019-07-08 17:06:57,705][http-nio-9095-exec-8][INFO][com.iresearch.svc.controller.LoginInterceptor_n:80] 2
[2019-07-08 17:06:59,591][http-nio-9095-exec-3][INFO][com.iresearch.svc.controller.IndexController:115] |@|0:0:0:0:0:0:0:1|com.iresearch.svc.bean.LoginUser@58df845f|首页|打开页面|@|
[2019-07-08 17:23:57,565][http-nio-9095-exec-1][INFO][com.iresearch.svc.controller.IndexController:115] |@|0:0:0:0:0:0:0:1|null|首页|打开页面|@|
[2019-07-08 17:24:07,009][http-nio-9095-exec-4][INFO][com.iresearch.svc.controller.LoginInterceptor_n:78] normal
[2019-07-08 17:24:07,009][http-nio-9095-exec-4][INFO][com.iresearch.svc.controller.LoginInterceptor_n:80] 2
